-- Install configuration: ""
-- Installing: /home/maul/ws_kinclong_nav/install/kinclong_nav/share/kinclong_nav/launch
-- Installing: /home/maul/ws_kinclong_nav/install/kinclong_nav/share/kinclong_nav/launch/mapping.launch.py
-- Installing: /home/maul/ws_kinclong_nav/install/kinclong_nav/share/kinclong_nav/launch/navigation.launch.py
-- Installing: /home/maul/ws_kinclong_nav/install/kinclong_nav/share/kinclong_nav/launch/check_urdf.launch.py
-- Installing: /home/maul/ws_kinclong_nav/install/kinclong_nav/share/kinclong_nav/launch/spawn_robot.launch.py
-- Installing: /home/maul/ws_kinclong_nav/install/kinclong_nav/share/kinclong_nav/launch/localization_slam_toolbox.launch.py
-- Installing: /home/maul/ws_kinclong_nav/install/kinclong_nav/share/kinclong_nav/launch/navigation_with_slam.launch.py
-- Installing: /home/maul/ws_kinclong_nav/install/kinclong_nav/share/kinclong_nav/launch/world.launch.py
-- Installing: /home/maul/ws_kinclong_nav/install/kinclong_nav/share/kinclong_nav/launch/localization.launch.py
-- Installing: /home/maul/ws_kinclong_nav/install/kinclong_nav/share/kinclong_nav/worlds
-- Installing: /home/maul/ws_kinclong_nav/install/kinclong_nav/share/kinclong_nav/worlds/obstacles.sdf
-- Installing: /home/maul/ws_kinclong_nav/install/kinclong_nav/share/kinclong_nav/worlds/room.sdf
-- Installing: /home/maul/ws_kinclong_nav/install/kinclong_nav/share/kinclong_nav/worlds/empty.sdf
-- Installing: /home/maul/ws_kinclong_nav/install/kinclong_nav/share/kinclong_nav/worlds/home.sdf
-- Installing: /home/maul/ws_kinclong_nav/install/kinclong_nav/share/kinclong_nav/rviz
-- Installing: /home/maul/ws_kinclong_nav/install/kinclong_nav/share/kinclong_nav/rviz/navigation.rviz
-- Installing: /home/maul/ws_kinclong_nav/install/kinclong_nav/share/kinclong_nav/rviz/rviz.rviz
-- Installing: /home/maul/ws_kinclong_nav/install/kinclong_nav/share/kinclong_nav/rviz/localization.rviz
-- Installing: /home/maul/ws_kinclong_nav/install/kinclong_nav/share/kinclong_nav/rviz/mapping.rviz
-- Installing: /home/maul/ws_kinclong_nav/install/kinclong_nav/share/kinclong_nav/rviz/urdf.rviz
-- Installing: /home/maul/ws_kinclong_nav/install/kinclong_nav/share/kinclong_nav/urdf
-- Installing: /home/maul/ws_kinclong_nav/install/kinclong_nav/share/kinclong_nav/urdf/mogi_bot.urdf
-- Installing: /home/maul/ws_kinclong_nav/install/kinclong_nav/share/kinclong_nav/urdf/mogi_bot.gazebo
-- Installing: /home/maul/ws_kinclong_nav/install/kinclong_nav/share/kinclong_nav/urdf/materials.xacro
-- Installing: /home/maul/ws_kinclong_nav/install/kinclong_nav/share/kinclong_nav/meshes
-- Installing: /home/maul/ws_kinclong_nav/install/kinclong_nav/share/kinclong_nav/meshes/mogi_bot.dae
-- Installing: /home/maul/ws_kinclong_nav/install/kinclong_nav/share/kinclong_nav/meshes/wheel.dae
-- Installing: /home/maul/ws_kinclong_nav/install/kinclong_nav/share/kinclong_nav/meshes/lidar.dae
-- Installing: /home/maul/ws_kinclong_nav/install/kinclong_nav/share/kinclong_nav/config
-- Installing: /home/maul/ws_kinclong_nav/install/kinclong_nav/share/kinclong_nav/config/slam_toolbox_localization.yaml
-- Installing: /home/maul/ws_kinclong_nav/install/kinclong_nav/share/kinclong_nav/config/ekf.yaml
-- Installing: /home/maul/ws_kinclong_nav/install/kinclong_nav/share/kinclong_nav/config/amcl_localization.yaml
-- Installing: /home/maul/ws_kinclong_nav/install/kinclong_nav/share/kinclong_nav/config/waypoints.yaml
-- Installing: /home/maul/ws_kinclong_nav/install/kinclong_nav/share/kinclong_nav/config/navigation.yaml
-- Installing: /home/maul/ws_kinclong_nav/install/kinclong_nav/share/kinclong_nav/config/slam_toolbox_mapping.yaml
-- Installing: /home/maul/ws_kinclong_nav/install/kinclong_nav/share/kinclong_nav/config/gz_bridge.yaml
-- Installing: /home/maul/ws_kinclong_nav/install/kinclong_nav/share/kinclong_nav/maps
-- Installing: /home/maul/ws_kinclong_nav/install/kinclong_nav/share/kinclong_nav/maps/test1Serial.posegraph
-- Installing: /home/maul/ws_kinclong_nav/install/kinclong_nav/share/kinclong_nav/maps/my_map.pgm
-- Installing: /home/maul/ws_kinclong_nav/install/kinclong_nav/share/kinclong_nav/maps/room2.pgm
-- Installing: /home/maul/ws_kinclong_nav/install/kinclong_nav/share/kinclong_nav/maps/room2Seial.data
-- Installing: /home/maul/ws_kinclong_nav/install/kinclong_nav/share/kinclong_nav/maps/test1Serial.data
-- Installing: /home/maul/ws_kinclong_nav/install/kinclong_nav/share/kinclong_nav/maps/test1map.yaml
-- Installing: /home/maul/ws_kinclong_nav/install/kinclong_nav/share/kinclong_nav/maps/serialized.data
-- Installing: /home/maul/ws_kinclong_nav/install/kinclong_nav/share/kinclong_nav/maps/room2Seial.posegraph
-- Installing: /home/maul/ws_kinclong_nav/install/kinclong_nav/share/kinclong_nav/maps/serialized.posegraph
-- Installing: /home/maul/ws_kinclong_nav/install/kinclong_nav/share/kinclong_nav/maps/my_map.yaml
-- Installing: /home/maul/ws_kinclong_nav/install/kinclong_nav/share/kinclong_nav/maps/test1map.pgm
-- Installing: /home/maul/ws_kinclong_nav/install/kinclong_nav/share/kinclong_nav/maps/room2.yaml
-- Installing: /home/maul/ws_kinclong_nav/install/kinclong_nav/share/ament_index/resource_index/package_run_dependencies/kinclong_nav
-- Installing: /home/maul/ws_kinclong_nav/install/kinclong_nav/share/ament_index/resource_index/parent_prefix_path/kinclong_nav
-- Installing: /home/maul/ws_kinclong_nav/install/kinclong_nav/share/kinclong_nav/environment/ament_prefix_path.sh
-- Installing: /home/maul/ws_kinclong_nav/install/kinclong_nav/share/kinclong_nav/environment/ament_prefix_path.dsv
-- Installing: /home/maul/ws_kinclong_nav/install/kinclong_nav/share/kinclong_nav/environment/path.sh
-- Installing: /home/maul/ws_kinclong_nav/install/kinclong_nav/share/kinclong_nav/environment/path.dsv
-- Installing: /home/maul/ws_kinclong_nav/install/kinclong_nav/share/kinclong_nav/local_setup.bash
-- Installing: /home/maul/ws_kinclong_nav/install/kinclong_nav/share/kinclong_nav/local_setup.sh
-- Installing: /home/maul/ws_kinclong_nav/install/kinclong_nav/share/kinclong_nav/local_setup.zsh
-- Installing: /home/maul/ws_kinclong_nav/install/kinclong_nav/share/kinclong_nav/local_setup.dsv
-- Installing: /home/maul/ws_kinclong_nav/install/kinclong_nav/share/kinclong_nav/package.dsv
-- Installing: /home/maul/ws_kinclong_nav/install/kinclong_nav/share/ament_index/resource_index/packages/kinclong_nav
-- Installing: /home/maul/ws_kinclong_nav/install/kinclong_nav/share/kinclong_nav/cmake/kinclong_navConfig.cmake
-- Installing: /home/maul/ws_kinclong_nav/install/kinclong_nav/share/kinclong_nav/cmake/kinclong_navConfig-version.cmake
-- Installing: /home/maul/ws_kinclong_nav/install/kinclong_nav/share/kinclong_nav/package.xml
