[0.259s] DEBUG:colcon:Command line arguments: ['/usr/bin/colcon', 'build']
[0.259s] DEBUG:colcon:Parsed command line arguments: Namespace(log_base=None, log_level=None, verb_name='build', build_base='build', install_base='install', merge_install=False, symlink_install=False, test_result_base=None, continue_on_error=False, executor='parallel', parallel_workers=8, event_handlers=None, ignore_user_meta=False, metas=['./colcon.meta'], base_paths=['.'], packages_ignore=None, packages_ignore_regex=None, paths=None, packages_up_to=None, packages_up_to_regex=None, packages_above=None, packages_above_and_dependencies=None, packages_above_depth=None, packages_select_by_dep=None, packages_skip_by_dep=None, packages_skip_up_to=None, packages_select_build_failed=False, packages_skip_build_finished=False, packages_select_test_failures=False, packages_skip_test_passed=False, packages_select=None, packages_skip=None, packages_select_regex=None, packages_skip_regex=None, packages_start=None, packages_end=None, allow_overriding=[], cmake_args=None, cmake_target=None, cmake_target_skip_unavailable=False, cmake_clean_cache=False, cmake_clean_first=False, cmake_force_configure=False, ament_cmake_args=None, catkin_cmake_args=None, catkin_skip_building_tests=False, mixin_files=None, mixin=None, verb_parser=<colcon_mixin.mixin.mixin_argument.MixinArgumentDecorator object at 0x73cf828c6e70>, verb_extension=<colcon_core.verb.build.BuildVerb object at 0x73cf828c6690>, main=<bound method BuildVerb.main of <colcon_core.verb.build.BuildVerb object at 0x73cf828c6690>>, mixin_verb=('build',))
[0.339s] Level 1:colcon.colcon_core.package_discovery:discover_packages(colcon_meta) check parameters
[0.339s] Level 1:colcon.colcon_core.package_discovery:discover_packages(recursive) check parameters
[0.340s] Level 1:colcon.colcon_core.package_discovery:discover_packages(ignore) check parameters
[0.340s] Level 1:colcon.colcon_core.package_discovery:discover_packages(path) check parameters
[0.340s] Level 1:colcon.colcon_core.package_discovery:discover_packages(colcon_meta) discover
[0.340s] Level 1:colcon.colcon_core.package_discovery:discover_packages(recursive) discover
[0.340s] INFO:colcon.colcon_core.package_discovery:Crawling recursively for packages in '/home/maul/ws_kinclong_nav'
[0.340s] Level 1:colcon.colcon_core.package_identification:_identify(.) by extensions ['ignore', 'ignore_ament_install']
[0.341s] Level 1:colcon.colcon_core.package_identification:_identify(.) by extension 'ignore'
[0.341s] Level 1:colcon.colcon_core.package_identification:_identify(.) by extension 'ignore_ament_install'
[0.341s] Level 1:colcon.colcon_core.package_identification:_identify(.) by extensions ['colcon_pkg']
[0.341s] Level 1:colcon.colcon_core.package_identification:_identify(.) by extension 'colcon_pkg'
[0.341s] Level 1:colcon.colcon_core.package_identification:_identify(.) by extensions ['colcon_meta']
[0.341s] Level 1:colcon.colcon_core.package_identification:_identify(.) by extension 'colcon_meta'
[0.341s] Level 1:colcon.colcon_core.package_identification:_identify(.) by extensions ['ros']
[0.341s] Level 1:colcon.colcon_core.package_identification:_identify(.) by extension 'ros'
[0.396s] Level 1:colcon.colcon_core.package_identification:_identify(.) by extensions ['cmake', 'python']
[0.396s] Level 1:colcon.colcon_core.package_identification:_identify(.) by extension 'cmake'
[0.396s] Level 1:colcon.colcon_core.package_identification:_identify(.) by extension 'python'
[0.396s] Level 1:colcon.colcon_core.package_identification:_identify(.) by extensions ['python_setup_py']
[0.396s] Level 1:colcon.colcon_core.package_identification:_identify(.) by extension 'python_setup_py'
[0.397s] Level 1:colcon.colcon_core.package_identification:_identify(build) by extensions ['ignore', 'ignore_ament_install']
[0.397s] Level 1:colcon.colcon_core.package_identification:_identify(build) by extension 'ignore'
[0.397s] Level 1:colcon.colcon_core.package_identification:_identify(build) ignored
[0.397s] Level 1:colcon.colcon_core.package_identification:_identify(install) by extensions ['ignore', 'ignore_ament_install']
[0.397s] Level 1:colcon.colcon_core.package_identification:_identify(install) by extension 'ignore'
[0.398s] Level 1:colcon.colcon_core.package_identification:_identify(install) ignored
[0.398s] Level 1:colcon.colcon_core.package_identification:_identify(kinclong_nav) by extensions ['ignore', 'ignore_ament_install']
[0.398s] Level 1:colcon.colcon_core.package_identification:_identify(kinclong_nav) by extension 'ignore'
[0.398s] Level 1:colcon.colcon_core.package_identification:_identify(kinclong_nav) by extension 'ignore_ament_install'
[0.398s] Level 1:colcon.colcon_core.package_identification:_identify(kinclong_nav) by extensions ['colcon_pkg']
[0.398s] Level 1:colcon.colcon_core.package_identification:_identify(kinclong_nav) by extension 'colcon_pkg'
[0.398s] Level 1:colcon.colcon_core.package_identification:_identify(kinclong_nav) by extensions ['colcon_meta']
[0.398s] Level 1:colcon.colcon_core.package_identification:_identify(kinclong_nav) by extension 'colcon_meta'
[0.399s] Level 1:colcon.colcon_core.package_identification:_identify(kinclong_nav) by extensions ['ros']
[0.399s] Level 1:colcon.colcon_core.package_identification:_identify(kinclong_nav) by extension 'ros'
[0.405s] DEBUG:colcon.colcon_core.package_identification:Package 'kinclong_nav' with type 'ros.ament_cmake' and name 'kinclong_nav'
[0.405s] Level 1:colcon.colcon_core.package_identification:_identify(log) by extensions ['ignore', 'ignore_ament_install']
[0.405s] Level 1:colcon.colcon_core.package_identification:_identify(log) by extension 'ignore'
[0.405s] Level 1:colcon.colcon_core.package_identification:_identify(log) ignored
[0.406s] Level 1:colcon.colcon_core.package_identification:_identify(m-explore-ros2) by extensions ['ignore', 'ignore_ament_install']
[0.406s] Level 1:colcon.colcon_core.package_identification:_identify(m-explore-ros2) by extension 'ignore'
[0.406s] Level 1:colcon.colcon_core.package_identification:_identify(m-explore-ros2) by extension 'ignore_ament_install'
[0.406s] Level 1:colcon.colcon_core.package_identification:_identify(m-explore-ros2) by extensions ['colcon_pkg']
[0.406s] Level 1:colcon.colcon_core.package_identification:_identify(m-explore-ros2) by extension 'colcon_pkg'
[0.406s] Level 1:colcon.colcon_core.package_identification:_identify(m-explore-ros2) by extensions ['colcon_meta']
[0.406s] Level 1:colcon.colcon_core.package_identification:_identify(m-explore-ros2) by extension 'colcon_meta'
[0.406s] Level 1:colcon.colcon_core.package_identification:_identify(m-explore-ros2) by extensions ['ros']
[0.406s] Level 1:colcon.colcon_core.package_identification:_identify(m-explore-ros2) by extension 'ros'
[0.407s] Level 1:colcon.colcon_core.package_identification:_identify(m-explore-ros2) by extensions ['cmake', 'python']
[0.407s] Level 1:colcon.colcon_core.package_identification:_identify(m-explore-ros2) by extension 'cmake'
[0.407s] Level 1:colcon.colcon_core.package_identification:_identify(m-explore-ros2) by extension 'python'
[0.407s] Level 1:colcon.colcon_core.package_identification:_identify(m-explore-ros2) by extensions ['python_setup_py']
[0.407s] Level 1:colcon.colcon_core.package_identification:_identify(m-explore-ros2) by extension 'python_setup_py'
[0.407s] Level 1:colcon.colcon_core.package_identification:_identify(m-explore-ros2/explore) by extensions ['ignore', 'ignore_ament_install']
[0.407s] Level 1:colcon.colcon_core.package_identification:_identify(m-explore-ros2/explore) by extension 'ignore'
[0.408s] Level 1:colcon.colcon_core.package_identification:_identify(m-explore-ros2/explore) by extension 'ignore_ament_install'
[0.408s] Level 1:colcon.colcon_core.package_identification:_identify(m-explore-ros2/explore) by extensions ['colcon_pkg']
[0.408s] Level 1:colcon.colcon_core.package_identification:_identify(m-explore-ros2/explore) by extension 'colcon_pkg'
[0.408s] Level 1:colcon.colcon_core.package_identification:_identify(m-explore-ros2/explore) by extensions ['colcon_meta']
[0.408s] Level 1:colcon.colcon_core.package_identification:_identify(m-explore-ros2/explore) by extension 'colcon_meta'
[0.408s] Level 1:colcon.colcon_core.package_identification:_identify(m-explore-ros2/explore) by extensions ['ros']
[0.408s] Level 1:colcon.colcon_core.package_identification:_identify(m-explore-ros2/explore) by extension 'ros'
[0.410s] DEBUG:colcon.colcon_core.package_identification:Package 'm-explore-ros2/explore' with type 'ros.ament_cmake' and name 'explore_lite'
[0.410s] Level 1:colcon.colcon_core.package_identification:_identify(m-explore-ros2/map_merge) by extensions ['ignore', 'ignore_ament_install']
[0.411s] Level 1:colcon.colcon_core.package_identification:_identify(m-explore-ros2/map_merge) by extension 'ignore'
[0.411s] Level 1:colcon.colcon_core.package_identification:_identify(m-explore-ros2/map_merge) by extension 'ignore_ament_install'
[0.411s] Level 1:colcon.colcon_core.package_identification:_identify(m-explore-ros2/map_merge) by extensions ['colcon_pkg']
[0.411s] Level 1:colcon.colcon_core.package_identification:_identify(m-explore-ros2/map_merge) by extension 'colcon_pkg'
[0.411s] Level 1:colcon.colcon_core.package_identification:_identify(m-explore-ros2/map_merge) by extensions ['colcon_meta']
[0.411s] Level 1:colcon.colcon_core.package_identification:_identify(m-explore-ros2/map_merge) by extension 'colcon_meta'
[0.411s] Level 1:colcon.colcon_core.package_identification:_identify(m-explore-ros2/map_merge) by extensions ['ros']
[0.411s] Level 1:colcon.colcon_core.package_identification:_identify(m-explore-ros2/map_merge) by extension 'ros'
[0.413s] DEBUG:colcon.colcon_core.package_identification:Package 'm-explore-ros2/map_merge' with type 'ros.ament_cmake' and name 'multirobot_map_merge'
[0.413s] Level 1:colcon.colcon_core.package_discovery:discover_packages(recursive) using defaults
[0.413s] Level 1:colcon.colcon_core.package_discovery:discover_packages(ignore) discover
[0.413s] Level 1:colcon.colcon_core.package_discovery:discover_packages(ignore) using defaults
[0.413s] Level 1:colcon.colcon_core.package_discovery:discover_packages(path) discover
[0.414s] Level 1:colcon.colcon_core.package_discovery:discover_packages(path) using defaults
[0.451s] Level 1:colcon.colcon_core.package_discovery:discover_packages(prefix_path) check parameters
[0.451s] Level 1:colcon.colcon_core.package_discovery:discover_packages(prefix_path) discover
[0.496s] WARNING:colcon.colcon_ros.prefix_path.catkin:The path '/usr/local/include/mavlink' in the environment variable CMAKE_PREFIX_PATH doesn't exist
[0.496s] WARNING:colcon.colcon_ros.prefix_path.catkin:The path '/usr/local/share/mavlink/cmake' in the environment variable CMAKE_PREFIX_PATH doesn't exist
[0.498s] DEBUG:colcon.colcon_installed_package_information.package_discovery:Found 3 installed packages in /home/maul/ws_kinclong_nav/install
[0.500s] DEBUG:colcon.colcon_installed_package_information.package_discovery:Found 4 installed packages in /home/maul/ROS_NAVIGATION/install
[0.502s] DEBUG:colcon.colcon_installed_package_information.package_discovery:Found 1 installed packages in /home/maul/simulation_learning/sim_ws/install
[0.506s] DEBUG:colcon.colcon_installed_package_information.package_discovery:Found 424 installed packages in /opt/ros/jazzy
[0.509s] Level 1:colcon.colcon_core.package_discovery:discover_packages(prefix_path) using defaults
[0.781s] Level 5:colcon.colcon_core.verb:set package 'explore_lite' build argument 'cmake_args' from command line to 'None'
[0.781s] Level 5:colcon.colcon_core.verb:set package 'explore_lite' build argument 'cmake_target' from command line to 'None'
[0.781s] Level 5:colcon.colcon_core.verb:set package 'explore_lite' build argument 'cmake_target_skip_unavailable' from command line to 'False'
[0.782s] Level 5:colcon.colcon_core.verb:set package 'explore_lite' build argument 'cmake_clean_cache' from command line to 'False'
[0.782s] Level 5:colcon.colcon_core.verb:set package 'explore_lite' build argument 'cmake_clean_first' from command line to 'False'
[0.782s] Level 5:colcon.colcon_core.verb:set package 'explore_lite' build argument 'cmake_force_configure' from command line to 'False'
[0.782s] Level 5:colcon.colcon_core.verb:set package 'explore_lite' build argument 'ament_cmake_args' from command line to 'None'
[0.782s] Level 5:colcon.colcon_core.verb:set package 'explore_lite' build argument 'catkin_cmake_args' from command line to 'None'
[0.782s] Level 5:colcon.colcon_core.verb:set package 'explore_lite' build argument 'catkin_skip_building_tests' from command line to 'False'
[0.782s] DEBUG:colcon.colcon_core.verb:Building package 'explore_lite' with the following arguments: {'ament_cmake_args': None, 'build_base': '/home/maul/ws_kinclong_nav/build/explore_lite', 'catkin_cmake_args': None, 'catkin_skip_building_tests': False, 'cmake_args': None, 'cmake_clean_cache': False, 'cmake_clean_first': False, 'cmake_force_configure': False, 'cmake_target': None, 'cmake_target_skip_unavailable': False, 'install_base': '/home/maul/ws_kinclong_nav/install/explore_lite', 'merge_install': False, 'path': '/home/maul/ws_kinclong_nav/m-explore-ros2/explore', 'symlink_install': False, 'test_result_base': None}
[0.782s] Level 5:colcon.colcon_core.verb:set package 'kinclong_nav' build argument 'cmake_args' from command line to 'None'
[0.782s] Level 5:colcon.colcon_core.verb:set package 'kinclong_nav' build argument 'cmake_target' from command line to 'None'
[0.783s] Level 5:colcon.colcon_core.verb:set package 'kinclong_nav' build argument 'cmake_target_skip_unavailable' from command line to 'False'
[0.783s] Level 5:colcon.colcon_core.verb:set package 'kinclong_nav' build argument 'cmake_clean_cache' from command line to 'False'
[0.783s] Level 5:colcon.colcon_core.verb:set package 'kinclong_nav' build argument 'cmake_clean_first' from command line to 'False'
[0.783s] Level 5:colcon.colcon_core.verb:set package 'kinclong_nav' build argument 'cmake_force_configure' from command line to 'False'
[0.783s] Level 5:colcon.colcon_core.verb:set package 'kinclong_nav' build argument 'ament_cmake_args' from command line to 'None'
[0.783s] Level 5:colcon.colcon_core.verb:set package 'kinclong_nav' build argument 'catkin_cmake_args' from command line to 'None'
[0.783s] Level 5:colcon.colcon_core.verb:set package 'kinclong_nav' build argument 'catkin_skip_building_tests' from command line to 'False'
[0.783s] DEBUG:colcon.colcon_core.verb:Building package 'kinclong_nav' with the following arguments: {'ament_cmake_args': None, 'build_base': '/home/maul/ws_kinclong_nav/build/kinclong_nav', 'catkin_cmake_args': None, 'catkin_skip_building_tests': False, 'cmake_args': None, 'cmake_clean_cache': False, 'cmake_clean_first': False, 'cmake_force_configure': False, 'cmake_target': None, 'cmake_target_skip_unavailable': False, 'install_base': '/home/maul/ws_kinclong_nav/install/kinclong_nav', 'merge_install': False, 'path': '/home/maul/ws_kinclong_nav/kinclong_nav', 'symlink_install': False, 'test_result_base': None}
[0.783s] Level 5:colcon.colcon_core.verb:set package 'multirobot_map_merge' build argument 'cmake_args' from command line to 'None'
[0.783s] Level 5:colcon.colcon_core.verb:set package 'multirobot_map_merge' build argument 'cmake_target' from command line to 'None'
[0.783s] Level 5:colcon.colcon_core.verb:set package 'multirobot_map_merge' build argument 'cmake_target_skip_unavailable' from command line to 'False'
[0.784s] Level 5:colcon.colcon_core.verb:set package 'multirobot_map_merge' build argument 'cmake_clean_cache' from command line to 'False'
[0.784s] Level 5:colcon.colcon_core.verb:set package 'multirobot_map_merge' build argument 'cmake_clean_first' from command line to 'False'
[0.784s] Level 5:colcon.colcon_core.verb:set package 'multirobot_map_merge' build argument 'cmake_force_configure' from command line to 'False'
[0.784s] Level 5:colcon.colcon_core.verb:set package 'multirobot_map_merge' build argument 'ament_cmake_args' from command line to 'None'
[0.784s] Level 5:colcon.colcon_core.verb:set package 'multirobot_map_merge' build argument 'catkin_cmake_args' from command line to 'None'
[0.784s] Level 5:colcon.colcon_core.verb:set package 'multirobot_map_merge' build argument 'catkin_skip_building_tests' from command line to 'False'
[0.784s] DEBUG:colcon.colcon_core.verb:Building package 'multirobot_map_merge' with the following arguments: {'ament_cmake_args': None, 'build_base': '/home/maul/ws_kinclong_nav/build/multirobot_map_merge', 'catkin_cmake_args': None, 'catkin_skip_building_tests': False, 'cmake_args': None, 'cmake_clean_cache': False, 'cmake_clean_first': False, 'cmake_force_configure': False, 'cmake_target': None, 'cmake_target_skip_unavailable': False, 'install_base': '/home/maul/ws_kinclong_nav/install/multirobot_map_merge', 'merge_install': False, 'path': '/home/maul/ws_kinclong_nav/m-explore-ros2/map_merge', 'symlink_install': False, 'test_result_base': None}
[0.784s] INFO:colcon.colcon_core.executor:Executing jobs using 'parallel' executor
[0.785s] DEBUG:colcon.colcon_parallel_executor.executor.parallel:run_until_complete
[0.786s] INFO:colcon.colcon_ros.task.ament_cmake.build:Building ROS package in '/home/maul/ws_kinclong_nav/m-explore-ros2/explore' with build type 'ament_cmake'
[0.786s] INFO:colcon.colcon_cmake.task.cmake.build:Building CMake package in '/home/maul/ws_kinclong_nav/m-explore-ros2/explore'
[0.792s] INFO:colcon.colcon_core.plugin_system:Skipping extension 'colcon_core.shell.bat': Not used on non-Windows systems
[0.792s] INFO:colcon.colcon_core.shell:Skip shell extension 'powershell' for command environment: Not usable outside of PowerShell
[0.792s] DEBUG:colcon.colcon_core.shell:Skip shell extension 'dsv' for command environment
[0.802s] INFO:colcon.colcon_ros.task.ament_cmake.build:Building ROS package in '/home/maul/ws_kinclong_nav/kinclong_nav' with build type 'ament_cmake'
[0.802s] INFO:colcon.colcon_cmake.task.cmake.build:Building CMake package in '/home/maul/ws_kinclong_nav/kinclong_nav'
[0.803s] INFO:colcon.colcon_core.shell:Skip shell extension 'powershell' for command environment: Not usable outside of PowerShell
[0.803s] DEBUG:colcon.colcon_core.shell:Skip shell extension 'dsv' for command environment
[0.811s] INFO:colcon.colcon_ros.task.ament_cmake.build:Building ROS package in '/home/maul/ws_kinclong_nav/m-explore-ros2/map_merge' with build type 'ament_cmake'
[0.812s] INFO:colcon.colcon_cmake.task.cmake.build:Building CMake package in '/home/maul/ws_kinclong_nav/m-explore-ros2/map_merge'
[0.812s] INFO:colcon.colcon_core.shell:Skip shell extension 'powershell' for command environment: Not usable outside of PowerShell
[0.812s] DEBUG:colcon.colcon_core.shell:Skip shell extension 'dsv' for command environment
[0.833s] DEBUG:colcon.colcon_core.event_handler.log_command:Invoking command in '/home/maul/ws_kinclong_nav/build/explore_lite': CMAKE_PREFIX_PATH=${CMAKE_PREFIX_PATH}:/home/maul/ROS_NAVIGATION/install/multirobot_map_merge:/home/maul/ROS_NAVIGATION/install/explore_lite:/home/maul/ROS_NAVIGATION/install/bme_ros2_navigation_py:/home/maul/ROS_NAVIGATION/install/bme_ros2_navigation:/opt/ros/jazzy DEBUGINFOD_URLS=https://debuginfod.ubuntu.com PS1=\[\e]0;\u@\h: \w\a\]${debian_chroot:+($debian_chroot)}\[\033[01;32m\]\u@\h\[\033[00m\]:\[\033[01;34m\]\w\[\033[00m\]\$ VIRTUAL_ENV_PROMPT=(venv-ardupilot) /usr/bin/cmake --build /home/maul/ws_kinclong_nav/build/explore_lite -- -j8 -l8
[0.839s] DEBUG:colcon.colcon_core.event_handler.log_command:Invoking command in '/home/maul/ws_kinclong_nav/build/kinclong_nav': CMAKE_PREFIX_PATH=${CMAKE_PREFIX_PATH}:/home/maul/ROS_NAVIGATION/install/multirobot_map_merge:/home/maul/ROS_NAVIGATION/install/explore_lite:/home/maul/ROS_NAVIGATION/install/bme_ros2_navigation_py:/home/maul/ROS_NAVIGATION/install/bme_ros2_navigation:/opt/ros/jazzy DEBUGINFOD_URLS=https://debuginfod.ubuntu.com PS1=\[\e]0;\u@\h: \w\a\]${debian_chroot:+($debian_chroot)}\[\033[01;32m\]\u@\h\[\033[00m\]:\[\033[01;34m\]\w\[\033[00m\]\$ VIRTUAL_ENV_PROMPT=(venv-ardupilot) /usr/bin/cmake --build /home/maul/ws_kinclong_nav/build/kinclong_nav -- -j8 -l8
[0.849s] DEBUG:colcon.colcon_core.event_handler.log_command:Invoking command in '/home/maul/ws_kinclong_nav/build/multirobot_map_merge': CMAKE_PREFIX_PATH=${CMAKE_PREFIX_PATH}:/home/maul/ROS_NAVIGATION/install/multirobot_map_merge:/home/maul/ROS_NAVIGATION/install/explore_lite:/home/maul/ROS_NAVIGATION/install/bme_ros2_navigation_py:/home/maul/ROS_NAVIGATION/install/bme_ros2_navigation:/opt/ros/jazzy DEBUGINFOD_URLS=https://debuginfod.ubuntu.com PS1=\[\e]0;\u@\h: \w\a\]${debian_chroot:+($debian_chroot)}\[\033[01;32m\]\u@\h\[\033[00m\]:\[\033[01;34m\]\w\[\033[00m\]\$ VIRTUAL_ENV_PROMPT=(venv-ardupilot) /usr/bin/cmake --build /home/maul/ws_kinclong_nav/build/multirobot_map_merge -- -j8 -l8
[0.926s] DEBUG:colcon.colcon_core.event_handler.log_command:Invoked command in '/home/maul/ws_kinclong_nav/build/kinclong_nav' returned '0': CMAKE_PREFIX_PATH=${CMAKE_PREFIX_PATH}:/home/maul/ROS_NAVIGATION/install/multirobot_map_merge:/home/maul/ROS_NAVIGATION/install/explore_lite:/home/maul/ROS_NAVIGATION/install/bme_ros2_navigation_py:/home/maul/ROS_NAVIGATION/install/bme_ros2_navigation:/opt/ros/jazzy DEBUGINFOD_URLS=https://debuginfod.ubuntu.com PS1=\[\e]0;\u@\h: \w\a\]${debian_chroot:+($debian_chroot)}\[\033[01;32m\]\u@\h\[\033[00m\]:\[\033[01;34m\]\w\[\033[00m\]\$ VIRTUAL_ENV_PROMPT=(venv-ardupilot) /usr/bin/cmake --build /home/maul/ws_kinclong_nav/build/kinclong_nav -- -j8 -l8
[0.952s] DEBUG:colcon.colcon_core.event_handler.log_command:Invoking command in '/home/maul/ws_kinclong_nav/build/kinclong_nav': CMAKE_PREFIX_PATH=${CMAKE_PREFIX_PATH}:/home/maul/ROS_NAVIGATION/install/multirobot_map_merge:/home/maul/ROS_NAVIGATION/install/explore_lite:/home/maul/ROS_NAVIGATION/install/bme_ros2_navigation_py:/home/maul/ROS_NAVIGATION/install/bme_ros2_navigation:/opt/ros/jazzy DEBUGINFOD_URLS=https://debuginfod.ubuntu.com PS1=\[\e]0;\u@\h: \w\a\]${debian_chroot:+($debian_chroot)}\[\033[01;32m\]\u@\h\[\033[00m\]:\[\033[01;34m\]\w\[\033[00m\]\$ VIRTUAL_ENV_PROMPT=(venv-ardupilot) /usr/bin/cmake --install /home/maul/ws_kinclong_nav/build/kinclong_nav
[0.987s] Level 1:colcon.colcon_core.environment:create_environment_scripts_only(kinclong_nav)
[1.005s] Level 1:colcon.colcon_core.environment:checking '/home/maul/ws_kinclong_nav/install/kinclong_nav' for CMake module files
[1.006s] DEBUG:colcon.colcon_core.event_handler.log_command:Invoked command in '/home/maul/ws_kinclong_nav/build/kinclong_nav' returned '0': CMAKE_PREFIX_PATH=${CMAKE_PREFIX_PATH}:/home/maul/ROS_NAVIGATION/install/multirobot_map_merge:/home/maul/ROS_NAVIGATION/install/explore_lite:/home/maul/ROS_NAVIGATION/install/bme_ros2_navigation_py:/home/maul/ROS_NAVIGATION/install/bme_ros2_navigation:/opt/ros/jazzy DEBUGINFOD_URLS=https://debuginfod.ubuntu.com PS1=\[\e]0;\u@\h: \w\a\]${debian_chroot:+($debian_chroot)}\[\033[01;32m\]\u@\h\[\033[00m\]:\[\033[01;34m\]\w\[\033[00m\]\$ VIRTUAL_ENV_PROMPT=(venv-ardupilot) /usr/bin/cmake --install /home/maul/ws_kinclong_nav/build/kinclong_nav
[1.008s] Level 1:colcon.colcon_core.environment:checking '/home/maul/ws_kinclong_nav/install/kinclong_nav' for CMake config files
[1.009s] Level 1:colcon.colcon_core.shell:create_environment_hook('kinclong_nav', 'cmake_prefix_path')
[1.009s] INFO:colcon.colcon_core.shell:Creating environment hook '/home/maul/ws_kinclong_nav/install/kinclong_nav/share/kinclong_nav/hook/cmake_prefix_path.ps1'
[1.011s] INFO:colcon.colcon_core.shell:Creating environment descriptor '/home/maul/ws_kinclong_nav/install/kinclong_nav/share/kinclong_nav/hook/cmake_prefix_path.dsv'
[1.012s] INFO:colcon.colcon_core.shell:Creating environment hook '/home/maul/ws_kinclong_nav/install/kinclong_nav/share/kinclong_nav/hook/cmake_prefix_path.sh'
[1.015s] Level 1:colcon.colcon_core.environment:checking '/home/maul/ws_kinclong_nav/install/kinclong_nav/bin'
[1.015s] Level 1:colcon.colcon_core.environment:checking '/home/maul/ws_kinclong_nav/install/kinclong_nav/lib/pkgconfig/kinclong_nav.pc'
[1.016s] Level 1:colcon.colcon_core.environment:checking '/home/maul/ws_kinclong_nav/install/kinclong_nav/lib/python3.12/site-packages'
[1.017s] Level 1:colcon.colcon_core.environment:checking '/home/maul/ws_kinclong_nav/install/kinclong_nav/bin'
[1.018s] INFO:colcon.colcon_core.shell:Creating package script '/home/maul/ws_kinclong_nav/install/kinclong_nav/share/kinclong_nav/package.ps1'
[1.020s] INFO:colcon.colcon_core.shell:Creating package descriptor '/home/maul/ws_kinclong_nav/install/kinclong_nav/share/kinclong_nav/package.dsv'
[1.021s] INFO:colcon.colcon_core.shell:Creating package script '/home/maul/ws_kinclong_nav/install/kinclong_nav/share/kinclong_nav/package.sh'
[1.023s] INFO:colcon.colcon_core.shell:Creating package script '/home/maul/ws_kinclong_nav/install/kinclong_nav/share/kinclong_nav/package.bash'
[1.025s] INFO:colcon.colcon_core.shell:Creating package script '/home/maul/ws_kinclong_nav/install/kinclong_nav/share/kinclong_nav/package.zsh'
[1.027s] Level 1:colcon.colcon_core.environment:create_file_with_runtime_dependencies(/home/maul/ws_kinclong_nav/install/kinclong_nav/share/colcon-core/packages/kinclong_nav)
[1.028s] Level 1:colcon.colcon_core.environment:create_environment_scripts_only(kinclong_nav)
[1.029s] Level 1:colcon.colcon_core.environment:checking '/home/maul/ws_kinclong_nav/install/kinclong_nav' for CMake module files
[1.031s] Level 1:colcon.colcon_core.environment:checking '/home/maul/ws_kinclong_nav/install/kinclong_nav' for CMake config files
[1.032s] Level 1:colcon.colcon_core.shell:create_environment_hook('kinclong_nav', 'cmake_prefix_path')
[1.032s] INFO:colcon.colcon_core.shell:Creating environment hook '/home/maul/ws_kinclong_nav/install/kinclong_nav/share/kinclong_nav/hook/cmake_prefix_path.ps1'
[1.033s] INFO:colcon.colcon_core.shell:Creating environment descriptor '/home/maul/ws_kinclong_nav/install/kinclong_nav/share/kinclong_nav/hook/cmake_prefix_path.dsv'
[1.034s] INFO:colcon.colcon_core.shell:Creating environment hook '/home/maul/ws_kinclong_nav/install/kinclong_nav/share/kinclong_nav/hook/cmake_prefix_path.sh'
[1.036s] Level 1:colcon.colcon_core.environment:checking '/home/maul/ws_kinclong_nav/install/kinclong_nav/bin'
[1.036s] Level 1:colcon.colcon_core.environment:checking '/home/maul/ws_kinclong_nav/install/kinclong_nav/lib/pkgconfig/kinclong_nav.pc'
[1.036s] Level 1:colcon.colcon_core.environment:checking '/home/maul/ws_kinclong_nav/install/kinclong_nav/lib/python3.12/site-packages'
[1.037s] Level 1:colcon.colcon_core.environment:checking '/home/maul/ws_kinclong_nav/install/kinclong_nav/bin'
[1.037s] INFO:colcon.colcon_core.shell:Creating package script '/home/maul/ws_kinclong_nav/install/kinclong_nav/share/kinclong_nav/package.ps1'
[1.038s] INFO:colcon.colcon_core.shell:Creating package descriptor '/home/maul/ws_kinclong_nav/install/kinclong_nav/share/kinclong_nav/package.dsv'
[1.040s] INFO:colcon.colcon_core.shell:Creating package script '/home/maul/ws_kinclong_nav/install/kinclong_nav/share/kinclong_nav/package.sh'
[1.041s] INFO:colcon.colcon_core.shell:Creating package script '/home/maul/ws_kinclong_nav/install/kinclong_nav/share/kinclong_nav/package.bash'
[1.042s] INFO:colcon.colcon_core.shell:Creating package script '/home/maul/ws_kinclong_nav/install/kinclong_nav/share/kinclong_nav/package.zsh'
[1.044s] Level 1:colcon.colcon_core.environment:create_file_with_runtime_dependencies(/home/maul/ws_kinclong_nav/install/kinclong_nav/share/colcon-core/packages/kinclong_nav)
[1.050s] DEBUG:colcon.colcon_core.event_handler.log_command:Invoked command in '/home/maul/ws_kinclong_nav/build/explore_lite' returned '0': CMAKE_PREFIX_PATH=${CMAKE_PREFIX_PATH}:/home/maul/ROS_NAVIGATION/install/multirobot_map_merge:/home/maul/ROS_NAVIGATION/install/explore_lite:/home/maul/ROS_NAVIGATION/install/bme_ros2_navigation_py:/home/maul/ROS_NAVIGATION/install/bme_ros2_navigation:/opt/ros/jazzy DEBUGINFOD_URLS=https://debuginfod.ubuntu.com PS1=\[\e]0;\u@\h: \w\a\]${debian_chroot:+($debian_chroot)}\[\033[01;32m\]\u@\h\[\033[00m\]:\[\033[01;34m\]\w\[\033[00m\]\$ VIRTUAL_ENV_PROMPT=(venv-ardupilot) /usr/bin/cmake --build /home/maul/ws_kinclong_nav/build/explore_lite -- -j8 -l8
[1.052s] DEBUG:colcon.colcon_core.event_handler.log_command:Invoking command in '/home/maul/ws_kinclong_nav/build/explore_lite': CMAKE_PREFIX_PATH=${CMAKE_PREFIX_PATH}:/home/maul/ROS_NAVIGATION/install/multirobot_map_merge:/home/maul/ROS_NAVIGATION/install/explore_lite:/home/maul/ROS_NAVIGATION/install/bme_ros2_navigation_py:/home/maul/ROS_NAVIGATION/install/bme_ros2_navigation:/opt/ros/jazzy DEBUGINFOD_URLS=https://debuginfod.ubuntu.com PS1=\[\e]0;\u@\h: \w\a\]${debian_chroot:+($debian_chroot)}\[\033[01;32m\]\u@\h\[\033[00m\]:\[\033[01;34m\]\w\[\033[00m\]\$ VIRTUAL_ENV_PROMPT=(venv-ardupilot) /usr/bin/cmake --install /home/maul/ws_kinclong_nav/build/explore_lite
[1.076s] Level 1:colcon.colcon_core.environment:create_environment_scripts_only(explore_lite)
[1.076s] Level 1:colcon.colcon_core.environment:checking '/home/maul/ws_kinclong_nav/install/explore_lite' for CMake module files
[1.080s] DEBUG:colcon.colcon_core.event_handler.log_command:Invoked command in '/home/maul/ws_kinclong_nav/build/explore_lite' returned '0': CMAKE_PREFIX_PATH=${CMAKE_PREFIX_PATH}:/home/maul/ROS_NAVIGATION/install/multirobot_map_merge:/home/maul/ROS_NAVIGATION/install/explore_lite:/home/maul/ROS_NAVIGATION/install/bme_ros2_navigation_py:/home/maul/ROS_NAVIGATION/install/bme_ros2_navigation:/opt/ros/jazzy DEBUGINFOD_URLS=https://debuginfod.ubuntu.com PS1=\[\e]0;\u@\h: \w\a\]${debian_chroot:+($debian_chroot)}\[\033[01;32m\]\u@\h\[\033[00m\]:\[\033[01;34m\]\w\[\033[00m\]\$ VIRTUAL_ENV_PROMPT=(venv-ardupilot) /usr/bin/cmake --install /home/maul/ws_kinclong_nav/build/explore_lite
[1.080s] Level 1:colcon.colcon_core.environment:checking '/home/maul/ws_kinclong_nav/install/explore_lite' for CMake config files
[1.080s] Level 1:colcon.colcon_core.shell:create_environment_hook('explore_lite', 'cmake_prefix_path')
[1.081s] INFO:colcon.colcon_core.shell:Creating environment hook '/home/maul/ws_kinclong_nav/install/explore_lite/share/explore_lite/hook/cmake_prefix_path.ps1'
[1.081s] INFO:colcon.colcon_core.shell:Creating environment descriptor '/home/maul/ws_kinclong_nav/install/explore_lite/share/explore_lite/hook/cmake_prefix_path.dsv'
[1.082s] INFO:colcon.colcon_core.shell:Creating environment hook '/home/maul/ws_kinclong_nav/install/explore_lite/share/explore_lite/hook/cmake_prefix_path.sh'
[1.083s] Level 1:colcon.colcon_core.environment:checking '/home/maul/ws_kinclong_nav/install/explore_lite/lib'
[1.084s] Level 1:colcon.colcon_core.environment:checking '/home/maul/ws_kinclong_nav/install/explore_lite/bin'
[1.084s] Level 1:colcon.colcon_core.environment:checking '/home/maul/ws_kinclong_nav/install/explore_lite/lib/pkgconfig/explore_lite.pc'
[1.084s] Level 1:colcon.colcon_core.environment:checking '/home/maul/ws_kinclong_nav/install/explore_lite/lib/python3.12/site-packages'
[1.085s] Level 1:colcon.colcon_core.environment:checking '/home/maul/ws_kinclong_nav/install/explore_lite/bin'
[1.085s] INFO:colcon.colcon_core.shell:Creating package script '/home/maul/ws_kinclong_nav/install/explore_lite/share/explore_lite/package.ps1'
[1.086s] INFO:colcon.colcon_core.shell:Creating package descriptor '/home/maul/ws_kinclong_nav/install/explore_lite/share/explore_lite/package.dsv'
[1.087s] INFO:colcon.colcon_core.shell:Creating package script '/home/maul/ws_kinclong_nav/install/explore_lite/share/explore_lite/package.sh'
[1.088s] INFO:colcon.colcon_core.shell:Creating package script '/home/maul/ws_kinclong_nav/install/explore_lite/share/explore_lite/package.bash'
[1.088s] INFO:colcon.colcon_core.shell:Creating package script '/home/maul/ws_kinclong_nav/install/explore_lite/share/explore_lite/package.zsh'
[1.089s] Level 1:colcon.colcon_core.environment:create_file_with_runtime_dependencies(/home/maul/ws_kinclong_nav/install/explore_lite/share/colcon-core/packages/explore_lite)
[1.090s] Level 1:colcon.colcon_core.environment:create_environment_scripts_only(explore_lite)
[1.090s] Level 1:colcon.colcon_core.environment:checking '/home/maul/ws_kinclong_nav/install/explore_lite' for CMake module files
[1.092s] Level 1:colcon.colcon_core.environment:checking '/home/maul/ws_kinclong_nav/install/explore_lite' for CMake config files
[1.093s] Level 1:colcon.colcon_core.shell:create_environment_hook('explore_lite', 'cmake_prefix_path')
[1.093s] INFO:colcon.colcon_core.shell:Creating environment hook '/home/maul/ws_kinclong_nav/install/explore_lite/share/explore_lite/hook/cmake_prefix_path.ps1'
[1.095s] INFO:colcon.colcon_core.shell:Creating environment descriptor '/home/maul/ws_kinclong_nav/install/explore_lite/share/explore_lite/hook/cmake_prefix_path.dsv'
[1.095s] INFO:colcon.colcon_core.shell:Creating environment hook '/home/maul/ws_kinclong_nav/install/explore_lite/share/explore_lite/hook/cmake_prefix_path.sh'
[1.097s] Level 1:colcon.colcon_core.environment:checking '/home/maul/ws_kinclong_nav/install/explore_lite/lib'
[1.097s] Level 1:colcon.colcon_core.environment:checking '/home/maul/ws_kinclong_nav/install/explore_lite/bin'
[1.097s] Level 1:colcon.colcon_core.environment:checking '/home/maul/ws_kinclong_nav/install/explore_lite/lib/pkgconfig/explore_lite.pc'
[1.098s] Level 1:colcon.colcon_core.environment:checking '/home/maul/ws_kinclong_nav/install/explore_lite/lib/python3.12/site-packages'
[1.098s] Level 1:colcon.colcon_core.environment:checking '/home/maul/ws_kinclong_nav/install/explore_lite/bin'
[1.099s] INFO:colcon.colcon_core.shell:Creating package script '/home/maul/ws_kinclong_nav/install/explore_lite/share/explore_lite/package.ps1'
[1.100s] INFO:colcon.colcon_core.shell:Creating package descriptor '/home/maul/ws_kinclong_nav/install/explore_lite/share/explore_lite/package.dsv'
[1.101s] INFO:colcon.colcon_core.shell:Creating package script '/home/maul/ws_kinclong_nav/install/explore_lite/share/explore_lite/package.sh'
[1.102s] INFO:colcon.colcon_core.shell:Creating package script '/home/maul/ws_kinclong_nav/install/explore_lite/share/explore_lite/package.bash'
[1.102s] INFO:colcon.colcon_core.shell:Creating package script '/home/maul/ws_kinclong_nav/install/explore_lite/share/explore_lite/package.zsh'
[1.103s] Level 1:colcon.colcon_core.environment:create_file_with_runtime_dependencies(/home/maul/ws_kinclong_nav/install/explore_lite/share/colcon-core/packages/explore_lite)
[1.106s] DEBUG:colcon.colcon_core.event_handler.log_command:Invoked command in '/home/maul/ws_kinclong_nav/build/multirobot_map_merge' returned '0': CMAKE_PREFIX_PATH=${CMAKE_PREFIX_PATH}:/home/maul/ROS_NAVIGATION/install/multirobot_map_merge:/home/maul/ROS_NAVIGATION/install/explore_lite:/home/maul/ROS_NAVIGATION/install/bme_ros2_navigation_py:/home/maul/ROS_NAVIGATION/install/bme_ros2_navigation:/opt/ros/jazzy DEBUGINFOD_URLS=https://debuginfod.ubuntu.com PS1=\[\e]0;\u@\h: \w\a\]${debian_chroot:+($debian_chroot)}\[\033[01;32m\]\u@\h\[\033[00m\]:\[\033[01;34m\]\w\[\033[00m\]\$ VIRTUAL_ENV_PROMPT=(venv-ardupilot) /usr/bin/cmake --build /home/maul/ws_kinclong_nav/build/multirobot_map_merge -- -j8 -l8
[1.109s] DEBUG:colcon.colcon_core.event_handler.log_command:Invoking command in '/home/maul/ws_kinclong_nav/build/multirobot_map_merge': CMAKE_PREFIX_PATH=${CMAKE_PREFIX_PATH}:/home/maul/ROS_NAVIGATION/install/multirobot_map_merge:/home/maul/ROS_NAVIGATION/install/explore_lite:/home/maul/ROS_NAVIGATION/install/bme_ros2_navigation_py:/home/maul/ROS_NAVIGATION/install/bme_ros2_navigation:/opt/ros/jazzy DEBUGINFOD_URLS=https://debuginfod.ubuntu.com PS1=\[\e]0;\u@\h: \w\a\]${debian_chroot:+($debian_chroot)}\[\033[01;32m\]\u@\h\[\033[00m\]:\[\033[01;34m\]\w\[\033[00m\]\$ VIRTUAL_ENV_PROMPT=(venv-ardupilot) /usr/bin/cmake --install /home/maul/ws_kinclong_nav/build/multirobot_map_merge
[1.134s] Level 1:colcon.colcon_core.environment:create_environment_scripts_only(multirobot_map_merge)
[1.134s] Level 1:colcon.colcon_core.environment:checking '/home/maul/ws_kinclong_nav/install/multirobot_map_merge' for CMake module files
[1.134s] DEBUG:colcon.colcon_core.event_handler.log_command:Invoked command in '/home/maul/ws_kinclong_nav/build/multirobot_map_merge' returned '0': CMAKE_PREFIX_PATH=${CMAKE_PREFIX_PATH}:/home/maul/ROS_NAVIGATION/install/multirobot_map_merge:/home/maul/ROS_NAVIGATION/install/explore_lite:/home/maul/ROS_NAVIGATION/install/bme_ros2_navigation_py:/home/maul/ROS_NAVIGATION/install/bme_ros2_navigation:/opt/ros/jazzy DEBUGINFOD_URLS=https://debuginfod.ubuntu.com PS1=\[\e]0;\u@\h: \w\a\]${debian_chroot:+($debian_chroot)}\[\033[01;32m\]\u@\h\[\033[00m\]:\[\033[01;34m\]\w\[\033[00m\]\$ VIRTUAL_ENV_PROMPT=(venv-ardupilot) /usr/bin/cmake --install /home/maul/ws_kinclong_nav/build/multirobot_map_merge
[1.136s] Level 1:colcon.colcon_core.environment:checking '/home/maul/ws_kinclong_nav/install/multirobot_map_merge' for CMake config files
[1.136s] Level 1:colcon.colcon_core.shell:create_environment_hook('multirobot_map_merge', 'cmake_prefix_path')
[1.137s] INFO:colcon.colcon_core.shell:Creating environment hook '/home/maul/ws_kinclong_nav/install/multirobot_map_merge/share/multirobot_map_merge/hook/cmake_prefix_path.ps1'
[1.137s] INFO:colcon.colcon_core.shell:Creating environment descriptor '/home/maul/ws_kinclong_nav/install/multirobot_map_merge/share/multirobot_map_merge/hook/cmake_prefix_path.dsv'
[1.138s] INFO:colcon.colcon_core.shell:Creating environment hook '/home/maul/ws_kinclong_nav/install/multirobot_map_merge/share/multirobot_map_merge/hook/cmake_prefix_path.sh'
[1.140s] Level 1:colcon.colcon_core.environment:checking '/home/maul/ws_kinclong_nav/install/multirobot_map_merge/lib'
[1.140s] Level 1:colcon.colcon_core.environment:checking '/home/maul/ws_kinclong_nav/install/multirobot_map_merge/bin'
[1.140s] Level 1:colcon.colcon_core.environment:checking '/home/maul/ws_kinclong_nav/install/multirobot_map_merge/lib/pkgconfig/multirobot_map_merge.pc'
[1.141s] Level 1:colcon.colcon_core.environment:checking '/home/maul/ws_kinclong_nav/install/multirobot_map_merge/lib/python3.12/site-packages'
[1.141s] Level 1:colcon.colcon_core.environment:checking '/home/maul/ws_kinclong_nav/install/multirobot_map_merge/bin'
[1.142s] INFO:colcon.colcon_core.shell:Creating package script '/home/maul/ws_kinclong_nav/install/multirobot_map_merge/share/multirobot_map_merge/package.ps1'
[1.143s] INFO:colcon.colcon_core.shell:Creating package descriptor '/home/maul/ws_kinclong_nav/install/multirobot_map_merge/share/multirobot_map_merge/package.dsv'
[1.143s] INFO:colcon.colcon_core.shell:Creating package script '/home/maul/ws_kinclong_nav/install/multirobot_map_merge/share/multirobot_map_merge/package.sh'
[1.144s] INFO:colcon.colcon_core.shell:Creating package script '/home/maul/ws_kinclong_nav/install/multirobot_map_merge/share/multirobot_map_merge/package.bash'
[1.145s] INFO:colcon.colcon_core.shell:Creating package script '/home/maul/ws_kinclong_nav/install/multirobot_map_merge/share/multirobot_map_merge/package.zsh'
[1.145s] Level 1:colcon.colcon_core.environment:create_file_with_runtime_dependencies(/home/maul/ws_kinclong_nav/install/multirobot_map_merge/share/colcon-core/packages/multirobot_map_merge)
[1.146s] Level 1:colcon.colcon_core.environment:create_environment_scripts_only(multirobot_map_merge)
[1.147s] Level 1:colcon.colcon_core.environment:checking '/home/maul/ws_kinclong_nav/install/multirobot_map_merge' for CMake module files
[1.148s] Level 1:colcon.colcon_core.environment:checking '/home/maul/ws_kinclong_nav/install/multirobot_map_merge' for CMake config files
[1.148s] Level 1:colcon.colcon_core.shell:create_environment_hook('multirobot_map_merge', 'cmake_prefix_path')
[1.148s] INFO:colcon.colcon_core.shell:Creating environment hook '/home/maul/ws_kinclong_nav/install/multirobot_map_merge/share/multirobot_map_merge/hook/cmake_prefix_path.ps1'
[1.149s] INFO:colcon.colcon_core.shell:Creating environment descriptor '/home/maul/ws_kinclong_nav/install/multirobot_map_merge/share/multirobot_map_merge/hook/cmake_prefix_path.dsv'
[1.150s] INFO:colcon.colcon_core.shell:Creating environment hook '/home/maul/ws_kinclong_nav/install/multirobot_map_merge/share/multirobot_map_merge/hook/cmake_prefix_path.sh'
[1.151s] Level 1:colcon.colcon_core.environment:checking '/home/maul/ws_kinclong_nav/install/multirobot_map_merge/lib'
[1.151s] Level 1:colcon.colcon_core.environment:checking '/home/maul/ws_kinclong_nav/install/multirobot_map_merge/bin'
[1.151s] Level 1:colcon.colcon_core.environment:checking '/home/maul/ws_kinclong_nav/install/multirobot_map_merge/lib/pkgconfig/multirobot_map_merge.pc'
[1.152s] Level 1:colcon.colcon_core.environment:checking '/home/maul/ws_kinclong_nav/install/multirobot_map_merge/lib/python3.12/site-packages'
[1.152s] Level 1:colcon.colcon_core.environment:checking '/home/maul/ws_kinclong_nav/install/multirobot_map_merge/bin'
[1.152s] INFO:colcon.colcon_core.shell:Creating package script '/home/maul/ws_kinclong_nav/install/multirobot_map_merge/share/multirobot_map_merge/package.ps1'
[1.153s] INFO:colcon.colcon_core.shell:Creating package descriptor '/home/maul/ws_kinclong_nav/install/multirobot_map_merge/share/multirobot_map_merge/package.dsv'
[1.155s] INFO:colcon.colcon_core.shell:Creating package script '/home/maul/ws_kinclong_nav/install/multirobot_map_merge/share/multirobot_map_merge/package.sh'
[1.155s] INFO:colcon.colcon_core.shell:Creating package script '/home/maul/ws_kinclong_nav/install/multirobot_map_merge/share/multirobot_map_merge/package.bash'
[1.156s] INFO:colcon.colcon_core.shell:Creating package script '/home/maul/ws_kinclong_nav/install/multirobot_map_merge/share/multirobot_map_merge/package.zsh'
[1.157s] Level 1:colcon.colcon_core.environment:create_file_with_runtime_dependencies(/home/maul/ws_kinclong_nav/install/multirobot_map_merge/share/colcon-core/packages/multirobot_map_merge)
[1.157s] DEBUG:colcon.colcon_parallel_executor.executor.parallel:closing loop
[1.158s] DEBUG:colcon.colcon_parallel_executor.executor.parallel:loop closed
[1.158s] DEBUG:colcon.colcon_parallel_executor.executor.parallel:run_until_complete finished with '0'
[1.158s] DEBUG:colcon.colcon_core.event_reactor:joining thread
[1.171s] INFO:colcon.colcon_core.plugin_system:Skipping extension 'colcon_notification.desktop_notification.terminal_notifier': Not used on non-Darwin systems
[1.171s] INFO:colcon.colcon_core.plugin_system:Skipping extension 'colcon_notification.desktop_notification.win32': Not used on non-Windows systems
[1.172s] INFO:colcon.colcon_notification.desktop_notification:Sending desktop notification using 'notify2'
[1.198s] DEBUG:colcon.colcon_core.event_reactor:joined thread
[1.199s] INFO:colcon.colcon_core.shell:Creating prefix script '/home/maul/ws_kinclong_nav/install/local_setup.ps1'
[1.200s] INFO:colcon.colcon_core.shell:Creating prefix util module '/home/maul/ws_kinclong_nav/install/_local_setup_util_ps1.py'
[1.203s] INFO:colcon.colcon_core.shell:Creating prefix chain script '/home/maul/ws_kinclong_nav/install/setup.ps1'
[1.206s] INFO:colcon.colcon_core.shell:Creating prefix script '/home/maul/ws_kinclong_nav/install/local_setup.sh'
[1.207s] INFO:colcon.colcon_core.shell:Creating prefix util module '/home/maul/ws_kinclong_nav/install/_local_setup_util_sh.py'
[1.208s] INFO:colcon.colcon_core.shell:Creating prefix chain script '/home/maul/ws_kinclong_nav/install/setup.sh'
[1.211s] INFO:colcon.colcon_core.shell:Creating prefix script '/home/maul/ws_kinclong_nav/install/local_setup.bash'
[1.212s] INFO:colcon.colcon_core.shell:Creating prefix chain script '/home/maul/ws_kinclong_nav/install/setup.bash'
[1.214s] INFO:colcon.colcon_core.shell:Creating prefix script '/home/maul/ws_kinclong_nav/install/local_setup.zsh'
[1.215s] INFO:colcon.colcon_core.shell:Creating prefix chain script '/home/maul/ws_kinclong_nav/install/setup.zsh'
