--2025-05-15 00:03:12--  https://raw.githubusercontent.com/hrnr/m-explore-extra/master/map_merge/hector_maps/map00.pgm
Resolving raw.githubusercontent.com (raw.githubusercontent.com)... 185.199.110.133, 185.199.109.133, 185.199.108.133, ...
Connecting to raw.githubusercontent.com (raw.githubusercontent.com)|185.199.110.133|:443... connected.
HTTP request sent, awaiting response... 200 OK
Length: 4194362 (4.0M) [application/octet-stream]
Saving to: ‘/home/maul/ws_kinclong_nav/build/multirobot_map_merge/map00.pgm’

     0K .......... .......... .......... .......... ..........  1% 1.66M 2s
    50K .......... .......... .......... .......... ..........  2% 3.93M 2s
   100K .......... .......... .......... .......... ..........  3% 5.72M 1s
   150K .......... .......... .......... .......... ..........  4% 7.49M 1s
   200K .......... .......... .......... .......... ..........  6% 7.57M 1s
   250K .......... .......... .......... .......... ..........  7% 4.55M 1s
   300K .......... .......... .......... .......... ..........  8% 9.52M 1s
   350K .......... .......... .......... .......... ..........  9% 11.0M 1s
   400K .......... .......... .......... .......... .......... 10% 12.0M 1s
   450K .......... .......... .......... .......... .......... 12% 5.54M 1s
   500K .......... .......... .......... .......... .......... 13% 9.81M 1s
   550K .......... .......... .......... .......... .......... 14%  260M 1s
   600K .......... .......... .......... .......... .......... 15% 11.8M 1s
   650K .......... .......... .......... .......... .......... 17% 10.7M 1s
   700K .......... .......... .......... .......... .......... 18% 10.6M 1s
   750K .......... .......... .......... .......... .......... 19% 5.53M 1s
   800K .......... .......... .......... .......... .......... 20% 10.9M 0s
   850K .......... .......... .......... .......... .......... 21% 5.74M 0s
   900K .......... .......... .......... .......... .......... 23%  300M 0s
   950K .......... .......... .......... .......... .......... 24% 3.41M 0s
  1000K .......... .......... .......... .......... .......... 25% 3.40M 0s
  1050K .......... .......... .......... .......... .......... 26%  264M 0s
  1100K .......... .......... .......... .......... .......... 28%  650K 1s
  1150K .......... .......... .......... .......... .......... 29% 7.74M 1s
  1200K .......... .......... .......... .......... .......... 30% 4.71M 1s
  1250K .......... .......... .......... .......... .......... 31% 3.93M 1s
  1300K .......... .......... .......... .......... .......... 32%  222M 1s
  1350K .......... .......... .......... .......... .......... 34% 4.06M 1s
  1400K .......... .......... .......... .......... .......... 35% 4.43M 1s
  1450K .......... .......... .......... .......... .......... 36% 4.17M 1s
  1500K .......... .......... .......... .......... .......... 37% 7.99M 1s
  1550K .......... .......... .......... .......... .......... 39% 4.46M 1s
  1600K .......... .......... .......... .......... .......... 40% 3.62M 1s
  1650K .......... .......... .......... .......... .......... 41% 2.16M 1s
  1700K .......... .......... .......... .......... .......... 42%  218M 0s
  1750K .......... .......... .......... .......... .......... 43% 11.4M 0s
  1800K .......... .......... .......... .......... .......... 45% 5.79M 0s
  1850K .......... .......... .......... .......... .......... 46%  154M 0s
  1900K .......... .......... .......... .......... .......... 47% 32.3M 0s
  1950K .......... .......... .......... .......... .......... 48%  117M 0s
  2000K .......... .......... .......... .......... .......... 50% 6.52M 0s
  2050K .......... .......... .......... .......... .......... 51% 3.74M 0s
  2100K .......... .......... .......... .......... .......... 52% 8.04M 0s
  2150K .......... .......... .......... .......... .......... 53% 4.98M 0s
  2200K .......... .......... .......... .......... .......... 54% 10.2M 0s
  2250K .......... .......... .......... .......... .......... 56% 3.94M 0s
  2300K .......... .......... .......... .......... .......... 57% 10.7M 0s
  2350K .......... .......... .......... .......... .......... 58% 4.19M 0s
  2400K .......... .......... .......... .......... .......... 59% 6.07M 0s
  2450K .......... .......... .......... .......... .......... 61% 12.0M 0s
  2500K .......... .......... .......... .......... .......... 62% 11.9M 0s
  2550K .......... .......... .......... .......... .......... 63%  222M 0s
  2600K .......... .......... .......... .......... .......... 64% 12.2M 0s
  2650K .......... .......... .......... .......... .......... 65% 6.61M 0s
  2700K .......... .......... .......... .......... .......... 67%  658K 0s
  2750K .......... .......... .......... .......... .......... 68% 52.4M 0s
  2800K .......... .......... .......... .......... .......... 69% 11.6M 0s
  2850K .......... .......... .......... .......... .......... 70% 95.4M 0s
  2900K .......... .......... .......... .......... .......... 72% 13.3M 0s
  2950K .......... .......... .......... .......... .......... 73%  419M 0s
  3000K .......... .......... .......... .......... .......... 74% 8.94M 0s
  3050K .......... .......... .......... .......... .......... 75% 57.9M 0s
  3100K .......... .......... .......... .......... .......... 76% 50.5M 0s
  3150K .......... .......... .......... .......... .......... 78%  176M 0s
  3200K .......... .......... .......... .......... .......... 79% 42.6M 0s
  3250K .......... .......... .......... .......... .......... 80% 1.01M 0s
  3300K .......... .......... .......... .......... .......... 81%  220M 0s
  3350K .......... .......... .......... .......... .......... 83%  276M 0s
  3400K .......... .......... .......... .......... .......... 84%  276M 0s
  3450K .......... .......... .......... .......... .......... 85%  271M 0s
  3500K .......... .......... .......... .......... .......... 86%  259M 0s
  3550K .......... .......... .......... .......... .......... 87% 1.48M 0s
  3600K .......... .......... .......... .......... .......... 89% 2.02M 0s
  3650K .......... .......... .......... .......... .......... 90% 49.5M 0s
  3700K .......... .......... .......... .......... .......... 91% 55.3M 0s
  3750K .......... .......... .......... .......... .......... 92%  451M 0s
  3800K .......... .......... .......... .......... .......... 93% 52.2M 0s
  3850K .......... .......... .......... .......... .......... 95% 58.8M 0s
  3900K .......... .......... .......... .......... .......... 96%  498M 0s
  3950K .......... .......... .......... .......... .......... 97% 53.2M 0s
  4000K .......... .......... .......... .......... .......... 98% 11.1M 0s
  4050K .......... .......... .......... .......... ......    100% 7.78M=0.7s

2025-05-15 00:03:13 (5.81 MB/s) - ‘/home/maul/ws_kinclong_nav/build/multirobot_map_merge/map00.pgm’ saved [4194362/4194362]

--2025-05-15 00:03:13--  https://raw.githubusercontent.com/hrnr/m-explore-extra/master/map_merge/hector_maps/map05.pgm
Resolving raw.githubusercontent.com (raw.githubusercontent.com)... 185.199.108.133, 185.199.111.133, 185.199.110.133, ...
Connecting to raw.githubusercontent.com (raw.githubusercontent.com)|185.199.108.133|:443... connected.
HTTP request sent, awaiting response... 200 OK
Length: 4194362 (4.0M) [application/octet-stream]
Saving to: ‘/home/maul/ws_kinclong_nav/build/multirobot_map_merge/map05.pgm’

     0K .......... .......... .......... .......... ..........  1% 1.49M 3s
    50K .......... .......... .......... .......... ..........  2% 1.97M 2s
   100K .......... .......... .......... .......... ..........  3% 31.7M 2s
   150K .......... .......... .......... .......... ..........  4% 1.81M 2s
   200K .......... .......... .......... .......... ..........  6%  292M 1s
   250K .......... .......... .......... .......... ..........  7% 8.18M 1s
   300K .......... .......... .......... .......... ..........  8% 8.28M 1s
   350K .......... .......... .......... .......... ..........  9% 1.54M 1s
   400K .......... .......... .......... .......... .......... 10%  247M 1s
   450K .......... .......... .......... .......... .......... 12% 9.90M 1s
   500K .......... .......... .......... .......... .......... 13% 10.5M 1s
   550K .......... .......... .......... .......... .......... 14% 11.7M 1s
   600K .......... .......... .......... .......... .......... 15%  299M 1s
   650K .......... .......... .......... .......... .......... 17%  920K 1s
   700K .......... .......... .......... .......... .......... 18% 9.10M 1s
   750K .......... .......... .......... .......... .......... 19% 10.2M 1s
   800K .......... .......... .......... .......... .......... 20% 10.6M 1s
   850K .......... .......... .......... .......... .......... 21% 11.1M 1s
   900K .......... .......... .......... .......... .......... 23%  207M 1s
   950K .......... .......... .......... .......... .......... 24% 11.8M 1s
  1000K .......... .......... .......... .......... .......... 25% 3.19M 1s
  1050K .......... .......... .......... .......... .......... 26% 9.99M 1s
  1100K .......... .......... .......... .......... .......... 28% 3.02M 1s
  1150K .......... .......... .......... .......... .......... 29% 3.30M 1s
  1200K .......... .......... .......... .......... .......... 30% 3.22M 1s
  1250K .......... .......... .......... .......... .......... 31%  288M 1s
  1300K .......... .......... .......... .......... .......... 32% 2.59M 1s
  1350K .......... .......... .......... .......... .......... 34% 3.38M 1s
  1400K .......... .......... .......... .......... .......... 35% 10.7M 1s
  1450K .......... .......... .......... .......... .......... 36% 5.05M 1s
  1500K .......... .......... .......... .......... .......... 37% 12.6M 1s
  1550K .......... .......... .......... .......... .......... 39% 11.1M 1s
  1600K .......... .......... .......... .......... .......... 40%  213M 1s
  1650K .......... .......... .......... .......... .......... 41% 5.84M 0s
  1700K .......... .......... .......... .......... .......... 42%  506M 0s
  1750K .......... .......... .......... .......... .......... 43% 3.29M 0s
  1800K .......... .......... .......... .......... .......... 45%  296M 0s
  1850K .......... .......... .......... .......... .......... 46% 10.2M 0s
  1900K .......... .......... .......... .......... .......... 47% 14.2M 0s
  1950K .......... .......... .......... .......... .......... 48% 5.73M 0s
  2000K .......... .......... .......... .......... .......... 50% 4.97M 0s
  2050K .......... .......... .......... .......... .......... 51% 6.27M 0s
  2100K .......... .......... .......... .......... .......... 52% 8.90M 0s
  2150K .......... .......... .......... .......... .......... 53%  264M 0s
  2200K .......... .......... .......... .......... .......... 54% 10.0M 0s
  2250K .......... .......... .......... .......... .......... 56% 8.58M 0s
  2300K .......... .......... .......... .......... .......... 57% 10.9M 0s
  2350K .......... .......... .......... .......... .......... 58% 5.94M 0s
  2400K .......... .......... .......... .......... .......... 59%  248M 0s
  2450K .......... .......... .......... .......... .......... 61% 8.22M 0s
  2500K .......... .......... .......... .......... .......... 62% 12.8M 0s
  2550K .......... .......... .......... .......... .......... 63%  361M 0s
  2600K .......... .......... .......... .......... .......... 64% 7.77M 0s
  2650K .......... .......... .......... .......... .......... 65% 10.8M 0s
  2700K .......... .......... .......... .......... .......... 67% 5.01M 0s
  2750K .......... .......... .......... .......... .......... 68% 8.42M 0s
  2800K .......... .......... .......... .......... .......... 69%  245M 0s
  2850K .......... .......... .......... .......... .......... 70% 10.8M 0s
  2900K .......... .......... .......... .......... .......... 72% 5.25M 0s
  2950K .......... .......... .......... .......... .......... 73%  256M 0s
  3000K .......... .......... .......... .......... .......... 74% 4.74M 0s
  3050K .......... .......... .......... .......... .......... 75%  332M 0s
  3100K .......... .......... .......... .......... .......... 76% 3.25M 0s
  3150K .......... .......... .......... .......... .......... 78%  693K 0s
  3200K .......... .......... .......... .......... .......... 79%  315M 0s
  3250K .......... .......... .......... .......... .......... 80%  346M 0s
  3300K .......... .......... .......... .......... .......... 81% 9.29M 0s
  3350K .......... .......... .......... .......... .......... 83% 13.6M 0s
  3400K .......... .......... .......... .......... .......... 84%  340M 0s
  3450K .......... .......... .......... .......... .......... 85%  321M 0s
  3500K .......... .......... .......... .......... .......... 86%  361M 0s
  3550K .......... .......... .......... .......... .......... 87% 4.36M 0s
  3600K .......... .......... .......... .......... .......... 89%  278M 0s
  3650K .......... .......... .......... .......... .......... 90%  341M 0s
  3700K .......... .......... .......... .......... .......... 91%  339M 0s
  3750K .......... .......... .......... .......... .......... 92% 4.06M 0s
  3800K .......... .......... .......... .......... .......... 93%  344M 0s
  3850K .......... .......... .......... .......... .......... 95%  337M 0s
  3900K .......... .......... .......... .......... .......... 96%  363K 0s
  3950K .......... .......... .......... .......... .......... 97%  257M 0s
  4000K .......... .......... .......... .......... .......... 98%  350M 0s
  4050K .......... .......... .......... .......... ......    100% 10.7M=0.8s

2025-05-15 00:03:14 (5.30 MB/s) - ‘/home/maul/ws_kinclong_nav/build/multirobot_map_merge/map05.pgm’ saved [4194362/4194362]

--2025-05-15 00:03:14--  https://raw.githubusercontent.com/hrnr/m-explore-extra/master/map_merge/gmapping_maps/2011-08-09-12-22-52.pgm
Resolving raw.githubusercontent.com (raw.githubusercontent.com)... 185.199.111.133, 185.199.108.133, 185.199.110.133, ...
Connecting to raw.githubusercontent.com (raw.githubusercontent.com)|185.199.111.133|:443... connected.
HTTP request sent, awaiting response... 200 OK
Length: 16000058 (15M) [application/octet-stream]
Saving to: ‘/home/maul/ws_kinclong_nav/build/multirobot_map_merge/2011-08-09-12-22-52.pgm’

     0K .......... .......... .......... .......... ..........  0%  507K 31s
    50K .......... .......... .......... .......... ..........  0% 1.16M 22s
   100K .......... .......... .......... .......... ..........  0% 3.41M 16s
   150K .......... .......... .......... .......... ..........  1% 2.53M 13s
   200K .......... .......... .......... .......... ..........  1% 11.8M 11s
   250K .......... .......... .......... .......... ..........  1% 9.14M 9s
   300K .......... .......... .......... .......... ..........  2% 10.0M 8s
   350K .......... .......... .......... .......... ..........  2% 2.35M 8s
   400K .......... .......... .......... .......... ..........  2% 8.44M 7s
   450K .......... .......... .......... .......... ..........  3% 11.9M 7s
   500K .......... .......... .......... .......... ..........  3%  147M 6s
   550K .......... .......... .......... .......... ..........  3% 10.1M 6s
   600K .......... .......... .......... .......... ..........  4% 4.98M 5s
   650K .......... .......... .......... .......... ..........  4%  224M 5s
   700K .......... .......... .......... .......... ..........  4% 5.49M 5s
   750K .......... .......... .......... .......... ..........  5% 11.7M 5s
   800K .......... .......... .......... .......... ..........  5% 8.77M 4s
   850K .......... .......... .......... .......... ..........  5% 11.5M 4s
   900K .......... .......... .......... .......... ..........  6% 13.3M 4s
   950K .......... .......... .......... .......... ..........  6% 10.9M 4s
  1000K .......... .......... .......... .......... ..........  6% 6.46M 4s
  1050K .......... .......... .......... .......... ..........  7% 4.82M 4s
  1100K .......... .......... .......... .......... ..........  7% 9.01M 4s
  1150K .......... .......... .......... .......... ..........  7% 11.7M 4s
  1200K .......... .......... .......... .......... ..........  7% 3.71M 4s
  1250K .......... .......... .......... .......... ..........  8% 7.76M 3s
  1300K .......... .......... .......... .......... ..........  8% 1.24M 4s
  1350K .......... .......... .......... .......... ..........  8% 12.7M 4s
  1400K .......... .......... .......... .......... ..........  9% 3.51M 4s
  1450K .......... .......... .......... .......... ..........  9%  207M 3s
  1500K .......... .......... .......... .......... ..........  9%  360M 3s
  1550K .......... .......... .......... .......... .......... 10%  382M 3s
  1600K .......... .......... .......... .......... .......... 10%  356M 3s
  1650K .......... .......... .......... .......... .......... 10%  262M 3s
  1700K .......... .......... .......... .......... .......... 11%  242M 3s
  1750K .......... .......... .......... .......... .......... 11% 3.13M 3s
  1800K .......... .......... .......... .......... .......... 11% 1.21M 3s
  1850K .......... .......... .......... .......... .......... 12%  254M 3s
  1900K .......... .......... .......... .......... .......... 12% 7.71M 3s
  1950K .......... .......... .......... .......... .......... 12%  348M 3s
  2000K .......... .......... .......... .......... .......... 13%  409M 3s
  2050K .......... .......... .......... .......... .......... 13%  458M 3s
  2100K .......... .......... .......... .......... .......... 13% 15.5M 3s
  2150K .......... .......... .......... .......... .......... 14% 9.39M 3s
  2200K .......... .......... .......... .......... .......... 14% 12.4M 3s
  2250K .......... .......... .......... .......... .......... 14% 5.36M 3s
  2300K .......... .......... .......... .......... .......... 15% 5.53M 3s
  2350K .......... .......... .......... .......... .......... 15%  642K 3s
  2400K .......... .......... .......... .......... .......... 15%  236M 3s
  2450K .......... .......... .......... .......... .......... 15%  367M 3s
  2500K .......... .......... .......... .......... .......... 16%  229M 3s
  2550K .......... .......... .......... .......... .......... 16%  242M 3s
  2600K .......... .......... .......... .......... .......... 16% 4.51M 3s
  2650K .......... .......... .......... .......... .......... 17% 3.53M 3s
  2700K .......... .......... .......... .......... .......... 17% 7.36M 3s
  2750K .......... .......... .......... .......... .......... 17% 15.4M 3s
  2800K .......... .......... .......... .......... .......... 18% 5.57M 3s
  2850K .......... .......... .......... .......... .......... 18% 4.63M 3s
  2900K .......... .......... .......... .......... .......... 18% 8.07M 3s
  2950K .......... .......... .......... .......... .......... 19%  730K 3s
  3000K .......... .......... .......... .......... .......... 19% 9.70M 3s
  3050K .......... .......... .......... .......... .......... 19% 8.26M 3s
  3100K .......... .......... .......... .......... .......... 20% 1.38M 3s
  3150K .......... .......... .......... .......... .......... 20% 8.20M 3s
  3200K .......... .......... .......... .......... .......... 20% 7.84M 3s
  3250K .......... .......... .......... .......... .......... 21% 5.22M 3s
  3300K .......... .......... .......... .......... .......... 21% 4.51M 3s
  3350K .......... .......... .......... .......... .......... 21% 2.56M 3s
  3400K .......... .......... .......... .......... .......... 22% 4.24M 3s
  3450K .......... .......... .......... .......... .......... 22% 4.63M 3s
  3500K .......... .......... .......... .......... .......... 22% 5.04M 3s
  3550K .......... .......... .......... .......... .......... 23% 3.19M 3s
  3600K .......... .......... .......... .......... .......... 23% 3.50M 3s
  3650K .......... .......... .......... .......... .......... 23% 14.6M 3s
  3700K .......... .......... .......... .......... .......... 23% 4.94M 3s
  3750K .......... .......... .......... .......... .......... 24% 32.4M 3s
  3800K .......... .......... .......... .......... .......... 24% 2.67M 3s
  3850K .......... .......... .......... .......... .......... 24% 5.25M 3s
  3900K .......... .......... .......... .......... .......... 25% 29.6M 3s
  3950K .......... .......... .......... .......... .......... 25% 2.65M 3s
  4000K .......... .......... .......... .......... .......... 25% 5.70M 3s
  4050K .......... .......... .......... .......... .......... 26% 11.0M 3s
  4100K .......... .......... .......... .......... .......... 26% 31.5M 3s
  4150K .......... .......... .......... .......... .......... 26% 6.25M 2s
  4200K .......... .......... .......... .......... .......... 27% 2.10M 3s
  4250K .......... .......... .......... .......... .......... 27% 1.89M 3s
  4300K .......... .......... .......... .......... .......... 27%  232M 2s
  4350K .......... .......... .......... .......... .......... 28% 12.2M 2s
  4400K .......... .......... .......... .......... .......... 28% 2.80M 2s
  4450K .......... .......... .......... .......... .......... 28% 4.42M 2s
  4500K .......... .......... .......... .......... .......... 29% 5.89M 2s
  4550K .......... .......... .......... .......... .......... 29% 4.85M 2s
  4600K .......... .......... .......... .......... .......... 29% 13.5M 2s
  4650K .......... .......... .......... .......... .......... 30% 3.26M 2s
  4700K .......... .......... .......... .......... .......... 30% 8.73M 2s
  4750K .......... .......... .......... .......... .......... 30% 4.21M 2s
  4800K .......... .......... .......... .......... .......... 31% 7.72M 2s
  4850K .......... .......... .......... .......... .......... 31% 4.29M 2s
  4900K .......... .......... .......... .......... .......... 31% 2.37M 2s
  4950K .......... .......... .......... .......... .......... 31%  310M 2s
  5000K .......... .......... .......... .......... .......... 32% 4.60M 2s
  5050K .......... .......... .......... .......... .......... 32% 4.87M 2s
  5100K .......... .......... .......... .......... .......... 32% 6.46M 2s
  5150K .......... .......... .......... .......... .......... 33% 1.05M 2s
  5200K .......... .......... .......... .......... .......... 33% 12.3M 2s
  5250K .......... .......... .......... .......... .......... 33% 3.79M 2s
  5300K .......... .......... .......... .......... .......... 34% 7.31M 2s
  5350K .......... .......... .......... .......... .......... 34% 4.82M 2s
  5400K .......... .......... .......... .......... .......... 34% 4.10M 2s
  5450K .......... .......... .......... .......... .......... 35% 8.37M 2s
  5500K .......... .......... .......... .......... .......... 35% 6.31M 2s
  5550K .......... .......... .......... .......... .......... 35% 13.6M 2s
  5600K .......... .......... .......... .......... .......... 36% 1.85M 2s
  5650K .......... .......... .......... .......... .......... 36%  247M 2s
  5700K .......... .......... .......... .......... .......... 36% 71.2M 2s
  5750K .......... .......... .......... .......... .......... 37% 5.39M 2s
  5800K .......... .......... .......... .......... .......... 37% 3.81M 2s
  5850K .......... .......... .......... .......... .......... 37% 3.74M 2s
  5900K .......... .......... .......... .......... .......... 38% 32.2M 2s
  5950K .......... .......... .......... .......... .......... 38% 8.90M 2s
  6000K .......... .......... .......... .......... .......... 38% 7.85M 2s
  6050K .......... .......... .......... .......... .......... 39% 2.17M 2s
  6100K .......... .......... .......... .......... .......... 39% 9.93M 2s
  6150K .......... .......... .......... .......... .......... 39% 10.1M 2s
  6200K .......... .......... .......... .......... .......... 39% 4.97M 2s
  6250K .......... .......... .......... .......... .......... 40% 13.5M 2s
  6300K .......... .......... .......... .......... .......... 40% 5.45M 2s
  6350K .......... .......... .......... .......... .......... 40% 7.29M 2s
  6400K .......... .......... .......... .......... .......... 41% 17.8M 2s
  6450K .......... .......... .......... .......... .......... 41% 4.65M 2s
  6500K .......... .......... .......... .......... .......... 41%  856K 2s
  6550K .......... .......... .......... .......... .......... 42% 10.6M 2s
  6600K .......... .......... .......... .......... .......... 42% 13.3M 2s
  6650K .......... .......... .......... .......... .......... 42%  169M 2s
  6700K .......... .......... .......... .......... .......... 43% 2.52M 2s
  6750K .......... .......... .......... .......... .......... 43% 11.4M 2s
  6800K .......... .......... .......... .......... .......... 43% 2.33M 2s
  6850K .......... .......... .......... .......... .......... 44% 6.21M 2s
  6900K .......... .......... .......... .......... .......... 44% 3.28M 2s
  6950K .......... .......... .......... .......... .......... 44%  224M 2s
  7000K .......... .......... .......... .......... .......... 45% 7.13M 2s
  7050K .......... .......... .......... .......... .......... 45% 14.7M 2s
  7100K .......... .......... .......... .......... .......... 45% 2.64M 2s
  7150K .......... .......... .......... .......... .......... 46% 5.62M 2s
  7200K .......... .......... .......... .......... .......... 46%  274M 2s
  7250K .......... .......... .......... .......... .......... 46% 3.18M 2s
  7300K .......... .......... .......... .......... .......... 47% 3.22M 2s
  7350K .......... .......... .......... .......... .......... 47% 8.78M 2s
  7400K .......... .......... .......... .......... .......... 47% 10.1M 2s
  7450K .......... .......... .......... .......... .......... 47% 2.52M 2s
  7500K .......... .......... .......... .......... .......... 48%  230M 2s
  7550K .......... .......... .......... .......... .......... 48% 9.01M 2s
  7600K .......... .......... .......... .......... .......... 48% 10.5M 2s
  7650K .......... .......... .......... .......... .......... 49% 1.14M 2s
  7700K .......... .......... .......... .......... .......... 49% 2.82M 2s
  7750K .......... .......... .......... .......... .......... 49% 9.13M 2s
  7800K .......... .......... .......... .......... .......... 50%  342M 2s
  7850K .......... .......... .......... .......... .......... 50% 14.1M 2s
  7900K .......... .......... .......... .......... .......... 50% 3.37M 2s
  7950K .......... .......... .......... .......... .......... 51% 3.81M 2s
  8000K .......... .......... .......... .......... .......... 51% 9.06M 2s
  8050K .......... .......... .......... .......... .......... 51% 13.7M 2s
  8100K .......... .......... .......... .......... .......... 52% 7.38M 2s
  8150K .......... .......... .......... .......... .......... 52% 2.45M 2s
  8200K .......... .......... .......... .......... .......... 52%  231M 2s
  8250K .......... .......... .......... .......... .......... 53% 11.6M 2s
  8300K .......... .......... .......... .......... .......... 53% 2.82M 2s
  8350K .......... .......... .......... .......... .......... 53% 10.0M 2s
  8400K .......... .......... .......... .......... .......... 54% 11.6M 2s
  8450K .......... .......... .......... .......... .......... 54% 5.10M 2s
  8500K .......... .......... .......... .......... .......... 54% 5.74M 1s
  8550K .......... .......... .......... .......... .......... 55% 9.92M 1s
  8600K .......... .......... .......... .......... .......... 55% 6.07M 1s
  8650K .......... .......... .......... .......... .......... 55% 22.7M 1s
  8700K .......... .......... .......... .......... .......... 55% 6.80M 1s
  8750K .......... .......... .......... .......... .......... 56% 13.1M 1s
  8800K .......... .......... .......... .......... .......... 56% 3.48M 1s
  8850K .......... .......... .......... .......... .......... 56% 25.6M 1s
  8900K .......... .......... .......... .......... .......... 57% 5.02M 1s
  8950K .......... .......... .......... .......... .......... 57% 60.3M 1s
  9000K .......... .......... .......... .......... .......... 57% 5.32M 1s
  9050K .......... .......... .......... .......... .......... 58% 7.63M 1s
  9100K .......... .......... .......... .......... .......... 58% 6.84M 1s
  9150K .......... .......... .......... .......... .......... 58% 20.7M 1s
  9200K .......... .......... .......... .......... .......... 59% 1.44M 1s
  9250K .......... .......... .......... .......... .......... 59%  207M 1s
  9300K .......... .......... .......... .......... .......... 59% 9.21M 1s
  9350K .......... .......... .......... .......... .......... 60% 12.0M 1s
  9400K .......... .......... .......... .......... .......... 60% 2.03M 1s
  9450K .......... .......... .......... .......... .......... 60% 12.4M 1s
  9500K .......... .......... .......... .......... .......... 61% 60.7M 1s
  9550K .......... .......... .......... .......... .......... 61%  136K 1s
  9600K .......... .......... .......... .......... .......... 61% 6.00M 1s
  9650K .......... .......... .......... .......... .......... 62% 11.9M 1s
  9700K .......... .......... .......... .......... .......... 62%  213M 1s
  9750K .......... .......... .......... .......... .......... 62% 1.23M 1s
  9800K .......... .......... .......... .......... .......... 63% 2.05M 1s
  9850K .......... .......... .......... .......... .......... 63% 6.63M 1s
  9900K .......... .......... .......... .......... .......... 63% 6.50M 1s
  9950K .......... .......... .......... .......... .......... 63% 7.10M 1s
 10000K .......... .......... .......... .......... .......... 64% 5.62M 1s
 10050K .......... .......... .......... .......... .......... 64% 10.2M 1s
 10100K .......... .......... .......... .......... .......... 64% 11.9M 1s
 10150K .......... .......... .......... .......... .......... 65% 2.04M 1s
 10200K .......... .......... .......... .......... .......... 65%  220M 1s
 10250K .......... .......... .......... .......... .......... 65% 3.57M 1s
 10300K .......... .......... .......... .......... .......... 66%  203M 1s
 10350K .......... .......... .......... .......... .......... 66% 13.1M 1s
 10400K .......... .......... .......... .......... .......... 66% 8.01M 1s
 10450K .......... .......... .......... .......... .......... 67% 4.90M 1s
 10500K .......... .......... .......... .......... .......... 67% 10.5M 1s
 10550K .......... .......... .......... .......... .......... 67% 16.1M 1s
 10600K .......... .......... .......... .......... .......... 68% 9.89M 1s
 10650K .......... .......... .......... .......... .......... 68% 12.6M 1s
 10700K .......... .......... .......... .......... .......... 68% 2.17M 1s
 10750K .......... .......... .......... .......... .......... 69% 12.8M 1s
 10800K .......... .......... .......... .......... .......... 69% 7.95M 1s
 10850K .......... .......... .......... .......... .......... 69% 3.09M 1s
 10900K .......... .......... .......... .......... .......... 70% 4.95M 1s
 10950K .......... .......... .......... .......... .......... 70% 10.7M 1s
 11000K .......... .......... .......... .......... .......... 70%  354M 1s
 11050K .......... .......... .......... .......... .......... 71% 10.5M 1s
 11100K .......... .......... .......... .......... .......... 71% 14.3M 1s
 11150K .......... .......... .......... .......... .......... 71% 10.1M 1s
 11200K .......... .......... .......... .......... .......... 71% 8.11M 1s
 11250K .......... .......... .......... .......... .......... 72% 10.8M 1s
 11300K .......... .......... .......... .......... .......... 72% 8.98M 1s
 11350K .......... .......... .......... .......... .......... 72% 4.84M 1s
 11400K .......... .......... .......... .......... .......... 73%  590M 1s
 11450K .......... .......... .......... .......... .......... 73% 4.60M 1s
 11500K .......... .......... .......... .......... .......... 73% 10.5M 1s
 11550K .......... .......... .......... .......... .......... 74% 7.39M 1s
 11600K .......... .......... .......... .......... .......... 74%  163M 1s
 11650K .......... .......... .......... .......... .......... 74% 10.6M 1s
 11700K .......... .......... .......... .......... .......... 75% 5.26M 1s
 11750K .......... .......... .......... .......... .......... 75% 10.7M 1s
 11800K .......... .......... .......... .......... .......... 75%  303M 1s
 11850K .......... .......... .......... .......... .......... 76% 3.97M 1s
 11900K .......... .......... .......... .......... .......... 76% 4.93M 1s
 11950K .......... .......... .......... .......... .......... 76%  303M 1s
 12000K .......... .......... .......... .......... .......... 77% 8.69M 1s
 12050K .......... .......... .......... .......... .......... 77%  304M 1s
 12100K .......... .......... .......... .......... .......... 77% 4.43M 1s
 12150K .......... .......... .......... .......... .......... 78%  517M 1s
 12200K .......... .......... .......... .......... .......... 78% 4.79M 1s
 12250K .......... .......... .......... .......... .......... 78%  362M 1s
 12300K .......... .......... .......... .......... .......... 79% 2.89M 1s
 12350K .......... .......... .......... .......... .......... 79%  280M 1s
 12400K .......... .......... .......... .......... .......... 79% 8.19M 1s
 12450K .......... .......... .......... .......... .......... 79% 2.83M 1s
 12500K .......... .......... .......... .......... .......... 80% 9.26M 1s
 12550K .......... .......... .......... .......... .......... 80%  207M 1s
 12600K .......... .......... .......... .......... .......... 80% 4.92M 1s
 12650K .......... .......... .......... .......... .......... 81% 4.66M 1s
 12700K .......... .......... .......... .......... .......... 81%  236M 1s
 12750K .......... .......... .......... .......... .......... 81% 10.1M 1s
 12800K .......... .......... .......... .......... .......... 82% 4.05M 1s
 12850K .......... .......... .......... .......... .......... 82%  306M 1s
 12900K .......... .......... .......... .......... .......... 82% 11.2M 1s
 12950K .......... .......... .......... .......... .......... 83% 10.4M 1s
 13000K .......... .......... .......... .......... .......... 83% 7.93M 1s
 13050K .......... .......... .......... .......... .......... 83% 10.3M 1s
 13100K .......... .......... .......... .......... .......... 84%  123M 1s
 13150K .......... .......... .......... .......... .......... 84% 13.1M 1s
 13200K .......... .......... .......... .......... .......... 84% 9.92M 1s
 13250K .......... .......... .......... .......... .......... 85% 14.6M 0s
 13300K .......... .......... .......... .......... .......... 85% 10.2M 0s
 13350K .......... .......... .......... .......... .......... 85% 11.3M 0s
 13400K .......... .......... .......... .......... .......... 86% 12.8M 0s
 13450K .......... .......... .......... .......... .......... 86% 8.95M 0s
 13500K .......... .......... .......... .......... .......... 86% 9.06M 0s
 13550K .......... .......... .......... .......... .......... 87% 5.09M 0s
 13600K .......... .......... .......... .......... .......... 87% 5.28M 0s
 13650K .......... .......... .......... .......... .......... 87% 31.0M 0s
 13700K .......... .......... .......... .......... .......... 87% 1.54M 0s
 13750K .......... .......... .......... .......... .......... 88%  332M 0s
 13800K .......... .......... .......... .......... .......... 88% 8.32M 0s
 13850K .......... .......... .......... .......... .......... 88% 6.78M 0s
 13900K .......... .......... .......... .......... .......... 89% 4.69M 0s
 13950K .......... .......... .......... .......... .......... 89%  503M 0s
 14000K .......... .......... .......... .......... .......... 89% 3.56M 0s
 14050K .......... .......... .......... .......... .......... 90%  448M 0s
 14100K .......... .......... .......... .......... .......... 90%  347M 0s
 14150K .......... .......... .......... .......... .......... 90%  337M 0s
 14200K .......... .......... .......... .......... .......... 91% 1.34M 0s
 14250K .......... .......... .......... .......... .......... 91% 45.3M 0s
 14300K .......... .......... .......... .......... .......... 91%  495M 0s
 14350K .......... .......... .......... .......... .......... 92%  137M 0s
 14400K .......... .......... .......... .......... .......... 92% 35.2M 0s
 14450K .......... .......... .......... .......... .......... 92%  362M 0s
 14500K .......... .......... .......... .......... .......... 93%  685K 0s
 14550K .......... .......... .......... .......... .......... 93%  322M 0s
 14600K .......... .......... .......... .......... .......... 93% 2.33M 0s
 14650K .......... .......... .......... .......... .......... 94% 8.48M 0s
 14700K .......... .......... .......... .......... .......... 94% 16.5M 0s
 14750K .......... .......... .......... .......... .......... 94% 6.76M 0s
 14800K .......... .......... .......... .......... .......... 95% 2.17M 0s
 14850K .......... .......... .......... .......... .......... 95% 2.35M 0s
 14900K .......... .......... .......... .......... .......... 95% 9.20M 0s
 14950K .......... .......... .......... .......... .......... 95% 3.31M 0s
 15000K .......... .......... .......... .......... .......... 96% 11.9M 0s
 15050K .......... .......... .......... .......... .......... 96%  257M 0s
 15100K .......... .......... .......... .......... .......... 96% 15.0M 0s
 15150K .......... .......... .......... .......... .......... 97% 2.71M 0s
 15200K .......... .......... .......... .......... .......... 97% 8.98M 0s
 15250K .......... .......... .......... .......... .......... 97% 9.75M 0s
 15300K .......... .......... .......... .......... .......... 98% 3.56M 0s
 15350K .......... .......... .......... .......... .......... 98% 10.1M 0s
 15400K .......... .......... .......... .......... .......... 98% 7.88M 0s
 15450K .......... .......... .......... .......... .......... 99%  868K 0s
 15500K .......... .......... .......... .......... .......... 99% 3.95M 0s
 15550K .......... .......... .......... .......... .......... 99%  383M 0s
 15600K .......... .......... .....                           100% 24.2M=3.3s

2025-05-15 00:03:18 (4.66 MB/s) - ‘/home/maul/ws_kinclong_nav/build/multirobot_map_merge/2011-08-09-12-22-52.pgm’ saved [16000058/16000058]

--2025-05-15 00:03:18--  https://raw.githubusercontent.com/hrnr/m-explore-extra/master/map_merge/gmapping_maps/2012-01-28-11-12-01.pgm
Resolving raw.githubusercontent.com (raw.githubusercontent.com)... 185.199.109.133, 185.199.111.133, 185.199.110.133, ...
Connecting to raw.githubusercontent.com (raw.githubusercontent.com)|185.199.109.133|:443... connected.
HTTP request sent, awaiting response... 200 OK
Length: 16000058 (15M) [application/octet-stream]
Saving to: ‘/home/maul/ws_kinclong_nav/build/multirobot_map_merge/2012-01-28-11-12-01.pgm’

     0K .......... .......... .......... .......... ..........  0% 1.26M 12s
    50K .......... .......... .......... .......... ..........  0%  267K 35s
   100K .......... .......... .......... .......... ..........  0% 7.95M 24s
   150K .......... .......... .......... .......... ..........  1% 3.32M 19s
   200K .......... .......... .......... .......... ..........  1% 3.88M 16s
   250K .......... .......... .......... .......... ..........  1% 1.50M 15s
   300K .......... .......... .......... .......... ..........  2% 2.63M 14s
   350K .......... .......... .......... .......... ..........  2% 5.79M 12s
   400K .......... .......... .......... .......... ..........  2% 2.91M 11s
   450K .......... .......... .......... .......... ..........  3% 9.76M 10s
   500K .......... .......... .......... .......... ..........  3% 5.02M 10s
   550K .......... .......... .......... .......... ..........  3% 11.4M 9s
   600K .......... .......... .......... .......... ..........  4% 4.45M 8s
   650K .......... .......... .......... .......... ..........  4%  318M 8s
   700K .......... .......... .......... .......... ..........  4% 10.2M 7s
   750K .......... .......... .......... .......... ..........  5% 5.97M 7s
   800K .......... .......... .......... .......... ..........  5% 8.24M 7s
   850K .......... .......... .......... .......... ..........  5% 8.99M 6s
   900K .......... .......... .......... .......... ..........  6% 8.26M 6s
   950K .......... .......... .......... .......... ..........  6% 6.70M 6s
  1000K .......... .......... .......... .......... ..........  6%  255M 6s
  1050K .......... .......... .......... .......... ..........  7% 3.76M 6s
  1100K .......... .......... .......... .......... ..........  7%  432M 5s
  1150K .......... .......... .......... .......... ..........  7% 3.14M 5s
  1200K .......... .......... .......... .......... ..........  7% 10.2M 5s
  1250K .......... .......... .......... .......... ..........  8% 4.28M 5s
  1300K .......... .......... .......... .......... ..........  8% 11.5M 5s
  1350K .......... .......... .......... .......... ..........  8% 10.4M 5s
  1400K .......... .......... .......... .......... ..........  9% 4.33M 5s
  1450K .......... .......... .......... .......... ..........  9%  303M 4s
  1500K .......... .......... .......... .......... ..........  9% 9.00M 4s
  1550K .......... .......... .......... .......... .......... 10% 6.72M 4s
  1600K .......... .......... .......... .......... .......... 10% 8.32M 4s
  1650K .......... .......... .......... .......... .......... 10% 7.00M 4s
  1700K .......... .......... .......... .......... .......... 11% 3.95M 4s
  1750K .......... .......... .......... .......... .......... 11% 10.3M 4s
  1800K .......... .......... .......... .......... .......... 11% 12.0M 4s
  1850K .......... .......... .......... .......... .......... 12% 8.93M 4s
  1900K .......... .......... .......... .......... .......... 12%  321M 4s
  1950K .......... .......... .......... .......... .......... 12% 3.49M 4s
  2000K .......... .......... .......... .......... .......... 13% 2.52M 4s
  2050K .......... .......... .......... .......... .......... 13%  434M 4s
  2100K .......... .......... .......... .......... .......... 13% 10.8M 4s
  2150K .......... .......... .......... .......... .......... 14% 5.77M 3s
  2200K .......... .......... .......... .......... .......... 14%  251M 3s
  2250K .......... .......... .......... .......... .......... 14% 3.61M 3s
  2300K .......... .......... .......... .......... .......... 15%  213M 3s
  2350K .......... .......... .......... .......... .......... 15% 6.21M 3s
  2400K .......... .......... .......... .......... .......... 15% 9.02M 3s
  2450K .......... .......... .......... .......... .......... 15%  219M 3s
  2500K .......... .......... .......... .......... .......... 16% 8.15M 3s
  2550K .......... .......... .......... .......... .......... 16% 10.0M 3s
  2600K .......... .......... .......... .......... .......... 16% 15.2M 3s
  2650K .......... .......... .......... .......... .......... 17% 8.29M 3s
  2700K .......... .......... .......... .......... .......... 17% 5.65M 3s
  2750K .......... .......... .......... .......... .......... 17% 10.7M 3s
  2800K .......... .......... .......... .......... .......... 18% 10.1M 3s
  2850K .......... .......... .......... .......... .......... 18% 9.75M 3s
  2900K .......... .......... .......... .......... .......... 18%  107M 3s
  2950K .......... .......... .......... .......... .......... 19% 3.12M 3s
  3000K .......... .......... .......... .......... .......... 19%  226M 3s
  3050K .......... .......... .......... .......... .......... 19% 13.0M 3s
  3100K .......... .......... .......... .......... .......... 20% 10.3M 3s
  3150K .......... .......... .......... .......... .......... 20% 8.01M 3s
  3200K .......... .......... .......... .......... .......... 20%  373M 3s
  3250K .......... .......... .......... .......... .......... 21% 5.69M 3s
  3300K .......... .......... .......... .......... .......... 21% 63.0M 2s
  3350K .......... .......... .......... .......... .......... 21% 11.9M 2s
  3400K .......... .......... .......... .......... .......... 22% 7.95M 2s
  3450K .......... .......... .......... .......... .......... 22% 13.0M 2s
  3500K .......... .......... .......... .......... .......... 22% 9.82M 2s
  3550K .......... .......... .......... .......... .......... 23% 3.84M 2s
  3600K .......... .......... .......... .......... .......... 23% 36.6M 2s
  3650K .......... .......... .......... .......... .......... 23% 8.54M 2s
  3700K .......... .......... .......... .......... .......... 23% 10.3M 2s
  3750K .......... .......... .......... .......... .......... 24% 5.37M 2s
  3800K .......... .......... .......... .......... .......... 24%  353M 2s
  3850K .......... .......... .......... .......... .......... 24% 52.8M 2s
  3900K .......... .......... .......... .......... .......... 25% 1.31M 2s
  3950K .......... .......... .......... .......... .......... 25% 17.7M 2s
  4000K .......... .......... .......... .......... .......... 25%  325M 2s
  4050K .......... .......... .......... .......... .......... 26%  355M 2s
  4100K .......... .......... .......... .......... .......... 26% 5.80M 2s
  4150K .......... .......... .......... .......... .......... 26% 47.2M 2s
  4200K .......... .......... .......... .......... .......... 27%  344M 2s
  4250K .......... .......... .......... .......... .......... 27% 1.53M 2s
  4300K .......... .......... .......... .......... .......... 27% 1.16M 2s
  4350K .......... .......... .......... .......... .......... 28%  245M 2s
  4400K .......... .......... .......... .......... .......... 28%  351M 2s
  4450K .......... .......... .......... .......... .......... 28%  352M 2s
  4500K .......... .......... .......... .......... .......... 29%  352M 2s
  4550K .......... .......... .......... .......... .......... 29% 13.5M 2s
  4600K .......... .......... .......... .......... .......... 29%  352M 2s
  4650K .......... .......... .......... .......... .......... 30%  352M 2s
  4700K .......... .......... .......... .......... .......... 30%  354M 2s
  4750K .......... .......... .......... .......... .......... 30%  268M 2s
  4800K .......... .......... .......... .......... .......... 31%  361M 2s
  4850K .......... .......... .......... .......... .......... 31%  333M 2s
  4900K .......... .......... .......... .......... .......... 31% 3.95M 2s
  4950K .......... .......... .......... .......... .......... 31% 4.32M 2s
  5000K .......... .......... .......... .......... .......... 32% 4.52M 2s
  5050K .......... .......... .......... .......... .......... 32% 57.5M 2s
  5100K .......... .......... .......... .......... .......... 32% 3.82M 2s
  5150K .......... .......... .......... .......... .......... 33% 3.42M 2s
  5200K .......... .......... .......... .......... .......... 33%  111M 2s
  5250K .......... .......... .......... .......... .......... 33% 5.88M 2s
  5300K .......... .......... .......... .......... .......... 34% 9.29M 2s
  5350K .......... .......... .......... .......... .......... 34% 4.11M 2s
  5400K .......... .......... .......... .......... .......... 34% 8.81M 2s
  5450K .......... .......... .......... .......... .......... 35% 7.62M 2s
  5500K .......... .......... .......... .......... .......... 35% 7.05M 2s
  5550K .......... .......... .......... .......... .......... 35% 12.2M 2s
  5600K .......... .......... .......... .......... .......... 36% 3.24M 2s
  5650K .......... .......... .......... .......... .......... 36% 11.8M 2s
  5700K .......... .......... .......... .......... .......... 36% 2.64M 2s
  5750K .......... .......... .......... .......... .......... 37% 21.0M 2s
  5800K .......... .......... .......... .......... .......... 37% 8.08M 2s
  5850K .......... .......... .......... .......... .......... 37% 17.4M 2s
  5900K .......... .......... .......... .......... .......... 38% 1.95M 2s
  5950K .......... .......... .......... .......... .......... 38%  276M 2s
  6000K .......... .......... .......... .......... .......... 38% 20.3M 2s
  6050K .......... .......... .......... .......... .......... 39% 5.66M 2s
  6100K .......... .......... .......... .......... .......... 39%  166K 2s
  6150K .......... .......... .......... .......... .......... 39%  261M 2s
  6200K .......... .......... .......... .......... .......... 39% 4.89M 2s
  6250K .......... .......... .......... .......... .......... 40%  430M 2s
  6300K .......... .......... .......... .......... .......... 40% 2.49M 2s
  6350K .......... .......... .......... .......... .......... 40%  137K 3s
  6400K .......... .......... .......... .......... .......... 41% 9.53M 3s
  6450K .......... .......... .......... .......... .......... 41% 9.69M 2s
  6500K .......... .......... .......... .......... .......... 41%  324M 2s
  6550K .......... .......... .......... .......... .......... 42%  122K 3s
  6600K .......... .......... .......... .......... .......... 42%  397M 3s
  6650K .......... .......... .......... .......... .......... 42% 8.50M 3s
  6700K .......... .......... .......... .......... .......... 43%  222M 3s
  6750K .......... .......... .......... .......... .......... 43%  227K 3s
  6800K .......... .......... .......... .......... .......... 43%  228M 3s
  6850K .......... .......... .......... .......... .......... 44% 11.0M 3s
  6900K .......... .......... .......... .......... .......... 44% 10.0M 3s
  6950K .......... .......... .......... .......... .......... 44% 11.9M 3s
  7000K .......... .......... .......... .......... .......... 45%  110K 3s
  7050K .......... .......... .......... .......... .......... 45%  313M 3s
  7100K .......... .......... .......... .......... .......... 45% 53.7K 5s
  7150K .......... .......... .......... .......... .......... 46% 71.8M 4s
  7200K .......... .......... .......... .......... .......... 46% 3.89M 4s
  7250K .......... .......... .......... .......... .......... 46% 3.27M 4s
  7300K .......... .......... .......... .......... .......... 47% 2.33M 4s
  7350K .......... .......... .......... .......... .......... 47%  615K 4s
  7400K .......... .......... .......... .......... .......... 47%  716K 4s
  7450K .......... .......... .......... .......... .......... 47%  706K 4s
  7500K .......... .......... .......... .......... .......... 48% 7.80M 4s
  7550K .......... .......... .......... .......... .......... 48% 13.7M 4s
  7600K .......... .......... .......... .......... .......... 48% 2.14M 4s
  7650K .......... .......... .......... .......... .......... 49% 18.2M 4s
  7700K .......... .......... .......... .......... .......... 49% 1.75M 4s
  7750K .......... .......... .......... .......... .......... 49%  232M 4s
  7800K .......... .......... .......... .......... .......... 50% 12.1M 4s
  7850K .......... .......... .......... .......... .......... 50% 5.56M 4s
  7900K .......... .......... .......... .......... .......... 50% 9.90M 4s
  7950K .......... .......... .......... .......... .......... 51% 5.13M 4s
  8000K .......... .......... .......... .......... .......... 51%  247M 4s
  8050K .......... .......... .......... .......... .......... 51% 8.06M 4s
  8100K .......... .......... .......... .......... .......... 52% 11.4M 4s
  8150K .......... .......... .......... .......... .......... 52% 6.44M 4s
  8200K .......... .......... .......... .......... .......... 52% 3.73M 4s
  8250K .......... .......... .......... .......... .......... 53% 5.01M 4s
  8300K .......... .......... .......... .......... .......... 53% 9.85M 4s
  8350K .......... .......... .......... .......... .......... 53% 11.6M 4s
  8400K .......... .......... .......... .......... .......... 54% 9.78M 4s
  8450K .......... .......... .......... .......... .......... 54% 15.1M 4s
  8500K .......... .......... .......... .......... .......... 54% 8.70M 3s
  8550K .......... .......... .......... .......... .......... 55% 34.4M 3s
  8600K .......... .......... .......... .......... .......... 55% 4.62M 3s
  8650K .......... .......... .......... .......... .......... 55% 43.8M 3s
  8700K .......... .......... .......... .......... .......... 55% 9.38M 3s
  8750K .......... .......... .......... .......... .......... 56% 6.91M 3s
  8800K .......... .......... .......... .......... .......... 56%  152M 3s
  8850K .......... .......... .......... .......... .......... 56% 8.47M 3s
  8900K .......... .......... .......... .......... .......... 57% 2.17M 3s
  8950K .......... .......... .......... .......... .......... 57%  199M 3s
  9000K .......... .......... .......... .......... .......... 57% 1.33M 3s
  9050K .......... .......... .......... .......... .......... 58%  224M 3s
  9100K .......... .......... .......... .......... .......... 58%  187K 3s
  9150K .......... .......... .......... .......... .......... 58% 10.8M 3s
  9200K .......... .......... .......... .......... .......... 59% 9.13M 3s
  9250K .......... .......... .......... .......... .......... 59% 10.1M 3s
  9300K .......... .......... .......... .......... .......... 59% 14.5M 3s
  9350K .......... .......... .......... .......... .......... 60% 9.66M 3s
  9400K .......... .......... .......... .......... .......... 60%  247M 3s
  9450K .......... .......... .......... .......... .......... 60% 1.89M 3s
  9500K .......... .......... .......... .......... .......... 61% 2.38M 3s
  9550K .......... .......... .......... .......... .......... 61% 2.57M 3s
  9600K .......... .......... .......... .......... .......... 61%  195M 3s
  9650K .......... .......... .......... .......... .......... 62% 16.7M 3s
  9700K .......... .......... .......... .......... .......... 62% 1.74M 3s
  9750K .......... .......... .......... .......... .......... 62% 7.56M 3s
  9800K .......... .......... .......... .......... .......... 63% 10.3M 3s
  9850K .......... .......... .......... .......... .......... 63%  260M 3s
  9900K .......... .......... .......... .......... .......... 63% 2.97M 3s
  9950K .......... .......... .......... .......... .......... 63% 9.62M 3s
 10000K .......... .......... .......... .......... .......... 64% 2.43M 3s
 10050K .......... .......... .......... .......... .......... 64% 9.74M 3s
 10100K .......... .......... .......... .......... .......... 64% 4.01M 3s
 10150K .......... .......... .......... .......... .......... 65%  223M 3s
 10200K .......... .......... .......... .......... .......... 65% 5.25M 3s
 10250K .......... .......... .......... .......... .......... 65% 10.0M 2s
 10300K .......... .......... .......... .......... .......... 66% 11.4M 2s
 10350K .......... .......... .......... .......... .......... 66% 2.14M 2s
 10400K .......... .......... .......... .......... .......... 66%  222M 2s
 10450K .......... .......... .......... .......... .......... 67% 4.96M 2s
 10500K .......... .......... .......... .......... .......... 67%  241M 2s
 10550K .......... .......... .......... .......... .......... 67% 5.45M 2s
 10600K .......... .......... .......... .......... .......... 68% 10.0M 2s
 10650K .......... .......... .......... .......... .......... 68% 4.01M 2s
 10700K .......... .......... .......... .......... .......... 68% 5.26M 2s
 10750K .......... .......... .......... .......... .......... 69% 3.77M 2s
 10800K .......... .......... .......... .......... .......... 69% 5.25M 2s
 10850K .......... .......... .......... .......... .......... 69% 2.10M 2s
 10900K .......... .......... .......... .......... .......... 70% 5.66M 2s
 10950K .......... .......... .......... .......... .......... 70%  201M 2s
 11000K .......... .......... .......... .......... .......... 70% 9.44M 2s
 11050K .......... .......... .......... .......... .......... 71% 2.57M 2s
 11100K .......... .......... .......... .......... .......... 71%  238M 2s
 11150K .......... .......... .......... .......... .......... 71% 5.05M 2s
 11200K .......... .......... .......... .......... .......... 71% 9.71M 2s
 11250K .......... .......... .......... .......... .......... 72%  238M 2s
 11300K .......... .......... .......... .......... .......... 72% 10.0M 2s
 11350K .......... .......... .......... .......... .......... 72% 10.2M 2s
 11400K .......... .......... .......... .......... .......... 73% 9.74M 2s
 11450K .......... .......... .......... .......... .......... 73% 12.6M 2s
 11500K .......... .......... .......... .......... .......... 73%  187M 2s
 11550K .......... .......... .......... .......... .......... 74% 3.07M 2s
 11600K .......... .......... .......... .......... .......... 74% 5.07M 2s
 11650K .......... .......... .......... .......... .......... 74% 2.57M 2s
 11700K .......... .......... .......... .......... .......... 75% 14.4M 2s
 11750K .......... .......... .......... .......... .......... 75% 1.92M 2s
 11800K .......... .......... .......... .......... .......... 75% 4.96M 2s
 11850K .......... .......... .......... .......... .......... 76%  274M 2s
 11900K .......... .......... .......... .......... .......... 76% 3.09M 2s
 11950K .......... .......... .......... .......... .......... 76% 9.28M 2s
 12000K .......... .......... .......... .......... .......... 77% 5.18M 2s
 12050K .......... .......... .......... .......... .......... 77%  354M 1s
 12100K .......... .......... .......... .......... .......... 77% 4.95M 1s
 12150K .......... .......... .......... .......... .......... 78% 10.6M 1s
 12200K .......... .......... .......... .......... .......... 78%  278M 1s
 12250K .......... .......... .......... .......... .......... 78% 8.79M 1s
 12300K .......... .......... .......... .......... .......... 79% 12.5M 1s
 12350K .......... .......... .......... .......... .......... 79% 6.57M 1s
 12400K .......... .......... .......... .......... .......... 79% 2.02M 1s
 12450K .......... .......... .......... .......... .......... 79% 3.94M 1s
 12500K .......... .......... .......... .......... .......... 80%  201M 1s
 12550K .......... .......... .......... .......... .......... 80% 5.14M 1s
 12600K .......... .......... .......... .......... .......... 80% 3.19M 1s
 12650K .......... .......... .......... .......... .......... 81%  293K 1s
 12700K .......... .......... .......... .......... .......... 81% 3.85M 1s
 12750K .......... .......... .......... .......... .......... 81% 2.72M 1s
 12800K .......... .......... .......... .......... .......... 82% 9.94M 1s
 12850K .......... .......... .......... .......... .......... 82%  166M 1s
 12900K .......... .......... .......... .......... .......... 82% 10.1M 1s
 12950K .......... .......... .......... .......... .......... 83% 2.79M 1s
 13000K .......... .......... .......... .......... .......... 83% 4.10M 1s
 13050K .......... .......... .......... .......... .......... 83% 6.10M 1s
 13100K .......... .......... .......... .......... .......... 84%  392M 1s
 13150K .......... .......... .......... .......... .......... 84% 3.12M 1s
 13200K .......... .......... .......... .......... .......... 84% 4.68M 1s
 13250K .......... .......... .......... .......... .......... 85%  195M 1s
 13300K .......... .......... .......... .......... .......... 85% 3.32M 1s
 13350K .......... .......... .......... .......... .......... 85%  181M 1s
 13400K .......... .......... .......... .......... .......... 86% 10.2M 1s
 13450K .......... .......... .......... .......... .......... 86% 17.1M 1s
 13500K .......... .......... .......... .......... .......... 86% 4.42M 1s
 13550K .......... .......... .......... .......... .......... 87% 2.44M 1s
 13600K .......... .......... .......... .......... .......... 87%  205M 1s
 13650K .......... .......... .......... .......... .......... 87% 6.57M 1s
 13700K .......... .......... .......... .......... .......... 87% 11.5M 1s
 13750K .......... .......... .......... .......... .......... 88% 5.16M 1s
 13800K .......... .......... .......... .......... .......... 88%  247M 1s
 13850K .......... .......... .......... .......... .......... 88% 8.98M 1s
 13900K .......... .......... .......... .......... .......... 89% 3.33M 1s
 13950K .......... .......... .......... .......... .......... 89% 10.7M 1s
 14000K .......... .......... .......... .......... .......... 89%  211M 1s
 14050K .......... .......... .......... .......... .......... 90% 9.10M 1s
 14100K .......... .......... .......... .......... .......... 90% 2.16M 1s
 14150K .......... .......... .......... .......... .......... 90%  219M 1s
 14200K .......... .......... .......... .......... .......... 91% 6.12M 1s
 14250K .......... .......... .......... .......... .......... 91%  219M 1s
 14300K .......... .......... .......... .......... .......... 91%  116M 0s
 14350K .......... .......... .......... .......... .......... 92% 4.42M 0s
 14400K .......... .......... .......... .......... .......... 92% 4.88M 0s
 14450K .......... .......... .......... .......... .......... 92% 4.38M 0s
 14500K .......... .......... .......... .......... .......... 93% 2.61M 0s
 14550K .......... .......... .......... .......... .......... 93%  160M 0s
 14600K .......... .......... .......... .......... .......... 93% 12.3M 0s
 14650K .......... .......... .......... .......... .......... 94% 1.95M 0s
 14700K .......... .......... .......... .......... .......... 94%  339M 0s
 14750K .......... .......... .......... .......... .......... 94% 8.73M 0s
 14800K .......... .......... .......... .......... .......... 95% 7.10M 0s
 14850K .......... .......... .......... .......... .......... 95% 4.05M 0s
 14900K .......... .......... .......... .......... .......... 95%  189M 0s
 14950K .......... .......... .......... .......... .......... 95% 5.51M 0s
 15000K .......... .......... .......... .......... .......... 96%  314M 0s
 15050K .......... .......... .......... .......... .......... 96% 2.82M 0s
 15100K .......... .......... .......... .......... .......... 96% 13.1M 0s
 15150K .......... .......... .......... .......... .......... 97%  562K 0s
 15200K .......... .......... .......... .......... .......... 97%  307M 0s
 15250K .......... .......... .......... .......... .......... 97% 3.65M 0s
 15300K .......... .......... .......... .......... .......... 98% 9.52M 0s
 15350K .......... .......... .......... .......... .......... 98% 3.74M 0s
 15400K .......... .......... .......... .......... .......... 98%  238M 0s
 15450K .......... .......... .......... .......... .......... 99% 5.53M 0s
 15500K .......... .......... .......... .......... .......... 99% 9.44M 0s
 15550K .......... .......... .......... .......... .......... 99% 11.6M 0s
 15600K .......... .......... .....                           100%  578M=5.9s

2025-05-15 00:03:24 (2.60 MB/s) - ‘/home/maul/ws_kinclong_nav/build/multirobot_map_merge/2012-01-28-11-12-01.pgm’ saved [16000058/16000058]

