[0.014s] Invoking command in '/home/maul/ws_kinclong_nav/build/multirobot_map_merge': CMAKE_PREFIX_PATH=${CMAKE_PREFIX_PATH}:/opt/ros/jazzy DEBUGINFOD_URLS=https://debuginfod.ubuntu.com PS1=\[\e]0;\u@\h: \w\a\]${debian_chroot:+($debian_chroot)}\[\033[01;32m\]\u@\h\[\033[00m\]:\[\033[01;34m\]\w\[\033[00m\]\$ VIRTUAL_ENV_PROMPT=(venv-ardupilot) /usr/bin/cmake /home/maul/ws_kinclong_nav/m-explore-ros2/map_merge -DCMAKE_INSTALL_PREFIX=/home/maul/ws_kinclong_nav/install/multirobot_map_merge
[0.029s] -- Found ament_cmake: 2.5.3 (/opt/ros/jazzy/share/ament_cmake/cmake)
[0.229s] -- Found rclcpp: 28.1.6 (/opt/ros/jazzy/share/rclcpp/cmake)
[0.259s] -- Found rosidl_generator_c: 4.6.5 (/opt/ros/jazzy/share/rosidl_generator_c/cmake)
[0.270s] -- Found rosidl_generator_cpp: 4.6.5 (/opt/ros/jazzy/share/rosidl_generator_cpp/cmake)
[0.283s] -- Using all available rosidl_typesupport_c: rosidl_typesupport_fastrtps_c;rosidl_typesupport_introspection_c
[0.305s] -- Using all available rosidl_typesupport_cpp: rosidl_typesupport_fastrtps_cpp;rosidl_typesupport_introspection_cpp
[0.396s] -- Found rmw_implementation_cmake: 7.3.1 (/opt/ros/jazzy/share/rmw_implementation_cmake/cmake)
[0.400s] -- Found rmw_fastrtps_cpp: 8.4.1 (/opt/ros/jazzy/share/rmw_fastrtps_cpp/cmake)
[0.530s] -- Found OpenSSL: /usr/lib/x86_64-linux-gnu/libcrypto.so (found version "3.0.13")  
[0.562s] -- Found FastRTPS: /opt/ros/jazzy/include (Required is at least version "2.13") 
[0.588s] -- Using RMW implementation 'rmw_fastrtps_cpp' as default
[0.677s] -- Found geometry_msgs: 5.3.5 (/opt/ros/jazzy/share/geometry_msgs/cmake)
[0.718s] -- Found image_geometry: 4.1.0 (/opt/ros/jazzy/share/image_geometry/cmake)
[0.763s] -- Found map_msgs: 2.4.1 (/opt/ros/jazzy/share/map_msgs/cmake)
[0.839s] -- Found tf2_geometry_msgs: 0.36.8 (/opt/ros/jazzy/share/tf2_geometry_msgs/cmake)
[0.860s] -- Found eigen3_cmake_module: 0.3.0 (/opt/ros/jazzy/share/eigen3_cmake_module/cmake)
[0.861s] -- Found Eigen3: TRUE (found version "3.4.0") 
[0.861s] -- Ensuring Eigen3 include directory is part of orocos-kdl CMake target
[1.208s] -- Found Boost: /usr/lib/x86_64-linux-gnu/cmake/Boost-1.83.0/BoostConfig.cmake (found version "1.83.0") found components: thread 
[1.214s] -- Found OpenCV: /usr (found version "4.6.0") 
[1.228s] -- Found ament_lint_auto: 0.17.1 (/opt/ros/jazzy/share/ament_lint_auto/cmake)
[1.339s] -- Found ament_cmake_gtest: 2.5.3 (/opt/ros/jazzy/share/ament_cmake_gtest/cmake)
[1.343s] --2025-05-15 00:03:12--  https://raw.githubusercontent.com/hrnr/m-explore-extra/master/map_merge/hector_maps/map00.pgm
[1.373s] Resolving raw.githubusercontent.com (raw.githubusercontent.com)... 185.199.110.133, 185.199.109.133, 185.199.108.133, ...
[1.419s] Connecting to raw.githubusercontent.com (raw.githubusercontent.com)|185.199.110.133|:443... connected.
[1.788s] HTTP request sent, awaiting response... 200 OK
[1.788s] Length: 4194362 (4.0M) [application/octet-stream]
[1.788s] Saving to: ‘/home/maul/ws_kinclong_nav/build/multirobot_map_merge/map00.pgm’
[1.788s] 
[1.817s]      0K .......... .......... .......... .......... ..........  1% 1.66M 2s
[1.829s]     50K .......... .......... .......... .......... ..........  2% 3.93M 2s
[1.838s]    100K .......... .......... .......... .......... ..........  3% 5.72M 1s
[1.845s]    150K .......... .......... .......... .......... ..........  4% 7.49M 1s
[1.852s]    200K .......... .......... .......... .......... ..........  6% 7.57M 1s
[1.862s]    250K .......... .......... .......... .......... ..........  7% 4.55M 1s
[1.867s]    300K .......... .......... .......... .......... ..........  8% 9.52M 1s
[1.871s]    350K .......... .......... .......... .......... ..........  9% 11.0M 1s
[1.875s]    400K .......... .......... .......... .......... .......... 10% 12.0M 1s
[1.884s]    450K .......... .......... .......... .......... .......... 12% 5.54M 1s
[1.889s]    500K .......... .......... .......... .......... .......... 13% 9.81M 1s
[1.889s]    550K .......... .......... .......... .......... .......... 14%  260M 1s
[1.893s]    600K .......... .......... .......... .......... .......... 15% 11.8M 1s
[1.899s]    650K .......... .......... .......... .......... .......... 17% 10.7M 1s
[1.902s]    700K .......... .......... .......... .......... .......... 18% 10.6M 1s
[1.912s]    750K .......... .......... .......... .......... .......... 19% 5.53M 1s
[1.917s]    800K .......... .......... .......... .......... .......... 20% 10.9M 0s
[1.924s]    850K .......... .......... .......... .......... .......... 21% 5.74M 0s
[1.925s]    900K .......... .......... .......... .......... .......... 23%  300M 0s
[1.939s]    950K .......... .......... .......... .......... .......... 24% 3.41M 0s
[1.953s]   1000K .......... .......... .......... .......... .......... 25% 3.40M 0s
[1.953s]   1050K .......... .......... .......... .......... .......... 26%  264M 0s
[2.030s]   1100K .......... .......... .......... .......... .......... 28%  650K 1s
[2.038s]   1150K .......... .......... .......... .......... .......... 29% 7.74M 1s
[2.047s]   1200K .......... .......... .......... .......... .......... 30% 4.71M 1s
[2.061s]   1250K .......... .......... .......... .......... .......... 31% 3.93M 1s
[2.061s]   1300K .......... .......... .......... .......... .......... 32%  222M 1s
[2.072s]   1350K .......... .......... .......... .......... .......... 34% 4.06M 1s
[2.083s]   1400K .......... .......... .......... .......... .......... 35% 4.43M 1s
[2.094s]   1450K .......... .......... .......... .......... .......... 36% 4.17M 1s
[2.102s]   1500K .......... .......... .......... .......... .......... 37% 7.99M 1s
[2.111s]   1550K .......... .......... .......... .......... .......... 39% 4.46M 1s
[2.125s]   1600K .......... .......... .......... .......... .......... 40% 3.62M 1s
[2.148s]   1650K .......... .......... .......... .......... .......... 41% 2.16M 1s
[2.148s]   1700K .......... .......... .......... .......... .......... 42%  218M 0s
[2.152s]   1750K .......... .......... .......... .......... .......... 43% 11.4M 0s
[2.162s]   1800K .......... .......... .......... .......... .......... 45% 5.79M 0s
[2.163s]   1850K .......... .......... .......... .......... .......... 46%  154M 0s
[2.164s]   1900K .......... .......... .......... .......... .......... 47% 32.3M 0s
[2.164s]   1950K .......... .......... .......... .......... .......... 48%  117M 0s
[2.170s]   2000K .......... .......... .......... .......... .......... 50% 6.52M 0s
[2.184s]   2050K .......... .......... .......... .......... .......... 51% 3.74M 0s
[2.189s]   2100K .......... .......... .......... .......... .......... 52% 8.04M 0s
[2.199s]   2150K .......... .......... .......... .......... .......... 53% 4.98M 0s
[2.204s]   2200K .......... .......... .......... .......... .......... 54% 10.2M 0s
[2.218s]   2250K .......... .......... .......... .......... .......... 56% 3.94M 0s
[2.221s]   2300K .......... .......... .......... .......... .......... 57% 10.7M 0s
[2.233s]   2350K .......... .......... .......... .......... .......... 58% 4.19M 0s
[2.242s]   2400K .......... .......... .......... .......... .......... 59% 6.07M 0s
[2.245s]   2450K .......... .......... .......... .......... .......... 61% 12.0M 0s
[2.249s]   2500K .......... .......... .......... .......... .......... 62% 11.9M 0s
[2.249s]   2550K .......... .......... .......... .......... .......... 63%  222M 0s
[2.253s]   2600K .......... .......... .......... .......... .......... 64% 12.2M 0s
[2.260s]   2650K .......... .......... .......... .......... .......... 65% 6.61M 0s
[2.338s]   2700K .......... .......... .......... .......... .......... 67%  658K 0s
[2.338s]   2750K .......... .......... .......... .......... .......... 68% 52.4M 0s
[2.343s]   2800K .......... .......... .......... .......... .......... 69% 11.6M 0s
[2.343s]   2850K .......... .......... .......... .......... .......... 70% 95.4M 0s
[2.346s]   2900K .......... .......... .......... .......... .......... 72% 13.3M 0s
[2.346s]   2950K .......... .......... .......... .......... .......... 73%  419M 0s
[2.353s]   3000K .......... .......... .......... .......... .......... 74% 8.94M 0s
[2.355s]   3050K .......... .......... .......... .......... .......... 75% 57.9M 0s
[2.355s]   3100K .......... .......... .......... .......... .......... 76% 50.5M 0s
[2.355s]   3150K .......... .......... .......... .......... .......... 78%  176M 0s
[2.355s]   3200K .......... .......... .......... .......... .......... 79% 42.6M 0s
[2.403s]   3250K .......... .......... .......... .......... .......... 80% 1.01M 0s
[2.404s]   3300K .......... .......... .......... .......... .......... 81%  220M 0s
[2.404s]   3350K .......... .......... .......... .......... .......... 83%  276M 0s
[2.404s]   3400K .......... .......... .......... .......... .......... 84%  276M 0s
[2.404s]   3450K .......... .......... .......... .......... .......... 85%  271M 0s
[2.407s]   3500K .......... .......... .......... .......... .......... 86%  259M 0s
[2.439s]   3550K .......... .......... .......... .......... .......... 87% 1.48M 0s
[2.463s]   3600K .......... .......... .......... .......... .......... 89% 2.02M 0s
[2.464s]   3650K .......... .......... .......... .......... .......... 90% 49.5M 0s
[2.465s]   3700K .......... .......... .......... .......... .......... 91% 55.3M 0s
[2.466s]   3750K .......... .......... .......... .......... .......... 92%  451M 0s
[2.466s]   3800K .......... .......... .......... .......... .......... 93% 52.2M 0s
[2.467s]   3850K .......... .......... .......... .......... .......... 95% 58.8M 0s
[2.467s]   3900K .......... .......... .......... .......... .......... 96%  498M 0s
[2.467s]   3950K .......... .......... .......... .......... .......... 97% 53.2M 0s
[2.470s]   4000K .......... .......... .......... .......... .......... 98% 11.1M 0s
[2.476s]   4050K .......... .......... .......... .......... ......    100% 7.78M=0.7s
[2.476s] 
[2.476s] 2025-05-15 00:03:13 (5.81 MB/s) - ‘/home/maul/ws_kinclong_nav/build/multirobot_map_merge/map00.pgm’ saved [4194362/4194362]
[2.477s] 
[2.477s] Checking MD5 sum of /home/maul/ws_kinclong_nav/build/multirobot_map_merge/map00.pgm
[2.486s] /home/maul/ws_kinclong_nav/build/multirobot_map_merge/map00.pgm: OK
[2.492s] --2025-05-15 00:03:13--  https://raw.githubusercontent.com/hrnr/m-explore-extra/master/map_merge/hector_maps/map05.pgm
[2.528s] Resolving raw.githubusercontent.com (raw.githubusercontent.com)... 185.199.108.133, 185.199.111.133, 185.199.110.133, ...
[2.545s] Connecting to raw.githubusercontent.com (raw.githubusercontent.com)|185.199.108.133|:443... connected.
[2.918s] HTTP request sent, awaiting response... 200 OK
[2.918s] Length: 4194362 (4.0M) [application/octet-stream]
[2.918s] Saving to: ‘/home/maul/ws_kinclong_nav/build/multirobot_map_merge/map05.pgm’
[2.919s] 
[2.951s]      0K .......... .......... .......... .......... ..........  1% 1.49M 3s
[2.975s]     50K .......... .......... .......... .......... ..........  2% 1.97M 2s
[2.977s]    100K .......... .......... .......... .......... ..........  3% 31.7M 2s
[3.004s]    150K .......... .......... .......... .......... ..........  4% 1.81M 2s
[3.004s]    200K .......... .......... .......... .......... ..........  6%  292M 1s
[3.010s]    250K .......... .......... .......... .......... ..........  7% 8.18M 1s
[3.016s]    300K .......... .......... .......... .......... ..........  8% 8.28M 1s
[3.049s]    350K .......... .......... .......... .......... ..........  9% 1.54M 1s
[3.050s]    400K .......... .......... .......... .......... .......... 10%  247M 1s
[3.053s]    450K .......... .......... .......... .......... .......... 12% 9.90M 1s
[3.058s]    500K .......... .......... .......... .......... .......... 13% 10.5M 1s
[3.063s]    550K .......... .......... .......... .......... .......... 14% 11.7M 1s
[3.063s]    600K .......... .......... .......... .......... .......... 15%  299M 1s
[3.116s]    650K .......... .......... .......... .......... .......... 17%  920K 1s
[3.122s]    700K .......... .......... .......... .......... .......... 18% 9.10M 1s
[3.127s]    750K .......... .......... .......... .......... .......... 19% 10.2M 1s
[3.132s]    800K .......... .......... .......... .......... .......... 20% 10.6M 1s
[3.137s]    850K .......... .......... .......... .......... .......... 21% 11.1M 1s
[3.137s]    900K .......... .......... .......... .......... .......... 23%  207M 1s
[3.140s]    950K .......... .......... .......... .......... .......... 24% 11.8M 1s
[3.155s]   1000K .......... .......... .......... .......... .......... 25% 3.19M 1s
[3.160s]   1050K .......... .......... .......... .......... .......... 26% 9.99M 1s
[3.176s]   1100K .......... .......... .......... .......... .......... 28% 3.02M 1s
[3.191s]   1150K .......... .......... .......... .......... .......... 29% 3.30M 1s
[3.206s]   1200K .......... .......... .......... .......... .......... 30% 3.22M 1s
[3.206s]   1250K .......... .......... .......... .......... .......... 31%  288M 1s
[3.225s]   1300K .......... .......... .......... .......... .......... 32% 2.59M 1s
[3.240s]   1350K .......... .......... .......... .......... .......... 34% 3.38M 1s
[3.244s]   1400K .......... .......... .......... .......... .......... 35% 10.7M 1s
[3.254s]   1450K .......... .......... .......... .......... .......... 36% 5.05M 1s
[3.258s]   1500K .......... .......... .......... .......... .......... 37% 12.6M 1s
[3.262s]   1550K .......... .......... .......... .......... .......... 39% 11.1M 1s
[3.262s]   1600K .......... .......... .......... .......... .......... 40%  213M 1s
[3.271s]   1650K .......... .......... .......... .......... .......... 41% 5.84M 0s
[3.271s]   1700K .......... .......... .......... .......... .......... 42%  506M 0s
[3.286s]   1750K .......... .......... .......... .......... .......... 43% 3.29M 0s
[3.286s]   1800K .......... .......... .......... .......... .......... 45%  296M 0s
[3.291s]   1850K .......... .......... .......... .......... .......... 46% 10.2M 0s
[3.298s]   1900K .......... .......... .......... .......... .......... 47% 14.2M 0s
[3.303s]   1950K .......... .......... .......... .......... .......... 48% 5.73M 0s
[3.312s]   2000K .......... .......... .......... .......... .......... 50% 4.97M 0s
[3.320s]   2050K .......... .......... .......... .......... .......... 51% 6.27M 0s
[3.326s]   2100K .......... .......... .......... .......... .......... 52% 8.90M 0s
[3.326s]   2150K .......... .......... .......... .......... .......... 53%  264M 0s
[3.331s]   2200K .......... .......... .......... .......... .......... 54% 10.0M 0s
[3.336s]   2250K .......... .......... .......... .......... .......... 56% 8.58M 0s
[3.341s]   2300K .......... .......... .......... .......... .......... 57% 10.9M 0s
[3.349s]   2350K .......... .......... .......... .......... .......... 58% 5.94M 0s
[3.349s]   2400K .......... .......... .......... .......... .......... 59%  248M 0s
[3.355s]   2450K .......... .......... .......... .......... .......... 61% 8.22M 0s
[3.359s]   2500K .......... .......... .......... .......... .......... 62% 12.8M 0s
[3.359s]   2550K .......... .......... .......... .......... .......... 63%  361M 0s
[3.366s]   2600K .......... .......... .......... .......... .......... 64% 7.77M 0s
[3.370s]   2650K .......... .......... .......... .......... .......... 65% 10.8M 0s
[3.380s]   2700K .......... .......... .......... .......... .......... 67% 5.01M 0s
[3.386s]   2750K .......... .......... .......... .......... .......... 68% 8.42M 0s
[3.386s]   2800K .......... .......... .......... .......... .......... 69%  245M 0s
[3.390s]   2850K .......... .......... .......... .......... .......... 70% 10.8M 0s
[3.401s]   2900K .......... .......... .......... .......... .......... 72% 5.25M 0s
[3.401s]   2950K .......... .......... .......... .......... .......... 73%  256M 0s
[3.410s]   3000K .......... .......... .......... .......... .......... 74% 4.74M 0s
[3.410s]   3050K .......... .......... .......... .......... .......... 75%  332M 0s
[3.455s]   3100K .......... .......... .......... .......... .......... 76% 3.25M 0s
[3.497s]   3150K .......... .......... .......... .......... .......... 78%  693K 0s
[3.497s]   3200K .......... .......... .......... .......... .......... 79%  315M 0s
[3.498s]   3250K .......... .......... .......... .......... .......... 80%  346M 0s
[3.503s]   3300K .......... .......... .......... .......... .......... 81% 9.29M 0s
[3.506s]   3350K .......... .......... .......... .......... .......... 83% 13.6M 0s
[3.507s]   3400K .......... .......... .......... .......... .......... 84%  340M 0s
[3.507s]   3450K .......... .......... .......... .......... .......... 85%  321M 0s
[3.518s]   3500K .......... .......... .......... .......... .......... 86%  361M 0s
[3.518s]   3550K .......... .......... .......... .......... .......... 87% 4.36M 0s
[3.518s]   3600K .......... .......... .......... .......... .......... 89%  278M 0s
[3.518s]   3650K .......... .......... .......... .......... .......... 90%  341M 0s
[3.518s]   3700K .......... .......... .......... .......... .......... 91%  339M 0s
[3.531s]   3750K .......... .......... .......... .......... .......... 92% 4.06M 0s
[3.531s]   3800K .......... .......... .......... .......... .......... 93%  344M 0s
[3.531s]   3850K .......... .......... .......... .......... .......... 95%  337M 0s
[3.669s]   3900K .......... .......... .......... .......... .......... 96%  363K 0s
[3.669s]   3950K .......... .......... .......... .......... .......... 97%  257M 0s
[3.669s]   4000K .......... .......... .......... .......... .......... 98%  350M 0s
[3.673s]   4050K .......... .......... .......... .......... ......    100% 10.7M=0.8s
[3.673s] 
[3.673s] 2025-05-15 00:03:14 (5.30 MB/s) - ‘/home/maul/ws_kinclong_nav/build/multirobot_map_merge/map05.pgm’ saved [4194362/4194362]
[3.673s] 
[3.695s] Checking MD5 sum of /home/maul/ws_kinclong_nav/build/multirobot_map_merge/map05.pgm
[3.703s] /home/maul/ws_kinclong_nav/build/multirobot_map_merge/map05.pgm: OK
[3.708s] --2025-05-15 00:03:14--  https://raw.githubusercontent.com/hrnr/m-explore-extra/master/map_merge/gmapping_maps/2011-08-09-12-22-52.pgm
[3.739s] Resolving raw.githubusercontent.com (raw.githubusercontent.com)... 185.199.111.133, 185.199.108.133, 185.199.110.133, ...
[3.757s] Connecting to raw.githubusercontent.com (raw.githubusercontent.com)|185.199.111.133|:443... connected.
[4.144s] HTTP request sent, awaiting response... 200 OK
[4.144s] Length: 16000058 (15M) [application/octet-stream]
[4.144s] Saving to: ‘/home/maul/ws_kinclong_nav/build/multirobot_map_merge/2011-08-09-12-22-52.pgm’
[4.144s] 
[4.243s]      0K .......... .......... .......... .......... ..........  0%  507K 31s
[4.285s]     50K .......... .......... .......... .......... ..........  0% 1.16M 22s
[4.299s]    100K .......... .......... .......... .......... ..........  0% 3.41M 16s
[4.318s]    150K .......... .......... .......... .......... ..........  1% 2.53M 13s
[4.323s]    200K .......... .......... .......... .......... ..........  1% 11.8M 11s
[4.328s]    250K .......... .......... .......... .......... ..........  1% 9.14M 9s
[4.333s]    300K .......... .......... .......... .......... ..........  2% 10.0M 8s
[4.354s]    350K .......... .......... .......... .......... ..........  2% 2.35M 8s
[4.359s]    400K .......... .......... .......... .......... ..........  2% 8.44M 7s
[4.364s]    450K .......... .......... .......... .......... ..........  3% 11.9M 7s
[4.364s]    500K .......... .......... .......... .......... ..........  3%  147M 6s
[4.368s]    550K .......... .......... .......... .......... ..........  3% 10.1M 6s
[4.378s]    600K .......... .......... .......... .......... ..........  4% 4.98M 5s
[4.378s]    650K .......... .......... .......... .......... ..........  4%  224M 5s
[4.388s]    700K .......... .......... .......... .......... ..........  4% 5.49M 5s
[4.392s]    750K .......... .......... .......... .......... ..........  5% 11.7M 5s
[4.397s]    800K .......... .......... .......... .......... ..........  5% 8.77M 4s
[4.402s]    850K .......... .......... .......... .......... ..........  5% 11.5M 4s
[4.405s]    900K .......... .......... .......... .......... ..........  6% 13.3M 4s
[4.410s]    950K .......... .......... .......... .......... ..........  6% 10.9M 4s
[4.417s]   1000K .......... .......... .......... .......... ..........  6% 6.46M 4s
[4.428s]   1050K .......... .......... .......... .......... ..........  7% 4.82M 4s
[4.433s]   1100K .......... .......... .......... .......... ..........  7% 9.01M 4s
[4.437s]   1150K .......... .......... .......... .......... ..........  7% 11.7M 4s
[4.450s]   1200K .......... .......... .......... .......... ..........  7% 3.71M 4s
[4.457s]   1250K .......... .......... .......... .......... ..........  8% 7.76M 3s
[4.496s]   1300K .......... .......... .......... .......... ..........  8% 1.24M 4s
[4.499s]   1350K .......... .......... .......... .......... ..........  8% 12.7M 4s
[4.514s]   1400K .......... .......... .......... .......... ..........  9% 3.51M 4s
[4.514s]   1450K .......... .......... .......... .......... ..........  9%  207M 3s
[4.514s]   1500K .......... .......... .......... .......... ..........  9%  360M 3s
[4.514s]   1550K .......... .......... .......... .......... .......... 10%  382M 3s
[4.514s]   1600K .......... .......... .......... .......... .......... 10%  356M 3s
[4.515s]   1650K .......... .......... .......... .......... .......... 10%  262M 3s
[4.515s]   1700K .......... .......... .......... .......... .......... 11%  242M 3s
[4.530s]   1750K .......... .......... .......... .......... .......... 11% 3.13M 3s
[4.571s]   1800K .......... .......... .......... .......... .......... 11% 1.21M 3s
[4.571s]   1850K .......... .......... .......... .......... .......... 12%  254M 3s
[4.577s]   1900K .......... .......... .......... .......... .......... 12% 7.71M 3s
[4.577s]   1950K .......... .......... .......... .......... .......... 12%  348M 3s
[4.577s]   2000K .......... .......... .......... .......... .......... 13%  409M 3s
[4.577s]   2050K .......... .......... .......... .......... .......... 13%  458M 3s
[4.580s]   2100K .......... .......... .......... .......... .......... 13% 15.5M 3s
[4.586s]   2150K .......... .......... .......... .......... .......... 14% 9.39M 3s
[4.590s]   2200K .......... .......... .......... .......... .......... 14% 12.4M 3s
[4.599s]   2250K .......... .......... .......... .......... .......... 14% 5.36M 3s
[4.608s]   2300K .......... .......... .......... .......... .......... 15% 5.53M 3s
[4.686s]   2350K .......... .......... .......... .......... .......... 15%  642K 3s
[4.686s]   2400K .......... .......... .......... .......... .......... 15%  236M 3s
[4.686s]   2450K .......... .......... .......... .......... .......... 15%  367M 3s
[4.686s]   2500K .......... .......... .......... .......... .......... 16%  229M 3s
[4.686s]   2550K .......... .......... .......... .......... .......... 16%  242M 3s
[4.697s]   2600K .......... .......... .......... .......... .......... 16% 4.51M 3s
[4.711s]   2650K .......... .......... .......... .......... .......... 17% 3.53M 3s
[4.718s]   2700K .......... .......... .......... .......... .......... 17% 7.36M 3s
[4.721s]   2750K .......... .......... .......... .......... .......... 17% 15.4M 3s
[4.730s]   2800K .......... .......... .......... .......... .......... 18% 5.57M 3s
[4.740s]   2850K .......... .......... .......... .......... .......... 18% 4.63M 3s
[4.746s]   2900K .......... .......... .......... .......... .......... 18% 8.07M 3s
[4.815s]   2950K .......... .......... .......... .......... .......... 19%  730K 3s
[4.820s]   3000K .......... .......... .......... .......... .......... 19% 9.70M 3s
[4.826s]   3050K .......... .......... .......... .......... .......... 19% 8.26M 3s
[4.861s]   3100K .......... .......... .......... .......... .......... 20% 1.38M 3s
[4.867s]   3150K .......... .......... .......... .......... .......... 20% 8.20M 3s
[4.873s]   3200K .......... .......... .......... .......... .......... 20% 7.84M 3s
[4.883s]   3250K .......... .......... .......... .......... .......... 21% 5.22M 3s
[4.893s]   3300K .......... .......... .......... .......... .......... 21% 4.51M 3s
[4.912s]   3350K .......... .......... .......... .......... .......... 21% 2.56M 3s
[4.929s]   3400K .......... .......... .......... .......... .......... 22% 4.24M 3s
[4.934s]   3450K .......... .......... .......... .......... .......... 22% 4.63M 3s
[4.944s]   3500K .......... .......... .......... .......... .......... 22% 5.04M 3s
[4.959s]   3550K .......... .......... .......... .......... .......... 23% 3.19M 3s
[4.973s]   3600K .......... .......... .......... .......... .......... 23% 3.50M 3s
[4.977s]   3650K .......... .......... .......... .......... .......... 23% 14.6M 3s
[4.987s]   3700K .......... .......... .......... .......... .......... 23% 4.94M 3s
[4.988s]   3750K .......... .......... .......... .......... .......... 24% 32.4M 3s
[5.007s]   3800K .......... .......... .......... .......... .......... 24% 2.67M 3s
[5.016s]   3850K .......... .......... .......... .......... .......... 24% 5.25M 3s
[5.017s]   3900K .......... .......... .......... .......... .......... 25% 29.6M 3s
[5.036s]   3950K .......... .......... .......... .......... .......... 25% 2.65M 3s
[5.045s]   4000K .......... .......... .......... .......... .......... 25% 5.70M 3s
[5.049s]   4050K .......... .......... .......... .......... .......... 26% 11.0M 3s
[5.050s]   4100K .......... .......... .......... .......... .......... 26% 31.5M 3s
[5.058s]   4150K .......... .......... .......... .......... .......... 26% 6.25M 2s
[5.090s]   4200K .......... .......... .......... .......... .......... 27% 2.10M 3s
[5.107s]   4250K .......... .......... .......... .......... .......... 27% 1.89M 3s
[5.107s]   4300K .......... .......... .......... .......... .......... 27%  232M 2s
[5.111s]   4350K .......... .......... .......... .......... .......... 28% 12.2M 2s
[5.129s]   4400K .......... .......... .......... .......... .......... 28% 2.80M 2s
[5.140s]   4450K .......... .......... .......... .......... .......... 28% 4.42M 2s
[5.148s]   4500K .......... .......... .......... .......... .......... 29% 5.89M 2s
[5.158s]   4550K .......... .......... .......... .......... .......... 29% 4.85M 2s
[5.173s]   4600K .......... .......... .......... .......... .......... 29% 13.5M 2s
[5.177s]   4650K .......... .......... .......... .......... .......... 30% 3.26M 2s
[5.182s]   4700K .......... .......... .......... .......... .......... 30% 8.73M 2s
[5.194s]   4750K .......... .......... .......... .......... .......... 30% 4.21M 2s
[5.201s]   4800K .......... .......... .......... .......... .......... 31% 7.72M 2s
[5.212s]   4850K .......... .......... .......... .......... .......... 31% 4.29M 2s
[5.232s]   4900K .......... .......... .......... .......... .......... 31% 2.37M 2s
[5.233s]   4950K .......... .......... .......... .......... .......... 31%  310M 2s
[5.243s]   5000K .......... .......... .......... .......... .......... 32% 4.60M 2s
[5.253s]   5050K .......... .......... .......... .......... .......... 32% 4.87M 2s
[5.261s]   5100K .......... .......... .......... .......... .......... 32% 6.46M 2s
[5.307s]   5150K .......... .......... .......... .......... .......... 33% 1.05M 2s
[5.311s]   5200K .......... .......... .......... .......... .......... 33% 12.3M 2s
[5.324s]   5250K .......... .......... .......... .......... .......... 33% 3.79M 2s
[5.331s]   5300K .......... .......... .......... .......... .......... 34% 7.31M 2s
[5.342s]   5350K .......... .......... .......... .......... .......... 34% 4.82M 2s
[5.353s]   5400K .......... .......... .......... .......... .......... 34% 4.10M 2s
[5.359s]   5450K .......... .......... .......... .......... .......... 35% 8.37M 2s
[5.367s]   5500K .......... .......... .......... .......... .......... 35% 6.31M 2s
[5.370s]   5550K .......... .......... .......... .......... .......... 35% 13.6M 2s
[5.397s]   5600K .......... .......... .......... .......... .......... 36% 1.85M 2s
[5.397s]   5650K .......... .......... .......... .......... .......... 36%  247M 2s
[5.397s]   5700K .......... .......... .......... .......... .......... 36% 71.2M 2s
[5.409s]   5750K .......... .......... .......... .......... .......... 37% 5.39M 2s
[5.419s]   5800K .......... .......... .......... .......... .......... 37% 3.81M 2s
[5.432s]   5850K .......... .......... .......... .......... .......... 37% 3.74M 2s
[5.434s]   5900K .......... .......... .......... .......... .......... 38% 32.2M 2s
[5.439s]   5950K .......... .......... .......... .......... .......... 38% 8.90M 2s
[5.446s]   6000K .......... .......... .......... .......... .......... 38% 7.85M 2s
[5.468s]   6050K .......... .......... .......... .......... .......... 39% 2.17M 2s
[5.473s]   6100K .......... .......... .......... .......... .......... 39% 9.93M 2s
[5.478s]   6150K .......... .......... .......... .......... .......... 39% 10.1M 2s
[5.488s]   6200K .......... .......... .......... .......... .......... 39% 4.97M 2s
[5.491s]   6250K .......... .......... .......... .......... .......... 40% 13.5M 2s
[5.501s]   6300K .......... .......... .......... .......... .......... 40% 5.45M 2s
[5.507s]   6350K .......... .......... .......... .......... .......... 40% 7.29M 2s
[5.510s]   6400K .......... .......... .......... .......... .......... 41% 17.8M 2s
[5.520s]   6450K .......... .......... .......... .......... .......... 41% 4.65M 2s
[5.579s]   6500K .......... .......... .......... .......... .......... 41%  856K 2s
[5.583s]   6550K .......... .......... .......... .......... .......... 42% 10.6M 2s
[5.587s]   6600K .......... .......... .......... .......... .......... 42% 13.3M 2s
[5.587s]   6650K .......... .......... .......... .......... .......... 42%  169M 2s
[5.607s]   6700K .......... .......... .......... .......... .......... 43% 2.52M 2s
[5.611s]   6750K .......... .......... .......... .......... .......... 43% 11.4M 2s
[5.632s]   6800K .......... .......... .......... .......... .......... 43% 2.33M 2s
[5.640s]   6850K .......... .......... .......... .......... .......... 44% 6.21M 2s
[5.655s]   6900K .......... .......... .......... .......... .......... 44% 3.28M 2s
[5.655s]   6950K .......... .......... .......... .......... .......... 44%  224M 2s
[5.662s]   7000K .......... .......... .......... .......... .......... 45% 7.13M 2s
[5.665s]   7050K .......... .......... .......... .......... .......... 45% 14.7M 2s
[5.683s]   7100K .......... .......... .......... .......... .......... 45% 2.64M 2s
[5.692s]   7150K .......... .......... .......... .......... .......... 46% 5.62M 2s
[5.692s]   7200K .......... .......... .......... .......... .......... 46%  274M 2s
[5.708s]   7250K .......... .......... .......... .......... .......... 46% 3.18M 2s
[5.723s]   7300K .......... .......... .......... .......... .......... 47% 3.22M 2s
[5.728s]   7350K .......... .......... .......... .......... .......... 47% 8.78M 2s
[5.733s]   7400K .......... .......... .......... .......... .......... 47% 10.1M 2s
[5.753s]   7450K .......... .......... .......... .......... .......... 47% 2.52M 2s
[5.753s]   7500K .......... .......... .......... .......... .......... 48%  230M 2s
[5.758s]   7550K .......... .......... .......... .......... .......... 48% 9.01M 2s
[5.763s]   7600K .......... .......... .......... .......... .......... 48% 10.5M 2s
[5.806s]   7650K .......... .......... .......... .......... .......... 49% 1.14M 2s
[5.823s]   7700K .......... .......... .......... .......... .......... 49% 2.82M 2s
[5.828s]   7750K .......... .......... .......... .......... .......... 49% 9.13M 2s
[5.828s]   7800K .......... .......... .......... .......... .......... 50%  342M 2s
[5.832s]   7850K .......... .......... .......... .......... .......... 50% 14.1M 2s
[5.846s]   7900K .......... .......... .......... .......... .......... 50% 3.37M 2s
[5.859s]   7950K .......... .......... .......... .......... .......... 51% 3.81M 2s
[5.864s]   8000K .......... .......... .......... .......... .......... 51% 9.06M 2s
[5.869s]   8050K .......... .......... .......... .......... .......... 51% 13.7M 2s
[5.875s]   8100K .......... .......... .......... .......... .......... 52% 7.38M 2s
[5.895s]   8150K .......... .......... .......... .......... .......... 52% 2.45M 2s
[5.895s]   8200K .......... .......... .......... .......... .......... 52%  231M 2s
[5.901s]   8250K .......... .......... .......... .......... .......... 53% 11.6M 2s
[5.917s]   8300K .......... .......... .......... .......... .......... 53% 2.82M 2s
[5.921s]   8350K .......... .......... .......... .......... .......... 53% 10.0M 2s
[5.926s]   8400K .......... .......... .......... .......... .......... 54% 11.6M 2s
[5.935s]   8450K .......... .......... .......... .......... .......... 54% 5.10M 2s
[5.944s]   8500K .......... .......... .......... .......... .......... 54% 5.74M 1s
[5.949s]   8550K .......... .......... .......... .......... .......... 55% 9.92M 1s
[5.957s]   8600K .......... .......... .......... .......... .......... 55% 6.07M 1s
[5.959s]   8650K .......... .......... .......... .......... .......... 55% 22.7M 1s
[5.966s]   8700K .......... .......... .......... .......... .......... 55% 6.80M 1s
[5.970s]   8750K .......... .......... .......... .......... .......... 56% 13.1M 1s
[5.984s]   8800K .......... .......... .......... .......... .......... 56% 3.48M 1s
[5.988s]   8850K .......... .......... .......... .......... .......... 56% 25.6M 1s
[5.995s]   8900K .......... .......... .......... .......... .......... 57% 5.02M 1s
[5.996s]   8950K .......... .......... .......... .......... .......... 57% 60.3M 1s
[6.005s]   9000K .......... .......... .......... .......... .......... 57% 5.32M 1s
[6.012s]   9050K .......... .......... .......... .......... .......... 58% 7.63M 1s
[6.019s]   9100K .......... .......... .......... .......... .......... 58% 6.84M 1s
[6.022s]   9150K .......... .......... .......... .......... .......... 58% 20.7M 1s
[6.055s]   9200K .......... .......... .......... .......... .......... 59% 1.44M 1s
[6.055s]   9250K .......... .......... .......... .......... .......... 59%  207M 1s
[6.061s]   9300K .......... .......... .......... .......... .......... 59% 9.21M 1s
[6.065s]   9350K .......... .......... .......... .......... .......... 60% 12.0M 1s
[6.089s]   9400K .......... .......... .......... .......... .......... 60% 2.03M 1s
[6.093s]   9450K .......... .......... .......... .......... .......... 60% 12.4M 1s
[6.094s]   9500K .......... .......... .......... .......... .......... 61% 60.7M 1s
[6.462s]   9550K .......... .......... .......... .......... .......... 61%  136K 1s
[6.470s]   9600K .......... .......... .......... .......... .......... 61% 6.00M 1s
[6.475s]   9650K .......... .......... .......... .......... .......... 62% 11.9M 1s
[6.475s]   9700K .......... .......... .......... .......... .......... 62%  213M 1s
[6.515s]   9750K .......... .......... .......... .......... .......... 62% 1.23M 1s
[6.538s]   9800K .......... .......... .......... .......... .......... 63% 2.05M 1s
[6.546s]   9850K .......... .......... .......... .......... .......... 63% 6.63M 1s
[6.553s]   9900K .......... .......... .......... .......... .......... 63% 6.50M 1s
[6.568s]   9950K .......... .......... .......... .......... .......... 63% 7.10M 1s
[6.569s]  10000K .......... .......... .......... .......... .......... 64% 5.62M 1s
[6.573s]  10050K .......... .......... .......... .......... .......... 64% 10.2M 1s
[6.578s]  10100K .......... .......... .......... .......... .......... 64% 11.9M 1s
[6.602s]  10150K .......... .......... .......... .......... .......... 65% 2.04M 1s
[6.602s]  10200K .......... .......... .......... .......... .......... 65%  220M 1s
[6.616s]  10250K .......... .......... .......... .......... .......... 65% 3.57M 1s
[6.616s]  10300K .......... .......... .......... .......... .......... 66%  203M 1s
[6.620s]  10350K .......... .......... .......... .......... .......... 66% 13.1M 1s
[6.626s]  10400K .......... .......... .......... .......... .......... 66% 8.01M 1s
[6.636s]  10450K .......... .......... .......... .......... .......... 67% 4.90M 1s
[6.640s]  10500K .......... .......... .......... .......... .......... 67% 10.5M 1s
[6.643s]  10550K .......... .......... .......... .......... .......... 67% 16.1M 1s
[6.648s]  10600K .......... .......... .......... .......... .......... 68% 9.89M 1s
[6.652s]  10650K .......... .......... .......... .......... .......... 68% 12.6M 1s
[6.674s]  10700K .......... .......... .......... .......... .......... 68% 2.17M 1s
[6.678s]  10750K .......... .......... .......... .......... .......... 69% 12.8M 1s
[6.684s]  10800K .......... .......... .......... .......... .......... 69% 7.95M 1s
[6.700s]  10850K .......... .......... .......... .......... .......... 69% 3.09M 1s
[6.710s]  10900K .......... .......... .......... .......... .......... 70% 4.95M 1s
[6.715s]  10950K .......... .......... .......... .......... .......... 70% 10.7M 1s
[6.715s]  11000K .......... .......... .......... .......... .......... 70%  354M 1s
[6.719s]  11050K .......... .......... .......... .......... .......... 71% 10.5M 1s
[6.723s]  11100K .......... .......... .......... .......... .......... 71% 14.3M 1s
[6.729s]  11150K .......... .......... .......... .......... .......... 71% 10.1M 1s
[6.734s]  11200K .......... .......... .......... .......... .......... 71% 8.11M 1s
[6.738s]  11250K .......... .......... .......... .......... .......... 72% 10.8M 1s
[6.744s]  11300K .......... .......... .......... .......... .......... 72% 8.98M 1s
[6.754s]  11350K .......... .......... .......... .......... .......... 72% 4.84M 1s
[6.754s]  11400K .......... .......... .......... .......... .......... 73%  590M 1s
[6.765s]  11450K .......... .......... .......... .......... .......... 73% 4.60M 1s
[6.769s]  11500K .......... .......... .......... .......... .......... 73% 10.5M 1s
[6.776s]  11550K .......... .......... .......... .......... .......... 74% 7.39M 1s
[6.776s]  11600K .......... .......... .......... .......... .......... 74%  163M 1s
[6.781s]  11650K .......... .......... .......... .......... .......... 74% 10.6M 1s
[6.790s]  11700K .......... .......... .......... .......... .......... 75% 5.26M 1s
[6.794s]  11750K .......... .......... .......... .......... .......... 75% 10.7M 1s
[6.795s]  11800K .......... .......... .......... .......... .......... 75%  303M 1s
[6.807s]  11850K .......... .......... .......... .......... .......... 76% 3.97M 1s
[6.817s]  11900K .......... .......... .......... .......... .......... 76% 4.93M 1s
[6.817s]  11950K .......... .......... .......... .......... .......... 76%  303M 1s
[6.823s]  12000K .......... .......... .......... .......... .......... 77% 8.69M 1s
[6.823s]  12050K .......... .......... .......... .......... .......... 77%  304M 1s
[6.834s]  12100K .......... .......... .......... .......... .......... 77% 4.43M 1s
[6.834s]  12150K .......... .......... .......... .......... .......... 78%  517M 1s
[6.844s]  12200K .......... .......... .......... .......... .......... 78% 4.79M 1s
[6.846s]  12250K .......... .......... .......... .......... .......... 78%  362M 1s
[6.861s]  12300K .......... .......... .......... .......... .......... 79% 2.89M 1s
[6.861s]  12350K .......... .......... .......... .......... .......... 79%  280M 1s
[6.867s]  12400K .......... .......... .......... .......... .......... 79% 8.19M 1s
[6.884s]  12450K .......... .......... .......... .......... .......... 79% 2.83M 1s
[6.890s]  12500K .......... .......... .......... .......... .......... 80% 9.26M 1s
[6.890s]  12550K .......... .......... .......... .......... .......... 80%  207M 1s
[6.900s]  12600K .......... .......... .......... .......... .......... 80% 4.92M 1s
[6.911s]  12650K .......... .......... .......... .......... .......... 81% 4.66M 1s
[6.911s]  12700K .......... .......... .......... .......... .......... 81%  236M 1s
[6.915s]  12750K .......... .......... .......... .......... .......... 81% 10.1M 1s
[6.927s]  12800K .......... .......... .......... .......... .......... 82% 4.05M 1s
[6.928s]  12850K .......... .......... .......... .......... .......... 82%  306M 1s
[6.932s]  12900K .......... .......... .......... .......... .......... 82% 11.2M 1s
[6.937s]  12950K .......... .......... .......... .......... .......... 83% 10.4M 1s
[6.943s]  13000K .......... .......... .......... .......... .......... 83% 7.93M 1s
[6.948s]  13050K .......... .......... .......... .......... .......... 83% 10.3M 1s
[6.948s]  13100K .......... .......... .......... .......... .......... 84%  123M 1s
[6.952s]  13150K .......... .......... .......... .......... .......... 84% 13.1M 1s
[6.957s]  13200K .......... .......... .......... .......... .......... 84% 9.92M 1s
[6.960s]  13250K .......... .......... .......... .......... .......... 85% 14.6M 0s
[6.965s]  13300K .......... .......... .......... .......... .......... 85% 10.2M 0s
[6.969s]  13350K .......... .......... .......... .......... .......... 85% 11.3M 0s
[6.973s]  13400K .......... .......... .......... .......... .......... 86% 12.8M 0s
[6.984s]  13450K .......... .......... .......... .......... .......... 86% 8.95M 0s
[6.984s]  13500K .......... .......... .......... .......... .......... 86% 9.06M 0s
[6.993s]  13550K .......... .......... .......... .......... .......... 87% 5.09M 0s
[7.004s]  13600K .......... .......... .......... .......... .......... 87% 5.28M 0s
[7.004s]  13650K .......... .......... .......... .......... .......... 87% 31.0M 0s
[7.036s]  13700K .......... .......... .......... .......... .......... 87% 1.54M 0s
[7.036s]  13750K .......... .......... .......... .......... .......... 88%  332M 0s
[7.042s]  13800K .......... .......... .......... .......... .......... 88% 8.32M 0s
[7.049s]  13850K .......... .......... .......... .......... .......... 88% 6.78M 0s
[7.059s]  13900K .......... .......... .......... .......... .......... 89% 4.69M 0s
[7.060s]  13950K .......... .......... .......... .......... .......... 89%  503M 0s
[7.074s]  14000K .......... .......... .......... .......... .......... 89% 3.56M 0s
[7.074s]  14050K .......... .......... .......... .......... .......... 90%  448M 0s
[7.074s]  14100K .......... .......... .......... .......... .......... 90%  347M 0s
[7.074s]  14150K .......... .......... .......... .......... .......... 90%  337M 0s
[7.110s]  14200K .......... .......... .......... .......... .......... 91% 1.34M 0s
[7.112s]  14250K .......... .......... .......... .......... .......... 91% 45.3M 0s
[7.113s]  14300K .......... .......... .......... .......... .......... 91%  495M 0s
[7.114s]  14350K .......... .......... .......... .......... .......... 92%  137M 0s
[7.115s]  14400K .......... .......... .......... .......... .......... 92% 35.2M 0s
[7.115s]  14450K .......... .......... .......... .......... .......... 92%  362M 0s
[7.186s]  14500K .......... .......... .......... .......... .......... 93%  685K 0s
[7.187s]  14550K .......... .......... .......... .......... .......... 93%  322M 0s
[7.207s]  14600K .......... .......... .......... .......... .......... 93% 2.33M 0s
[7.213s]  14650K .......... .......... .......... .......... .......... 94% 8.48M 0s
[7.216s]  14700K .......... .......... .......... .......... .......... 94% 16.5M 0s
[7.223s]  14750K .......... .......... .......... .......... .......... 94% 6.76M 0s
[7.246s]  14800K .......... .......... .......... .......... .......... 95% 2.17M 0s
[7.267s]  14850K .......... .......... .......... .......... .......... 95% 2.35M 0s
[7.272s]  14900K .......... .......... .......... .......... .......... 95% 9.20M 0s
[7.287s]  14950K .......... .......... .......... .......... .......... 95% 3.31M 0s
[7.291s]  15000K .......... .......... .......... .......... .......... 96% 11.9M 0s
[7.291s]  15050K .......... .......... .......... .......... .......... 96%  257M 0s
[7.294s]  15100K .......... .......... .......... .......... .......... 96% 15.0M 0s
[7.312s]  15150K .......... .......... .......... .......... .......... 97% 2.71M 0s
[7.318s]  15200K .......... .......... .......... .......... .......... 97% 8.98M 0s
[7.323s]  15250K .......... .......... .......... .......... .......... 97% 9.75M 0s
[7.336s]  15300K .......... .......... .......... .......... .......... 98% 3.56M 0s
[7.341s]  15350K .......... .......... .......... .......... .......... 98% 10.1M 0s
[7.347s]  15400K .......... .......... .......... .......... .......... 98% 7.88M 0s
[7.406s]  15450K .......... .......... .......... .......... .......... 99%  868K 0s
[7.417s]  15500K .......... .......... .......... .......... .......... 99% 3.95M 0s
[7.418s]  15550K .......... .......... .......... .......... .......... 99%  383M 0s
[7.419s]  15600K .......... .......... .....                           100% 24.2M=3.3s
[7.420s] 
[7.420s] 2025-05-15 00:03:18 (4.66 MB/s) - ‘/home/maul/ws_kinclong_nav/build/multirobot_map_merge/2011-08-09-12-22-52.pgm’ saved [16000058/16000058]
[7.420s] 
[7.421s] Checking MD5 sum of /home/maul/ws_kinclong_nav/build/multirobot_map_merge/2011-08-09-12-22-52.pgm
[7.444s] /home/maul/ws_kinclong_nav/build/multirobot_map_merge/2011-08-09-12-22-52.pgm: OK
[7.449s] --2025-05-15 00:03:18--  https://raw.githubusercontent.com/hrnr/m-explore-extra/master/map_merge/gmapping_maps/2012-01-28-11-12-01.pgm
[7.478s] Resolving raw.githubusercontent.com (raw.githubusercontent.com)... 185.199.109.133, 185.199.111.133, 185.199.110.133, ...
[7.519s] Connecting to raw.githubusercontent.com (raw.githubusercontent.com)|185.199.109.133|:443... connected.
[7.994s] HTTP request sent, awaiting response... 200 OK
[7.994s] Length: 16000058 (15M) [application/octet-stream]
[7.994s] Saving to: ‘/home/maul/ws_kinclong_nav/build/multirobot_map_merge/2012-01-28-11-12-01.pgm’
[7.994s] 
[8.033s]      0K .......... .......... .......... .......... ..........  0% 1.26M 12s
[8.220s]     50K .......... .......... .......... .......... ..........  0%  267K 35s
[8.226s]    100K .......... .......... .......... .......... ..........  0% 7.95M 24s
[8.241s]    150K .......... .......... .......... .......... ..........  1% 3.32M 19s
[8.253s]    200K .......... .......... .......... .......... ..........  1% 3.88M 16s
[8.286s]    250K .......... .......... .......... .......... ..........  1% 1.50M 15s
[8.306s]    300K .......... .......... .......... .......... ..........  2% 2.63M 14s
[8.313s]    350K .......... .......... .......... .......... ..........  2% 5.79M 12s
[8.330s]    400K .......... .......... .......... .......... ..........  2% 2.91M 11s
[8.335s]    450K .......... .......... .......... .......... ..........  3% 9.76M 10s
[8.344s]    500K .......... .......... .......... .......... ..........  3% 5.02M 10s
[8.349s]    550K .......... .......... .......... .......... ..........  3% 11.4M 9s
[8.360s]    600K .......... .......... .......... .......... ..........  4% 4.45M 8s
[8.360s]    650K .......... .......... .......... .......... ..........  4%  318M 8s
[8.365s]    700K .......... .......... .......... .......... ..........  4% 10.2M 7s
[8.373s]    750K .......... .......... .......... .......... ..........  5% 5.97M 7s
[8.379s]    800K .......... .......... .......... .......... ..........  5% 8.24M 7s
[8.384s]    850K .......... .......... .......... .......... ..........  5% 8.99M 6s
[8.390s]    900K .......... .......... .......... .......... ..........  6% 8.26M 6s
[8.397s]    950K .......... .......... .......... .......... ..........  6% 6.70M 6s
[8.398s]   1000K .......... .......... .......... .......... ..........  6%  255M 6s
[8.411s]   1050K .......... .......... .......... .......... ..........  7% 3.76M 6s
[8.411s]   1100K .......... .......... .......... .......... ..........  7%  432M 5s
[8.426s]   1150K .......... .......... .......... .......... ..........  7% 3.14M 5s
[8.431s]   1200K .......... .......... .......... .......... ..........  7% 10.2M 5s
[8.442s]   1250K .......... .......... .......... .......... ..........  8% 4.28M 5s
[8.447s]   1300K .......... .......... .......... .......... ..........  8% 11.5M 5s
[8.451s]   1350K .......... .......... .......... .......... ..........  8% 10.4M 5s
[8.463s]   1400K .......... .......... .......... .......... ..........  9% 4.33M 5s
[8.463s]   1450K .......... .......... .......... .......... ..........  9%  303M 4s
[8.468s]   1500K .......... .......... .......... .......... ..........  9% 9.00M 4s
[8.475s]   1550K .......... .......... .......... .......... .......... 10% 6.72M 4s
[8.481s]   1600K .......... .......... .......... .......... .......... 10% 8.32M 4s
[8.488s]   1650K .......... .......... .......... .......... .......... 10% 7.00M 4s
[8.501s]   1700K .......... .......... .......... .......... .......... 11% 3.95M 4s
[8.506s]   1750K .......... .......... .......... .......... .......... 11% 10.3M 4s
[8.510s]   1800K .......... .......... .......... .......... .......... 11% 12.0M 4s
[8.515s]   1850K .......... .......... .......... .......... .......... 12% 8.93M 4s
[8.515s]   1900K .......... .......... .......... .......... .......... 12%  321M 4s
[8.529s]   1950K .......... .......... .......... .......... .......... 12% 3.49M 4s
[8.549s]   2000K .......... .......... .......... .......... .......... 13% 2.52M 4s
[8.549s]   2050K .......... .......... .......... .......... .......... 13%  434M 4s
[8.553s]   2100K .......... .......... .......... .......... .......... 13% 10.8M 4s
[8.562s]   2150K .......... .......... .......... .......... .......... 14% 5.77M 3s
[8.562s]   2200K .......... .......... .......... .......... .......... 14%  251M 3s
[8.576s]   2250K .......... .......... .......... .......... .......... 14% 3.61M 3s
[8.576s]   2300K .......... .......... .......... .......... .......... 15%  213M 3s
[8.584s]   2350K .......... .......... .......... .......... .......... 15% 6.21M 3s
[8.589s]   2400K .......... .......... .......... .......... .......... 15% 9.02M 3s
[8.589s]   2450K .......... .......... .......... .......... .......... 15%  219M 3s
[8.595s]   2500K .......... .......... .......... .......... .......... 16% 8.15M 3s
[8.600s]   2550K .......... .......... .......... .......... .......... 16% 10.0M 3s
[8.603s]   2600K .......... .......... .......... .......... .......... 16% 15.2M 3s
[8.609s]   2650K .......... .......... .......... .......... .......... 17% 8.29M 3s
[8.618s]   2700K .......... .......... .......... .......... .......... 17% 5.65M 3s
[8.622s]   2750K .......... .......... .......... .......... .......... 17% 10.7M 3s
[8.627s]   2800K .......... .......... .......... .......... .......... 18% 10.1M 3s
[8.632s]   2850K .......... .......... .......... .......... .......... 18% 9.75M 3s
[8.632s]   2900K .......... .......... .......... .......... .......... 18%  107M 3s
[8.648s]   2950K .......... .......... .......... .......... .......... 19% 3.12M 3s
[8.649s]   3000K .......... .......... .......... .......... .......... 19%  226M 3s
[8.652s]   3050K .......... .......... .......... .......... .......... 19% 13.0M 3s
[8.657s]   3100K .......... .......... .......... .......... .......... 20% 10.3M 3s
[8.663s]   3150K .......... .......... .......... .......... .......... 20% 8.01M 3s
[8.663s]   3200K .......... .......... .......... .......... .......... 20%  373M 3s
[8.672s]   3250K .......... .......... .......... .......... .......... 21% 5.69M 3s
[8.673s]   3300K .......... .......... .......... .......... .......... 21% 63.0M 2s
[8.677s]   3350K .......... .......... .......... .......... .......... 21% 11.9M 2s
[8.683s]   3400K .......... .......... .......... .......... .......... 22% 7.95M 2s
[8.686s]   3450K .......... .......... .......... .......... .......... 22% 13.0M 2s
[8.692s]   3500K .......... .......... .......... .......... .......... 22% 9.82M 2s
[8.704s]   3550K .......... .......... .......... .......... .......... 23% 3.84M 2s
[8.706s]   3600K .......... .......... .......... .......... .......... 23% 36.6M 2s
[8.711s]   3650K .......... .......... .......... .......... .......... 23% 8.54M 2s
[8.716s]   3700K .......... .......... .......... .......... .......... 23% 10.3M 2s
[8.725s]   3750K .......... .......... .......... .......... .......... 24% 5.37M 2s
[8.725s]   3800K .......... .......... .......... .......... .......... 24%  353M 2s
[8.726s]   3850K .......... .......... .......... .......... .......... 24% 52.8M 2s
[8.764s]   3900K .......... .......... .......... .......... .......... 25% 1.31M 2s
[8.766s]   3950K .......... .......... .......... .......... .......... 25% 17.7M 2s
[8.766s]   4000K .......... .......... .......... .......... .......... 25%  325M 2s
[8.767s]   4050K .......... .......... .......... .......... .......... 26%  355M 2s
[8.775s]   4100K .......... .......... .......... .......... .......... 26% 5.80M 2s
[8.776s]   4150K .......... .......... .......... .......... .......... 26% 47.2M 2s
[8.776s]   4200K .......... .......... .......... .......... .......... 27%  344M 2s
[8.808s]   4250K .......... .......... .......... .......... .......... 27% 1.53M 2s
[8.850s]   4300K .......... .......... .......... .......... .......... 27% 1.16M 2s
[8.850s]   4350K .......... .......... .......... .......... .......... 28%  245M 2s
[8.850s]   4400K .......... .......... .......... .......... .......... 28%  351M 2s
[8.851s]   4450K .......... .......... .......... .......... .......... 28%  352M 2s
[8.851s]   4500K .......... .......... .......... .......... .......... 29%  352M 2s
[8.854s]   4550K .......... .......... .......... .......... .......... 29% 13.5M 2s
[8.854s]   4600K .......... .......... .......... .......... .......... 29%  352M 2s
[8.855s]   4650K .......... .......... .......... .......... .......... 30%  352M 2s
[8.855s]   4700K .......... .......... .......... .......... .......... 30%  354M 2s
[8.855s]   4750K .......... .......... .......... .......... .......... 30%  268M 2s
[8.855s]   4800K .......... .......... .......... .......... .......... 31%  361M 2s
[8.855s]   4850K .......... .......... .......... .......... .......... 31%  333M 2s
[8.868s]   4900K .......... .......... .......... .......... .......... 31% 3.95M 2s
[8.879s]   4950K .......... .......... .......... .......... .......... 31% 4.32M 2s
[8.890s]   5000K .......... .......... .......... .......... .......... 32% 4.52M 2s
[8.891s]   5050K .......... .......... .......... .......... .......... 32% 57.5M 2s
[8.903s]   5100K .......... .......... .......... .......... .......... 32% 3.82M 2s
[8.918s]   5150K .......... .......... .......... .......... .......... 33% 3.42M 2s
[8.918s]   5200K .......... .......... .......... .......... .......... 33%  111M 2s
[8.926s]   5250K .......... .......... .......... .......... .......... 33% 5.88M 2s
[8.932s]   5300K .......... .......... .......... .......... .......... 34% 9.29M 2s
[8.944s]   5350K .......... .......... .......... .......... .......... 34% 4.11M 2s
[8.949s]   5400K .......... .......... .......... .......... .......... 34% 8.81M 2s
[8.955s]   5450K .......... .......... .......... .......... .......... 35% 7.62M 2s
[8.962s]   5500K .......... .......... .......... .......... .......... 35% 7.05M 2s
[8.966s]   5550K .......... .......... .......... .......... .......... 35% 12.2M 2s
[8.981s]   5600K .......... .......... .......... .......... .......... 36% 3.24M 2s
[8.986s]   5650K .......... .......... .......... .......... .......... 36% 11.8M 2s
[9.004s]   5700K .......... .......... .......... .......... .......... 36% 2.64M 2s
[9.007s]   5750K .......... .......... .......... .......... .......... 37% 21.0M 2s
[9.012s]   5800K .......... .......... .......... .......... .......... 37% 8.08M 2s
[9.015s]   5850K .......... .......... .......... .......... .......... 37% 17.4M 2s
[9.040s]   5900K .......... .......... .......... .......... .......... 38% 1.95M 2s
[9.040s]   5950K .......... .......... .......... .......... .......... 38%  276M 2s
[9.043s]   6000K .......... .......... .......... .......... .......... 38% 20.3M 2s
[9.051s]   6050K .......... .......... .......... .......... .......... 39% 5.66M 2s
[9.352s]   6100K .......... .......... .......... .......... .......... 39%  166K 2s
[9.352s]   6150K .......... .......... .......... .......... .......... 39%  261M 2s
[9.362s]   6200K .......... .......... .......... .......... .......... 39% 4.89M 2s
[9.362s]   6250K .......... .......... .......... .......... .......... 40%  430M 2s
[9.382s]   6300K .......... .......... .......... .......... .......... 40% 2.49M 2s
[9.748s]   6350K .......... .......... .......... .......... .......... 40%  137K 3s
[9.753s]   6400K .......... .......... .......... .......... .......... 41% 9.53M 3s
[9.758s]   6450K .......... .......... .......... .......... .......... 41% 9.69M 2s
[9.758s]   6500K .......... .......... .......... .......... .......... 41%  324M 2s
[10.167s]   6550K .......... .......... .......... .......... .......... 42%  122K 3s
[10.168s]   6600K .......... .......... .......... .......... .......... 42%  397M 3s
[10.173s]   6650K .......... .......... .......... .......... .......... 42% 8.50M 3s
[10.174s]   6700K .......... .......... .......... .......... .......... 43%  222M 3s
[10.394s]   6750K .......... .......... .......... .......... .......... 43%  227K 3s
[10.394s]   6800K .......... .......... .......... .......... .......... 43%  228M 3s
[10.398s]   6850K .......... .......... .......... .......... .......... 44% 11.0M 3s
[10.404s]   6900K .......... .......... .......... .......... .......... 44% 10.0M 3s
[10.407s]   6950K .......... .......... .......... .......... .......... 44% 11.9M 3s
[10.864s]   7000K .......... .......... .......... .......... .......... 45%  110K 3s
[10.864s]   7050K .......... .......... .......... .......... .......... 45%  313M 3s
[11.795s]   7100K .......... .......... .......... .......... .......... 45% 53.7K 5s
[11.795s]   7150K .......... .......... .......... .......... .......... 46% 71.8M 4s
[11.808s]   7200K .......... .......... .......... .......... .......... 46% 3.89M 4s
[11.823s]   7250K .......... .......... .......... .......... .......... 46% 3.27M 4s
[11.844s]   7300K .......... .......... .......... .......... .......... 47% 2.33M 4s
[11.925s]   7350K .......... .......... .......... .......... .......... 47%  615K 4s
[11.995s]   7400K .......... .......... .......... .......... .......... 47%  716K 4s
[12.066s]   7450K .......... .......... .......... .......... .......... 47%  706K 4s
[12.072s]   7500K .......... .......... .......... .......... .......... 48% 7.80M 4s
[12.076s]   7550K .......... .......... .......... .......... .......... 48% 13.7M 4s
[12.098s]   7600K .......... .......... .......... .......... .......... 48% 2.14M 4s
[12.101s]   7650K .......... .......... .......... .......... .......... 49% 18.2M 4s
[12.129s]   7700K .......... .......... .......... .......... .......... 49% 1.75M 4s
[12.129s]   7750K .......... .......... .......... .......... .......... 49%  232M 4s
[12.133s]   7800K .......... .......... .......... .......... .......... 50% 12.1M 4s
[12.142s]   7850K .......... .......... .......... .......... .......... 50% 5.56M 4s
[12.147s]   7900K .......... .......... .......... .......... .......... 50% 9.90M 4s
[12.157s]   7950K .......... .......... .......... .......... .......... 51% 5.13M 4s
[12.157s]   8000K .......... .......... .......... .......... .......... 51%  247M 4s
[12.163s]   8050K .......... .......... .......... .......... .......... 51% 8.06M 4s
[12.167s]   8100K .......... .......... .......... .......... .......... 52% 11.4M 4s
[12.175s]   8150K .......... .......... .......... .......... .......... 52% 6.44M 4s
[12.188s]   8200K .......... .......... .......... .......... .......... 52% 3.73M 4s
[12.198s]   8250K .......... .......... .......... .......... .......... 53% 5.01M 4s
[12.202s]   8300K .......... .......... .......... .......... .......... 53% 9.85M 4s
[12.207s]   8350K .......... .......... .......... .......... .......... 53% 11.6M 4s
[12.212s]   8400K .......... .......... .......... .......... .......... 54% 9.78M 4s
[12.215s]   8450K .......... .......... .......... .......... .......... 54% 15.1M 4s
[12.221s]   8500K .......... .......... .......... .......... .......... 54% 8.70M 3s
[12.222s]   8550K .......... .......... .......... .......... .......... 55% 34.4M 3s
[12.233s]   8600K .......... .......... .......... .......... .......... 55% 4.62M 3s
[12.234s]   8650K .......... .......... .......... .......... .......... 55% 43.8M 3s
[12.239s]   8700K .......... .......... .......... .......... .......... 55% 9.38M 3s
[12.246s]   8750K .......... .......... .......... .......... .......... 56% 6.91M 3s
[12.246s]   8800K .......... .......... .......... .......... .......... 56%  152M 3s
[12.252s]   8850K .......... .......... .......... .......... .......... 56% 8.47M 3s
[12.275s]   8900K .......... .......... .......... .......... .......... 57% 2.17M 3s
[12.275s]   8950K .......... .......... .......... .......... .......... 57%  199M 3s
[12.312s]   9000K .......... .......... .......... .......... .......... 57% 1.33M 3s
[12.312s]   9050K .......... .......... .......... .......... .......... 58%  224M 3s
[12.579s]   9100K .......... .......... .......... .......... .......... 58%  187K 3s
[12.583s]   9150K .......... .......... .......... .......... .......... 58% 10.8M 3s
[12.589s]   9200K .......... .......... .......... .......... .......... 59% 9.13M 3s
[12.594s]   9250K .......... .......... .......... .......... .......... 59% 10.1M 3s
[12.597s]   9300K .......... .......... .......... .......... .......... 59% 14.5M 3s
[12.602s]   9350K .......... .......... .......... .......... .......... 60% 9.66M 3s
[12.602s]   9400K .......... .......... .......... .......... .......... 60%  247M 3s
[12.628s]   9450K .......... .......... .......... .......... .......... 60% 1.89M 3s
[12.649s]   9500K .......... .......... .......... .......... .......... 61% 2.38M 3s
[12.668s]   9550K .......... .......... .......... .......... .......... 61% 2.57M 3s
[12.668s]   9600K .......... .......... .......... .......... .......... 61%  195M 3s
[12.671s]   9650K .......... .......... .......... .......... .......... 62% 16.7M 3s
[12.699s]   9700K .......... .......... .......... .......... .......... 62% 1.74M 3s
[12.705s]   9750K .......... .......... .......... .......... .......... 62% 7.56M 3s
[12.710s]   9800K .......... .......... .......... .......... .......... 63% 10.3M 3s
[12.710s]   9850K .......... .......... .......... .......... .......... 63%  260M 3s
[12.727s]   9900K .......... .......... .......... .......... .......... 63% 2.97M 3s
[12.732s]   9950K .......... .......... .......... .......... .......... 63% 9.62M 3s
[12.752s]  10000K .......... .......... .......... .......... .......... 64% 2.43M 3s
[12.757s]  10050K .......... .......... .......... .......... .......... 64% 9.74M 3s
[12.769s]  10100K .......... .......... .......... .......... .......... 64% 4.01M 3s
[12.769s]  10150K .......... .......... .......... .......... .......... 65%  223M 3s
[12.778s]  10200K .......... .......... .......... .......... .......... 65% 5.25M 3s
[12.783s]  10250K .......... .......... .......... .......... .......... 65% 10.0M 2s
[12.788s]  10300K .......... .......... .......... .......... .......... 66% 11.4M 2s
[12.811s]  10350K .......... .......... .......... .......... .......... 66% 2.14M 2s
[12.811s]  10400K .......... .......... .......... .......... .......... 66%  222M 2s
[12.821s]  10450K .......... .......... .......... .......... .......... 67% 4.96M 2s
[12.821s]  10500K .......... .......... .......... .......... .......... 67%  241M 2s
[12.830s]  10550K .......... .......... .......... .......... .......... 67% 5.45M 2s
[12.835s]  10600K .......... .......... .......... .......... .......... 68% 10.0M 2s
[12.847s]  10650K .......... .......... .......... .......... .......... 68% 4.01M 2s
[12.856s]  10700K .......... .......... .......... .......... .......... 68% 5.26M 2s
[12.869s]  10750K .......... .......... .......... .......... .......... 69% 3.77M 2s
[12.879s]  10800K .......... .......... .......... .......... .......... 69% 5.25M 2s
[12.902s]  10850K .......... .......... .......... .......... .......... 69% 2.10M 2s
[12.910s]  10900K .......... .......... .......... .......... .......... 70% 5.66M 2s
[12.910s]  10950K .......... .......... .......... .......... .......... 70%  201M 2s
[12.916s]  11000K .......... .......... .......... .......... .......... 70% 9.44M 2s
[12.935s]  11050K .......... .......... .......... .......... .......... 71% 2.57M 2s
[12.935s]  11100K .......... .......... .......... .......... .......... 71%  238M 2s
[12.945s]  11150K .......... .......... .......... .......... .......... 71% 5.05M 2s
[12.950s]  11200K .......... .......... .......... .......... .......... 71% 9.71M 2s
[12.950s]  11250K .......... .......... .......... .......... .......... 72%  238M 2s
[12.955s]  11300K .......... .......... .......... .......... .......... 72% 10.0M 2s
[12.960s]  11350K .......... .......... .......... .......... .......... 72% 10.2M 2s
[12.964s]  11400K .......... .......... .......... .......... .......... 73% 9.74M 2s
[12.969s]  11450K .......... .......... .......... .......... .......... 73% 12.6M 2s
[12.969s]  11500K .......... .......... .......... .......... .......... 73%  187M 2s
[12.985s]  11550K .......... .......... .......... .......... .......... 74% 3.07M 2s
[12.994s]  11600K .......... .......... .......... .......... .......... 74% 5.07M 2s
[13.013s]  11650K .......... .......... .......... .......... .......... 74% 2.57M 2s
[13.017s]  11700K .......... .......... .......... .......... .......... 75% 14.4M 2s
[13.042s]  11750K .......... .......... .......... .......... .......... 75% 1.92M 2s
[13.052s]  11800K .......... .......... .......... .......... .......... 75% 4.96M 2s
[13.052s]  11850K .......... .......... .......... .......... .......... 76%  274M 2s
[13.068s]  11900K .......... .......... .......... .......... .......... 76% 3.09M 2s
[13.073s]  11950K .......... .......... .......... .......... .......... 76% 9.28M 2s
[13.082s]  12000K .......... .......... .......... .......... .......... 77% 5.18M 2s
[13.083s]  12050K .......... .......... .......... .......... .......... 77%  354M 1s
[13.093s]  12100K .......... .......... .......... .......... .......... 77% 4.95M 1s
[13.097s]  12150K .......... .......... .......... .......... .......... 78% 10.6M 1s
[13.097s]  12200K .......... .......... .......... .......... .......... 78%  278M 1s
[13.103s]  12250K .......... .......... .......... .......... .......... 78% 8.79M 1s
[13.107s]  12300K .......... .......... .......... .......... .......... 79% 12.5M 1s
[13.114s]  12350K .......... .......... .......... .......... .......... 79% 6.57M 1s
[13.138s]  12400K .......... .......... .......... .......... .......... 79% 2.02M 1s
[13.151s]  12450K .......... .......... .......... .......... .......... 79% 3.94M 1s
[13.151s]  12500K .......... .......... .......... .......... .......... 80%  201M 1s
[13.160s]  12550K .......... .......... .......... .......... .......... 80% 5.14M 1s
[13.176s]  12600K .......... .......... .......... .......... .......... 80% 3.19M 1s
[13.346s]  12650K .......... .......... .......... .......... .......... 81%  293K 1s
[13.359s]  12700K .......... .......... .......... .......... .......... 81% 3.85M 1s
[13.377s]  12750K .......... .......... .......... .......... .......... 81% 2.72M 1s
[13.382s]  12800K .......... .......... .......... .......... .......... 82% 9.94M 1s
[13.382s]  12850K .......... .......... .......... .......... .......... 82%  166M 1s
[13.387s]  12900K .......... .......... .......... .......... .......... 82% 10.1M 1s
[13.405s]  12950K .......... .......... .......... .......... .......... 83% 2.79M 1s
[13.417s]  13000K .......... .......... .......... .......... .......... 83% 4.10M 1s
[13.424s]  13050K .......... .......... .......... .......... .......... 83% 6.10M 1s
[13.425s]  13100K .......... .......... .......... .......... .......... 84%  392M 1s
[13.440s]  13150K .......... .......... .......... .......... .......... 84% 3.12M 1s
[13.451s]  13200K .......... .......... .......... .......... .......... 84% 4.68M 1s
[13.451s]  13250K .......... .......... .......... .......... .......... 85%  195M 1s
[13.466s]  13300K .......... .......... .......... .......... .......... 85% 3.32M 1s
[13.466s]  13350K .......... .......... .......... .......... .......... 85%  181M 1s
[13.471s]  13400K .......... .......... .......... .......... .......... 86% 10.2M 1s
[13.474s]  13450K .......... .......... .......... .......... .......... 86% 17.1M 1s
[13.485s]  13500K .......... .......... .......... .......... .......... 86% 4.42M 1s
[13.505s]  13550K .......... .......... .......... .......... .......... 87% 2.44M 1s
[13.505s]  13600K .......... .......... .......... .......... .......... 87%  205M 1s
[13.512s]  13650K .......... .......... .......... .......... .......... 87% 6.57M 1s
[13.517s]  13700K .......... .......... .......... .......... .......... 87% 11.5M 1s
[13.526s]  13750K .......... .......... .......... .......... .......... 88% 5.16M 1s
[13.526s]  13800K .......... .......... .......... .......... .......... 88%  247M 1s
[13.532s]  13850K .......... .......... .......... .......... .......... 88% 8.98M 1s
[13.546s]  13900K .......... .......... .......... .......... .......... 89% 3.33M 1s
[13.551s]  13950K .......... .......... .......... .......... .......... 89% 10.7M 1s
[13.551s]  14000K .......... .......... .......... .......... .......... 89%  211M 1s
[13.557s]  14050K .......... .......... .......... .......... .......... 90% 9.10M 1s
[13.579s]  14100K .......... .......... .......... .......... .......... 90% 2.16M 1s
[13.579s]  14150K .......... .......... .......... .......... .......... 90%  219M 1s
[13.587s]  14200K .......... .......... .......... .......... .......... 91% 6.12M 1s
[13.588s]  14250K .......... .......... .......... .......... .......... 91%  219M 1s
[13.588s]  14300K .......... .......... .......... .......... .......... 91%  116M 0s
[13.599s]  14350K .......... .......... .......... .......... .......... 92% 4.42M 0s
[13.609s]  14400K .......... .......... .......... .......... .......... 92% 4.88M 0s
[13.620s]  14450K .......... .......... .......... .......... .......... 92% 4.38M 0s
[13.639s]  14500K .......... .......... .......... .......... .......... 93% 2.61M 0s
[13.639s]  14550K .......... .......... .......... .......... .......... 93%  160M 0s
[13.643s]  14600K .......... .......... .......... .......... .......... 93% 12.3M 0s
[13.668s]  14650K .......... .......... .......... .......... .......... 94% 1.95M 0s
[13.668s]  14700K .......... .......... .......... .......... .......... 94%  339M 0s
[13.674s]  14750K .......... .......... .......... .......... .......... 94% 8.73M 0s
[13.681s]  14800K .......... .......... .......... .......... .......... 95% 7.10M 0s
[13.693s]  14850K .......... .......... .......... .......... .......... 95% 4.05M 0s
[13.693s]  14900K .......... .......... .......... .......... .......... 95%  189M 0s
[13.702s]  14950K .......... .......... .......... .......... .......... 95% 5.51M 0s
[13.702s]  15000K .......... .......... .......... .......... .......... 96%  314M 0s
[13.719s]  15050K .......... .......... .......... .......... .......... 96% 2.82M 0s
[13.723s]  15100K .......... .......... .......... .......... .......... 96% 13.1M 0s
[13.812s]  15150K .......... .......... .......... .......... .......... 97%  562K 0s
[13.812s]  15200K .......... .......... .......... .......... .......... 97%  307M 0s
[13.826s]  15250K .......... .......... .......... .......... .......... 97% 3.65M 0s
[13.831s]  15300K .......... .......... .......... .......... .......... 98% 9.52M 0s
[13.844s]  15350K .......... .......... .......... .......... .......... 98% 3.74M 0s
[13.844s]  15400K .......... .......... .......... .......... .......... 98%  238M 0s
[13.853s]  15450K .......... .......... .......... .......... .......... 99% 5.53M 0s
[13.858s]  15500K .......... .......... .......... .......... .......... 99% 9.44M 0s
[13.862s]  15550K .......... .......... .......... .......... .......... 99% 11.6M 0s
[13.863s]  15600K .......... .......... .....                           100%  578M=5.9s
[13.863s] 
[13.863s] 2025-05-15 00:03:24 (2.60 MB/s) - ‘/home/maul/ws_kinclong_nav/build/multirobot_map_merge/2012-01-28-11-12-01.pgm’ saved [16000058/16000058]
[13.863s] 
[13.863s] Checking MD5 sum of /home/maul/ws_kinclong_nav/build/multirobot_map_merge/2012-01-28-11-12-01.pgm
[13.887s] /home/maul/ws_kinclong_nav/build/multirobot_map_merge/2012-01-28-11-12-01.pgm: OK
[13.890s] -- Found gtest sources under '/opt/ros/jazzy/src/gtest_vendor': C++ tests using 'Google Test' will be built
[13.894s] -- Found Threads: TRUE  
[13.899s] -- Added test 'cppcheck' to perform static code analysis on C / C++ code
[13.900s] -- Configured cppcheck include dirs: /home/maul/ws_kinclong_nav/m-explore-ros2/map_merge/include;$<BUILD_INTERFACE:/home/maul/ws_kinclong_nav/m-explore-ros2/map_merge/include>
[13.900s] -- Configured cppcheck exclude dirs and/or files: 
[13.901s] -- Added test 'flake8' to check Python code syntax and style conventions
[13.901s] -- Configured 'flake8' exclude dirs and/or files: 
[13.902s] -- Added test 'lint_cmake' to check CMake code style
[13.903s] -- Added test 'pep257' to check Python code against some of the docstring style conventions in PEP 257
[13.905s] -- Added test 'uncrustify' to check C / C++ code style
[13.905s] -- Configured uncrustify additional arguments: 
[13.906s] -- Added test 'xmllint' to check XML markup files
[13.909s] -- Configuring done (13.9s)
[13.992s] -- Generating done (0.1s)
[14.001s] -- Build files have been written to: /home/maul/ws_kinclong_nav/build/multirobot_map_merge
[14.012s] Invoked command in '/home/maul/ws_kinclong_nav/build/multirobot_map_merge' returned '0': CMAKE_PREFIX_PATH=${CMAKE_PREFIX_PATH}:/opt/ros/jazzy DEBUGINFOD_URLS=https://debuginfod.ubuntu.com PS1=\[\e]0;\u@\h: \w\a\]${debian_chroot:+($debian_chroot)}\[\033[01;32m\]\u@\h\[\033[00m\]:\[\033[01;34m\]\w\[\033[00m\]\$ VIRTUAL_ENV_PROMPT=(venv-ardupilot) /usr/bin/cmake /home/maul/ws_kinclong_nav/m-explore-ros2/map_merge -DCMAKE_INSTALL_PREFIX=/home/maul/ws_kinclong_nav/install/multirobot_map_merge
[14.012s] Invoking command in '/home/maul/ws_kinclong_nav/build/multirobot_map_merge': CMAKE_PREFIX_PATH=${CMAKE_PREFIX_PATH}:/opt/ros/jazzy DEBUGINFOD_URLS=https://debuginfod.ubuntu.com PS1=\[\e]0;\u@\h: \w\a\]${debian_chroot:+($debian_chroot)}\[\033[01;32m\]\u@\h\[\033[00m\]:\[\033[01;34m\]\w\[\033[00m\]\$ VIRTUAL_ENV_PROMPT=(venv-ardupilot) /usr/bin/cmake --build /home/maul/ws_kinclong_nav/build/multirobot_map_merge -- -j8 -l8
[14.060s] [ 25%] [32mBuilding CXX object gtest/CMakeFiles/gtest.dir/src/gtest-all.cc.o[0m
[14.060s] [ 25%] [32mBuilding CXX object CMakeFiles/combine_grids.dir/src/combine_grids/grid_warper.cpp.o[0m
[14.060s] [ 25%] [32mBuilding CXX object gtest/CMakeFiles/gtest_main.dir/src/gtest_main.cc.o[0m
[14.063s] [ 41%] [32mBuilding CXX object CMakeFiles/combine_grids.dir/src/combine_grids/merging_pipeline.cpp.o[0m
[14.064s] [ 41%] [32mBuilding CXX object CMakeFiles/combine_grids.dir/src/combine_grids/grid_compositor.cpp.o[0m
[14.079s] [ 50%] [32m[1mLinking CXX static library libgtest.a[0m
[14.088s] [ 58%] [32m[1mLinking CXX static library libgtest_main.a[0m
[14.090s] [ 66%] [32m[1mLinking CXX static library libcombine_grids.a[0m
[14.145s] [ 66%] Built target gtest_main
[14.157s] [ 66%] Built target combine_grids
[14.160s] [ 66%] Built target gtest
[14.176s] [ 75%] [32mBuilding CXX object CMakeFiles/map_merge.dir/src/map_merge.cpp.o[0m
[14.179s] [ 83%] [32mBuilding CXX object CMakeFiles/test_merging_pipeline.dir/test/test_merging_pipeline.cpp.o[0m
[14.229s] [100%] [32m[1mLinking CXX executable map_merge[0m
[14.229s] [100%] [32m[1mLinking CXX executable test_merging_pipeline[0m
[14.967s] [100%] Built target test_merging_pipeline
[15.202s] [100%] Built target map_merge
[15.212s] Invoked command in '/home/maul/ws_kinclong_nav/build/multirobot_map_merge' returned '0': CMAKE_PREFIX_PATH=${CMAKE_PREFIX_PATH}:/opt/ros/jazzy DEBUGINFOD_URLS=https://debuginfod.ubuntu.com PS1=\[\e]0;\u@\h: \w\a\]${debian_chroot:+($debian_chroot)}\[\033[01;32m\]\u@\h\[\033[00m\]:\[\033[01;34m\]\w\[\033[00m\]\$ VIRTUAL_ENV_PROMPT=(venv-ardupilot) /usr/bin/cmake --build /home/maul/ws_kinclong_nav/build/multirobot_map_merge -- -j8 -l8
[15.213s] Invoking command in '/home/maul/ws_kinclong_nav/build/multirobot_map_merge': CMAKE_PREFIX_PATH=${CMAKE_PREFIX_PATH}:/opt/ros/jazzy DEBUGINFOD_URLS=https://debuginfod.ubuntu.com PS1=\[\e]0;\u@\h: \w\a\]${debian_chroot:+($debian_chroot)}\[\033[01;32m\]\u@\h\[\033[00m\]:\[\033[01;34m\]\w\[\033[00m\]\$ VIRTUAL_ENV_PROMPT=(venv-ardupilot) /usr/bin/cmake --install /home/maul/ws_kinclong_nav/build/multirobot_map_merge
[15.220s] -- Install configuration: ""
[15.220s] -- Installing: /home/maul/ws_kinclong_nav/install/multirobot_map_merge/include/map_merge/
[15.220s] -- Installing: /home/maul/ws_kinclong_nav/install/multirobot_map_merge/include/map_merge//map_merge.h
[15.221s] -- Installing: /home/maul/ws_kinclong_nav/install/multirobot_map_merge/include/map_merge//ros1_names.hpp
[15.221s] -- Installing: /home/maul/ws_kinclong_nav/install/multirobot_map_merge/share/multirobot_map_merge/launch
[15.221s] -- Installing: /home/maul/ws_kinclong_nav/install/multirobot_map_merge/share/multirobot_map_merge/launch/map_merge.rviz
[15.221s] -- Installing: /home/maul/ws_kinclong_nav/install/multirobot_map_merge/share/multirobot_map_merge/launch/map_merge.launch.py
[15.221s] -- Installing: /home/maul/ws_kinclong_nav/install/multirobot_map_merge/share/multirobot_map_merge/launch/tb3_simulation
[15.221s] -- Installing: /home/maul/ws_kinclong_nav/install/multirobot_map_merge/share/multirobot_map_merge/launch/tb3_simulation/config
[15.221s] -- Installing: /home/maul/ws_kinclong_nav/install/multirobot_map_merge/share/multirobot_map_merge/launch/tb3_simulation/config/nav2_multirobot_params_1.yaml
[15.221s] -- Installing: /home/maul/ws_kinclong_nav/install/multirobot_map_merge/share/multirobot_map_merge/launch/tb3_simulation/config/nav2_multirobot_params_2.yaml
[15.221s] -- Installing: /home/maul/ws_kinclong_nav/install/multirobot_map_merge/share/multirobot_map_merge/launch/tb3_simulation/bringup_launch.py
[15.221s] -- Installing: /home/maul/ws_kinclong_nav/install/multirobot_map_merge/share/multirobot_map_merge/launch/tb3_simulation/tb3_simulation_launch.py
[15.221s] -- Installing: /home/maul/ws_kinclong_nav/install/multirobot_map_merge/share/multirobot_map_merge/launch/tb3_simulation/multi_tb3_simulation_launch.py
[15.221s] -- Installing: /home/maul/ws_kinclong_nav/install/multirobot_map_merge/share/multirobot_map_merge/launch/tb3_simulation/slam_toolbox.py
[15.222s] -- Installing: /home/maul/ws_kinclong_nav/install/multirobot_map_merge/share/multirobot_map_merge/launch/tb3_simulation/worlds
[15.222s] -- Installing: /home/maul/ws_kinclong_nav/install/multirobot_map_merge/share/multirobot_map_merge/launch/tb3_simulation/worlds/world_only.model
[15.222s] -- Installing: /home/maul/ws_kinclong_nav/install/multirobot_map_merge/share/multirobot_map_merge/launch/from_map_server.launch.py
[15.222s] -- Installing: /home/maul/ws_kinclong_nav/install/multirobot_map_merge/share/multirobot_map_merge/config
[15.222s] -- Installing: /home/maul/ws_kinclong_nav/install/multirobot_map_merge/share/multirobot_map_merge/config/params.yaml
[15.222s] -- Installing: /home/maul/ws_kinclong_nav/install/multirobot_map_merge/lib/libcombine_grids.a
[15.222s] -- Installing: /home/maul/ws_kinclong_nav/install/multirobot_map_merge/lib/multirobot_map_merge/map_merge
[15.228s] -- Set non-toolchain portion of runtime path of "/home/maul/ws_kinclong_nav/install/multirobot_map_merge/lib/multirobot_map_merge/map_merge" to ""
[15.228s] -- Installing: /home/maul/ws_kinclong_nav/install/multirobot_map_merge/share/multirobot_map_merge/environment/library_path.sh
[15.228s] -- Installing: /home/maul/ws_kinclong_nav/install/multirobot_map_merge/share/multirobot_map_merge/environment/library_path.dsv
[15.228s] -- Installing: /home/maul/ws_kinclong_nav/install/multirobot_map_merge/share/ament_index/resource_index/package_run_dependencies/multirobot_map_merge
[15.228s] -- Installing: /home/maul/ws_kinclong_nav/install/multirobot_map_merge/share/ament_index/resource_index/parent_prefix_path/multirobot_map_merge
[15.228s] -- Installing: /home/maul/ws_kinclong_nav/install/multirobot_map_merge/share/multirobot_map_merge/environment/ament_prefix_path.sh
[15.229s] -- Installing: /home/maul/ws_kinclong_nav/install/multirobot_map_merge/share/multirobot_map_merge/environment/ament_prefix_path.dsv
[15.229s] -- Installing: /home/maul/ws_kinclong_nav/install/multirobot_map_merge/share/multirobot_map_merge/environment/path.sh
[15.229s] -- Installing: /home/maul/ws_kinclong_nav/install/multirobot_map_merge/share/multirobot_map_merge/environment/path.dsv
[15.229s] -- Installing: /home/maul/ws_kinclong_nav/install/multirobot_map_merge/share/multirobot_map_merge/local_setup.bash
[15.229s] -- Installing: /home/maul/ws_kinclong_nav/install/multirobot_map_merge/share/multirobot_map_merge/local_setup.sh
[15.229s] -- Installing: /home/maul/ws_kinclong_nav/install/multirobot_map_merge/share/multirobot_map_merge/local_setup.zsh
[15.229s] -- Installing: /home/maul/ws_kinclong_nav/install/multirobot_map_merge/share/multirobot_map_merge/local_setup.dsv
[15.229s] -- Installing: /home/maul/ws_kinclong_nav/install/multirobot_map_merge/share/multirobot_map_merge/package.dsv
[15.229s] -- Installing: /home/maul/ws_kinclong_nav/install/multirobot_map_merge/share/ament_index/resource_index/packages/multirobot_map_merge
[15.229s] -- Installing: /home/maul/ws_kinclong_nav/install/multirobot_map_merge/share/multirobot_map_merge/cmake/ament_cmake_export_include_directories-extras.cmake
[15.229s] -- Installing: /home/maul/ws_kinclong_nav/install/multirobot_map_merge/share/multirobot_map_merge/cmake/ament_cmake_export_libraries-extras.cmake
[15.230s] -- Installing: /home/maul/ws_kinclong_nav/install/multirobot_map_merge/share/multirobot_map_merge/cmake/multirobot_map_mergeConfig.cmake
[15.230s] -- Installing: /home/maul/ws_kinclong_nav/install/multirobot_map_merge/share/multirobot_map_merge/cmake/multirobot_map_mergeConfig-version.cmake
[15.230s] -- Installing: /home/maul/ws_kinclong_nav/install/multirobot_map_merge/share/multirobot_map_merge/package.xml
[15.232s] Invoked command in '/home/maul/ws_kinclong_nav/build/multirobot_map_merge' returned '0': CMAKE_PREFIX_PATH=${CMAKE_PREFIX_PATH}:/opt/ros/jazzy DEBUGINFOD_URLS=https://debuginfod.ubuntu.com PS1=\[\e]0;\u@\h: \w\a\]${debian_chroot:+($debian_chroot)}\[\033[01;32m\]\u@\h\[\033[00m\]:\[\033[01;34m\]\w\[\033[00m\]\$ VIRTUAL_ENV_PROMPT=(venv-ardupilot) /usr/bin/cmake --install /home/maul/ws_kinclong_nav/build/multirobot_map_merge
