[0.018s] Invoking command in '/home/maul/ws_kinclong_nav/build/kinclong_nav': CMAKE_PREFIX_PATH=${CMAKE_PREFIX_PATH}:/home/maul/ROS_NAVIGATION/install/multirobot_map_merge:/home/maul/ROS_NAVIGATION/install/explore_lite:/home/maul/ROS_NAVIGATION/install/bme_ros2_navigation_py:/home/maul/ROS_NAVIGATION/install/bme_ros2_navigation:/opt/ros/jazzy DEBUGINFOD_URLS=https://debuginfod.ubuntu.com PS1=\[\e]0;\u@\h: \w\a\]${debian_chroot:+($debian_chroot)}\[\033[01;32m\]\u@\h\[\033[00m\]:\[\033[01;34m\]\w\[\033[00m\]\$ VIRTUAL_ENV_PROMPT=(venv-ardupilot) /usr/bin/cmake --build /home/maul/ws_kinclong_nav/build/kinclong_nav -- -j8 -l8
[0.058s] Invoked command in '/home/maul/ws_kinclong_nav/build/kinclong_nav' returned '0': CMAKE_PREFIX_PATH=${CMAKE_PREFIX_PATH}:/home/maul/ROS_NAVIGATION/install/multirobot_map_merge:/home/maul/ROS_NAVIGATION/install/explore_lite:/home/maul/ROS_NAVIGATION/install/bme_ros2_navigation_py:/home/maul/ROS_NAVIGATION/install/bme_ros2_navigation:/opt/ros/jazzy DEBUGINFOD_URLS=https://debuginfod.ubuntu.com PS1=\[\e]0;\u@\h: \w\a\]${debian_chroot:+($debian_chroot)}\[\033[01;32m\]\u@\h\[\033[00m\]:\[\033[01;34m\]\w\[\033[00m\]\$ VIRTUAL_ENV_PROMPT=(venv-ardupilot) /usr/bin/cmake --build /home/maul/ws_kinclong_nav/build/kinclong_nav -- -j8 -l8
[0.072s] Invoking command in '/home/maul/ws_kinclong_nav/build/kinclong_nav': CMAKE_PREFIX_PATH=${CMAKE_PREFIX_PATH}:/home/maul/ROS_NAVIGATION/install/multirobot_map_merge:/home/maul/ROS_NAVIGATION/install/explore_lite:/home/maul/ROS_NAVIGATION/install/bme_ros2_navigation_py:/home/maul/ROS_NAVIGATION/install/bme_ros2_navigation:/opt/ros/jazzy DEBUGINFOD_URLS=https://debuginfod.ubuntu.com PS1=\[\e]0;\u@\h: \w\a\]${debian_chroot:+($debian_chroot)}\[\033[01;32m\]\u@\h\[\033[00m\]:\[\033[01;34m\]\w\[\033[00m\]\$ VIRTUAL_ENV_PROMPT=(venv-ardupilot) /usr/bin/cmake --install /home/maul/ws_kinclong_nav/build/kinclong_nav
[0.086s] -- Install configuration: ""
[0.086s] -- Up-to-date: /home/maul/ws_kinclong_nav/install/kinclong_nav/share/kinclong_nav/launch
[0.087s] -- Up-to-date: /home/maul/ws_kinclong_nav/install/kinclong_nav/share/kinclong_nav/launch/mapping.launch.py
[0.087s] -- Up-to-date: /home/maul/ws_kinclong_nav/install/kinclong_nav/share/kinclong_nav/launch/navigation.launch.py
[0.087s] -- Up-to-date: /home/maul/ws_kinclong_nav/install/kinclong_nav/share/kinclong_nav/launch/check_urdf.launch.py
[0.087s] -- Up-to-date: /home/maul/ws_kinclong_nav/install/kinclong_nav/share/kinclong_nav/launch/spawn_robot.launch.py
[0.087s] -- Up-to-date: /home/maul/ws_kinclong_nav/install/kinclong_nav/share/kinclong_nav/launch/localization_slam_toolbox.launch.py
[0.087s] -- Up-to-date: /home/maul/ws_kinclong_nav/install/kinclong_nav/share/kinclong_nav/launch/navigation_with_slam.launch.py
[0.087s] -- Up-to-date: /home/maul/ws_kinclong_nav/install/kinclong_nav/share/kinclong_nav/launch/world.launch.py
[0.087s] -- Up-to-date: /home/maul/ws_kinclong_nav/install/kinclong_nav/share/kinclong_nav/launch/localization.launch.py
[0.088s] -- Up-to-date: /home/maul/ws_kinclong_nav/install/kinclong_nav/share/kinclong_nav/worlds
[0.088s] -- Up-to-date: /home/maul/ws_kinclong_nav/install/kinclong_nav/share/kinclong_nav/worlds/obstacles.sdf
[0.088s] -- Up-to-date: /home/maul/ws_kinclong_nav/install/kinclong_nav/share/kinclong_nav/worlds/room.sdf
[0.088s] -- Up-to-date: /home/maul/ws_kinclong_nav/install/kinclong_nav/share/kinclong_nav/worlds/empty.sdf
[0.088s] -- Up-to-date: /home/maul/ws_kinclong_nav/install/kinclong_nav/share/kinclong_nav/worlds/home.sdf
[0.088s] -- Up-to-date: /home/maul/ws_kinclong_nav/install/kinclong_nav/share/kinclong_nav/rviz
[0.088s] -- Up-to-date: /home/maul/ws_kinclong_nav/install/kinclong_nav/share/kinclong_nav/rviz/navigation.rviz
[0.089s] -- Up-to-date: /home/maul/ws_kinclong_nav/install/kinclong_nav/share/kinclong_nav/rviz/rviz.rviz
[0.091s] -- Up-to-date: /home/maul/ws_kinclong_nav/install/kinclong_nav/share/kinclong_nav/rviz/localization.rviz
[0.091s] -- Up-to-date: /home/maul/ws_kinclong_nav/install/kinclong_nav/share/kinclong_nav/rviz/mapping.rviz
[0.091s] -- Up-to-date: /home/maul/ws_kinclong_nav/install/kinclong_nav/share/kinclong_nav/rviz/urdf.rviz
[0.091s] -- Up-to-date: /home/maul/ws_kinclong_nav/install/kinclong_nav/share/kinclong_nav/urdf
[0.091s] -- Up-to-date: /home/maul/ws_kinclong_nav/install/kinclong_nav/share/kinclong_nav/urdf/mogi_bot.urdf
[0.091s] -- Up-to-date: /home/maul/ws_kinclong_nav/install/kinclong_nav/share/kinclong_nav/urdf/mogi_bot.gazebo
[0.092s] -- Up-to-date: /home/maul/ws_kinclong_nav/install/kinclong_nav/share/kinclong_nav/urdf/materials.xacro
[0.092s] -- Up-to-date: /home/maul/ws_kinclong_nav/install/kinclong_nav/share/kinclong_nav/meshes
[0.092s] -- Up-to-date: /home/maul/ws_kinclong_nav/install/kinclong_nav/share/kinclong_nav/meshes/body.dae
[0.092s] -- Up-to-date: /home/maul/ws_kinclong_nav/install/kinclong_nav/share/kinclong_nav/meshes/rpLiDAR.dae
[0.092s] -- Up-to-date: /home/maul/ws_kinclong_nav/install/kinclong_nav/share/kinclong_nav/meshes/lidar.stl
[0.092s] -- Up-to-date: /home/maul/ws_kinclong_nav/install/kinclong_nav/share/kinclong_nav/meshes/roda.stl
[0.092s] -- Up-to-date: /home/maul/ws_kinclong_nav/install/kinclong_nav/share/kinclong_nav/meshes/body.stl
[0.092s] -- Up-to-date: /home/maul/ws_kinclong_nav/install/kinclong_nav/share/kinclong_nav/meshes/rescaled_lidar.dae
[0.093s] -- Up-to-date: /home/maul/ws_kinclong_nav/install/kinclong_nav/share/kinclong_nav/meshes/rescaled_body.dae
[0.093s] -- Up-to-date: /home/maul/ws_kinclong_nav/install/kinclong_nav/share/kinclong_nav/meshes/roda.dae
[0.093s] -- Up-to-date: /home/maul/ws_kinclong_nav/install/kinclong_nav/share/kinclong_nav/meshes/rescaled_roda.dae
[0.093s] -- Up-to-date: /home/maul/ws_kinclong_nav/install/kinclong_nav/share/kinclong_nav/config
[0.093s] -- Up-to-date: /home/maul/ws_kinclong_nav/install/kinclong_nav/share/kinclong_nav/config/slam_toolbox_localization.yaml
[0.093s] -- Up-to-date: /home/maul/ws_kinclong_nav/install/kinclong_nav/share/kinclong_nav/config/ekf.yaml
[0.094s] -- Up-to-date: /home/maul/ws_kinclong_nav/install/kinclong_nav/share/kinclong_nav/config/amcl_localization.yaml
[0.094s] -- Up-to-date: /home/maul/ws_kinclong_nav/install/kinclong_nav/share/kinclong_nav/config/waypoints.yaml
[0.094s] -- Up-to-date: /home/maul/ws_kinclong_nav/install/kinclong_nav/share/kinclong_nav/config/navigation.yaml
[0.094s] -- Up-to-date: /home/maul/ws_kinclong_nav/install/kinclong_nav/share/kinclong_nav/config/slam_toolbox_mapping.yaml
[0.094s] -- Up-to-date: /home/maul/ws_kinclong_nav/install/kinclong_nav/share/kinclong_nav/config/gz_bridge.yaml
[0.094s] -- Up-to-date: /home/maul/ws_kinclong_nav/install/kinclong_nav/share/kinclong_nav/maps
[0.094s] -- Up-to-date: /home/maul/ws_kinclong_nav/install/kinclong_nav/share/kinclong_nav/maps/test1Serial.posegraph
[0.095s] -- Up-to-date: /home/maul/ws_kinclong_nav/install/kinclong_nav/share/kinclong_nav/maps/my_map.pgm
[0.095s] -- Up-to-date: /home/maul/ws_kinclong_nav/install/kinclong_nav/share/kinclong_nav/maps/room2.pgm
[0.095s] -- Up-to-date: /home/maul/ws_kinclong_nav/install/kinclong_nav/share/kinclong_nav/maps/room2Seial.data
[0.095s] -- Up-to-date: /home/maul/ws_kinclong_nav/install/kinclong_nav/share/kinclong_nav/maps/test1Serial.data
[0.095s] -- Up-to-date: /home/maul/ws_kinclong_nav/install/kinclong_nav/share/kinclong_nav/maps/test1map.yaml
[0.095s] -- Up-to-date: /home/maul/ws_kinclong_nav/install/kinclong_nav/share/kinclong_nav/maps/serialized.data
[0.095s] -- Up-to-date: /home/maul/ws_kinclong_nav/install/kinclong_nav/share/kinclong_nav/maps/room2Seial.posegraph
[0.096s] -- Up-to-date: /home/maul/ws_kinclong_nav/install/kinclong_nav/share/kinclong_nav/maps/serialized.posegraph
[0.096s] -- Up-to-date: /home/maul/ws_kinclong_nav/install/kinclong_nav/share/kinclong_nav/maps/my_map.yaml
[0.096s] -- Up-to-date: /home/maul/ws_kinclong_nav/install/kinclong_nav/share/kinclong_nav/maps/test1map.pgm
[0.096s] -- Up-to-date: /home/maul/ws_kinclong_nav/install/kinclong_nav/share/kinclong_nav/maps/room2.yaml
[0.096s] -- Up-to-date: /home/maul/ws_kinclong_nav/install/kinclong_nav/share/ament_index/resource_index/package_run_dependencies/kinclong_nav
[0.096s] -- Up-to-date: /home/maul/ws_kinclong_nav/install/kinclong_nav/share/ament_index/resource_index/parent_prefix_path/kinclong_nav
[0.096s] -- Up-to-date: /home/maul/ws_kinclong_nav/install/kinclong_nav/share/kinclong_nav/environment/ament_prefix_path.sh
[0.097s] -- Up-to-date: /home/maul/ws_kinclong_nav/install/kinclong_nav/share/kinclong_nav/environment/ament_prefix_path.dsv
[0.097s] -- Up-to-date: /home/maul/ws_kinclong_nav/install/kinclong_nav/share/kinclong_nav/environment/path.sh
[0.097s] -- Up-to-date: /home/maul/ws_kinclong_nav/install/kinclong_nav/share/kinclong_nav/environment/path.dsv
[0.098s] -- Up-to-date: /home/maul/ws_kinclong_nav/install/kinclong_nav/share/kinclong_nav/local_setup.bash
[0.101s] -- Up-to-date: /home/maul/ws_kinclong_nav/install/kinclong_nav/share/kinclong_nav/local_setup.sh
[0.101s] -- Up-to-date: /home/maul/ws_kinclong_nav/install/kinclong_nav/share/kinclong_nav/local_setup.zsh
[0.102s] -- Up-to-date: /home/maul/ws_kinclong_nav/install/kinclong_nav/share/kinclong_nav/local_setup.dsv
[0.102s] -- Installing: /home/maul/ws_kinclong_nav/install/kinclong_nav/share/kinclong_nav/package.dsv
[0.103s] -- Up-to-date: /home/maul/ws_kinclong_nav/install/kinclong_nav/share/ament_index/resource_index/packages/kinclong_nav
[0.103s] -- Up-to-date: /home/maul/ws_kinclong_nav/install/kinclong_nav/share/kinclong_nav/cmake/kinclong_navConfig.cmake
[0.103s] -- Up-to-date: /home/maul/ws_kinclong_nav/install/kinclong_nav/share/kinclong_nav/cmake/kinclong_navConfig-version.cmake
[0.103s] -- Up-to-date: /home/maul/ws_kinclong_nav/install/kinclong_nav/share/kinclong_nav/package.xml
[0.104s] Invoked command in '/home/maul/ws_kinclong_nav/build/kinclong_nav' returned '0': CMAKE_PREFIX_PATH=${CMAKE_PREFIX_PATH}:/home/maul/ROS_NAVIGATION/install/multirobot_map_merge:/home/maul/ROS_NAVIGATION/install/explore_lite:/home/maul/ROS_NAVIGATION/install/bme_ros2_navigation_py:/home/maul/ROS_NAVIGATION/install/bme_ros2_navigation:/opt/ros/jazzy DEBUGINFOD_URLS=https://debuginfod.ubuntu.com PS1=\[\e]0;\u@\h: \w\a\]${debian_chroot:+($debian_chroot)}\[\033[01;32m\]\u@\h\[\033[00m\]:\[\033[01;34m\]\w\[\033[00m\]\$ VIRTUAL_ENV_PROMPT=(venv-ardupilot) /usr/bin/cmake --install /home/maul/ws_kinclong_nav/build/kinclong_nav
