[0.035s] Invoking command in '/home/maul/ws_kinclong_nav/build/kinclong_nav': CMAKE_PREFIX_PATH=${CMAKE_PREFIX_PATH}:/opt/ros/jazzy DEBUGINFOD_URLS=https://debuginfod.ubuntu.com PS1=\[\e]0;\u@\h: \w\a\]${debian_chroot:+($debian_chroot)}\[\033[01;32m\]\u@\h\[\033[00m\]:\[\033[01;34m\]\w\[\033[00m\]\$ VIRTUAL_ENV_PROMPT=(venv-ardupilot) /usr/bin/cmake --build /home/maul/ws_kinclong_nav/build/kinclong_nav -- -j8 -l8
[0.107s] Invoked command in '/home/maul/ws_kinclong_nav/build/kinclong_nav' returned '0': CMAKE_PREFIX_PATH=${CMAKE_PREFIX_PATH}:/opt/ros/jazzy DEBUGINFOD_URLS=https://debuginfod.ubuntu.com PS1=\[\e]0;\u@\h: \w\a\]${debian_chroot:+($debian_chroot)}\[\033[01;32m\]\u@\h\[\033[00m\]:\[\033[01;34m\]\w\[\033[00m\]\$ VIRTUAL_ENV_PROMPT=(venv-ardupilot) /usr/bin/cmake --build /home/maul/ws_kinclong_nav/build/kinclong_nav -- -j8 -l8
[0.134s] Invoking command in '/home/maul/ws_kinclong_nav/build/kinclong_nav': CMAKE_PREFIX_PATH=${CMAKE_PREFIX_PATH}:/opt/ros/jazzy DEBUGINFOD_URLS=https://debuginfod.ubuntu.com PS1=\[\e]0;\u@\h: \w\a\]${debian_chroot:+($debian_chroot)}\[\033[01;32m\]\u@\h\[\033[00m\]:\[\033[01;34m\]\w\[\033[00m\]\$ VIRTUAL_ENV_PROMPT=(venv-ardupilot) /usr/bin/cmake --install /home/maul/ws_kinclong_nav/build/kinclong_nav
[0.160s] -- Install configuration: ""
[0.162s] -- Up-to-date: /home/maul/ws_kinclong_nav/install/kinclong_nav/share/kinclong_nav/launch
[0.163s] -- Up-to-date: /home/maul/ws_kinclong_nav/install/kinclong_nav/share/kinclong_nav/launch/mapping.launch.py
[0.164s] -- Up-to-date: /home/maul/ws_kinclong_nav/install/kinclong_nav/share/kinclong_nav/launch/navigation.launch.py
[0.164s] -- Up-to-date: /home/maul/ws_kinclong_nav/install/kinclong_nav/share/kinclong_nav/launch/check_urdf.launch.py
[0.164s] -- Up-to-date: /home/maul/ws_kinclong_nav/install/kinclong_nav/share/kinclong_nav/launch/spawn_robot.launch.py
[0.165s] -- Up-to-date: /home/maul/ws_kinclong_nav/install/kinclong_nav/share/kinclong_nav/launch/localization_slam_toolbox.launch.py
[0.165s] -- Up-to-date: /home/maul/ws_kinclong_nav/install/kinclong_nav/share/kinclong_nav/launch/navigation_with_slam.launch.py
[0.167s] -- Up-to-date: /home/maul/ws_kinclong_nav/install/kinclong_nav/share/kinclong_nav/launch/world.launch.py
[0.167s] -- Up-to-date: /home/maul/ws_kinclong_nav/install/kinclong_nav/share/kinclong_nav/launch/localization.launch.py
[0.169s] -- Up-to-date: /home/maul/ws_kinclong_nav/install/kinclong_nav/share/kinclong_nav/worlds
[0.171s] -- Up-to-date: /home/maul/ws_kinclong_nav/install/kinclong_nav/share/kinclong_nav/worlds/obstacles.sdf
[0.171s] -- Up-to-date: /home/maul/ws_kinclong_nav/install/kinclong_nav/share/kinclong_nav/worlds/room.sdf
[0.171s] -- Up-to-date: /home/maul/ws_kinclong_nav/install/kinclong_nav/share/kinclong_nav/worlds/empty.sdf
[0.172s] -- Up-to-date: /home/maul/ws_kinclong_nav/install/kinclong_nav/share/kinclong_nav/worlds/home.sdf
[0.172s] -- Up-to-date: /home/maul/ws_kinclong_nav/install/kinclong_nav/share/kinclong_nav/rviz
[0.172s] -- Up-to-date: /home/maul/ws_kinclong_nav/install/kinclong_nav/share/kinclong_nav/rviz/navigation.rviz
[0.173s] -- Up-to-date: /home/maul/ws_kinclong_nav/install/kinclong_nav/share/kinclong_nav/rviz/rviz.rviz
[0.173s] -- Up-to-date: /home/maul/ws_kinclong_nav/install/kinclong_nav/share/kinclong_nav/rviz/localization.rviz
[0.173s] -- Up-to-date: /home/maul/ws_kinclong_nav/install/kinclong_nav/share/kinclong_nav/rviz/mapping.rviz
[0.174s] -- Up-to-date: /home/maul/ws_kinclong_nav/install/kinclong_nav/share/kinclong_nav/rviz/urdf.rviz
[0.174s] -- Up-to-date: /home/maul/ws_kinclong_nav/install/kinclong_nav/share/kinclong_nav/urdf
[0.174s] -- Installing: /home/maul/ws_kinclong_nav/install/kinclong_nav/share/kinclong_nav/urdf/mogi_bot.urdf
[0.175s] -- Up-to-date: /home/maul/ws_kinclong_nav/install/kinclong_nav/share/kinclong_nav/urdf/mogi_bot.gazebo
[0.176s] -- Up-to-date: /home/maul/ws_kinclong_nav/install/kinclong_nav/share/kinclong_nav/urdf/materials.xacro
[0.176s] -- Up-to-date: /home/maul/ws_kinclong_nav/install/kinclong_nav/share/kinclong_nav/meshes
[0.176s] -- Up-to-date: /home/maul/ws_kinclong_nav/install/kinclong_nav/share/kinclong_nav/meshes/body.dae
[0.177s] -- Up-to-date: /home/maul/ws_kinclong_nav/install/kinclong_nav/share/kinclong_nav/meshes/rpLiDAR.dae
[0.178s] -- Up-to-date: /home/maul/ws_kinclong_nav/install/kinclong_nav/share/kinclong_nav/meshes/lidar.stl
[0.178s] -- Up-to-date: /home/maul/ws_kinclong_nav/install/kinclong_nav/share/kinclong_nav/meshes/roda.stl
[0.179s] -- Up-to-date: /home/maul/ws_kinclong_nav/install/kinclong_nav/share/kinclong_nav/meshes/body.stl
[0.180s] -- Up-to-date: /home/maul/ws_kinclong_nav/install/kinclong_nav/share/kinclong_nav/meshes/rescaled_lidar.dae
[0.180s] -- Up-to-date: /home/maul/ws_kinclong_nav/install/kinclong_nav/share/kinclong_nav/meshes/rescaled_body.dae
[0.180s] -- Up-to-date: /home/maul/ws_kinclong_nav/install/kinclong_nav/share/kinclong_nav/meshes/roda.dae
[0.180s] -- Up-to-date: /home/maul/ws_kinclong_nav/install/kinclong_nav/share/kinclong_nav/meshes/rescaled_roda.dae
[0.181s] -- Up-to-date: /home/maul/ws_kinclong_nav/install/kinclong_nav/share/kinclong_nav/config
[0.181s] -- Up-to-date: /home/maul/ws_kinclong_nav/install/kinclong_nav/share/kinclong_nav/config/slam_toolbox_localization.yaml
[0.182s] -- Up-to-date: /home/maul/ws_kinclong_nav/install/kinclong_nav/share/kinclong_nav/config/ekf.yaml
[0.182s] -- Up-to-date: /home/maul/ws_kinclong_nav/install/kinclong_nav/share/kinclong_nav/config/amcl_localization.yaml
[0.183s] -- Up-to-date: /home/maul/ws_kinclong_nav/install/kinclong_nav/share/kinclong_nav/config/waypoints.yaml
[0.184s] -- Up-to-date: /home/maul/ws_kinclong_nav/install/kinclong_nav/share/kinclong_nav/config/navigation.yaml
[0.185s] -- Up-to-date: /home/maul/ws_kinclong_nav/install/kinclong_nav/share/kinclong_nav/config/slam_toolbox_mapping.yaml
[0.186s] -- Up-to-date: /home/maul/ws_kinclong_nav/install/kinclong_nav/share/kinclong_nav/config/gz_bridge.yaml
[0.186s] -- Up-to-date: /home/maul/ws_kinclong_nav/install/kinclong_nav/share/kinclong_nav/maps
[0.187s] -- Up-to-date: /home/maul/ws_kinclong_nav/install/kinclong_nav/share/kinclong_nav/maps/test1Serial.posegraph
[0.187s] -- Up-to-date: /home/maul/ws_kinclong_nav/install/kinclong_nav/share/kinclong_nav/maps/my_map.pgm
[0.187s] -- Up-to-date: /home/maul/ws_kinclong_nav/install/kinclong_nav/share/kinclong_nav/maps/room2.pgm
[0.190s] -- Up-to-date: /home/maul/ws_kinclong_nav/install/kinclong_nav/share/kinclong_nav/maps/room2Seial.data
[0.195s] -- Up-to-date: /home/maul/ws_kinclong_nav/install/kinclong_nav/share/kinclong_nav/maps/test1Serial.data
[0.195s] -- Up-to-date: /home/maul/ws_kinclong_nav/install/kinclong_nav/share/kinclong_nav/maps/test1map.yaml
[0.196s] -- Up-to-date: /home/maul/ws_kinclong_nav/install/kinclong_nav/share/kinclong_nav/maps/serialized.data
[0.197s] -- Up-to-date: /home/maul/ws_kinclong_nav/install/kinclong_nav/share/kinclong_nav/maps/room2Seial.posegraph
[0.197s] -- Up-to-date: /home/maul/ws_kinclong_nav/install/kinclong_nav/share/kinclong_nav/maps/serialized.posegraph
[0.198s] -- Up-to-date: /home/maul/ws_kinclong_nav/install/kinclong_nav/share/kinclong_nav/maps/my_map.yaml
[0.198s] -- Up-to-date: /home/maul/ws_kinclong_nav/install/kinclong_nav/share/kinclong_nav/maps/test1map.pgm
[0.198s] -- Up-to-date: /home/maul/ws_kinclong_nav/install/kinclong_nav/share/kinclong_nav/maps/room2.yaml
[0.199s] -- Up-to-date: /home/maul/ws_kinclong_nav/install/kinclong_nav/share/ament_index/resource_index/package_run_dependencies/kinclong_nav
[0.200s] -- Up-to-date: /home/maul/ws_kinclong_nav/install/kinclong_nav/share/ament_index/resource_index/parent_prefix_path/kinclong_nav
[0.200s] -- Up-to-date: /home/maul/ws_kinclong_nav/install/kinclong_nav/share/kinclong_nav/environment/ament_prefix_path.sh
[0.201s] -- Up-to-date: /home/maul/ws_kinclong_nav/install/kinclong_nav/share/kinclong_nav/environment/ament_prefix_path.dsv
[0.201s] -- Up-to-date: /home/maul/ws_kinclong_nav/install/kinclong_nav/share/kinclong_nav/environment/path.sh
[0.201s] -- Up-to-date: /home/maul/ws_kinclong_nav/install/kinclong_nav/share/kinclong_nav/environment/path.dsv
[0.201s] -- Up-to-date: /home/maul/ws_kinclong_nav/install/kinclong_nav/share/kinclong_nav/local_setup.bash
[0.202s] -- Up-to-date: /home/maul/ws_kinclong_nav/install/kinclong_nav/share/kinclong_nav/local_setup.sh
[0.202s] -- Up-to-date: /home/maul/ws_kinclong_nav/install/kinclong_nav/share/kinclong_nav/local_setup.zsh
[0.202s] -- Up-to-date: /home/maul/ws_kinclong_nav/install/kinclong_nav/share/kinclong_nav/local_setup.dsv
[0.203s] -- Installing: /home/maul/ws_kinclong_nav/install/kinclong_nav/share/kinclong_nav/package.dsv
[0.203s] -- Up-to-date: /home/maul/ws_kinclong_nav/install/kinclong_nav/share/ament_index/resource_index/packages/kinclong_nav
[0.204s] -- Up-to-date: /home/maul/ws_kinclong_nav/install/kinclong_nav/share/kinclong_nav/cmake/kinclong_navConfig.cmake
[0.204s] -- Up-to-date: /home/maul/ws_kinclong_nav/install/kinclong_nav/share/kinclong_nav/cmake/kinclong_navConfig-version.cmake
[0.204s] -- Up-to-date: /home/maul/ws_kinclong_nav/install/kinclong_nav/share/kinclong_nav/package.xml
[0.205s] Invoked command in '/home/maul/ws_kinclong_nav/build/kinclong_nav' returned '0': CMAKE_PREFIX_PATH=${CMAKE_PREFIX_PATH}:/opt/ros/jazzy DEBUGINFOD_URLS=https://debuginfod.ubuntu.com PS1=\[\e]0;\u@\h: \w\a\]${debian_chroot:+($debian_chroot)}\[\033[01;32m\]\u@\h\[\033[00m\]:\[\033[01;34m\]\w\[\033[00m\]\$ VIRTUAL_ENV_PROMPT=(venv-ardupilot) /usr/bin/cmake --install /home/maul/ws_kinclong_nav/build/kinclong_nav
