[0.254s] DEBUG:colcon:Command line arguments: ['/usr/bin/colcon', 'build']
[0.254s] DEBUG:colcon:Parsed command line arguments: Namespace(log_base=None, log_level=None, verb_name='build', build_base='build', install_base='install', merge_install=False, symlink_install=False, test_result_base=None, continue_on_error=False, executor='parallel', parallel_workers=8, event_handlers=None, ignore_user_meta=False, metas=['./colcon.meta'], base_paths=['.'], packages_ignore=None, packages_ignore_regex=None, paths=None, packages_up_to=None, packages_up_to_regex=None, packages_above=None, packages_above_and_dependencies=None, packages_above_depth=None, packages_select_by_dep=None, packages_skip_by_dep=None, packages_skip_up_to=None, packages_select_build_failed=False, packages_skip_build_finished=False, packages_select_test_failures=False, packages_skip_test_passed=False, packages_select=None, packages_skip=None, packages_select_regex=None, packages_skip_regex=None, packages_start=None, packages_end=None, allow_overriding=[], cmake_args=None, cmake_target=None, cmake_target_skip_unavailable=False, cmake_clean_cache=False, cmake_clean_first=False, cmake_force_configure=False, ament_cmake_args=None, catkin_cmake_args=None, catkin_skip_building_tests=False, mixin_files=None, mixin=None, verb_parser=<colcon_mixin.mixin.mixin_argument.MixinArgumentDecorator object at 0x7e0465ecb0e0>, verb_extension=<colcon_core.verb.build.BuildVerb object at 0x7e0465ecaa50>, main=<bound method BuildVerb.main of <colcon_core.verb.build.BuildVerb object at 0x7e0465ecaa50>>, mixin_verb=('build',))
[0.334s] Level 1:colcon.colcon_core.package_discovery:discover_packages(colcon_meta) check parameters
[0.334s] Level 1:colcon.colcon_core.package_discovery:discover_packages(recursive) check parameters
[0.334s] Level 1:colcon.colcon_core.package_discovery:discover_packages(ignore) check parameters
[0.334s] Level 1:colcon.colcon_core.package_discovery:discover_packages(path) check parameters
[0.334s] Level 1:colcon.colcon_core.package_discovery:discover_packages(colcon_meta) discover
[0.334s] Level 1:colcon.colcon_core.package_discovery:discover_packages(recursive) discover
[0.334s] INFO:colcon.colcon_core.package_discovery:Crawling recursively for packages in '/home/maul/ws_kinclong_nav'
[0.335s] Level 1:colcon.colcon_core.package_identification:_identify(.) by extensions ['ignore', 'ignore_ament_install']
[0.335s] Level 1:colcon.colcon_core.package_identification:_identify(.) by extension 'ignore'
[0.335s] Level 1:colcon.colcon_core.package_identification:_identify(.) by extension 'ignore_ament_install'
[0.335s] Level 1:colcon.colcon_core.package_identification:_identify(.) by extensions ['colcon_pkg']
[0.335s] Level 1:colcon.colcon_core.package_identification:_identify(.) by extension 'colcon_pkg'
[0.335s] Level 1:colcon.colcon_core.package_identification:_identify(.) by extensions ['colcon_meta']
[0.336s] Level 1:colcon.colcon_core.package_identification:_identify(.) by extension 'colcon_meta'
[0.336s] Level 1:colcon.colcon_core.package_identification:_identify(.) by extensions ['ros']
[0.336s] Level 1:colcon.colcon_core.package_identification:_identify(.) by extension 'ros'
[0.387s] Level 1:colcon.colcon_core.package_identification:_identify(.) by extensions ['cmake', 'python']
[0.387s] Level 1:colcon.colcon_core.package_identification:_identify(.) by extension 'cmake'
[0.387s] Level 1:colcon.colcon_core.package_identification:_identify(.) by extension 'python'
[0.387s] Level 1:colcon.colcon_core.package_identification:_identify(.) by extensions ['python_setup_py']
[0.387s] Level 1:colcon.colcon_core.package_identification:_identify(.) by extension 'python_setup_py'
[0.387s] Level 1:colcon.colcon_core.package_identification:_identify(build) by extensions ['ignore', 'ignore_ament_install']
[0.387s] Level 1:colcon.colcon_core.package_identification:_identify(build) by extension 'ignore'
[0.387s] Level 1:colcon.colcon_core.package_identification:_identify(build) ignored
[0.388s] Level 1:colcon.colcon_core.package_identification:_identify(install) by extensions ['ignore', 'ignore_ament_install']
[0.388s] Level 1:colcon.colcon_core.package_identification:_identify(install) by extension 'ignore'
[0.388s] Level 1:colcon.colcon_core.package_identification:_identify(install) ignored
[0.388s] Level 1:colcon.colcon_core.package_identification:_identify(kinclong_nav) by extensions ['ignore', 'ignore_ament_install']
[0.388s] Level 1:colcon.colcon_core.package_identification:_identify(kinclong_nav) by extension 'ignore'
[0.388s] Level 1:colcon.colcon_core.package_identification:_identify(kinclong_nav) by extension 'ignore_ament_install'
[0.388s] Level 1:colcon.colcon_core.package_identification:_identify(kinclong_nav) by extensions ['colcon_pkg']
[0.389s] Level 1:colcon.colcon_core.package_identification:_identify(kinclong_nav) by extension 'colcon_pkg'
[0.389s] Level 1:colcon.colcon_core.package_identification:_identify(kinclong_nav) by extensions ['colcon_meta']
[0.389s] Level 1:colcon.colcon_core.package_identification:_identify(kinclong_nav) by extension 'colcon_meta'
[0.389s] Level 1:colcon.colcon_core.package_identification:_identify(kinclong_nav) by extensions ['ros']
[0.389s] Level 1:colcon.colcon_core.package_identification:_identify(kinclong_nav) by extension 'ros'
[0.393s] DEBUG:colcon.colcon_core.package_identification:Package 'kinclong_nav' with type 'ros.ament_cmake' and name 'kinclong_nav'
[0.394s] Level 1:colcon.colcon_core.package_identification:_identify(log) by extensions ['ignore', 'ignore_ament_install']
[0.394s] Level 1:colcon.colcon_core.package_identification:_identify(log) by extension 'ignore'
[0.394s] Level 1:colcon.colcon_core.package_identification:_identify(log) ignored
[0.394s] Level 1:colcon.colcon_core.package_identification:_identify(m-explore-ros2) by extensions ['ignore', 'ignore_ament_install']
[0.395s] Level 1:colcon.colcon_core.package_identification:_identify(m-explore-ros2) by extension 'ignore'
[0.395s] Level 1:colcon.colcon_core.package_identification:_identify(m-explore-ros2) by extension 'ignore_ament_install'
[0.395s] Level 1:colcon.colcon_core.package_identification:_identify(m-explore-ros2) by extensions ['colcon_pkg']
[0.395s] Level 1:colcon.colcon_core.package_identification:_identify(m-explore-ros2) by extension 'colcon_pkg'
[0.395s] Level 1:colcon.colcon_core.package_identification:_identify(m-explore-ros2) by extensions ['colcon_meta']
[0.395s] Level 1:colcon.colcon_core.package_identification:_identify(m-explore-ros2) by extension 'colcon_meta'
[0.395s] Level 1:colcon.colcon_core.package_identification:_identify(m-explore-ros2) by extensions ['ros']
[0.395s] Level 1:colcon.colcon_core.package_identification:_identify(m-explore-ros2) by extension 'ros'
[0.395s] Level 1:colcon.colcon_core.package_identification:_identify(m-explore-ros2) by extensions ['cmake', 'python']
[0.396s] Level 1:colcon.colcon_core.package_identification:_identify(m-explore-ros2) by extension 'cmake'
[0.396s] Level 1:colcon.colcon_core.package_identification:_identify(m-explore-ros2) by extension 'python'
[0.396s] Level 1:colcon.colcon_core.package_identification:_identify(m-explore-ros2) by extensions ['python_setup_py']
[0.396s] Level 1:colcon.colcon_core.package_identification:_identify(m-explore-ros2) by extension 'python_setup_py'
[0.396s] Level 1:colcon.colcon_core.package_identification:_identify(m-explore-ros2/explore) by extensions ['ignore', 'ignore_ament_install']
[0.396s] Level 1:colcon.colcon_core.package_identification:_identify(m-explore-ros2/explore) by extension 'ignore'
[0.396s] Level 1:colcon.colcon_core.package_identification:_identify(m-explore-ros2/explore) by extension 'ignore_ament_install'
[0.397s] Level 1:colcon.colcon_core.package_identification:_identify(m-explore-ros2/explore) by extensions ['colcon_pkg']
[0.397s] Level 1:colcon.colcon_core.package_identification:_identify(m-explore-ros2/explore) by extension 'colcon_pkg'
[0.397s] Level 1:colcon.colcon_core.package_identification:_identify(m-explore-ros2/explore) by extensions ['colcon_meta']
[0.397s] Level 1:colcon.colcon_core.package_identification:_identify(m-explore-ros2/explore) by extension 'colcon_meta'
[0.397s] Level 1:colcon.colcon_core.package_identification:_identify(m-explore-ros2/explore) by extensions ['ros']
[0.397s] Level 1:colcon.colcon_core.package_identification:_identify(m-explore-ros2/explore) by extension 'ros'
[0.399s] DEBUG:colcon.colcon_core.package_identification:Package 'm-explore-ros2/explore' with type 'ros.ament_cmake' and name 'explore_lite'
[0.400s] Level 1:colcon.colcon_core.package_identification:_identify(m-explore-ros2/map_merge) by extensions ['ignore', 'ignore_ament_install']
[0.400s] Level 1:colcon.colcon_core.package_identification:_identify(m-explore-ros2/map_merge) by extension 'ignore'
[0.400s] Level 1:colcon.colcon_core.package_identification:_identify(m-explore-ros2/map_merge) by extension 'ignore_ament_install'
[0.400s] Level 1:colcon.colcon_core.package_identification:_identify(m-explore-ros2/map_merge) by extensions ['colcon_pkg']
[0.400s] Level 1:colcon.colcon_core.package_identification:_identify(m-explore-ros2/map_merge) by extension 'colcon_pkg'
[0.400s] Level 1:colcon.colcon_core.package_identification:_identify(m-explore-ros2/map_merge) by extensions ['colcon_meta']
[0.400s] Level 1:colcon.colcon_core.package_identification:_identify(m-explore-ros2/map_merge) by extension 'colcon_meta'
[0.400s] Level 1:colcon.colcon_core.package_identification:_identify(m-explore-ros2/map_merge) by extensions ['ros']
[0.400s] Level 1:colcon.colcon_core.package_identification:_identify(m-explore-ros2/map_merge) by extension 'ros'
[0.402s] DEBUG:colcon.colcon_core.package_identification:Package 'm-explore-ros2/map_merge' with type 'ros.ament_cmake' and name 'multirobot_map_merge'
[0.402s] Level 1:colcon.colcon_core.package_discovery:discover_packages(recursive) using defaults
[0.402s] Level 1:colcon.colcon_core.package_discovery:discover_packages(ignore) discover
[0.402s] Level 1:colcon.colcon_core.package_discovery:discover_packages(ignore) using defaults
[0.402s] Level 1:colcon.colcon_core.package_discovery:discover_packages(path) discover
[0.403s] Level 1:colcon.colcon_core.package_discovery:discover_packages(path) using defaults
[0.436s] Level 1:colcon.colcon_core.package_discovery:discover_packages(prefix_path) check parameters
[0.436s] Level 1:colcon.colcon_core.package_discovery:discover_packages(prefix_path) discover
[0.439s] WARNING:colcon.colcon_ros.prefix_path.catkin:The path '/usr/local/include/mavlink' in the environment variable CMAKE_PREFIX_PATH doesn't exist
[0.439s] WARNING:colcon.colcon_ros.prefix_path.catkin:The path '/usr/local/share/mavlink/cmake' in the environment variable CMAKE_PREFIX_PATH doesn't exist
[0.440s] DEBUG:colcon.colcon_installed_package_information.package_discovery:Found 3 installed packages in /home/maul/ws_kinclong_nav/install
[0.441s] DEBUG:colcon.colcon_installed_package_information.package_discovery:Found 4 installed packages in /home/maul/ROS_NAVIGATION/install
[0.442s] DEBUG:colcon.colcon_installed_package_information.package_discovery:Found 1 installed packages in /home/maul/simulation_learning/sim_ws/install
[0.446s] DEBUG:colcon.colcon_installed_package_information.package_discovery:Found 424 installed packages in /opt/ros/jazzy
[0.449s] Level 1:colcon.colcon_core.package_discovery:discover_packages(prefix_path) using defaults
[0.569s] Level 5:colcon.colcon_core.verb:set package 'explore_lite' build argument 'cmake_args' from command line to 'None'
[0.569s] Level 5:colcon.colcon_core.verb:set package 'explore_lite' build argument 'cmake_target' from command line to 'None'
[0.569s] Level 5:colcon.colcon_core.verb:set package 'explore_lite' build argument 'cmake_target_skip_unavailable' from command line to 'False'
[0.569s] Level 5:colcon.colcon_core.verb:set package 'explore_lite' build argument 'cmake_clean_cache' from command line to 'False'
[0.569s] Level 5:colcon.colcon_core.verb:set package 'explore_lite' build argument 'cmake_clean_first' from command line to 'False'
[0.569s] Level 5:colcon.colcon_core.verb:set package 'explore_lite' build argument 'cmake_force_configure' from command line to 'False'
[0.569s] Level 5:colcon.colcon_core.verb:set package 'explore_lite' build argument 'ament_cmake_args' from command line to 'None'
[0.569s] Level 5:colcon.colcon_core.verb:set package 'explore_lite' build argument 'catkin_cmake_args' from command line to 'None'
[0.569s] Level 5:colcon.colcon_core.verb:set package 'explore_lite' build argument 'catkin_skip_building_tests' from command line to 'False'
[0.569s] DEBUG:colcon.colcon_core.verb:Building package 'explore_lite' with the following arguments: {'ament_cmake_args': None, 'build_base': '/home/maul/ws_kinclong_nav/build/explore_lite', 'catkin_cmake_args': None, 'catkin_skip_building_tests': False, 'cmake_args': None, 'cmake_clean_cache': False, 'cmake_clean_first': False, 'cmake_force_configure': False, 'cmake_target': None, 'cmake_target_skip_unavailable': False, 'install_base': '/home/maul/ws_kinclong_nav/install/explore_lite', 'merge_install': False, 'path': '/home/maul/ws_kinclong_nav/m-explore-ros2/explore', 'symlink_install': False, 'test_result_base': None}
[0.570s] Level 5:colcon.colcon_core.verb:set package 'kinclong_nav' build argument 'cmake_args' from command line to 'None'
[0.570s] Level 5:colcon.colcon_core.verb:set package 'kinclong_nav' build argument 'cmake_target' from command line to 'None'
[0.570s] Level 5:colcon.colcon_core.verb:set package 'kinclong_nav' build argument 'cmake_target_skip_unavailable' from command line to 'False'
[0.570s] Level 5:colcon.colcon_core.verb:set package 'kinclong_nav' build argument 'cmake_clean_cache' from command line to 'False'
[0.570s] Level 5:colcon.colcon_core.verb:set package 'kinclong_nav' build argument 'cmake_clean_first' from command line to 'False'
[0.570s] Level 5:colcon.colcon_core.verb:set package 'kinclong_nav' build argument 'cmake_force_configure' from command line to 'False'
[0.570s] Level 5:colcon.colcon_core.verb:set package 'kinclong_nav' build argument 'ament_cmake_args' from command line to 'None'
[0.570s] Level 5:colcon.colcon_core.verb:set package 'kinclong_nav' build argument 'catkin_cmake_args' from command line to 'None'
[0.570s] Level 5:colcon.colcon_core.verb:set package 'kinclong_nav' build argument 'catkin_skip_building_tests' from command line to 'False'
[0.570s] DEBUG:colcon.colcon_core.verb:Building package 'kinclong_nav' with the following arguments: {'ament_cmake_args': None, 'build_base': '/home/maul/ws_kinclong_nav/build/kinclong_nav', 'catkin_cmake_args': None, 'catkin_skip_building_tests': False, 'cmake_args': None, 'cmake_clean_cache': False, 'cmake_clean_first': False, 'cmake_force_configure': False, 'cmake_target': None, 'cmake_target_skip_unavailable': False, 'install_base': '/home/maul/ws_kinclong_nav/install/kinclong_nav', 'merge_install': False, 'path': '/home/maul/ws_kinclong_nav/kinclong_nav', 'symlink_install': False, 'test_result_base': None}
[0.571s] Level 5:colcon.colcon_core.verb:set package 'multirobot_map_merge' build argument 'cmake_args' from command line to 'None'
[0.571s] Level 5:colcon.colcon_core.verb:set package 'multirobot_map_merge' build argument 'cmake_target' from command line to 'None'
[0.571s] Level 5:colcon.colcon_core.verb:set package 'multirobot_map_merge' build argument 'cmake_target_skip_unavailable' from command line to 'False'
[0.571s] Level 5:colcon.colcon_core.verb:set package 'multirobot_map_merge' build argument 'cmake_clean_cache' from command line to 'False'
[0.571s] Level 5:colcon.colcon_core.verb:set package 'multirobot_map_merge' build argument 'cmake_clean_first' from command line to 'False'
[0.571s] Level 5:colcon.colcon_core.verb:set package 'multirobot_map_merge' build argument 'cmake_force_configure' from command line to 'False'
[0.571s] Level 5:colcon.colcon_core.verb:set package 'multirobot_map_merge' build argument 'ament_cmake_args' from command line to 'None'
[0.571s] Level 5:colcon.colcon_core.verb:set package 'multirobot_map_merge' build argument 'catkin_cmake_args' from command line to 'None'
[0.571s] Level 5:colcon.colcon_core.verb:set package 'multirobot_map_merge' build argument 'catkin_skip_building_tests' from command line to 'False'
[0.571s] DEBUG:colcon.colcon_core.verb:Building package 'multirobot_map_merge' with the following arguments: {'ament_cmake_args': None, 'build_base': '/home/maul/ws_kinclong_nav/build/multirobot_map_merge', 'catkin_cmake_args': None, 'catkin_skip_building_tests': False, 'cmake_args': None, 'cmake_clean_cache': False, 'cmake_clean_first': False, 'cmake_force_configure': False, 'cmake_target': None, 'cmake_target_skip_unavailable': False, 'install_base': '/home/maul/ws_kinclong_nav/install/multirobot_map_merge', 'merge_install': False, 'path': '/home/maul/ws_kinclong_nav/m-explore-ros2/map_merge', 'symlink_install': False, 'test_result_base': None}
[0.571s] INFO:colcon.colcon_core.executor:Executing jobs using 'parallel' executor
[0.573s] DEBUG:colcon.colcon_parallel_executor.executor.parallel:run_until_complete
[0.573s] INFO:colcon.colcon_ros.task.ament_cmake.build:Building ROS package in '/home/maul/ws_kinclong_nav/m-explore-ros2/explore' with build type 'ament_cmake'
[0.573s] INFO:colcon.colcon_cmake.task.cmake.build:Building CMake package in '/home/maul/ws_kinclong_nav/m-explore-ros2/explore'
[0.577s] INFO:colcon.colcon_core.plugin_system:Skipping extension 'colcon_core.shell.bat': Not used on non-Windows systems
[0.577s] INFO:colcon.colcon_core.shell:Skip shell extension 'powershell' for command environment: Not usable outside of PowerShell
[0.577s] DEBUG:colcon.colcon_core.shell:Skip shell extension 'dsv' for command environment
[0.587s] INFO:colcon.colcon_ros.task.ament_cmake.build:Building ROS package in '/home/maul/ws_kinclong_nav/kinclong_nav' with build type 'ament_cmake'
[0.588s] INFO:colcon.colcon_cmake.task.cmake.build:Building CMake package in '/home/maul/ws_kinclong_nav/kinclong_nav'
[0.588s] INFO:colcon.colcon_core.shell:Skip shell extension 'powershell' for command environment: Not usable outside of PowerShell
[0.588s] DEBUG:colcon.colcon_core.shell:Skip shell extension 'dsv' for command environment
[0.597s] INFO:colcon.colcon_ros.task.ament_cmake.build:Building ROS package in '/home/maul/ws_kinclong_nav/m-explore-ros2/map_merge' with build type 'ament_cmake'
[0.597s] INFO:colcon.colcon_cmake.task.cmake.build:Building CMake package in '/home/maul/ws_kinclong_nav/m-explore-ros2/map_merge'
[0.597s] INFO:colcon.colcon_core.shell:Skip shell extension 'powershell' for command environment: Not usable outside of PowerShell
[0.597s] DEBUG:colcon.colcon_core.shell:Skip shell extension 'dsv' for command environment
[0.616s] DEBUG:colcon.colcon_core.event_handler.log_command:Invoking command in '/home/maul/ws_kinclong_nav/build/explore_lite': CMAKE_PREFIX_PATH=${CMAKE_PREFIX_PATH}:/home/maul/ROS_NAVIGATION/install/multirobot_map_merge:/home/maul/ROS_NAVIGATION/install/explore_lite:/home/maul/ROS_NAVIGATION/install/bme_ros2_navigation_py:/home/maul/ROS_NAVIGATION/install/bme_ros2_navigation:/opt/ros/jazzy DEBUGINFOD_URLS=https://debuginfod.ubuntu.com PS1=\[\e]0;\u@\h: \w\a\]${debian_chroot:+($debian_chroot)}\[\033[01;32m\]\u@\h\[\033[00m\]:\[\033[01;34m\]\w\[\033[00m\]\$ VIRTUAL_ENV_PROMPT=(venv-ardupilot) /usr/bin/cmake --build /home/maul/ws_kinclong_nav/build/explore_lite -- -j8 -l8
[0.622s] DEBUG:colcon.colcon_core.event_handler.log_command:Invoking command in '/home/maul/ws_kinclong_nav/build/kinclong_nav': CMAKE_PREFIX_PATH=${CMAKE_PREFIX_PATH}:/home/maul/ROS_NAVIGATION/install/multirobot_map_merge:/home/maul/ROS_NAVIGATION/install/explore_lite:/home/maul/ROS_NAVIGATION/install/bme_ros2_navigation_py:/home/maul/ROS_NAVIGATION/install/bme_ros2_navigation:/opt/ros/jazzy DEBUGINFOD_URLS=https://debuginfod.ubuntu.com PS1=\[\e]0;\u@\h: \w\a\]${debian_chroot:+($debian_chroot)}\[\033[01;32m\]\u@\h\[\033[00m\]:\[\033[01;34m\]\w\[\033[00m\]\$ VIRTUAL_ENV_PROMPT=(venv-ardupilot) /usr/bin/cmake --build /home/maul/ws_kinclong_nav/build/kinclong_nav -- -j8 -l8
[0.629s] DEBUG:colcon.colcon_core.event_handler.log_command:Invoking command in '/home/maul/ws_kinclong_nav/build/multirobot_map_merge': CMAKE_PREFIX_PATH=${CMAKE_PREFIX_PATH}:/home/maul/ROS_NAVIGATION/install/multirobot_map_merge:/home/maul/ROS_NAVIGATION/install/explore_lite:/home/maul/ROS_NAVIGATION/install/bme_ros2_navigation_py:/home/maul/ROS_NAVIGATION/install/bme_ros2_navigation:/opt/ros/jazzy DEBUGINFOD_URLS=https://debuginfod.ubuntu.com PS1=\[\e]0;\u@\h: \w\a\]${debian_chroot:+($debian_chroot)}\[\033[01;32m\]\u@\h\[\033[00m\]:\[\033[01;34m\]\w\[\033[00m\]\$ VIRTUAL_ENV_PROMPT=(venv-ardupilot) /usr/bin/cmake --build /home/maul/ws_kinclong_nav/build/multirobot_map_merge -- -j8 -l8
[0.696s] DEBUG:colcon.colcon_core.event_handler.log_command:Invoked command in '/home/maul/ws_kinclong_nav/build/kinclong_nav' returned '0': CMAKE_PREFIX_PATH=${CMAKE_PREFIX_PATH}:/home/maul/ROS_NAVIGATION/install/multirobot_map_merge:/home/maul/ROS_NAVIGATION/install/explore_lite:/home/maul/ROS_NAVIGATION/install/bme_ros2_navigation_py:/home/maul/ROS_NAVIGATION/install/bme_ros2_navigation:/opt/ros/jazzy DEBUGINFOD_URLS=https://debuginfod.ubuntu.com PS1=\[\e]0;\u@\h: \w\a\]${debian_chroot:+($debian_chroot)}\[\033[01;32m\]\u@\h\[\033[00m\]:\[\033[01;34m\]\w\[\033[00m\]\$ VIRTUAL_ENV_PROMPT=(venv-ardupilot) /usr/bin/cmake --build /home/maul/ws_kinclong_nav/build/kinclong_nav -- -j8 -l8
[0.719s] DEBUG:colcon.colcon_core.event_handler.log_command:Invoking command in '/home/maul/ws_kinclong_nav/build/kinclong_nav': CMAKE_PREFIX_PATH=${CMAKE_PREFIX_PATH}:/home/maul/ROS_NAVIGATION/install/multirobot_map_merge:/home/maul/ROS_NAVIGATION/install/explore_lite:/home/maul/ROS_NAVIGATION/install/bme_ros2_navigation_py:/home/maul/ROS_NAVIGATION/install/bme_ros2_navigation:/opt/ros/jazzy DEBUGINFOD_URLS=https://debuginfod.ubuntu.com PS1=\[\e]0;\u@\h: \w\a\]${debian_chroot:+($debian_chroot)}\[\033[01;32m\]\u@\h\[\033[00m\]:\[\033[01;34m\]\w\[\033[00m\]\$ VIRTUAL_ENV_PROMPT=(venv-ardupilot) /usr/bin/cmake --install /home/maul/ws_kinclong_nav/build/kinclong_nav
[0.755s] Level 1:colcon.colcon_core.environment:create_environment_scripts_only(kinclong_nav)
[0.767s] DEBUG:colcon.colcon_core.event_handler.log_command:Invoked command in '/home/maul/ws_kinclong_nav/build/kinclong_nav' returned '0': CMAKE_PREFIX_PATH=${CMAKE_PREFIX_PATH}:/home/maul/ROS_NAVIGATION/install/multirobot_map_merge:/home/maul/ROS_NAVIGATION/install/explore_lite:/home/maul/ROS_NAVIGATION/install/bme_ros2_navigation_py:/home/maul/ROS_NAVIGATION/install/bme_ros2_navigation:/opt/ros/jazzy DEBUGINFOD_URLS=https://debuginfod.ubuntu.com PS1=\[\e]0;\u@\h: \w\a\]${debian_chroot:+($debian_chroot)}\[\033[01;32m\]\u@\h\[\033[00m\]:\[\033[01;34m\]\w\[\033[00m\]\$ VIRTUAL_ENV_PROMPT=(venv-ardupilot) /usr/bin/cmake --install /home/maul/ws_kinclong_nav/build/kinclong_nav
[0.770s] Level 1:colcon.colcon_core.environment:checking '/home/maul/ws_kinclong_nav/install/kinclong_nav' for CMake module files
[0.771s] Level 1:colcon.colcon_core.environment:checking '/home/maul/ws_kinclong_nav/install/kinclong_nav' for CMake config files
[0.772s] Level 1:colcon.colcon_core.shell:create_environment_hook('kinclong_nav', 'cmake_prefix_path')
[0.772s] INFO:colcon.colcon_core.shell:Creating environment hook '/home/maul/ws_kinclong_nav/install/kinclong_nav/share/kinclong_nav/hook/cmake_prefix_path.ps1'
[0.773s] INFO:colcon.colcon_core.shell:Creating environment descriptor '/home/maul/ws_kinclong_nav/install/kinclong_nav/share/kinclong_nav/hook/cmake_prefix_path.dsv'
[0.774s] INFO:colcon.colcon_core.shell:Creating environment hook '/home/maul/ws_kinclong_nav/install/kinclong_nav/share/kinclong_nav/hook/cmake_prefix_path.sh'
[0.777s] Level 1:colcon.colcon_core.environment:checking '/home/maul/ws_kinclong_nav/install/kinclong_nav/bin'
[0.777s] Level 1:colcon.colcon_core.environment:checking '/home/maul/ws_kinclong_nav/install/kinclong_nav/lib/pkgconfig/kinclong_nav.pc'
[0.778s] Level 1:colcon.colcon_core.environment:checking '/home/maul/ws_kinclong_nav/install/kinclong_nav/lib/python3.12/site-packages'
[0.778s] Level 1:colcon.colcon_core.environment:checking '/home/maul/ws_kinclong_nav/install/kinclong_nav/bin'
[0.779s] INFO:colcon.colcon_core.shell:Creating package script '/home/maul/ws_kinclong_nav/install/kinclong_nav/share/kinclong_nav/package.ps1'
[0.781s] INFO:colcon.colcon_core.shell:Creating package descriptor '/home/maul/ws_kinclong_nav/install/kinclong_nav/share/kinclong_nav/package.dsv'
[0.782s] INFO:colcon.colcon_core.shell:Creating package script '/home/maul/ws_kinclong_nav/install/kinclong_nav/share/kinclong_nav/package.sh'
[0.784s] INFO:colcon.colcon_core.shell:Creating package script '/home/maul/ws_kinclong_nav/install/kinclong_nav/share/kinclong_nav/package.bash'
[0.786s] INFO:colcon.colcon_core.shell:Creating package script '/home/maul/ws_kinclong_nav/install/kinclong_nav/share/kinclong_nav/package.zsh'
[0.787s] Level 1:colcon.colcon_core.environment:create_file_with_runtime_dependencies(/home/maul/ws_kinclong_nav/install/kinclong_nav/share/colcon-core/packages/kinclong_nav)
[0.788s] Level 1:colcon.colcon_core.environment:create_environment_scripts_only(kinclong_nav)
[0.788s] Level 1:colcon.colcon_core.environment:checking '/home/maul/ws_kinclong_nav/install/kinclong_nav' for CMake module files
[0.789s] Level 1:colcon.colcon_core.environment:checking '/home/maul/ws_kinclong_nav/install/kinclong_nav' for CMake config files
[0.789s] Level 1:colcon.colcon_core.shell:create_environment_hook('kinclong_nav', 'cmake_prefix_path')
[0.790s] INFO:colcon.colcon_core.shell:Creating environment hook '/home/maul/ws_kinclong_nav/install/kinclong_nav/share/kinclong_nav/hook/cmake_prefix_path.ps1'
[0.790s] INFO:colcon.colcon_core.shell:Creating environment descriptor '/home/maul/ws_kinclong_nav/install/kinclong_nav/share/kinclong_nav/hook/cmake_prefix_path.dsv'
[0.791s] INFO:colcon.colcon_core.shell:Creating environment hook '/home/maul/ws_kinclong_nav/install/kinclong_nav/share/kinclong_nav/hook/cmake_prefix_path.sh'
[0.792s] Level 1:colcon.colcon_core.environment:checking '/home/maul/ws_kinclong_nav/install/kinclong_nav/bin'
[0.792s] Level 1:colcon.colcon_core.environment:checking '/home/maul/ws_kinclong_nav/install/kinclong_nav/lib/pkgconfig/kinclong_nav.pc'
[0.793s] Level 1:colcon.colcon_core.environment:checking '/home/maul/ws_kinclong_nav/install/kinclong_nav/lib/python3.12/site-packages'
[0.793s] Level 1:colcon.colcon_core.environment:checking '/home/maul/ws_kinclong_nav/install/kinclong_nav/bin'
[0.794s] INFO:colcon.colcon_core.shell:Creating package script '/home/maul/ws_kinclong_nav/install/kinclong_nav/share/kinclong_nav/package.ps1'
[0.795s] INFO:colcon.colcon_core.shell:Creating package descriptor '/home/maul/ws_kinclong_nav/install/kinclong_nav/share/kinclong_nav/package.dsv'
[0.796s] INFO:colcon.colcon_core.shell:Creating package script '/home/maul/ws_kinclong_nav/install/kinclong_nav/share/kinclong_nav/package.sh'
[0.797s] INFO:colcon.colcon_core.shell:Creating package script '/home/maul/ws_kinclong_nav/install/kinclong_nav/share/kinclong_nav/package.bash'
[0.798s] INFO:colcon.colcon_core.shell:Creating package script '/home/maul/ws_kinclong_nav/install/kinclong_nav/share/kinclong_nav/package.zsh'
[0.798s] Level 1:colcon.colcon_core.environment:create_file_with_runtime_dependencies(/home/maul/ws_kinclong_nav/install/kinclong_nav/share/colcon-core/packages/kinclong_nav)
[0.814s] DEBUG:colcon.colcon_core.event_handler.log_command:Invoked command in '/home/maul/ws_kinclong_nav/build/explore_lite' returned '0': CMAKE_PREFIX_PATH=${CMAKE_PREFIX_PATH}:/home/maul/ROS_NAVIGATION/install/multirobot_map_merge:/home/maul/ROS_NAVIGATION/install/explore_lite:/home/maul/ROS_NAVIGATION/install/bme_ros2_navigation_py:/home/maul/ROS_NAVIGATION/install/bme_ros2_navigation:/opt/ros/jazzy DEBUGINFOD_URLS=https://debuginfod.ubuntu.com PS1=\[\e]0;\u@\h: \w\a\]${debian_chroot:+($debian_chroot)}\[\033[01;32m\]\u@\h\[\033[00m\]:\[\033[01;34m\]\w\[\033[00m\]\$ VIRTUAL_ENV_PROMPT=(venv-ardupilot) /usr/bin/cmake --build /home/maul/ws_kinclong_nav/build/explore_lite -- -j8 -l8
[0.817s] DEBUG:colcon.colcon_core.event_handler.log_command:Invoking command in '/home/maul/ws_kinclong_nav/build/explore_lite': CMAKE_PREFIX_PATH=${CMAKE_PREFIX_PATH}:/home/maul/ROS_NAVIGATION/install/multirobot_map_merge:/home/maul/ROS_NAVIGATION/install/explore_lite:/home/maul/ROS_NAVIGATION/install/bme_ros2_navigation_py:/home/maul/ROS_NAVIGATION/install/bme_ros2_navigation:/opt/ros/jazzy DEBUGINFOD_URLS=https://debuginfod.ubuntu.com PS1=\[\e]0;\u@\h: \w\a\]${debian_chroot:+($debian_chroot)}\[\033[01;32m\]\u@\h\[\033[00m\]:\[\033[01;34m\]\w\[\033[00m\]\$ VIRTUAL_ENV_PROMPT=(venv-ardupilot) /usr/bin/cmake --install /home/maul/ws_kinclong_nav/build/explore_lite
[0.839s] Level 1:colcon.colcon_core.environment:create_environment_scripts_only(explore_lite)
[0.840s] Level 1:colcon.colcon_core.environment:checking '/home/maul/ws_kinclong_nav/install/explore_lite' for CMake module files
[0.842s] DEBUG:colcon.colcon_core.event_handler.log_command:Invoked command in '/home/maul/ws_kinclong_nav/build/explore_lite' returned '0': CMAKE_PREFIX_PATH=${CMAKE_PREFIX_PATH}:/home/maul/ROS_NAVIGATION/install/multirobot_map_merge:/home/maul/ROS_NAVIGATION/install/explore_lite:/home/maul/ROS_NAVIGATION/install/bme_ros2_navigation_py:/home/maul/ROS_NAVIGATION/install/bme_ros2_navigation:/opt/ros/jazzy DEBUGINFOD_URLS=https://debuginfod.ubuntu.com PS1=\[\e]0;\u@\h: \w\a\]${debian_chroot:+($debian_chroot)}\[\033[01;32m\]\u@\h\[\033[00m\]:\[\033[01;34m\]\w\[\033[00m\]\$ VIRTUAL_ENV_PROMPT=(venv-ardupilot) /usr/bin/cmake --install /home/maul/ws_kinclong_nav/build/explore_lite
[0.843s] Level 1:colcon.colcon_core.environment:checking '/home/maul/ws_kinclong_nav/install/explore_lite' for CMake config files
[0.844s] Level 1:colcon.colcon_core.shell:create_environment_hook('explore_lite', 'cmake_prefix_path')
[0.845s] INFO:colcon.colcon_core.shell:Creating environment hook '/home/maul/ws_kinclong_nav/install/explore_lite/share/explore_lite/hook/cmake_prefix_path.ps1'
[0.846s] INFO:colcon.colcon_core.shell:Creating environment descriptor '/home/maul/ws_kinclong_nav/install/explore_lite/share/explore_lite/hook/cmake_prefix_path.dsv'
[0.847s] INFO:colcon.colcon_core.shell:Creating environment hook '/home/maul/ws_kinclong_nav/install/explore_lite/share/explore_lite/hook/cmake_prefix_path.sh'
[0.849s] Level 1:colcon.colcon_core.environment:checking '/home/maul/ws_kinclong_nav/install/explore_lite/lib'
[0.849s] Level 1:colcon.colcon_core.environment:checking '/home/maul/ws_kinclong_nav/install/explore_lite/bin'
[0.849s] Level 1:colcon.colcon_core.environment:checking '/home/maul/ws_kinclong_nav/install/explore_lite/lib/pkgconfig/explore_lite.pc'
[0.850s] Level 1:colcon.colcon_core.environment:checking '/home/maul/ws_kinclong_nav/install/explore_lite/lib/python3.12/site-packages'
[0.851s] Level 1:colcon.colcon_core.environment:checking '/home/maul/ws_kinclong_nav/install/explore_lite/bin'
[0.851s] INFO:colcon.colcon_core.shell:Creating package script '/home/maul/ws_kinclong_nav/install/explore_lite/share/explore_lite/package.ps1'
[0.853s] INFO:colcon.colcon_core.shell:Creating package descriptor '/home/maul/ws_kinclong_nav/install/explore_lite/share/explore_lite/package.dsv'
[0.854s] INFO:colcon.colcon_core.shell:Creating package script '/home/maul/ws_kinclong_nav/install/explore_lite/share/explore_lite/package.sh'
[0.855s] INFO:colcon.colcon_core.shell:Creating package script '/home/maul/ws_kinclong_nav/install/explore_lite/share/explore_lite/package.bash'
[0.856s] INFO:colcon.colcon_core.shell:Creating package script '/home/maul/ws_kinclong_nav/install/explore_lite/share/explore_lite/package.zsh'
[0.856s] Level 1:colcon.colcon_core.environment:create_file_with_runtime_dependencies(/home/maul/ws_kinclong_nav/install/explore_lite/share/colcon-core/packages/explore_lite)
[0.858s] Level 1:colcon.colcon_core.environment:create_environment_scripts_only(explore_lite)
[0.858s] Level 1:colcon.colcon_core.environment:checking '/home/maul/ws_kinclong_nav/install/explore_lite' for CMake module files
[0.860s] Level 1:colcon.colcon_core.environment:checking '/home/maul/ws_kinclong_nav/install/explore_lite' for CMake config files
[0.860s] Level 1:colcon.colcon_core.shell:create_environment_hook('explore_lite', 'cmake_prefix_path')
[0.861s] INFO:colcon.colcon_core.shell:Creating environment hook '/home/maul/ws_kinclong_nav/install/explore_lite/share/explore_lite/hook/cmake_prefix_path.ps1'
[0.862s] INFO:colcon.colcon_core.shell:Creating environment descriptor '/home/maul/ws_kinclong_nav/install/explore_lite/share/explore_lite/hook/cmake_prefix_path.dsv'
[0.863s] INFO:colcon.colcon_core.shell:Creating environment hook '/home/maul/ws_kinclong_nav/install/explore_lite/share/explore_lite/hook/cmake_prefix_path.sh'
[0.864s] Level 1:colcon.colcon_core.environment:checking '/home/maul/ws_kinclong_nav/install/explore_lite/lib'
[0.865s] Level 1:colcon.colcon_core.environment:checking '/home/maul/ws_kinclong_nav/install/explore_lite/bin'
[0.865s] Level 1:colcon.colcon_core.environment:checking '/home/maul/ws_kinclong_nav/install/explore_lite/lib/pkgconfig/explore_lite.pc'
[0.865s] Level 1:colcon.colcon_core.environment:checking '/home/maul/ws_kinclong_nav/install/explore_lite/lib/python3.12/site-packages'
[0.866s] Level 1:colcon.colcon_core.environment:checking '/home/maul/ws_kinclong_nav/install/explore_lite/bin'
[0.867s] INFO:colcon.colcon_core.shell:Creating package script '/home/maul/ws_kinclong_nav/install/explore_lite/share/explore_lite/package.ps1'
[0.868s] INFO:colcon.colcon_core.shell:Creating package descriptor '/home/maul/ws_kinclong_nav/install/explore_lite/share/explore_lite/package.dsv'
[0.869s] INFO:colcon.colcon_core.shell:Creating package script '/home/maul/ws_kinclong_nav/install/explore_lite/share/explore_lite/package.sh'
[0.871s] INFO:colcon.colcon_core.shell:Creating package script '/home/maul/ws_kinclong_nav/install/explore_lite/share/explore_lite/package.bash'
[0.872s] INFO:colcon.colcon_core.shell:Creating package script '/home/maul/ws_kinclong_nav/install/explore_lite/share/explore_lite/package.zsh'
[0.873s] Level 1:colcon.colcon_core.environment:create_file_with_runtime_dependencies(/home/maul/ws_kinclong_nav/install/explore_lite/share/colcon-core/packages/explore_lite)
[0.879s] DEBUG:colcon.colcon_core.event_handler.log_command:Invoked command in '/home/maul/ws_kinclong_nav/build/multirobot_map_merge' returned '0': CMAKE_PREFIX_PATH=${CMAKE_PREFIX_PATH}:/home/maul/ROS_NAVIGATION/install/multirobot_map_merge:/home/maul/ROS_NAVIGATION/install/explore_lite:/home/maul/ROS_NAVIGATION/install/bme_ros2_navigation_py:/home/maul/ROS_NAVIGATION/install/bme_ros2_navigation:/opt/ros/jazzy DEBUGINFOD_URLS=https://debuginfod.ubuntu.com PS1=\[\e]0;\u@\h: \w\a\]${debian_chroot:+($debian_chroot)}\[\033[01;32m\]\u@\h\[\033[00m\]:\[\033[01;34m\]\w\[\033[00m\]\$ VIRTUAL_ENV_PROMPT=(venv-ardupilot) /usr/bin/cmake --build /home/maul/ws_kinclong_nav/build/multirobot_map_merge -- -j8 -l8
[0.880s] DEBUG:colcon.colcon_core.event_handler.log_command:Invoking command in '/home/maul/ws_kinclong_nav/build/multirobot_map_merge': CMAKE_PREFIX_PATH=${CMAKE_PREFIX_PATH}:/home/maul/ROS_NAVIGATION/install/multirobot_map_merge:/home/maul/ROS_NAVIGATION/install/explore_lite:/home/maul/ROS_NAVIGATION/install/bme_ros2_navigation_py:/home/maul/ROS_NAVIGATION/install/bme_ros2_navigation:/opt/ros/jazzy DEBUGINFOD_URLS=https://debuginfod.ubuntu.com PS1=\[\e]0;\u@\h: \w\a\]${debian_chroot:+($debian_chroot)}\[\033[01;32m\]\u@\h\[\033[00m\]:\[\033[01;34m\]\w\[\033[00m\]\$ VIRTUAL_ENV_PROMPT=(venv-ardupilot) /usr/bin/cmake --install /home/maul/ws_kinclong_nav/build/multirobot_map_merge
[0.906s] Level 1:colcon.colcon_core.environment:create_environment_scripts_only(multirobot_map_merge)
[0.907s] Level 1:colcon.colcon_core.environment:checking '/home/maul/ws_kinclong_nav/install/multirobot_map_merge' for CMake module files
[0.908s] DEBUG:colcon.colcon_core.event_handler.log_command:Invoked command in '/home/maul/ws_kinclong_nav/build/multirobot_map_merge' returned '0': CMAKE_PREFIX_PATH=${CMAKE_PREFIX_PATH}:/home/maul/ROS_NAVIGATION/install/multirobot_map_merge:/home/maul/ROS_NAVIGATION/install/explore_lite:/home/maul/ROS_NAVIGATION/install/bme_ros2_navigation_py:/home/maul/ROS_NAVIGATION/install/bme_ros2_navigation:/opt/ros/jazzy DEBUGINFOD_URLS=https://debuginfod.ubuntu.com PS1=\[\e]0;\u@\h: \w\a\]${debian_chroot:+($debian_chroot)}\[\033[01;32m\]\u@\h\[\033[00m\]:\[\033[01;34m\]\w\[\033[00m\]\$ VIRTUAL_ENV_PROMPT=(venv-ardupilot) /usr/bin/cmake --install /home/maul/ws_kinclong_nav/build/multirobot_map_merge
[0.908s] Level 1:colcon.colcon_core.environment:checking '/home/maul/ws_kinclong_nav/install/multirobot_map_merge' for CMake config files
[0.909s] Level 1:colcon.colcon_core.shell:create_environment_hook('multirobot_map_merge', 'cmake_prefix_path')
[0.909s] INFO:colcon.colcon_core.shell:Creating environment hook '/home/maul/ws_kinclong_nav/install/multirobot_map_merge/share/multirobot_map_merge/hook/cmake_prefix_path.ps1'
[0.910s] INFO:colcon.colcon_core.shell:Creating environment descriptor '/home/maul/ws_kinclong_nav/install/multirobot_map_merge/share/multirobot_map_merge/hook/cmake_prefix_path.dsv'
[0.911s] INFO:colcon.colcon_core.shell:Creating environment hook '/home/maul/ws_kinclong_nav/install/multirobot_map_merge/share/multirobot_map_merge/hook/cmake_prefix_path.sh'
[0.912s] Level 1:colcon.colcon_core.environment:checking '/home/maul/ws_kinclong_nav/install/multirobot_map_merge/lib'
[0.912s] Level 1:colcon.colcon_core.environment:checking '/home/maul/ws_kinclong_nav/install/multirobot_map_merge/bin'
[0.912s] Level 1:colcon.colcon_core.environment:checking '/home/maul/ws_kinclong_nav/install/multirobot_map_merge/lib/pkgconfig/multirobot_map_merge.pc'
[0.913s] Level 1:colcon.colcon_core.environment:checking '/home/maul/ws_kinclong_nav/install/multirobot_map_merge/lib/python3.12/site-packages'
[0.913s] Level 1:colcon.colcon_core.environment:checking '/home/maul/ws_kinclong_nav/install/multirobot_map_merge/bin'
[0.913s] INFO:colcon.colcon_core.shell:Creating package script '/home/maul/ws_kinclong_nav/install/multirobot_map_merge/share/multirobot_map_merge/package.ps1'
[0.914s] INFO:colcon.colcon_core.shell:Creating package descriptor '/home/maul/ws_kinclong_nav/install/multirobot_map_merge/share/multirobot_map_merge/package.dsv'
[0.915s] INFO:colcon.colcon_core.shell:Creating package script '/home/maul/ws_kinclong_nav/install/multirobot_map_merge/share/multirobot_map_merge/package.sh'
[0.916s] INFO:colcon.colcon_core.shell:Creating package script '/home/maul/ws_kinclong_nav/install/multirobot_map_merge/share/multirobot_map_merge/package.bash'
[0.916s] INFO:colcon.colcon_core.shell:Creating package script '/home/maul/ws_kinclong_nav/install/multirobot_map_merge/share/multirobot_map_merge/package.zsh'
[0.917s] Level 1:colcon.colcon_core.environment:create_file_with_runtime_dependencies(/home/maul/ws_kinclong_nav/install/multirobot_map_merge/share/colcon-core/packages/multirobot_map_merge)
[0.918s] Level 1:colcon.colcon_core.environment:create_environment_scripts_only(multirobot_map_merge)
[0.918s] Level 1:colcon.colcon_core.environment:checking '/home/maul/ws_kinclong_nav/install/multirobot_map_merge' for CMake module files
[0.919s] Level 1:colcon.colcon_core.environment:checking '/home/maul/ws_kinclong_nav/install/multirobot_map_merge' for CMake config files
[0.920s] Level 1:colcon.colcon_core.shell:create_environment_hook('multirobot_map_merge', 'cmake_prefix_path')
[0.920s] INFO:colcon.colcon_core.shell:Creating environment hook '/home/maul/ws_kinclong_nav/install/multirobot_map_merge/share/multirobot_map_merge/hook/cmake_prefix_path.ps1'
[0.921s] INFO:colcon.colcon_core.shell:Creating environment descriptor '/home/maul/ws_kinclong_nav/install/multirobot_map_merge/share/multirobot_map_merge/hook/cmake_prefix_path.dsv'
[0.921s] INFO:colcon.colcon_core.shell:Creating environment hook '/home/maul/ws_kinclong_nav/install/multirobot_map_merge/share/multirobot_map_merge/hook/cmake_prefix_path.sh'
[0.922s] Level 1:colcon.colcon_core.environment:checking '/home/maul/ws_kinclong_nav/install/multirobot_map_merge/lib'
[0.922s] Level 1:colcon.colcon_core.environment:checking '/home/maul/ws_kinclong_nav/install/multirobot_map_merge/bin'
[0.922s] Level 1:colcon.colcon_core.environment:checking '/home/maul/ws_kinclong_nav/install/multirobot_map_merge/lib/pkgconfig/multirobot_map_merge.pc'
[0.923s] Level 1:colcon.colcon_core.environment:checking '/home/maul/ws_kinclong_nav/install/multirobot_map_merge/lib/python3.12/site-packages'
[0.923s] Level 1:colcon.colcon_core.environment:checking '/home/maul/ws_kinclong_nav/install/multirobot_map_merge/bin'
[0.924s] INFO:colcon.colcon_core.shell:Creating package script '/home/maul/ws_kinclong_nav/install/multirobot_map_merge/share/multirobot_map_merge/package.ps1'
[0.925s] INFO:colcon.colcon_core.shell:Creating package descriptor '/home/maul/ws_kinclong_nav/install/multirobot_map_merge/share/multirobot_map_merge/package.dsv'
[0.926s] INFO:colcon.colcon_core.shell:Creating package script '/home/maul/ws_kinclong_nav/install/multirobot_map_merge/share/multirobot_map_merge/package.sh'
[0.927s] INFO:colcon.colcon_core.shell:Creating package script '/home/maul/ws_kinclong_nav/install/multirobot_map_merge/share/multirobot_map_merge/package.bash'
[0.927s] INFO:colcon.colcon_core.shell:Creating package script '/home/maul/ws_kinclong_nav/install/multirobot_map_merge/share/multirobot_map_merge/package.zsh'
[0.928s] Level 1:colcon.colcon_core.environment:create_file_with_runtime_dependencies(/home/maul/ws_kinclong_nav/install/multirobot_map_merge/share/colcon-core/packages/multirobot_map_merge)
[0.928s] DEBUG:colcon.colcon_parallel_executor.executor.parallel:closing loop
[0.929s] DEBUG:colcon.colcon_parallel_executor.executor.parallel:loop closed
[0.929s] DEBUG:colcon.colcon_parallel_executor.executor.parallel:run_until_complete finished with '0'
[0.929s] DEBUG:colcon.colcon_core.event_reactor:joining thread
[0.942s] INFO:colcon.colcon_core.plugin_system:Skipping extension 'colcon_notification.desktop_notification.terminal_notifier': Not used on non-Darwin systems
[0.942s] INFO:colcon.colcon_core.plugin_system:Skipping extension 'colcon_notification.desktop_notification.win32': Not used on non-Windows systems
[0.943s] INFO:colcon.colcon_notification.desktop_notification:Sending desktop notification using 'notify2'
[0.964s] DEBUG:colcon.colcon_core.event_reactor:joined thread
[0.965s] INFO:colcon.colcon_core.shell:Creating prefix script '/home/maul/ws_kinclong_nav/install/local_setup.ps1'
[0.967s] INFO:colcon.colcon_core.shell:Creating prefix util module '/home/maul/ws_kinclong_nav/install/_local_setup_util_ps1.py'
[0.970s] INFO:colcon.colcon_core.shell:Creating prefix chain script '/home/maul/ws_kinclong_nav/install/setup.ps1'
[0.973s] INFO:colcon.colcon_core.shell:Creating prefix script '/home/maul/ws_kinclong_nav/install/local_setup.sh'
[0.974s] INFO:colcon.colcon_core.shell:Creating prefix util module '/home/maul/ws_kinclong_nav/install/_local_setup_util_sh.py'
[0.975s] INFO:colcon.colcon_core.shell:Creating prefix chain script '/home/maul/ws_kinclong_nav/install/setup.sh'
[0.979s] INFO:colcon.colcon_core.shell:Creating prefix script '/home/maul/ws_kinclong_nav/install/local_setup.bash'
[0.980s] INFO:colcon.colcon_core.shell:Creating prefix chain script '/home/maul/ws_kinclong_nav/install/setup.bash'
[0.982s] INFO:colcon.colcon_core.shell:Creating prefix script '/home/maul/ws_kinclong_nav/install/local_setup.zsh'
[0.983s] INFO:colcon.colcon_core.shell:Creating prefix chain script '/home/maul/ws_kinclong_nav/install/setup.zsh'
