[0.107s] Invoking command in '/home/maul/ws_kinclong_nav/build/kinclong_nav': CMAKE_PREFIX_PATH=${CMAKE_PREFIX_PATH}:/opt/ros/jazzy DEBUGINFOD_URLS=https://debuginfod.ubuntu.com PS1=\[\e]0;\u@\h: \w\a\]${debian_chroot:+($debian_chroot)}\[\033[01;32m\]\u@\h\[\033[00m\]:\[\033[01;34m\]\w\[\033[00m\]\$ VIRTUAL_ENV_PROMPT=(venv-ardupilot) /usr/bin/cmake --build /home/maul/ws_kinclong_nav/build/kinclong_nav -- -j8 -l8
[0.894s] Invoked command in '/home/maul/ws_kinclong_nav/build/kinclong_nav' returned '0': CMAKE_PREFIX_PATH=${CMAKE_PREFIX_PATH}:/opt/ros/jazzy DEBUGINFOD_URLS=https://debuginfod.ubuntu.com PS1=\[\e]0;\u@\h: \w\a\]${debian_chroot:+($debian_chroot)}\[\033[01;32m\]\u@\h\[\033[00m\]:\[\033[01;34m\]\w\[\033[00m\]\$ VIRTUAL_ENV_PROMPT=(venv-ardupilot) /usr/bin/cmake --build /home/maul/ws_kinclong_nav/build/kinclong_nav -- -j8 -l8
[0.973s] Invoking command in '/home/maul/ws_kinclong_nav/build/kinclong_nav': CMAKE_PREFIX_PATH=${CMAKE_PREFIX_PATH}:/opt/ros/jazzy DEBUGINFOD_URLS=https://debuginfod.ubuntu.com PS1=\[\e]0;\u@\h: \w\a\]${debian_chroot:+($debian_chroot)}\[\033[01;32m\]\u@\h\[\033[00m\]:\[\033[01;34m\]\w\[\033[00m\]\$ VIRTUAL_ENV_PROMPT=(venv-ardupilot) /usr/bin/cmake --install /home/maul/ws_kinclong_nav/build/kinclong_nav
[1.008s] -- Install configuration: ""
[1.008s] -- Up-to-date: /home/maul/ws_kinclong_nav/install/kinclong_nav/share/kinclong_nav/launch
[1.009s] -- Up-to-date: /home/maul/ws_kinclong_nav/install/kinclong_nav/share/kinclong_nav/launch/mapping.launch.py
[1.009s] -- Up-to-date: /home/maul/ws_kinclong_nav/install/kinclong_nav/share/kinclong_nav/launch/navigation.launch.py
[1.010s] -- Up-to-date: /home/maul/ws_kinclong_nav/install/kinclong_nav/share/kinclong_nav/launch/check_urdf.launch.py
[1.010s] -- Up-to-date: /home/maul/ws_kinclong_nav/install/kinclong_nav/share/kinclong_nav/launch/spawn_robot.launch.py
[1.011s] -- Up-to-date: /home/maul/ws_kinclong_nav/install/kinclong_nav/share/kinclong_nav/launch/localization_slam_toolbox.launch.py
[1.011s] -- Up-to-date: /home/maul/ws_kinclong_nav/install/kinclong_nav/share/kinclong_nav/launch/navigation_with_slam.launch.py
[1.011s] -- Up-to-date: /home/maul/ws_kinclong_nav/install/kinclong_nav/share/kinclong_nav/launch/world.launch.py
[1.011s] -- Up-to-date: /home/maul/ws_kinclong_nav/install/kinclong_nav/share/kinclong_nav/launch/localization.launch.py
[1.012s] -- Up-to-date: /home/maul/ws_kinclong_nav/install/kinclong_nav/share/kinclong_nav/worlds
[1.012s] -- Up-to-date: /home/maul/ws_kinclong_nav/install/kinclong_nav/share/kinclong_nav/worlds/obstacles.sdf
[1.013s] -- Up-to-date: /home/maul/ws_kinclong_nav/install/kinclong_nav/share/kinclong_nav/worlds/room.sdf
[1.013s] -- Up-to-date: /home/maul/ws_kinclong_nav/install/kinclong_nav/share/kinclong_nav/worlds/empty.sdf
[1.013s] -- Up-to-date: /home/maul/ws_kinclong_nav/install/kinclong_nav/share/kinclong_nav/worlds/home.sdf
[1.013s] -- Up-to-date: /home/maul/ws_kinclong_nav/install/kinclong_nav/share/kinclong_nav/rviz
[1.013s] -- Up-to-date: /home/maul/ws_kinclong_nav/install/kinclong_nav/share/kinclong_nav/rviz/navigation.rviz
[1.014s] -- Up-to-date: /home/maul/ws_kinclong_nav/install/kinclong_nav/share/kinclong_nav/rviz/rviz.rviz
[1.014s] -- Up-to-date: /home/maul/ws_kinclong_nav/install/kinclong_nav/share/kinclong_nav/rviz/localization.rviz
[1.014s] -- Up-to-date: /home/maul/ws_kinclong_nav/install/kinclong_nav/share/kinclong_nav/rviz/mapping.rviz
[1.015s] -- Up-to-date: /home/maul/ws_kinclong_nav/install/kinclong_nav/share/kinclong_nav/rviz/urdf.rviz
[1.015s] -- Up-to-date: /home/maul/ws_kinclong_nav/install/kinclong_nav/share/kinclong_nav/urdf
[1.016s] -- Installing: /home/maul/ws_kinclong_nav/install/kinclong_nav/share/kinclong_nav/urdf/mogi_bot.urdf
[1.016s] -- Up-to-date: /home/maul/ws_kinclong_nav/install/kinclong_nav/share/kinclong_nav/urdf/mogi_bot.gazebo
[1.016s] -- Up-to-date: /home/maul/ws_kinclong_nav/install/kinclong_nav/share/kinclong_nav/urdf/materials.xacro
[1.017s] -- Up-to-date: /home/maul/ws_kinclong_nav/install/kinclong_nav/share/kinclong_nav/meshes
[1.017s] -- Up-to-date: /home/maul/ws_kinclong_nav/install/kinclong_nav/share/kinclong_nav/meshes/body.dae
[1.017s] -- Up-to-date: /home/maul/ws_kinclong_nav/install/kinclong_nav/share/kinclong_nav/meshes/rpLiDAR.dae
[1.017s] -- Up-to-date: /home/maul/ws_kinclong_nav/install/kinclong_nav/share/kinclong_nav/meshes/lidar.stl
[1.017s] -- Up-to-date: /home/maul/ws_kinclong_nav/install/kinclong_nav/share/kinclong_nav/meshes/roda.stl
[1.018s] -- Up-to-date: /home/maul/ws_kinclong_nav/install/kinclong_nav/share/kinclong_nav/meshes/body.stl
[1.018s] -- Up-to-date: /home/maul/ws_kinclong_nav/install/kinclong_nav/share/kinclong_nav/meshes/rescaled_lidar.dae
[1.018s] -- Up-to-date: /home/maul/ws_kinclong_nav/install/kinclong_nav/share/kinclong_nav/meshes/rescaled_body.dae
[1.018s] -- Up-to-date: /home/maul/ws_kinclong_nav/install/kinclong_nav/share/kinclong_nav/meshes/roda.dae
[1.019s] -- Up-to-date: /home/maul/ws_kinclong_nav/install/kinclong_nav/share/kinclong_nav/meshes/rescaled_roda.dae
[1.019s] -- Up-to-date: /home/maul/ws_kinclong_nav/install/kinclong_nav/share/kinclong_nav/config
[1.019s] -- Up-to-date: /home/maul/ws_kinclong_nav/install/kinclong_nav/share/kinclong_nav/config/slam_toolbox_localization.yaml
[1.019s] -- Up-to-date: /home/maul/ws_kinclong_nav/install/kinclong_nav/share/kinclong_nav/config/ekf.yaml
[1.019s] -- Up-to-date: /home/maul/ws_kinclong_nav/install/kinclong_nav/share/kinclong_nav/config/amcl_localization.yaml
[1.019s] -- Up-to-date: /home/maul/ws_kinclong_nav/install/kinclong_nav/share/kinclong_nav/config/waypoints.yaml
[1.019s] -- Up-to-date: /home/maul/ws_kinclong_nav/install/kinclong_nav/share/kinclong_nav/config/navigation.yaml
[1.020s] -- Up-to-date: /home/maul/ws_kinclong_nav/install/kinclong_nav/share/kinclong_nav/config/slam_toolbox_mapping.yaml
[1.020s] -- Up-to-date: /home/maul/ws_kinclong_nav/install/kinclong_nav/share/kinclong_nav/config/gz_bridge.yaml
[1.020s] -- Up-to-date: /home/maul/ws_kinclong_nav/install/kinclong_nav/share/kinclong_nav/maps
[1.020s] -- Up-to-date: /home/maul/ws_kinclong_nav/install/kinclong_nav/share/kinclong_nav/maps/test1Serial.posegraph
[1.020s] -- Up-to-date: /home/maul/ws_kinclong_nav/install/kinclong_nav/share/kinclong_nav/maps/my_map.pgm
[1.020s] -- Up-to-date: /home/maul/ws_kinclong_nav/install/kinclong_nav/share/kinclong_nav/maps/room2.pgm
[1.020s] -- Up-to-date: /home/maul/ws_kinclong_nav/install/kinclong_nav/share/kinclong_nav/maps/room2Seial.data
[1.020s] -- Up-to-date: /home/maul/ws_kinclong_nav/install/kinclong_nav/share/kinclong_nav/maps/test1Serial.data
[1.021s] -- Up-to-date: /home/maul/ws_kinclong_nav/install/kinclong_nav/share/kinclong_nav/maps/test1map.yaml
[1.021s] -- Up-to-date: /home/maul/ws_kinclong_nav/install/kinclong_nav/share/kinclong_nav/maps/serialized.data
[1.021s] -- Up-to-date: /home/maul/ws_kinclong_nav/install/kinclong_nav/share/kinclong_nav/maps/room2Seial.posegraph
[1.021s] -- Up-to-date: /home/maul/ws_kinclong_nav/install/kinclong_nav/share/kinclong_nav/maps/serialized.posegraph
[1.021s] -- Up-to-date: /home/maul/ws_kinclong_nav/install/kinclong_nav/share/kinclong_nav/maps/my_map.yaml
[1.021s] -- Up-to-date: /home/maul/ws_kinclong_nav/install/kinclong_nav/share/kinclong_nav/maps/test1map.pgm
[1.021s] -- Up-to-date: /home/maul/ws_kinclong_nav/install/kinclong_nav/share/kinclong_nav/maps/room2.yaml
[1.021s] -- Up-to-date: /home/maul/ws_kinclong_nav/install/kinclong_nav/share/ament_index/resource_index/package_run_dependencies/kinclong_nav
[1.022s] -- Up-to-date: /home/maul/ws_kinclong_nav/install/kinclong_nav/share/ament_index/resource_index/parent_prefix_path/kinclong_nav
[1.022s] -- Up-to-date: /home/maul/ws_kinclong_nav/install/kinclong_nav/share/kinclong_nav/environment/ament_prefix_path.sh
[1.022s] -- Up-to-date: /home/maul/ws_kinclong_nav/install/kinclong_nav/share/kinclong_nav/environment/ament_prefix_path.dsv
[1.022s] -- Up-to-date: /home/maul/ws_kinclong_nav/install/kinclong_nav/share/kinclong_nav/environment/path.sh
[1.022s] -- Up-to-date: /home/maul/ws_kinclong_nav/install/kinclong_nav/share/kinclong_nav/environment/path.dsv
[1.022s] -- Up-to-date: /home/maul/ws_kinclong_nav/install/kinclong_nav/share/kinclong_nav/local_setup.bash
[1.022s] -- Up-to-date: /home/maul/ws_kinclong_nav/install/kinclong_nav/share/kinclong_nav/local_setup.sh
[1.022s] -- Up-to-date: /home/maul/ws_kinclong_nav/install/kinclong_nav/share/kinclong_nav/local_setup.zsh
[1.023s] -- Up-to-date: /home/maul/ws_kinclong_nav/install/kinclong_nav/share/kinclong_nav/local_setup.dsv
[1.023s] -- Installing: /home/maul/ws_kinclong_nav/install/kinclong_nav/share/kinclong_nav/package.dsv
[1.023s] -- Up-to-date: /home/maul/ws_kinclong_nav/install/kinclong_nav/share/ament_index/resource_index/packages/kinclong_nav
[1.023s] -- Up-to-date: /home/maul/ws_kinclong_nav/install/kinclong_nav/share/kinclong_nav/cmake/kinclong_navConfig.cmake
[1.023s] -- Up-to-date: /home/maul/ws_kinclong_nav/install/kinclong_nav/share/kinclong_nav/cmake/kinclong_navConfig-version.cmake
[1.023s] -- Up-to-date: /home/maul/ws_kinclong_nav/install/kinclong_nav/share/kinclong_nav/package.xml
[1.024s] Invoked command in '/home/maul/ws_kinclong_nav/build/kinclong_nav' returned '0': CMAKE_PREFIX_PATH=${CMAKE_PREFIX_PATH}:/opt/ros/jazzy DEBUGINFOD_URLS=https://debuginfod.ubuntu.com PS1=\[\e]0;\u@\h: \w\a\]${debian_chroot:+($debian_chroot)}\[\033[01;32m\]\u@\h\[\033[00m\]:\[\033[01;34m\]\w\[\033[00m\]\$ VIRTUAL_ENV_PROMPT=(venv-ardupilot) /usr/bin/cmake --install /home/maul/ws_kinclong_nav/build/kinclong_nav
