[0.007s] Invoking command in '/home/maul/ws_kinclong_nav/build/kinclong_nav': DEBUGINFOD_URLS=https://debuginfod.ubuntu.com PS1=\[\e]0;\u@\h: \w\a\]${debian_chroot:+($debian_chroot)}\[\033[01;32m\]\u@\h\[\033[00m\]:\[\033[01;34m\]\w\[\033[00m\]\$ VIRTUAL_ENV_PROMPT=(venv-ardupilot) /usr/bin/cmake /home/maul/ws_kinclong_nav/kinclong_nav -DCMAKE_INSTALL_PREFIX=/home/maul/ws_kinclong_nav/install/kinclong_nav
[0.110s] -- The C compiler identification is GNU 13.3.0
[0.221s] -- The CXX compiler identification is GNU 13.3.0
[0.239s] -- Detecting C compiler ABI info
[0.332s] -- Detecting C compiler ABI info - done
[0.350s] -- Check for working C compiler: /usr/lib/ccache/cc - skipped
[0.350s] -- Detecting C compile features
[0.351s] -- Detecting C compile features - done
[0.400s] -- Detecting CXX compiler ABI info
[0.631s] -- Detecting CXX compiler ABI info - done
[0.647s] -- Check for working CXX compiler: /usr/lib/ccache/c++ - skipped
[0.648s] -- Detecting CXX compile features
[0.648s] -- Detecting CXX compile features - done
[0.651s] -- Found ament_cmake: 2.5.3 (/opt/ros/jazzy/share/ament_cmake/cmake)
[0.803s] -- Found Python3: /home/maul/venv-ardupilot/bin/python3 (found version "3.12.3") found components: Interpreter 
[0.974s] -- Found ament_lint_auto: 0.17.1 (/opt/ros/jazzy/share/ament_lint_auto/cmake)
[1.108s] -- Added test 'flake8' to check Python code syntax and style conventions
[1.108s] -- Configured 'flake8' exclude dirs and/or files: 
[1.109s] -- Added test 'lint_cmake' to check CMake code style
[1.109s] -- Added test 'pep257' to check Python code against some of the docstring style conventions in PEP 257
[1.112s] -- Added test 'xmllint' to check XML markup files
[1.113s] -- Configuring done (1.1s)
[1.115s] -- Generating done (0.0s)
[1.117s] -- Build files have been written to: /home/maul/ws_kinclong_nav/build/kinclong_nav
