[0.250s] DEBUG:colcon:Command line arguments: ['/usr/bin/colcon', 'build']
[0.250s] DEBUG:colcon:Parsed command line arguments: Namespace(log_base=None, log_level=None, verb_name='build', build_base='build', install_base='install', merge_install=False, symlink_install=False, test_result_base=None, continue_on_error=False, executor='parallel', parallel_workers=8, event_handlers=None, ignore_user_meta=False, metas=['./colcon.meta'], base_paths=['.'], packages_ignore=None, packages_ignore_regex=None, paths=None, packages_up_to=None, packages_up_to_regex=None, packages_above=None, packages_above_and_dependencies=None, packages_above_depth=None, packages_select_by_dep=None, packages_skip_by_dep=None, packages_skip_up_to=None, packages_select_build_failed=False, packages_skip_build_finished=False, packages_select_test_failures=False, packages_skip_test_passed=False, packages_select=None, packages_skip=None, packages_select_regex=None, packages_skip_regex=None, packages_start=None, packages_end=None, allow_overriding=[], cmake_args=None, cmake_target=None, cmake_target_skip_unavailable=False, cmake_clean_cache=False, cmake_clean_first=False, cmake_force_configure=False, ament_cmake_args=None, catkin_cmake_args=None, catkin_skip_building_tests=False, mixin_files=None, mixin=None, verb_parser=<colcon_mixin.mixin.mixin_argument.MixinArgumentDecorator object at 0x720de33c3140>, verb_extension=<colcon_core.verb.build.BuildVerb object at 0x720de33c2960>, main=<bound method BuildVerb.main of <colcon_core.verb.build.BuildVerb object at 0x720de33c2960>>, mixin_verb=('build',))
[0.333s] Level 1:colcon.colcon_core.package_discovery:discover_packages(colcon_meta) check parameters
[0.334s] Level 1:colcon.colcon_core.package_discovery:discover_packages(recursive) check parameters
[0.334s] Level 1:colcon.colcon_core.package_discovery:discover_packages(ignore) check parameters
[0.334s] Level 1:colcon.colcon_core.package_discovery:discover_packages(path) check parameters
[0.334s] Level 1:colcon.colcon_core.package_discovery:discover_packages(colcon_meta) discover
[0.334s] Level 1:colcon.colcon_core.package_discovery:discover_packages(recursive) discover
[0.334s] INFO:colcon.colcon_core.package_discovery:Crawling recursively for packages in '/home/maul/ws_kinclong_nav'
[0.334s] Level 1:colcon.colcon_core.package_identification:_identify(.) by extensions ['ignore', 'ignore_ament_install']
[0.334s] Level 1:colcon.colcon_core.package_identification:_identify(.) by extension 'ignore'
[0.334s] Level 1:colcon.colcon_core.package_identification:_identify(.) by extension 'ignore_ament_install'
[0.335s] Level 1:colcon.colcon_core.package_identification:_identify(.) by extensions ['colcon_pkg']
[0.335s] Level 1:colcon.colcon_core.package_identification:_identify(.) by extension 'colcon_pkg'
[0.335s] Level 1:colcon.colcon_core.package_identification:_identify(.) by extensions ['colcon_meta']
[0.335s] Level 1:colcon.colcon_core.package_identification:_identify(.) by extension 'colcon_meta'
[0.335s] Level 1:colcon.colcon_core.package_identification:_identify(.) by extensions ['ros']
[0.335s] Level 1:colcon.colcon_core.package_identification:_identify(.) by extension 'ros'
[0.387s] Level 1:colcon.colcon_core.package_identification:_identify(.) by extensions ['cmake', 'python']
[0.387s] Level 1:colcon.colcon_core.package_identification:_identify(.) by extension 'cmake'
[0.387s] Level 1:colcon.colcon_core.package_identification:_identify(.) by extension 'python'
[0.387s] Level 1:colcon.colcon_core.package_identification:_identify(.) by extensions ['python_setup_py']
[0.387s] Level 1:colcon.colcon_core.package_identification:_identify(.) by extension 'python_setup_py'
[0.387s] Level 1:colcon.colcon_core.package_identification:_identify(build) by extensions ['ignore', 'ignore_ament_install']
[0.388s] Level 1:colcon.colcon_core.package_identification:_identify(build) by extension 'ignore'
[0.388s] Level 1:colcon.colcon_core.package_identification:_identify(build) ignored
[0.388s] Level 1:colcon.colcon_core.package_identification:_identify(install) by extensions ['ignore', 'ignore_ament_install']
[0.388s] Level 1:colcon.colcon_core.package_identification:_identify(install) by extension 'ignore'
[0.388s] Level 1:colcon.colcon_core.package_identification:_identify(install) ignored
[0.388s] Level 1:colcon.colcon_core.package_identification:_identify(kinclong_nav) by extensions ['ignore', 'ignore_ament_install']
[0.389s] Level 1:colcon.colcon_core.package_identification:_identify(kinclong_nav) by extension 'ignore'
[0.389s] Level 1:colcon.colcon_core.package_identification:_identify(kinclong_nav) by extension 'ignore_ament_install'
[0.389s] Level 1:colcon.colcon_core.package_identification:_identify(kinclong_nav) by extensions ['colcon_pkg']
[0.389s] Level 1:colcon.colcon_core.package_identification:_identify(kinclong_nav) by extension 'colcon_pkg'
[0.389s] Level 1:colcon.colcon_core.package_identification:_identify(kinclong_nav) by extensions ['colcon_meta']
[0.389s] Level 1:colcon.colcon_core.package_identification:_identify(kinclong_nav) by extension 'colcon_meta'
[0.389s] Level 1:colcon.colcon_core.package_identification:_identify(kinclong_nav) by extensions ['ros']
[0.389s] Level 1:colcon.colcon_core.package_identification:_identify(kinclong_nav) by extension 'ros'
[0.394s] DEBUG:colcon.colcon_core.package_identification:Package 'kinclong_nav' with type 'ros.ament_cmake' and name 'kinclong_nav'
[0.395s] Level 1:colcon.colcon_core.package_identification:_identify(log) by extensions ['ignore', 'ignore_ament_install']
[0.395s] Level 1:colcon.colcon_core.package_identification:_identify(log) by extension 'ignore'
[0.395s] Level 1:colcon.colcon_core.package_identification:_identify(log) ignored
[0.395s] Level 1:colcon.colcon_core.package_identification:_identify(m-explore-ros2) by extensions ['ignore', 'ignore_ament_install']
[0.396s] Level 1:colcon.colcon_core.package_identification:_identify(m-explore-ros2) by extension 'ignore'
[0.396s] Level 1:colcon.colcon_core.package_identification:_identify(m-explore-ros2) by extension 'ignore_ament_install'
[0.396s] Level 1:colcon.colcon_core.package_identification:_identify(m-explore-ros2) by extensions ['colcon_pkg']
[0.396s] Level 1:colcon.colcon_core.package_identification:_identify(m-explore-ros2) by extension 'colcon_pkg'
[0.396s] Level 1:colcon.colcon_core.package_identification:_identify(m-explore-ros2) by extensions ['colcon_meta']
[0.396s] Level 1:colcon.colcon_core.package_identification:_identify(m-explore-ros2) by extension 'colcon_meta'
[0.396s] Level 1:colcon.colcon_core.package_identification:_identify(m-explore-ros2) by extensions ['ros']
[0.396s] Level 1:colcon.colcon_core.package_identification:_identify(m-explore-ros2) by extension 'ros'
[0.396s] Level 1:colcon.colcon_core.package_identification:_identify(m-explore-ros2) by extensions ['cmake', 'python']
[0.396s] Level 1:colcon.colcon_core.package_identification:_identify(m-explore-ros2) by extension 'cmake'
[0.396s] Level 1:colcon.colcon_core.package_identification:_identify(m-explore-ros2) by extension 'python'
[0.397s] Level 1:colcon.colcon_core.package_identification:_identify(m-explore-ros2) by extensions ['python_setup_py']
[0.397s] Level 1:colcon.colcon_core.package_identification:_identify(m-explore-ros2) by extension 'python_setup_py'
[0.397s] Level 1:colcon.colcon_core.package_identification:_identify(m-explore-ros2/explore) by extensions ['ignore', 'ignore_ament_install']
[0.397s] Level 1:colcon.colcon_core.package_identification:_identify(m-explore-ros2/explore) by extension 'ignore'
[0.397s] Level 1:colcon.colcon_core.package_identification:_identify(m-explore-ros2/explore) by extension 'ignore_ament_install'
[0.397s] Level 1:colcon.colcon_core.package_identification:_identify(m-explore-ros2/explore) by extensions ['colcon_pkg']
[0.397s] Level 1:colcon.colcon_core.package_identification:_identify(m-explore-ros2/explore) by extension 'colcon_pkg'
[0.397s] Level 1:colcon.colcon_core.package_identification:_identify(m-explore-ros2/explore) by extensions ['colcon_meta']
[0.398s] Level 1:colcon.colcon_core.package_identification:_identify(m-explore-ros2/explore) by extension 'colcon_meta'
[0.398s] Level 1:colcon.colcon_core.package_identification:_identify(m-explore-ros2/explore) by extensions ['ros']
[0.398s] Level 1:colcon.colcon_core.package_identification:_identify(m-explore-ros2/explore) by extension 'ros'
[0.400s] DEBUG:colcon.colcon_core.package_identification:Package 'm-explore-ros2/explore' with type 'ros.ament_cmake' and name 'explore_lite'
[0.400s] Level 1:colcon.colcon_core.package_identification:_identify(m-explore-ros2/map_merge) by extensions ['ignore', 'ignore_ament_install']
[0.400s] Level 1:colcon.colcon_core.package_identification:_identify(m-explore-ros2/map_merge) by extension 'ignore'
[0.400s] Level 1:colcon.colcon_core.package_identification:_identify(m-explore-ros2/map_merge) by extension 'ignore_ament_install'
[0.401s] Level 1:colcon.colcon_core.package_identification:_identify(m-explore-ros2/map_merge) by extensions ['colcon_pkg']
[0.401s] Level 1:colcon.colcon_core.package_identification:_identify(m-explore-ros2/map_merge) by extension 'colcon_pkg'
[0.401s] Level 1:colcon.colcon_core.package_identification:_identify(m-explore-ros2/map_merge) by extensions ['colcon_meta']
[0.401s] Level 1:colcon.colcon_core.package_identification:_identify(m-explore-ros2/map_merge) by extension 'colcon_meta'
[0.401s] Level 1:colcon.colcon_core.package_identification:_identify(m-explore-ros2/map_merge) by extensions ['ros']
[0.401s] Level 1:colcon.colcon_core.package_identification:_identify(m-explore-ros2/map_merge) by extension 'ros'
[0.403s] DEBUG:colcon.colcon_core.package_identification:Package 'm-explore-ros2/map_merge' with type 'ros.ament_cmake' and name 'multirobot_map_merge'
[0.403s] Level 1:colcon.colcon_core.package_discovery:discover_packages(recursive) using defaults
[0.403s] Level 1:colcon.colcon_core.package_discovery:discover_packages(ignore) discover
[0.403s] Level 1:colcon.colcon_core.package_discovery:discover_packages(ignore) using defaults
[0.403s] Level 1:colcon.colcon_core.package_discovery:discover_packages(path) discover
[0.403s] Level 1:colcon.colcon_core.package_discovery:discover_packages(path) using defaults
[0.439s] Level 1:colcon.colcon_core.package_discovery:discover_packages(prefix_path) check parameters
[0.439s] Level 1:colcon.colcon_core.package_discovery:discover_packages(prefix_path) discover
[0.441s] WARNING:colcon.colcon_ros.prefix_path.catkin:The path '/usr/local/include/mavlink' in the environment variable CMAKE_PREFIX_PATH doesn't exist
[0.441s] WARNING:colcon.colcon_ros.prefix_path.catkin:The path '/usr/local/share/mavlink/cmake' in the environment variable CMAKE_PREFIX_PATH doesn't exist
[0.443s] DEBUG:colcon.colcon_installed_package_information.package_discovery:Found 3 installed packages in /home/maul/ws_kinclong_nav/install
[0.447s] DEBUG:colcon.colcon_installed_package_information.package_discovery:Found 424 installed packages in /opt/ros/jazzy
[0.450s] Level 1:colcon.colcon_core.package_discovery:discover_packages(prefix_path) using defaults
[0.579s] Level 5:colcon.colcon_core.verb:set package 'explore_lite' build argument 'cmake_args' from command line to 'None'
[0.579s] Level 5:colcon.colcon_core.verb:set package 'explore_lite' build argument 'cmake_target' from command line to 'None'
[0.579s] Level 5:colcon.colcon_core.verb:set package 'explore_lite' build argument 'cmake_target_skip_unavailable' from command line to 'False'
[0.579s] Level 5:colcon.colcon_core.verb:set package 'explore_lite' build argument 'cmake_clean_cache' from command line to 'False'
[0.579s] Level 5:colcon.colcon_core.verb:set package 'explore_lite' build argument 'cmake_clean_first' from command line to 'False'
[0.579s] Level 5:colcon.colcon_core.verb:set package 'explore_lite' build argument 'cmake_force_configure' from command line to 'False'
[0.579s] Level 5:colcon.colcon_core.verb:set package 'explore_lite' build argument 'ament_cmake_args' from command line to 'None'
[0.579s] Level 5:colcon.colcon_core.verb:set package 'explore_lite' build argument 'catkin_cmake_args' from command line to 'None'
[0.579s] Level 5:colcon.colcon_core.verb:set package 'explore_lite' build argument 'catkin_skip_building_tests' from command line to 'False'
[0.579s] DEBUG:colcon.colcon_core.verb:Building package 'explore_lite' with the following arguments: {'ament_cmake_args': None, 'build_base': '/home/maul/ws_kinclong_nav/build/explore_lite', 'catkin_cmake_args': None, 'catkin_skip_building_tests': False, 'cmake_args': None, 'cmake_clean_cache': False, 'cmake_clean_first': False, 'cmake_force_configure': False, 'cmake_target': None, 'cmake_target_skip_unavailable': False, 'install_base': '/home/maul/ws_kinclong_nav/install/explore_lite', 'merge_install': False, 'path': '/home/maul/ws_kinclong_nav/m-explore-ros2/explore', 'symlink_install': False, 'test_result_base': None}
[0.580s] Level 5:colcon.colcon_core.verb:set package 'kinclong_nav' build argument 'cmake_args' from command line to 'None'
[0.580s] Level 5:colcon.colcon_core.verb:set package 'kinclong_nav' build argument 'cmake_target' from command line to 'None'
[0.580s] Level 5:colcon.colcon_core.verb:set package 'kinclong_nav' build argument 'cmake_target_skip_unavailable' from command line to 'False'
[0.580s] Level 5:colcon.colcon_core.verb:set package 'kinclong_nav' build argument 'cmake_clean_cache' from command line to 'False'
[0.580s] Level 5:colcon.colcon_core.verb:set package 'kinclong_nav' build argument 'cmake_clean_first' from command line to 'False'
[0.580s] Level 5:colcon.colcon_core.verb:set package 'kinclong_nav' build argument 'cmake_force_configure' from command line to 'False'
[0.581s] Level 5:colcon.colcon_core.verb:set package 'kinclong_nav' build argument 'ament_cmake_args' from command line to 'None'
[0.581s] Level 5:colcon.colcon_core.verb:set package 'kinclong_nav' build argument 'catkin_cmake_args' from command line to 'None'
[0.581s] Level 5:colcon.colcon_core.verb:set package 'kinclong_nav' build argument 'catkin_skip_building_tests' from command line to 'False'
[0.581s] DEBUG:colcon.colcon_core.verb:Building package 'kinclong_nav' with the following arguments: {'ament_cmake_args': None, 'build_base': '/home/maul/ws_kinclong_nav/build/kinclong_nav', 'catkin_cmake_args': None, 'catkin_skip_building_tests': False, 'cmake_args': None, 'cmake_clean_cache': False, 'cmake_clean_first': False, 'cmake_force_configure': False, 'cmake_target': None, 'cmake_target_skip_unavailable': False, 'install_base': '/home/maul/ws_kinclong_nav/install/kinclong_nav', 'merge_install': False, 'path': '/home/maul/ws_kinclong_nav/kinclong_nav', 'symlink_install': False, 'test_result_base': None}
[0.581s] Level 5:colcon.colcon_core.verb:set package 'multirobot_map_merge' build argument 'cmake_args' from command line to 'None'
[0.582s] Level 5:colcon.colcon_core.verb:set package 'multirobot_map_merge' build argument 'cmake_target' from command line to 'None'
[0.582s] Level 5:colcon.colcon_core.verb:set package 'multirobot_map_merge' build argument 'cmake_target_skip_unavailable' from command line to 'False'
[0.582s] Level 5:colcon.colcon_core.verb:set package 'multirobot_map_merge' build argument 'cmake_clean_cache' from command line to 'False'
[0.582s] Level 5:colcon.colcon_core.verb:set package 'multirobot_map_merge' build argument 'cmake_clean_first' from command line to 'False'
[0.582s] Level 5:colcon.colcon_core.verb:set package 'multirobot_map_merge' build argument 'cmake_force_configure' from command line to 'False'
[0.582s] Level 5:colcon.colcon_core.verb:set package 'multirobot_map_merge' build argument 'ament_cmake_args' from command line to 'None'
[0.582s] Level 5:colcon.colcon_core.verb:set package 'multirobot_map_merge' build argument 'catkin_cmake_args' from command line to 'None'
[0.582s] Level 5:colcon.colcon_core.verb:set package 'multirobot_map_merge' build argument 'catkin_skip_building_tests' from command line to 'False'
[0.582s] DEBUG:colcon.colcon_core.verb:Building package 'multirobot_map_merge' with the following arguments: {'ament_cmake_args': None, 'build_base': '/home/maul/ws_kinclong_nav/build/multirobot_map_merge', 'catkin_cmake_args': None, 'catkin_skip_building_tests': False, 'cmake_args': None, 'cmake_clean_cache': False, 'cmake_clean_first': False, 'cmake_force_configure': False, 'cmake_target': None, 'cmake_target_skip_unavailable': False, 'install_base': '/home/maul/ws_kinclong_nav/install/multirobot_map_merge', 'merge_install': False, 'path': '/home/maul/ws_kinclong_nav/m-explore-ros2/map_merge', 'symlink_install': False, 'test_result_base': None}
[0.582s] INFO:colcon.colcon_core.executor:Executing jobs using 'parallel' executor
[0.584s] DEBUG:colcon.colcon_parallel_executor.executor.parallel:run_until_complete
[0.585s] INFO:colcon.colcon_ros.task.ament_cmake.build:Building ROS package in '/home/maul/ws_kinclong_nav/m-explore-ros2/explore' with build type 'ament_cmake'
[0.585s] INFO:colcon.colcon_cmake.task.cmake.build:Building CMake package in '/home/maul/ws_kinclong_nav/m-explore-ros2/explore'
[0.590s] INFO:colcon.colcon_core.plugin_system:Skipping extension 'colcon_core.shell.bat': Not used on non-Windows systems
[0.590s] INFO:colcon.colcon_core.shell:Skip shell extension 'powershell' for command environment: Not usable outside of PowerShell
[0.590s] DEBUG:colcon.colcon_core.shell:Skip shell extension 'dsv' for command environment
[0.597s] INFO:colcon.colcon_ros.task.ament_cmake.build:Building ROS package in '/home/maul/ws_kinclong_nav/kinclong_nav' with build type 'ament_cmake'
[0.598s] INFO:colcon.colcon_cmake.task.cmake.build:Building CMake package in '/home/maul/ws_kinclong_nav/kinclong_nav'
[0.598s] INFO:colcon.colcon_core.shell:Skip shell extension 'powershell' for command environment: Not usable outside of PowerShell
[0.598s] DEBUG:colcon.colcon_core.shell:Skip shell extension 'dsv' for command environment
[0.605s] INFO:colcon.colcon_ros.task.ament_cmake.build:Building ROS package in '/home/maul/ws_kinclong_nav/m-explore-ros2/map_merge' with build type 'ament_cmake'
[0.605s] INFO:colcon.colcon_cmake.task.cmake.build:Building CMake package in '/home/maul/ws_kinclong_nav/m-explore-ros2/map_merge'
[0.606s] INFO:colcon.colcon_core.shell:Skip shell extension 'powershell' for command environment: Not usable outside of PowerShell
[0.606s] DEBUG:colcon.colcon_core.shell:Skip shell extension 'dsv' for command environment
[0.622s] DEBUG:colcon.colcon_core.event_handler.log_command:Invoking command in '/home/maul/ws_kinclong_nav/build/explore_lite': CMAKE_PREFIX_PATH=${CMAKE_PREFIX_PATH}:/opt/ros/jazzy DEBUGINFOD_URLS=https://debuginfod.ubuntu.com PS1=\[\e]0;\u@\h: \w\a\]${debian_chroot:+($debian_chroot)}\[\033[01;32m\]\u@\h\[\033[00m\]:\[\033[01;34m\]\w\[\033[00m\]\$ VIRTUAL_ENV_PROMPT=(venv-ardupilot) /usr/bin/cmake --build /home/maul/ws_kinclong_nav/build/explore_lite -- -j8 -l8
[0.628s] DEBUG:colcon.colcon_core.event_handler.log_command:Invoking command in '/home/maul/ws_kinclong_nav/build/kinclong_nav': CMAKE_PREFIX_PATH=${CMAKE_PREFIX_PATH}:/opt/ros/jazzy DEBUGINFOD_URLS=https://debuginfod.ubuntu.com PS1=\[\e]0;\u@\h: \w\a\]${debian_chroot:+($debian_chroot)}\[\033[01;32m\]\u@\h\[\033[00m\]:\[\033[01;34m\]\w\[\033[00m\]\$ VIRTUAL_ENV_PROMPT=(venv-ardupilot) /usr/bin/cmake --build /home/maul/ws_kinclong_nav/build/kinclong_nav -- -j8 -l8
[0.635s] DEBUG:colcon.colcon_core.event_handler.log_command:Invoking command in '/home/maul/ws_kinclong_nav/build/multirobot_map_merge': CMAKE_PREFIX_PATH=${CMAKE_PREFIX_PATH}:/opt/ros/jazzy DEBUGINFOD_URLS=https://debuginfod.ubuntu.com PS1=\[\e]0;\u@\h: \w\a\]${debian_chroot:+($debian_chroot)}\[\033[01;32m\]\u@\h\[\033[00m\]:\[\033[01;34m\]\w\[\033[00m\]\$ VIRTUAL_ENV_PROMPT=(venv-ardupilot) /usr/bin/cmake --build /home/maul/ws_kinclong_nav/build/multirobot_map_merge -- -j8 -l8
[0.698s] DEBUG:colcon.colcon_core.event_handler.log_command:Invoked command in '/home/maul/ws_kinclong_nav/build/kinclong_nav' returned '0': CMAKE_PREFIX_PATH=${CMAKE_PREFIX_PATH}:/opt/ros/jazzy DEBUGINFOD_URLS=https://debuginfod.ubuntu.com PS1=\[\e]0;\u@\h: \w\a\]${debian_chroot:+($debian_chroot)}\[\033[01;32m\]\u@\h\[\033[00m\]:\[\033[01;34m\]\w\[\033[00m\]\$ VIRTUAL_ENV_PROMPT=(venv-ardupilot) /usr/bin/cmake --build /home/maul/ws_kinclong_nav/build/kinclong_nav -- -j8 -l8
[0.723s] DEBUG:colcon.colcon_core.event_handler.log_command:Invoking command in '/home/maul/ws_kinclong_nav/build/kinclong_nav': CMAKE_PREFIX_PATH=${CMAKE_PREFIX_PATH}:/opt/ros/jazzy DEBUGINFOD_URLS=https://debuginfod.ubuntu.com PS1=\[\e]0;\u@\h: \w\a\]${debian_chroot:+($debian_chroot)}\[\033[01;32m\]\u@\h\[\033[00m\]:\[\033[01;34m\]\w\[\033[00m\]\$ VIRTUAL_ENV_PROMPT=(venv-ardupilot) /usr/bin/cmake --install /home/maul/ws_kinclong_nav/build/kinclong_nav
[0.753s] Level 1:colcon.colcon_core.environment:create_environment_scripts_only(kinclong_nav)
[0.770s] Level 1:colcon.colcon_core.environment:checking '/home/maul/ws_kinclong_nav/install/kinclong_nav' for CMake module files
[0.775s] Level 1:colcon.colcon_core.environment:checking '/home/maul/ws_kinclong_nav/install/kinclong_nav' for CMake config files
[0.775s] DEBUG:colcon.colcon_core.event_handler.log_command:Invoked command in '/home/maul/ws_kinclong_nav/build/kinclong_nav' returned '0': CMAKE_PREFIX_PATH=${CMAKE_PREFIX_PATH}:/opt/ros/jazzy DEBUGINFOD_URLS=https://debuginfod.ubuntu.com PS1=\[\e]0;\u@\h: \w\a\]${debian_chroot:+($debian_chroot)}\[\033[01;32m\]\u@\h\[\033[00m\]:\[\033[01;34m\]\w\[\033[00m\]\$ VIRTUAL_ENV_PROMPT=(venv-ardupilot) /usr/bin/cmake --install /home/maul/ws_kinclong_nav/build/kinclong_nav
[0.778s] Level 1:colcon.colcon_core.shell:create_environment_hook('kinclong_nav', 'cmake_prefix_path')
[0.778s] INFO:colcon.colcon_core.shell:Creating environment hook '/home/maul/ws_kinclong_nav/install/kinclong_nav/share/kinclong_nav/hook/cmake_prefix_path.ps1'
[0.781s] INFO:colcon.colcon_core.shell:Creating environment descriptor '/home/maul/ws_kinclong_nav/install/kinclong_nav/share/kinclong_nav/hook/cmake_prefix_path.dsv'
[0.782s] INFO:colcon.colcon_core.shell:Creating environment hook '/home/maul/ws_kinclong_nav/install/kinclong_nav/share/kinclong_nav/hook/cmake_prefix_path.sh'
[0.785s] Level 1:colcon.colcon_core.environment:checking '/home/maul/ws_kinclong_nav/install/kinclong_nav/bin'
[0.785s] Level 1:colcon.colcon_core.environment:checking '/home/maul/ws_kinclong_nav/install/kinclong_nav/lib/pkgconfig/kinclong_nav.pc'
[0.786s] Level 1:colcon.colcon_core.environment:checking '/home/maul/ws_kinclong_nav/install/kinclong_nav/lib/python3.12/site-packages'
[0.787s] Level 1:colcon.colcon_core.environment:checking '/home/maul/ws_kinclong_nav/install/kinclong_nav/bin'
[0.787s] INFO:colcon.colcon_core.shell:Creating package script '/home/maul/ws_kinclong_nav/install/kinclong_nav/share/kinclong_nav/package.ps1'
[0.789s] INFO:colcon.colcon_core.shell:Creating package descriptor '/home/maul/ws_kinclong_nav/install/kinclong_nav/share/kinclong_nav/package.dsv'
[0.790s] INFO:colcon.colcon_core.shell:Creating package script '/home/maul/ws_kinclong_nav/install/kinclong_nav/share/kinclong_nav/package.sh'
[0.791s] INFO:colcon.colcon_core.shell:Creating package script '/home/maul/ws_kinclong_nav/install/kinclong_nav/share/kinclong_nav/package.bash'
[0.792s] INFO:colcon.colcon_core.shell:Creating package script '/home/maul/ws_kinclong_nav/install/kinclong_nav/share/kinclong_nav/package.zsh'
[0.793s] Level 1:colcon.colcon_core.environment:create_file_with_runtime_dependencies(/home/maul/ws_kinclong_nav/install/kinclong_nav/share/colcon-core/packages/kinclong_nav)
[0.794s] Level 1:colcon.colcon_core.environment:create_environment_scripts_only(kinclong_nav)
[0.795s] Level 1:colcon.colcon_core.environment:checking '/home/maul/ws_kinclong_nav/install/kinclong_nav' for CMake module files
[0.796s] Level 1:colcon.colcon_core.environment:checking '/home/maul/ws_kinclong_nav/install/kinclong_nav' for CMake config files
[0.796s] Level 1:colcon.colcon_core.shell:create_environment_hook('kinclong_nav', 'cmake_prefix_path')
[0.797s] INFO:colcon.colcon_core.shell:Creating environment hook '/home/maul/ws_kinclong_nav/install/kinclong_nav/share/kinclong_nav/hook/cmake_prefix_path.ps1'
[0.797s] INFO:colcon.colcon_core.shell:Creating environment descriptor '/home/maul/ws_kinclong_nav/install/kinclong_nav/share/kinclong_nav/hook/cmake_prefix_path.dsv'
[0.798s] INFO:colcon.colcon_core.shell:Creating environment hook '/home/maul/ws_kinclong_nav/install/kinclong_nav/share/kinclong_nav/hook/cmake_prefix_path.sh'
[0.799s] Level 1:colcon.colcon_core.environment:checking '/home/maul/ws_kinclong_nav/install/kinclong_nav/bin'
[0.799s] Level 1:colcon.colcon_core.environment:checking '/home/maul/ws_kinclong_nav/install/kinclong_nav/lib/pkgconfig/kinclong_nav.pc'
[0.800s] Level 1:colcon.colcon_core.environment:checking '/home/maul/ws_kinclong_nav/install/kinclong_nav/lib/python3.12/site-packages'
[0.800s] Level 1:colcon.colcon_core.environment:checking '/home/maul/ws_kinclong_nav/install/kinclong_nav/bin'
[0.800s] INFO:colcon.colcon_core.shell:Creating package script '/home/maul/ws_kinclong_nav/install/kinclong_nav/share/kinclong_nav/package.ps1'
[0.801s] INFO:colcon.colcon_core.shell:Creating package descriptor '/home/maul/ws_kinclong_nav/install/kinclong_nav/share/kinclong_nav/package.dsv'
[0.802s] INFO:colcon.colcon_core.shell:Creating package script '/home/maul/ws_kinclong_nav/install/kinclong_nav/share/kinclong_nav/package.sh'
[0.803s] INFO:colcon.colcon_core.shell:Creating package script '/home/maul/ws_kinclong_nav/install/kinclong_nav/share/kinclong_nav/package.bash'
[0.805s] INFO:colcon.colcon_core.shell:Creating package script '/home/maul/ws_kinclong_nav/install/kinclong_nav/share/kinclong_nav/package.zsh'
[0.806s] Level 1:colcon.colcon_core.environment:create_file_with_runtime_dependencies(/home/maul/ws_kinclong_nav/install/kinclong_nav/share/colcon-core/packages/kinclong_nav)
[0.828s] DEBUG:colcon.colcon_core.event_handler.log_command:Invoked command in '/home/maul/ws_kinclong_nav/build/explore_lite' returned '0': CMAKE_PREFIX_PATH=${CMAKE_PREFIX_PATH}:/opt/ros/jazzy DEBUGINFOD_URLS=https://debuginfod.ubuntu.com PS1=\[\e]0;\u@\h: \w\a\]${debian_chroot:+($debian_chroot)}\[\033[01;32m\]\u@\h\[\033[00m\]:\[\033[01;34m\]\w\[\033[00m\]\$ VIRTUAL_ENV_PROMPT=(venv-ardupilot) /usr/bin/cmake --build /home/maul/ws_kinclong_nav/build/explore_lite -- -j8 -l8
[0.831s] DEBUG:colcon.colcon_core.event_handler.log_command:Invoking command in '/home/maul/ws_kinclong_nav/build/explore_lite': CMAKE_PREFIX_PATH=${CMAKE_PREFIX_PATH}:/opt/ros/jazzy DEBUGINFOD_URLS=https://debuginfod.ubuntu.com PS1=\[\e]0;\u@\h: \w\a\]${debian_chroot:+($debian_chroot)}\[\033[01;32m\]\u@\h\[\033[00m\]:\[\033[01;34m\]\w\[\033[00m\]\$ VIRTUAL_ENV_PROMPT=(venv-ardupilot) /usr/bin/cmake --install /home/maul/ws_kinclong_nav/build/explore_lite
[0.860s] Level 1:colcon.colcon_core.environment:create_environment_scripts_only(explore_lite)
[0.860s] Level 1:colcon.colcon_core.environment:checking '/home/maul/ws_kinclong_nav/install/explore_lite' for CMake module files
[0.861s] DEBUG:colcon.colcon_core.event_handler.log_command:Invoked command in '/home/maul/ws_kinclong_nav/build/explore_lite' returned '0': CMAKE_PREFIX_PATH=${CMAKE_PREFIX_PATH}:/opt/ros/jazzy DEBUGINFOD_URLS=https://debuginfod.ubuntu.com PS1=\[\e]0;\u@\h: \w\a\]${debian_chroot:+($debian_chroot)}\[\033[01;32m\]\u@\h\[\033[00m\]:\[\033[01;34m\]\w\[\033[00m\]\$ VIRTUAL_ENV_PROMPT=(venv-ardupilot) /usr/bin/cmake --install /home/maul/ws_kinclong_nav/build/explore_lite
[0.862s] Level 1:colcon.colcon_core.environment:checking '/home/maul/ws_kinclong_nav/install/explore_lite' for CMake config files
[0.863s] Level 1:colcon.colcon_core.shell:create_environment_hook('explore_lite', 'cmake_prefix_path')
[0.863s] INFO:colcon.colcon_core.shell:Creating environment hook '/home/maul/ws_kinclong_nav/install/explore_lite/share/explore_lite/hook/cmake_prefix_path.ps1'
[0.864s] INFO:colcon.colcon_core.shell:Creating environment descriptor '/home/maul/ws_kinclong_nav/install/explore_lite/share/explore_lite/hook/cmake_prefix_path.dsv'
[0.864s] INFO:colcon.colcon_core.shell:Creating environment hook '/home/maul/ws_kinclong_nav/install/explore_lite/share/explore_lite/hook/cmake_prefix_path.sh'
[0.866s] Level 1:colcon.colcon_core.environment:checking '/home/maul/ws_kinclong_nav/install/explore_lite/lib'
[0.866s] Level 1:colcon.colcon_core.environment:checking '/home/maul/ws_kinclong_nav/install/explore_lite/bin'
[0.866s] Level 1:colcon.colcon_core.environment:checking '/home/maul/ws_kinclong_nav/install/explore_lite/lib/pkgconfig/explore_lite.pc'
[0.867s] Level 1:colcon.colcon_core.environment:checking '/home/maul/ws_kinclong_nav/install/explore_lite/lib/python3.12/site-packages'
[0.868s] Level 1:colcon.colcon_core.environment:checking '/home/maul/ws_kinclong_nav/install/explore_lite/bin'
[0.868s] INFO:colcon.colcon_core.shell:Creating package script '/home/maul/ws_kinclong_nav/install/explore_lite/share/explore_lite/package.ps1'
[0.869s] INFO:colcon.colcon_core.shell:Creating package descriptor '/home/maul/ws_kinclong_nav/install/explore_lite/share/explore_lite/package.dsv'
[0.870s] INFO:colcon.colcon_core.shell:Creating package script '/home/maul/ws_kinclong_nav/install/explore_lite/share/explore_lite/package.sh'
[0.871s] INFO:colcon.colcon_core.shell:Creating package script '/home/maul/ws_kinclong_nav/install/explore_lite/share/explore_lite/package.bash'
[0.871s] INFO:colcon.colcon_core.shell:Creating package script '/home/maul/ws_kinclong_nav/install/explore_lite/share/explore_lite/package.zsh'
[0.872s] Level 1:colcon.colcon_core.environment:create_file_with_runtime_dependencies(/home/maul/ws_kinclong_nav/install/explore_lite/share/colcon-core/packages/explore_lite)
[0.874s] Level 1:colcon.colcon_core.environment:create_environment_scripts_only(explore_lite)
[0.874s] Level 1:colcon.colcon_core.environment:checking '/home/maul/ws_kinclong_nav/install/explore_lite' for CMake module files
[0.876s] Level 1:colcon.colcon_core.environment:checking '/home/maul/ws_kinclong_nav/install/explore_lite' for CMake config files
[0.876s] Level 1:colcon.colcon_core.shell:create_environment_hook('explore_lite', 'cmake_prefix_path')
[0.876s] INFO:colcon.colcon_core.shell:Creating environment hook '/home/maul/ws_kinclong_nav/install/explore_lite/share/explore_lite/hook/cmake_prefix_path.ps1'
[0.878s] INFO:colcon.colcon_core.shell:Creating environment descriptor '/home/maul/ws_kinclong_nav/install/explore_lite/share/explore_lite/hook/cmake_prefix_path.dsv'
[0.879s] INFO:colcon.colcon_core.shell:Creating environment hook '/home/maul/ws_kinclong_nav/install/explore_lite/share/explore_lite/hook/cmake_prefix_path.sh'
[0.880s] Level 1:colcon.colcon_core.environment:checking '/home/maul/ws_kinclong_nav/install/explore_lite/lib'
[0.880s] Level 1:colcon.colcon_core.environment:checking '/home/maul/ws_kinclong_nav/install/explore_lite/bin'
[0.880s] Level 1:colcon.colcon_core.environment:checking '/home/maul/ws_kinclong_nav/install/explore_lite/lib/pkgconfig/explore_lite.pc'
[0.881s] Level 1:colcon.colcon_core.environment:checking '/home/maul/ws_kinclong_nav/install/explore_lite/lib/python3.12/site-packages'
[0.881s] Level 1:colcon.colcon_core.environment:checking '/home/maul/ws_kinclong_nav/install/explore_lite/bin'
[0.882s] INFO:colcon.colcon_core.shell:Creating package script '/home/maul/ws_kinclong_nav/install/explore_lite/share/explore_lite/package.ps1'
[0.883s] INFO:colcon.colcon_core.shell:Creating package descriptor '/home/maul/ws_kinclong_nav/install/explore_lite/share/explore_lite/package.dsv'
[0.885s] INFO:colcon.colcon_core.shell:Creating package script '/home/maul/ws_kinclong_nav/install/explore_lite/share/explore_lite/package.sh'
[0.887s] INFO:colcon.colcon_core.shell:Creating package script '/home/maul/ws_kinclong_nav/install/explore_lite/share/explore_lite/package.bash'
[0.888s] INFO:colcon.colcon_core.shell:Creating package script '/home/maul/ws_kinclong_nav/install/explore_lite/share/explore_lite/package.zsh'
[0.889s] Level 1:colcon.colcon_core.environment:create_file_with_runtime_dependencies(/home/maul/ws_kinclong_nav/install/explore_lite/share/colcon-core/packages/explore_lite)
[0.892s] DEBUG:colcon.colcon_core.event_handler.log_command:Invoked command in '/home/maul/ws_kinclong_nav/build/multirobot_map_merge' returned '0': CMAKE_PREFIX_PATH=${CMAKE_PREFIX_PATH}:/opt/ros/jazzy DEBUGINFOD_URLS=https://debuginfod.ubuntu.com PS1=\[\e]0;\u@\h: \w\a\]${debian_chroot:+($debian_chroot)}\[\033[01;32m\]\u@\h\[\033[00m\]:\[\033[01;34m\]\w\[\033[00m\]\$ VIRTUAL_ENV_PROMPT=(venv-ardupilot) /usr/bin/cmake --build /home/maul/ws_kinclong_nav/build/multirobot_map_merge -- -j8 -l8
[0.895s] DEBUG:colcon.colcon_core.event_handler.log_command:Invoking command in '/home/maul/ws_kinclong_nav/build/multirobot_map_merge': CMAKE_PREFIX_PATH=${CMAKE_PREFIX_PATH}:/opt/ros/jazzy DEBUGINFOD_URLS=https://debuginfod.ubuntu.com PS1=\[\e]0;\u@\h: \w\a\]${debian_chroot:+($debian_chroot)}\[\033[01;32m\]\u@\h\[\033[00m\]:\[\033[01;34m\]\w\[\033[00m\]\$ VIRTUAL_ENV_PROMPT=(venv-ardupilot) /usr/bin/cmake --install /home/maul/ws_kinclong_nav/build/multirobot_map_merge
[0.920s] Level 1:colcon.colcon_core.environment:create_environment_scripts_only(multirobot_map_merge)
[0.920s] Level 1:colcon.colcon_core.environment:checking '/home/maul/ws_kinclong_nav/install/multirobot_map_merge' for CMake module files
[0.922s] DEBUG:colcon.colcon_core.event_handler.log_command:Invoked command in '/home/maul/ws_kinclong_nav/build/multirobot_map_merge' returned '0': CMAKE_PREFIX_PATH=${CMAKE_PREFIX_PATH}:/opt/ros/jazzy DEBUGINFOD_URLS=https://debuginfod.ubuntu.com PS1=\[\e]0;\u@\h: \w\a\]${debian_chroot:+($debian_chroot)}\[\033[01;32m\]\u@\h\[\033[00m\]:\[\033[01;34m\]\w\[\033[00m\]\$ VIRTUAL_ENV_PROMPT=(venv-ardupilot) /usr/bin/cmake --install /home/maul/ws_kinclong_nav/build/multirobot_map_merge
[0.923s] Level 1:colcon.colcon_core.environment:checking '/home/maul/ws_kinclong_nav/install/multirobot_map_merge' for CMake config files
[0.923s] Level 1:colcon.colcon_core.shell:create_environment_hook('multirobot_map_merge', 'cmake_prefix_path')
[0.924s] INFO:colcon.colcon_core.shell:Creating environment hook '/home/maul/ws_kinclong_nav/install/multirobot_map_merge/share/multirobot_map_merge/hook/cmake_prefix_path.ps1'
[0.925s] INFO:colcon.colcon_core.shell:Creating environment descriptor '/home/maul/ws_kinclong_nav/install/multirobot_map_merge/share/multirobot_map_merge/hook/cmake_prefix_path.dsv'
[0.925s] INFO:colcon.colcon_core.shell:Creating environment hook '/home/maul/ws_kinclong_nav/install/multirobot_map_merge/share/multirobot_map_merge/hook/cmake_prefix_path.sh'
[0.926s] Level 1:colcon.colcon_core.environment:checking '/home/maul/ws_kinclong_nav/install/multirobot_map_merge/lib'
[0.927s] Level 1:colcon.colcon_core.environment:checking '/home/maul/ws_kinclong_nav/install/multirobot_map_merge/bin'
[0.927s] Level 1:colcon.colcon_core.environment:checking '/home/maul/ws_kinclong_nav/install/multirobot_map_merge/lib/pkgconfig/multirobot_map_merge.pc'
[0.927s] Level 1:colcon.colcon_core.environment:checking '/home/maul/ws_kinclong_nav/install/multirobot_map_merge/lib/python3.12/site-packages'
[0.928s] Level 1:colcon.colcon_core.environment:checking '/home/maul/ws_kinclong_nav/install/multirobot_map_merge/bin'
[0.928s] INFO:colcon.colcon_core.shell:Creating package script '/home/maul/ws_kinclong_nav/install/multirobot_map_merge/share/multirobot_map_merge/package.ps1'
[0.929s] INFO:colcon.colcon_core.shell:Creating package descriptor '/home/maul/ws_kinclong_nav/install/multirobot_map_merge/share/multirobot_map_merge/package.dsv'
[0.930s] INFO:colcon.colcon_core.shell:Creating package script '/home/maul/ws_kinclong_nav/install/multirobot_map_merge/share/multirobot_map_merge/package.sh'
[0.930s] INFO:colcon.colcon_core.shell:Creating package script '/home/maul/ws_kinclong_nav/install/multirobot_map_merge/share/multirobot_map_merge/package.bash'
[0.931s] INFO:colcon.colcon_core.shell:Creating package script '/home/maul/ws_kinclong_nav/install/multirobot_map_merge/share/multirobot_map_merge/package.zsh'
[0.931s] Level 1:colcon.colcon_core.environment:create_file_with_runtime_dependencies(/home/maul/ws_kinclong_nav/install/multirobot_map_merge/share/colcon-core/packages/multirobot_map_merge)
[0.932s] Level 1:colcon.colcon_core.environment:create_environment_scripts_only(multirobot_map_merge)
[0.933s] Level 1:colcon.colcon_core.environment:checking '/home/maul/ws_kinclong_nav/install/multirobot_map_merge' for CMake module files
[0.934s] Level 1:colcon.colcon_core.environment:checking '/home/maul/ws_kinclong_nav/install/multirobot_map_merge' for CMake config files
[0.934s] Level 1:colcon.colcon_core.shell:create_environment_hook('multirobot_map_merge', 'cmake_prefix_path')
[0.935s] INFO:colcon.colcon_core.shell:Creating environment hook '/home/maul/ws_kinclong_nav/install/multirobot_map_merge/share/multirobot_map_merge/hook/cmake_prefix_path.ps1'
[0.936s] INFO:colcon.colcon_core.shell:Creating environment descriptor '/home/maul/ws_kinclong_nav/install/multirobot_map_merge/share/multirobot_map_merge/hook/cmake_prefix_path.dsv'
[0.937s] INFO:colcon.colcon_core.shell:Creating environment hook '/home/maul/ws_kinclong_nav/install/multirobot_map_merge/share/multirobot_map_merge/hook/cmake_prefix_path.sh'
[0.938s] Level 1:colcon.colcon_core.environment:checking '/home/maul/ws_kinclong_nav/install/multirobot_map_merge/lib'
[0.939s] Level 1:colcon.colcon_core.environment:checking '/home/maul/ws_kinclong_nav/install/multirobot_map_merge/bin'
[0.939s] Level 1:colcon.colcon_core.environment:checking '/home/maul/ws_kinclong_nav/install/multirobot_map_merge/lib/pkgconfig/multirobot_map_merge.pc'
[0.939s] Level 1:colcon.colcon_core.environment:checking '/home/maul/ws_kinclong_nav/install/multirobot_map_merge/lib/python3.12/site-packages'
[0.940s] Level 1:colcon.colcon_core.environment:checking '/home/maul/ws_kinclong_nav/install/multirobot_map_merge/bin'
[0.941s] INFO:colcon.colcon_core.shell:Creating package script '/home/maul/ws_kinclong_nav/install/multirobot_map_merge/share/multirobot_map_merge/package.ps1'
[0.942s] INFO:colcon.colcon_core.shell:Creating package descriptor '/home/maul/ws_kinclong_nav/install/multirobot_map_merge/share/multirobot_map_merge/package.dsv'
[0.943s] INFO:colcon.colcon_core.shell:Creating package script '/home/maul/ws_kinclong_nav/install/multirobot_map_merge/share/multirobot_map_merge/package.sh'
[0.944s] INFO:colcon.colcon_core.shell:Creating package script '/home/maul/ws_kinclong_nav/install/multirobot_map_merge/share/multirobot_map_merge/package.bash'
[0.944s] INFO:colcon.colcon_core.shell:Creating package script '/home/maul/ws_kinclong_nav/install/multirobot_map_merge/share/multirobot_map_merge/package.zsh'
[0.945s] Level 1:colcon.colcon_core.environment:create_file_with_runtime_dependencies(/home/maul/ws_kinclong_nav/install/multirobot_map_merge/share/colcon-core/packages/multirobot_map_merge)
[0.945s] DEBUG:colcon.colcon_parallel_executor.executor.parallel:closing loop
[0.946s] DEBUG:colcon.colcon_parallel_executor.executor.parallel:loop closed
[0.947s] DEBUG:colcon.colcon_parallel_executor.executor.parallel:run_until_complete finished with '0'
[0.947s] DEBUG:colcon.colcon_core.event_reactor:joining thread
[0.961s] INFO:colcon.colcon_core.plugin_system:Skipping extension 'colcon_notification.desktop_notification.terminal_notifier': Not used on non-Darwin systems
[0.961s] INFO:colcon.colcon_core.plugin_system:Skipping extension 'colcon_notification.desktop_notification.win32': Not used on non-Windows systems
[0.962s] INFO:colcon.colcon_notification.desktop_notification:Sending desktop notification using 'notify2'
[0.983s] DEBUG:colcon.colcon_core.event_reactor:joined thread
[0.984s] INFO:colcon.colcon_core.shell:Creating prefix script '/home/maul/ws_kinclong_nav/install/local_setup.ps1'
[0.986s] INFO:colcon.colcon_core.shell:Creating prefix util module '/home/maul/ws_kinclong_nav/install/_local_setup_util_ps1.py'
[0.990s] INFO:colcon.colcon_core.shell:Creating prefix chain script '/home/maul/ws_kinclong_nav/install/setup.ps1'
[0.993s] INFO:colcon.colcon_core.shell:Creating prefix script '/home/maul/ws_kinclong_nav/install/local_setup.sh'
[0.994s] INFO:colcon.colcon_core.shell:Creating prefix util module '/home/maul/ws_kinclong_nav/install/_local_setup_util_sh.py'
[0.996s] INFO:colcon.colcon_core.shell:Creating prefix chain script '/home/maul/ws_kinclong_nav/install/setup.sh'
[0.999s] INFO:colcon.colcon_core.shell:Creating prefix script '/home/maul/ws_kinclong_nav/install/local_setup.bash'
[1.001s] INFO:colcon.colcon_core.shell:Creating prefix chain script '/home/maul/ws_kinclong_nav/install/setup.bash'
[1.004s] INFO:colcon.colcon_core.shell:Creating prefix script '/home/maul/ws_kinclong_nav/install/local_setup.zsh'
[1.005s] INFO:colcon.colcon_core.shell:Creating prefix chain script '/home/maul/ws_kinclong_nav/install/setup.zsh'
