[3.714s] DEBUG:colcon:Command line arguments: ['/usr/bin/colcon', 'build']
[3.714s] DEBUG:colcon:Parsed command line arguments: Namespace(log_base=None, log_level=None, verb_name='build', build_base='build', install_base='install', merge_install=False, symlink_install=False, test_result_base=None, continue_on_error=False, executor='parallel', parallel_workers=8, event_handlers=None, ignore_user_meta=False, metas=['./colcon.meta'], base_paths=['.'], packages_ignore=None, packages_ignore_regex=None, paths=None, packages_up_to=None, packages_up_to_regex=None, packages_above=None, packages_above_and_dependencies=None, packages_above_depth=None, packages_select_by_dep=None, packages_skip_by_dep=None, packages_skip_up_to=None, packages_select_build_failed=False, packages_skip_build_finished=False, packages_select_test_failures=False, packages_skip_test_passed=False, packages_select=None, packages_skip=None, packages_select_regex=None, packages_skip_regex=None, packages_start=None, packages_end=None, allow_overriding=[], cmake_args=None, cmake_target=None, cmake_target_skip_unavailable=False, cmake_clean_cache=False, cmake_clean_first=False, cmake_force_configure=False, ament_cmake_args=None, catkin_cmake_args=None, catkin_skip_building_tests=False, mixin_files=None, mixin=None, verb_parser=<colcon_mixin.mixin.mixin_argument.MixinArgumentDecorator object at 0x762a16db9fd0>, verb_extension=<colcon_core.verb.build.BuildVerb object at 0x762a16dba750>, main=<bound method BuildVerb.main of <colcon_core.verb.build.BuildVerb object at 0x762a16dba750>>, mixin_verb=('build',))
[3.939s] Level 1:colcon.colcon_core.package_discovery:discover_packages(colcon_meta) check parameters
[3.939s] Level 1:colcon.colcon_core.package_discovery:discover_packages(recursive) check parameters
[3.939s] Level 1:colcon.colcon_core.package_discovery:discover_packages(ignore) check parameters
[3.939s] Level 1:colcon.colcon_core.package_discovery:discover_packages(path) check parameters
[3.939s] Level 1:colcon.colcon_core.package_discovery:discover_packages(colcon_meta) discover
[3.939s] Level 1:colcon.colcon_core.package_discovery:discover_packages(recursive) discover
[3.939s] INFO:colcon.colcon_core.package_discovery:Crawling recursively for packages in '/home/maul/ws_kinclong_nav'
[3.939s] Level 1:colcon.colcon_core.package_identification:_identify(.) by extensions ['ignore', 'ignore_ament_install']
[3.939s] Level 1:colcon.colcon_core.package_identification:_identify(.) by extension 'ignore'
[3.939s] Level 1:colcon.colcon_core.package_identification:_identify(.) by extension 'ignore_ament_install'
[3.939s] Level 1:colcon.colcon_core.package_identification:_identify(.) by extensions ['colcon_pkg']
[3.940s] Level 1:colcon.colcon_core.package_identification:_identify(.) by extension 'colcon_pkg'
[3.940s] Level 1:colcon.colcon_core.package_identification:_identify(.) by extensions ['colcon_meta']
[3.940s] Level 1:colcon.colcon_core.package_identification:_identify(.) by extension 'colcon_meta'
[3.940s] Level 1:colcon.colcon_core.package_identification:_identify(.) by extensions ['ros']
[3.940s] Level 1:colcon.colcon_core.package_identification:_identify(.) by extension 'ros'
[4.062s] Level 1:colcon.colcon_core.package_identification:_identify(.) by extensions ['cmake', 'python']
[4.062s] Level 1:colcon.colcon_core.package_identification:_identify(.) by extension 'cmake'
[4.062s] Level 1:colcon.colcon_core.package_identification:_identify(.) by extension 'python'
[4.062s] Level 1:colcon.colcon_core.package_identification:_identify(.) by extensions ['python_setup_py']
[4.062s] Level 1:colcon.colcon_core.package_identification:_identify(.) by extension 'python_setup_py'
[4.062s] Level 1:colcon.colcon_core.package_identification:_identify(build) by extensions ['ignore', 'ignore_ament_install']
[4.062s] Level 1:colcon.colcon_core.package_identification:_identify(build) by extension 'ignore'
[4.062s] Level 1:colcon.colcon_core.package_identification:_identify(build) ignored
[4.062s] Level 1:colcon.colcon_core.package_identification:_identify(install) by extensions ['ignore', 'ignore_ament_install']
[4.062s] Level 1:colcon.colcon_core.package_identification:_identify(install) by extension 'ignore'
[4.062s] Level 1:colcon.colcon_core.package_identification:_identify(install) ignored
[4.063s] Level 1:colcon.colcon_core.package_identification:_identify(kinclong_nav) by extensions ['ignore', 'ignore_ament_install']
[4.063s] Level 1:colcon.colcon_core.package_identification:_identify(kinclong_nav) by extension 'ignore'
[4.063s] Level 1:colcon.colcon_core.package_identification:_identify(kinclong_nav) by extension 'ignore_ament_install'
[4.063s] Level 1:colcon.colcon_core.package_identification:_identify(kinclong_nav) by extensions ['colcon_pkg']
[4.063s] Level 1:colcon.colcon_core.package_identification:_identify(kinclong_nav) by extension 'colcon_pkg'
[4.063s] Level 1:colcon.colcon_core.package_identification:_identify(kinclong_nav) by extensions ['colcon_meta']
[4.063s] Level 1:colcon.colcon_core.package_identification:_identify(kinclong_nav) by extension 'colcon_meta'
[4.063s] Level 1:colcon.colcon_core.package_identification:_identify(kinclong_nav) by extensions ['ros']
[4.063s] Level 1:colcon.colcon_core.package_identification:_identify(kinclong_nav) by extension 'ros'
[4.103s] DEBUG:colcon.colcon_core.package_identification:Package 'kinclong_nav' with type 'ros.ament_cmake' and name 'kinclong_nav'
[4.104s] Level 1:colcon.colcon_core.package_identification:_identify(log) by extensions ['ignore', 'ignore_ament_install']
[4.104s] Level 1:colcon.colcon_core.package_identification:_identify(log) by extension 'ignore'
[4.104s] Level 1:colcon.colcon_core.package_identification:_identify(log) ignored
[4.104s] Level 1:colcon.colcon_core.package_identification:_identify(m-explore-ros2) by extensions ['ignore', 'ignore_ament_install']
[4.104s] Level 1:colcon.colcon_core.package_identification:_identify(m-explore-ros2) by extension 'ignore'
[4.104s] Level 1:colcon.colcon_core.package_identification:_identify(m-explore-ros2) by extension 'ignore_ament_install'
[4.104s] Level 1:colcon.colcon_core.package_identification:_identify(m-explore-ros2) by extensions ['colcon_pkg']
[4.104s] Level 1:colcon.colcon_core.package_identification:_identify(m-explore-ros2) by extension 'colcon_pkg'
[4.104s] Level 1:colcon.colcon_core.package_identification:_identify(m-explore-ros2) by extensions ['colcon_meta']
[4.104s] Level 1:colcon.colcon_core.package_identification:_identify(m-explore-ros2) by extension 'colcon_meta'
[4.104s] Level 1:colcon.colcon_core.package_identification:_identify(m-explore-ros2) by extensions ['ros']
[4.104s] Level 1:colcon.colcon_core.package_identification:_identify(m-explore-ros2) by extension 'ros'
[4.105s] Level 1:colcon.colcon_core.package_identification:_identify(m-explore-ros2) by extensions ['cmake', 'python']
[4.105s] Level 1:colcon.colcon_core.package_identification:_identify(m-explore-ros2) by extension 'cmake'
[4.105s] Level 1:colcon.colcon_core.package_identification:_identify(m-explore-ros2) by extension 'python'
[4.105s] Level 1:colcon.colcon_core.package_identification:_identify(m-explore-ros2) by extensions ['python_setup_py']
[4.105s] Level 1:colcon.colcon_core.package_identification:_identify(m-explore-ros2) by extension 'python_setup_py'
[4.105s] Level 1:colcon.colcon_core.package_identification:_identify(m-explore-ros2/explore) by extensions ['ignore', 'ignore_ament_install']
[4.105s] Level 1:colcon.colcon_core.package_identification:_identify(m-explore-ros2/explore) by extension 'ignore'
[4.105s] Level 1:colcon.colcon_core.package_identification:_identify(m-explore-ros2/explore) by extension 'ignore_ament_install'
[4.105s] Level 1:colcon.colcon_core.package_identification:_identify(m-explore-ros2/explore) by extensions ['colcon_pkg']
[4.105s] Level 1:colcon.colcon_core.package_identification:_identify(m-explore-ros2/explore) by extension 'colcon_pkg'
[4.105s] Level 1:colcon.colcon_core.package_identification:_identify(m-explore-ros2/explore) by extensions ['colcon_meta']
[4.105s] Level 1:colcon.colcon_core.package_identification:_identify(m-explore-ros2/explore) by extension 'colcon_meta'
[4.105s] Level 1:colcon.colcon_core.package_identification:_identify(m-explore-ros2/explore) by extensions ['ros']
[4.105s] Level 1:colcon.colcon_core.package_identification:_identify(m-explore-ros2/explore) by extension 'ros'
[4.106s] DEBUG:colcon.colcon_core.package_identification:Package 'm-explore-ros2/explore' with type 'ros.ament_cmake' and name 'explore_lite'
[4.107s] Level 1:colcon.colcon_core.package_identification:_identify(m-explore-ros2/map_merge) by extensions ['ignore', 'ignore_ament_install']
[4.107s] Level 1:colcon.colcon_core.package_identification:_identify(m-explore-ros2/map_merge) by extension 'ignore'
[4.107s] Level 1:colcon.colcon_core.package_identification:_identify(m-explore-ros2/map_merge) by extension 'ignore_ament_install'
[4.107s] Level 1:colcon.colcon_core.package_identification:_identify(m-explore-ros2/map_merge) by extensions ['colcon_pkg']
[4.107s] Level 1:colcon.colcon_core.package_identification:_identify(m-explore-ros2/map_merge) by extension 'colcon_pkg'
[4.107s] Level 1:colcon.colcon_core.package_identification:_identify(m-explore-ros2/map_merge) by extensions ['colcon_meta']
[4.107s] Level 1:colcon.colcon_core.package_identification:_identify(m-explore-ros2/map_merge) by extension 'colcon_meta'
[4.107s] Level 1:colcon.colcon_core.package_identification:_identify(m-explore-ros2/map_merge) by extensions ['ros']
[4.107s] Level 1:colcon.colcon_core.package_identification:_identify(m-explore-ros2/map_merge) by extension 'ros'
[4.108s] DEBUG:colcon.colcon_core.package_identification:Package 'm-explore-ros2/map_merge' with type 'ros.ament_cmake' and name 'multirobot_map_merge'
[4.108s] Level 1:colcon.colcon_core.package_discovery:discover_packages(recursive) using defaults
[4.108s] Level 1:colcon.colcon_core.package_discovery:discover_packages(ignore) discover
[4.108s] Level 1:colcon.colcon_core.package_discovery:discover_packages(ignore) using defaults
[4.108s] Level 1:colcon.colcon_core.package_discovery:discover_packages(path) discover
[4.108s] Level 1:colcon.colcon_core.package_discovery:discover_packages(path) using defaults
[4.189s] Level 1:colcon.colcon_core.package_discovery:discover_packages(prefix_path) check parameters
[4.189s] Level 1:colcon.colcon_core.package_discovery:discover_packages(prefix_path) discover
[4.226s] WARNING:colcon.colcon_ros.prefix_path.catkin:The path '/usr/local/include/mavlink' in the environment variable CMAKE_PREFIX_PATH doesn't exist
[4.226s] WARNING:colcon.colcon_ros.prefix_path.catkin:The path '/usr/local/share/mavlink/cmake' in the environment variable CMAKE_PREFIX_PATH doesn't exist
[4.228s] DEBUG:colcon.colcon_installed_package_information.package_discovery:Found 3 installed packages in /home/maul/ws_kinclong_nav/install
[4.229s] DEBUG:colcon.colcon_installed_package_information.package_discovery:Found 424 installed packages in /opt/ros/jazzy
[4.231s] Level 1:colcon.colcon_core.package_discovery:discover_packages(prefix_path) using defaults
[4.351s] Level 5:colcon.colcon_core.verb:set package 'explore_lite' build argument 'cmake_args' from command line to 'None'
[4.351s] Level 5:colcon.colcon_core.verb:set package 'explore_lite' build argument 'cmake_target' from command line to 'None'
[4.351s] Level 5:colcon.colcon_core.verb:set package 'explore_lite' build argument 'cmake_target_skip_unavailable' from command line to 'False'
[4.351s] Level 5:colcon.colcon_core.verb:set package 'explore_lite' build argument 'cmake_clean_cache' from command line to 'False'
[4.351s] Level 5:colcon.colcon_core.verb:set package 'explore_lite' build argument 'cmake_clean_first' from command line to 'False'
[4.351s] Level 5:colcon.colcon_core.verb:set package 'explore_lite' build argument 'cmake_force_configure' from command line to 'False'
[4.351s] Level 5:colcon.colcon_core.verb:set package 'explore_lite' build argument 'ament_cmake_args' from command line to 'None'
[4.351s] Level 5:colcon.colcon_core.verb:set package 'explore_lite' build argument 'catkin_cmake_args' from command line to 'None'
[4.351s] Level 5:colcon.colcon_core.verb:set package 'explore_lite' build argument 'catkin_skip_building_tests' from command line to 'False'
[4.351s] DEBUG:colcon.colcon_core.verb:Building package 'explore_lite' with the following arguments: {'ament_cmake_args': None, 'build_base': '/home/maul/ws_kinclong_nav/build/explore_lite', 'catkin_cmake_args': None, 'catkin_skip_building_tests': False, 'cmake_args': None, 'cmake_clean_cache': False, 'cmake_clean_first': False, 'cmake_force_configure': False, 'cmake_target': None, 'cmake_target_skip_unavailable': False, 'install_base': '/home/maul/ws_kinclong_nav/install/explore_lite', 'merge_install': False, 'path': '/home/maul/ws_kinclong_nav/m-explore-ros2/explore', 'symlink_install': False, 'test_result_base': None}
[4.352s] Level 5:colcon.colcon_core.verb:set package 'kinclong_nav' build argument 'cmake_args' from command line to 'None'
[4.352s] Level 5:colcon.colcon_core.verb:set package 'kinclong_nav' build argument 'cmake_target' from command line to 'None'
[4.352s] Level 5:colcon.colcon_core.verb:set package 'kinclong_nav' build argument 'cmake_target_skip_unavailable' from command line to 'False'
[4.352s] Level 5:colcon.colcon_core.verb:set package 'kinclong_nav' build argument 'cmake_clean_cache' from command line to 'False'
[4.352s] Level 5:colcon.colcon_core.verb:set package 'kinclong_nav' build argument 'cmake_clean_first' from command line to 'False'
[4.352s] Level 5:colcon.colcon_core.verb:set package 'kinclong_nav' build argument 'cmake_force_configure' from command line to 'False'
[4.352s] Level 5:colcon.colcon_core.verb:set package 'kinclong_nav' build argument 'ament_cmake_args' from command line to 'None'
[4.352s] Level 5:colcon.colcon_core.verb:set package 'kinclong_nav' build argument 'catkin_cmake_args' from command line to 'None'
[4.352s] Level 5:colcon.colcon_core.verb:set package 'kinclong_nav' build argument 'catkin_skip_building_tests' from command line to 'False'
[4.352s] DEBUG:colcon.colcon_core.verb:Building package 'kinclong_nav' with the following arguments: {'ament_cmake_args': None, 'build_base': '/home/maul/ws_kinclong_nav/build/kinclong_nav', 'catkin_cmake_args': None, 'catkin_skip_building_tests': False, 'cmake_args': None, 'cmake_clean_cache': False, 'cmake_clean_first': False, 'cmake_force_configure': False, 'cmake_target': None, 'cmake_target_skip_unavailable': False, 'install_base': '/home/maul/ws_kinclong_nav/install/kinclong_nav', 'merge_install': False, 'path': '/home/maul/ws_kinclong_nav/kinclong_nav', 'symlink_install': False, 'test_result_base': None}
[4.352s] Level 5:colcon.colcon_core.verb:set package 'multirobot_map_merge' build argument 'cmake_args' from command line to 'None'
[4.352s] Level 5:colcon.colcon_core.verb:set package 'multirobot_map_merge' build argument 'cmake_target' from command line to 'None'
[4.352s] Level 5:colcon.colcon_core.verb:set package 'multirobot_map_merge' build argument 'cmake_target_skip_unavailable' from command line to 'False'
[4.352s] Level 5:colcon.colcon_core.verb:set package 'multirobot_map_merge' build argument 'cmake_clean_cache' from command line to 'False'
[4.352s] Level 5:colcon.colcon_core.verb:set package 'multirobot_map_merge' build argument 'cmake_clean_first' from command line to 'False'
[4.352s] Level 5:colcon.colcon_core.verb:set package 'multirobot_map_merge' build argument 'cmake_force_configure' from command line to 'False'
[4.352s] Level 5:colcon.colcon_core.verb:set package 'multirobot_map_merge' build argument 'ament_cmake_args' from command line to 'None'
[4.352s] Level 5:colcon.colcon_core.verb:set package 'multirobot_map_merge' build argument 'catkin_cmake_args' from command line to 'None'
[4.352s] Level 5:colcon.colcon_core.verb:set package 'multirobot_map_merge' build argument 'catkin_skip_building_tests' from command line to 'False'
[4.352s] DEBUG:colcon.colcon_core.verb:Building package 'multirobot_map_merge' with the following arguments: {'ament_cmake_args': None, 'build_base': '/home/maul/ws_kinclong_nav/build/multirobot_map_merge', 'catkin_cmake_args': None, 'catkin_skip_building_tests': False, 'cmake_args': None, 'cmake_clean_cache': False, 'cmake_clean_first': False, 'cmake_force_configure': False, 'cmake_target': None, 'cmake_target_skip_unavailable': False, 'install_base': '/home/maul/ws_kinclong_nav/install/multirobot_map_merge', 'merge_install': False, 'path': '/home/maul/ws_kinclong_nav/m-explore-ros2/map_merge', 'symlink_install': False, 'test_result_base': None}
[4.352s] INFO:colcon.colcon_core.executor:Executing jobs using 'parallel' executor
[4.353s] DEBUG:colcon.colcon_parallel_executor.executor.parallel:run_until_complete
[4.353s] INFO:colcon.colcon_ros.task.ament_cmake.build:Building ROS package in '/home/maul/ws_kinclong_nav/m-explore-ros2/explore' with build type 'ament_cmake'
[4.353s] INFO:colcon.colcon_cmake.task.cmake.build:Building CMake package in '/home/maul/ws_kinclong_nav/m-explore-ros2/explore'
[4.357s] INFO:colcon.colcon_core.plugin_system:Skipping extension 'colcon_core.shell.bat': Not used on non-Windows systems
[4.358s] INFO:colcon.colcon_core.shell:Skip shell extension 'powershell' for command environment: Not usable outside of PowerShell
[4.358s] DEBUG:colcon.colcon_core.shell:Skip shell extension 'dsv' for command environment
[4.379s] INFO:colcon.colcon_ros.task.ament_cmake.build:Building ROS package in '/home/maul/ws_kinclong_nav/kinclong_nav' with build type 'ament_cmake'
[4.379s] INFO:colcon.colcon_cmake.task.cmake.build:Building CMake package in '/home/maul/ws_kinclong_nav/kinclong_nav'
[4.379s] INFO:colcon.colcon_core.shell:Skip shell extension 'powershell' for command environment: Not usable outside of PowerShell
[4.379s] DEBUG:colcon.colcon_core.shell:Skip shell extension 'dsv' for command environment
[4.383s] INFO:colcon.colcon_ros.task.ament_cmake.build:Building ROS package in '/home/maul/ws_kinclong_nav/m-explore-ros2/map_merge' with build type 'ament_cmake'
[4.383s] INFO:colcon.colcon_cmake.task.cmake.build:Building CMake package in '/home/maul/ws_kinclong_nav/m-explore-ros2/map_merge'
[4.383s] INFO:colcon.colcon_core.shell:Skip shell extension 'powershell' for command environment: Not usable outside of PowerShell
[4.383s] DEBUG:colcon.colcon_core.shell:Skip shell extension 'dsv' for command environment
[4.463s] DEBUG:colcon.colcon_core.event_handler.log_command:Invoking command in '/home/maul/ws_kinclong_nav/build/explore_lite': CMAKE_PREFIX_PATH=${CMAKE_PREFIX_PATH}:/opt/ros/jazzy DEBUGINFOD_URLS=https://debuginfod.ubuntu.com PS1=\[\e]0;\u@\h: \w\a\]${debian_chroot:+($debian_chroot)}\[\033[01;32m\]\u@\h\[\033[00m\]:\[\033[01;34m\]\w\[\033[00m\]\$ VIRTUAL_ENV_PROMPT=(venv-ardupilot) /usr/bin/cmake --build /home/maul/ws_kinclong_nav/build/explore_lite -- -j8 -l8
[4.526s] DEBUG:colcon.colcon_core.event_handler.log_command:Invoking command in '/home/maul/ws_kinclong_nav/build/kinclong_nav': CMAKE_PREFIX_PATH=${CMAKE_PREFIX_PATH}:/opt/ros/jazzy DEBUGINFOD_URLS=https://debuginfod.ubuntu.com PS1=\[\e]0;\u@\h: \w\a\]${debian_chroot:+($debian_chroot)}\[\033[01;32m\]\u@\h\[\033[00m\]:\[\033[01;34m\]\w\[\033[00m\]\$ VIRTUAL_ENV_PROMPT=(venv-ardupilot) /usr/bin/cmake --build /home/maul/ws_kinclong_nav/build/kinclong_nav -- -j8 -l8
[4.602s] DEBUG:colcon.colcon_core.event_handler.log_command:Invoking command in '/home/maul/ws_kinclong_nav/build/multirobot_map_merge': CMAKE_PREFIX_PATH=${CMAKE_PREFIX_PATH}:/opt/ros/jazzy DEBUGINFOD_URLS=https://debuginfod.ubuntu.com PS1=\[\e]0;\u@\h: \w\a\]${debian_chroot:+($debian_chroot)}\[\033[01;32m\]\u@\h\[\033[00m\]:\[\033[01;34m\]\w\[\033[00m\]\$ VIRTUAL_ENV_PROMPT=(venv-ardupilot) /usr/bin/cmake --build /home/maul/ws_kinclong_nav/build/multirobot_map_merge -- -j8 -l8
[4.878s] DEBUG:colcon.colcon_core.event_handler.log_command:Invoked command in '/home/maul/ws_kinclong_nav/build/kinclong_nav' returned '0': CMAKE_PREFIX_PATH=${CMAKE_PREFIX_PATH}:/opt/ros/jazzy DEBUGINFOD_URLS=https://debuginfod.ubuntu.com PS1=\[\e]0;\u@\h: \w\a\]${debian_chroot:+($debian_chroot)}\[\033[01;32m\]\u@\h\[\033[00m\]:\[\033[01;34m\]\w\[\033[00m\]\$ VIRTUAL_ENV_PROMPT=(venv-ardupilot) /usr/bin/cmake --build /home/maul/ws_kinclong_nav/build/kinclong_nav -- -j8 -l8
[4.887s] DEBUG:colcon.colcon_core.event_handler.log_command:Invoking command in '/home/maul/ws_kinclong_nav/build/kinclong_nav': CMAKE_PREFIX_PATH=${CMAKE_PREFIX_PATH}:/opt/ros/jazzy DEBUGINFOD_URLS=https://debuginfod.ubuntu.com PS1=\[\e]0;\u@\h: \w\a\]${debian_chroot:+($debian_chroot)}\[\033[01;32m\]\u@\h\[\033[00m\]:\[\033[01;34m\]\w\[\033[00m\]\$ VIRTUAL_ENV_PROMPT=(venv-ardupilot) /usr/bin/cmake --install /home/maul/ws_kinclong_nav/build/kinclong_nav
[4.969s] Level 1:colcon.colcon_core.environment:create_environment_scripts_only(kinclong_nav)
[4.969s] DEBUG:colcon.colcon_core.event_handler.log_command:Invoked command in '/home/maul/ws_kinclong_nav/build/kinclong_nav' returned '0': CMAKE_PREFIX_PATH=${CMAKE_PREFIX_PATH}:/opt/ros/jazzy DEBUGINFOD_URLS=https://debuginfod.ubuntu.com PS1=\[\e]0;\u@\h: \w\a\]${debian_chroot:+($debian_chroot)}\[\033[01;32m\]\u@\h\[\033[00m\]:\[\033[01;34m\]\w\[\033[00m\]\$ VIRTUAL_ENV_PROMPT=(venv-ardupilot) /usr/bin/cmake --install /home/maul/ws_kinclong_nav/build/kinclong_nav
[4.976s] Level 1:colcon.colcon_core.environment:checking '/home/maul/ws_kinclong_nav/install/kinclong_nav' for CMake module files
[4.976s] Level 1:colcon.colcon_core.environment:checking '/home/maul/ws_kinclong_nav/install/kinclong_nav' for CMake config files
[4.976s] Level 1:colcon.colcon_core.shell:create_environment_hook('kinclong_nav', 'cmake_prefix_path')
[4.977s] INFO:colcon.colcon_core.shell:Creating environment hook '/home/maul/ws_kinclong_nav/install/kinclong_nav/share/kinclong_nav/hook/cmake_prefix_path.ps1'
[5.070s] INFO:colcon.colcon_core.shell:Creating environment descriptor '/home/maul/ws_kinclong_nav/install/kinclong_nav/share/kinclong_nav/hook/cmake_prefix_path.dsv'
[5.071s] INFO:colcon.colcon_core.shell:Creating environment hook '/home/maul/ws_kinclong_nav/install/kinclong_nav/share/kinclong_nav/hook/cmake_prefix_path.sh'
[5.072s] Level 1:colcon.colcon_core.environment:checking '/home/maul/ws_kinclong_nav/install/kinclong_nav/bin'
[5.072s] Level 1:colcon.colcon_core.environment:checking '/home/maul/ws_kinclong_nav/install/kinclong_nav/lib/pkgconfig/kinclong_nav.pc'
[5.072s] Level 1:colcon.colcon_core.environment:checking '/home/maul/ws_kinclong_nav/install/kinclong_nav/lib/python3.12/site-packages'
[5.073s] Level 1:colcon.colcon_core.environment:checking '/home/maul/ws_kinclong_nav/install/kinclong_nav/bin'
[5.073s] INFO:colcon.colcon_core.shell:Creating package script '/home/maul/ws_kinclong_nav/install/kinclong_nav/share/kinclong_nav/package.ps1'
[5.074s] INFO:colcon.colcon_core.shell:Creating package descriptor '/home/maul/ws_kinclong_nav/install/kinclong_nav/share/kinclong_nav/package.dsv'
[5.090s] INFO:colcon.colcon_core.shell:Creating package script '/home/maul/ws_kinclong_nav/install/kinclong_nav/share/kinclong_nav/package.sh'
[5.106s] INFO:colcon.colcon_core.shell:Creating package script '/home/maul/ws_kinclong_nav/install/kinclong_nav/share/kinclong_nav/package.bash'
[5.123s] INFO:colcon.colcon_core.shell:Creating package script '/home/maul/ws_kinclong_nav/install/kinclong_nav/share/kinclong_nav/package.zsh'
[5.166s] Level 1:colcon.colcon_core.environment:create_file_with_runtime_dependencies(/home/maul/ws_kinclong_nav/install/kinclong_nav/share/colcon-core/packages/kinclong_nav)
[5.167s] Level 1:colcon.colcon_core.environment:create_environment_scripts_only(kinclong_nav)
[5.167s] Level 1:colcon.colcon_core.environment:checking '/home/maul/ws_kinclong_nav/install/kinclong_nav' for CMake module files
[5.168s] Level 1:colcon.colcon_core.environment:checking '/home/maul/ws_kinclong_nav/install/kinclong_nav' for CMake config files
[5.168s] Level 1:colcon.colcon_core.shell:create_environment_hook('kinclong_nav', 'cmake_prefix_path')
[5.168s] INFO:colcon.colcon_core.shell:Creating environment hook '/home/maul/ws_kinclong_nav/install/kinclong_nav/share/kinclong_nav/hook/cmake_prefix_path.ps1'
[5.169s] INFO:colcon.colcon_core.shell:Creating environment descriptor '/home/maul/ws_kinclong_nav/install/kinclong_nav/share/kinclong_nav/hook/cmake_prefix_path.dsv'
[5.169s] INFO:colcon.colcon_core.shell:Creating environment hook '/home/maul/ws_kinclong_nav/install/kinclong_nav/share/kinclong_nav/hook/cmake_prefix_path.sh'
[5.170s] Level 1:colcon.colcon_core.environment:checking '/home/maul/ws_kinclong_nav/install/kinclong_nav/bin'
[5.170s] Level 1:colcon.colcon_core.environment:checking '/home/maul/ws_kinclong_nav/install/kinclong_nav/lib/pkgconfig/kinclong_nav.pc'
[5.170s] Level 1:colcon.colcon_core.environment:checking '/home/maul/ws_kinclong_nav/install/kinclong_nav/lib/python3.12/site-packages'
[5.170s] Level 1:colcon.colcon_core.environment:checking '/home/maul/ws_kinclong_nav/install/kinclong_nav/bin'
[5.170s] INFO:colcon.colcon_core.shell:Creating package script '/home/maul/ws_kinclong_nav/install/kinclong_nav/share/kinclong_nav/package.ps1'
[5.171s] INFO:colcon.colcon_core.shell:Creating package descriptor '/home/maul/ws_kinclong_nav/install/kinclong_nav/share/kinclong_nav/package.dsv'
[5.171s] INFO:colcon.colcon_core.shell:Creating package script '/home/maul/ws_kinclong_nav/install/kinclong_nav/share/kinclong_nav/package.sh'
[5.172s] INFO:colcon.colcon_core.shell:Creating package script '/home/maul/ws_kinclong_nav/install/kinclong_nav/share/kinclong_nav/package.bash'
[5.172s] INFO:colcon.colcon_core.shell:Creating package script '/home/maul/ws_kinclong_nav/install/kinclong_nav/share/kinclong_nav/package.zsh'
[5.173s] Level 1:colcon.colcon_core.environment:create_file_with_runtime_dependencies(/home/maul/ws_kinclong_nav/install/kinclong_nav/share/colcon-core/packages/kinclong_nav)
[5.841s] DEBUG:colcon.colcon_core.event_handler.log_command:Invoked command in '/home/maul/ws_kinclong_nav/build/explore_lite' returned '0': CMAKE_PREFIX_PATH=${CMAKE_PREFIX_PATH}:/opt/ros/jazzy DEBUGINFOD_URLS=https://debuginfod.ubuntu.com PS1=\[\e]0;\u@\h: \w\a\]${debian_chroot:+($debian_chroot)}\[\033[01;32m\]\u@\h\[\033[00m\]:\[\033[01;34m\]\w\[\033[00m\]\$ VIRTUAL_ENV_PROMPT=(venv-ardupilot) /usr/bin/cmake --build /home/maul/ws_kinclong_nav/build/explore_lite -- -j8 -l8
[5.843s] DEBUG:colcon.colcon_core.event_handler.log_command:Invoking command in '/home/maul/ws_kinclong_nav/build/explore_lite': CMAKE_PREFIX_PATH=${CMAKE_PREFIX_PATH}:/opt/ros/jazzy DEBUGINFOD_URLS=https://debuginfod.ubuntu.com PS1=\[\e]0;\u@\h: \w\a\]${debian_chroot:+($debian_chroot)}\[\033[01;32m\]\u@\h\[\033[00m\]:\[\033[01;34m\]\w\[\033[00m\]\$ VIRTUAL_ENV_PROMPT=(venv-ardupilot) /usr/bin/cmake --install /home/maul/ws_kinclong_nav/build/explore_lite
[5.958s] Level 1:colcon.colcon_core.environment:create_environment_scripts_only(explore_lite)
[5.959s] Level 1:colcon.colcon_core.environment:checking '/home/maul/ws_kinclong_nav/install/explore_lite' for CMake module files
[5.959s] DEBUG:colcon.colcon_core.event_handler.log_command:Invoked command in '/home/maul/ws_kinclong_nav/build/explore_lite' returned '0': CMAKE_PREFIX_PATH=${CMAKE_PREFIX_PATH}:/opt/ros/jazzy DEBUGINFOD_URLS=https://debuginfod.ubuntu.com PS1=\[\e]0;\u@\h: \w\a\]${debian_chroot:+($debian_chroot)}\[\033[01;32m\]\u@\h\[\033[00m\]:\[\033[01;34m\]\w\[\033[00m\]\$ VIRTUAL_ENV_PROMPT=(venv-ardupilot) /usr/bin/cmake --install /home/maul/ws_kinclong_nav/build/explore_lite
[5.960s] Level 1:colcon.colcon_core.environment:checking '/home/maul/ws_kinclong_nav/install/explore_lite' for CMake config files
[5.960s] Level 1:colcon.colcon_core.shell:create_environment_hook('explore_lite', 'cmake_prefix_path')
[5.960s] INFO:colcon.colcon_core.shell:Creating environment hook '/home/maul/ws_kinclong_nav/install/explore_lite/share/explore_lite/hook/cmake_prefix_path.ps1'
[5.961s] INFO:colcon.colcon_core.shell:Creating environment descriptor '/home/maul/ws_kinclong_nav/install/explore_lite/share/explore_lite/hook/cmake_prefix_path.dsv'
[5.961s] INFO:colcon.colcon_core.shell:Creating environment hook '/home/maul/ws_kinclong_nav/install/explore_lite/share/explore_lite/hook/cmake_prefix_path.sh'
[5.961s] Level 1:colcon.colcon_core.environment:checking '/home/maul/ws_kinclong_nav/install/explore_lite/lib'
[5.962s] Level 1:colcon.colcon_core.environment:checking '/home/maul/ws_kinclong_nav/install/explore_lite/bin'
[5.962s] Level 1:colcon.colcon_core.environment:checking '/home/maul/ws_kinclong_nav/install/explore_lite/lib/pkgconfig/explore_lite.pc'
[5.962s] Level 1:colcon.colcon_core.environment:checking '/home/maul/ws_kinclong_nav/install/explore_lite/lib/python3.12/site-packages'
[5.962s] Level 1:colcon.colcon_core.environment:checking '/home/maul/ws_kinclong_nav/install/explore_lite/bin'
[5.962s] INFO:colcon.colcon_core.shell:Creating package script '/home/maul/ws_kinclong_nav/install/explore_lite/share/explore_lite/package.ps1'
[5.963s] INFO:colcon.colcon_core.shell:Creating package descriptor '/home/maul/ws_kinclong_nav/install/explore_lite/share/explore_lite/package.dsv'
[5.970s] INFO:colcon.colcon_core.shell:Creating package script '/home/maul/ws_kinclong_nav/install/explore_lite/share/explore_lite/package.sh'
[5.970s] INFO:colcon.colcon_core.shell:Creating package script '/home/maul/ws_kinclong_nav/install/explore_lite/share/explore_lite/package.bash'
[5.970s] INFO:colcon.colcon_core.shell:Creating package script '/home/maul/ws_kinclong_nav/install/explore_lite/share/explore_lite/package.zsh'
[5.971s] Level 1:colcon.colcon_core.environment:create_file_with_runtime_dependencies(/home/maul/ws_kinclong_nav/install/explore_lite/share/colcon-core/packages/explore_lite)
[5.971s] Level 1:colcon.colcon_core.environment:create_environment_scripts_only(explore_lite)
[5.971s] Level 1:colcon.colcon_core.environment:checking '/home/maul/ws_kinclong_nav/install/explore_lite' for CMake module files
[5.972s] Level 1:colcon.colcon_core.environment:checking '/home/maul/ws_kinclong_nav/install/explore_lite' for CMake config files
[5.972s] Level 1:colcon.colcon_core.shell:create_environment_hook('explore_lite', 'cmake_prefix_path')
[5.972s] INFO:colcon.colcon_core.shell:Creating environment hook '/home/maul/ws_kinclong_nav/install/explore_lite/share/explore_lite/hook/cmake_prefix_path.ps1'
[5.972s] INFO:colcon.colcon_core.shell:Creating environment descriptor '/home/maul/ws_kinclong_nav/install/explore_lite/share/explore_lite/hook/cmake_prefix_path.dsv'
[5.973s] INFO:colcon.colcon_core.shell:Creating environment hook '/home/maul/ws_kinclong_nav/install/explore_lite/share/explore_lite/hook/cmake_prefix_path.sh'
[5.973s] Level 1:colcon.colcon_core.environment:checking '/home/maul/ws_kinclong_nav/install/explore_lite/lib'
[5.973s] Level 1:colcon.colcon_core.environment:checking '/home/maul/ws_kinclong_nav/install/explore_lite/bin'
[5.973s] Level 1:colcon.colcon_core.environment:checking '/home/maul/ws_kinclong_nav/install/explore_lite/lib/pkgconfig/explore_lite.pc'
[5.974s] Level 1:colcon.colcon_core.environment:checking '/home/maul/ws_kinclong_nav/install/explore_lite/lib/python3.12/site-packages'
[5.974s] Level 1:colcon.colcon_core.environment:checking '/home/maul/ws_kinclong_nav/install/explore_lite/bin'
[5.974s] INFO:colcon.colcon_core.shell:Creating package script '/home/maul/ws_kinclong_nav/install/explore_lite/share/explore_lite/package.ps1'
[5.974s] INFO:colcon.colcon_core.shell:Creating package descriptor '/home/maul/ws_kinclong_nav/install/explore_lite/share/explore_lite/package.dsv'
[5.975s] INFO:colcon.colcon_core.shell:Creating package script '/home/maul/ws_kinclong_nav/install/explore_lite/share/explore_lite/package.sh'
[5.975s] INFO:colcon.colcon_core.shell:Creating package script '/home/maul/ws_kinclong_nav/install/explore_lite/share/explore_lite/package.bash'
[5.976s] INFO:colcon.colcon_core.shell:Creating package script '/home/maul/ws_kinclong_nav/install/explore_lite/share/explore_lite/package.zsh'
[5.976s] Level 1:colcon.colcon_core.environment:create_file_with_runtime_dependencies(/home/maul/ws_kinclong_nav/install/explore_lite/share/colcon-core/packages/explore_lite)
[6.391s] DEBUG:colcon.colcon_core.event_handler.log_command:Invoked command in '/home/maul/ws_kinclong_nav/build/multirobot_map_merge' returned '0': CMAKE_PREFIX_PATH=${CMAKE_PREFIX_PATH}:/opt/ros/jazzy DEBUGINFOD_URLS=https://debuginfod.ubuntu.com PS1=\[\e]0;\u@\h: \w\a\]${debian_chroot:+($debian_chroot)}\[\033[01;32m\]\u@\h\[\033[00m\]:\[\033[01;34m\]\w\[\033[00m\]\$ VIRTUAL_ENV_PROMPT=(venv-ardupilot) /usr/bin/cmake --build /home/maul/ws_kinclong_nav/build/multirobot_map_merge -- -j8 -l8
[6.393s] DEBUG:colcon.colcon_core.event_handler.log_command:Invoking command in '/home/maul/ws_kinclong_nav/build/multirobot_map_merge': CMAKE_PREFIX_PATH=${CMAKE_PREFIX_PATH}:/opt/ros/jazzy DEBUGINFOD_URLS=https://debuginfod.ubuntu.com PS1=\[\e]0;\u@\h: \w\a\]${debian_chroot:+($debian_chroot)}\[\033[01;32m\]\u@\h\[\033[00m\]:\[\033[01;34m\]\w\[\033[00m\]\$ VIRTUAL_ENV_PROMPT=(venv-ardupilot) /usr/bin/cmake --install /home/maul/ws_kinclong_nav/build/multirobot_map_merge
[6.528s] Level 1:colcon.colcon_core.environment:create_environment_scripts_only(multirobot_map_merge)
[6.528s] Level 1:colcon.colcon_core.environment:checking '/home/maul/ws_kinclong_nav/install/multirobot_map_merge' for CMake module files
[6.529s] DEBUG:colcon.colcon_core.event_handler.log_command:Invoked command in '/home/maul/ws_kinclong_nav/build/multirobot_map_merge' returned '0': CMAKE_PREFIX_PATH=${CMAKE_PREFIX_PATH}:/opt/ros/jazzy DEBUGINFOD_URLS=https://debuginfod.ubuntu.com PS1=\[\e]0;\u@\h: \w\a\]${debian_chroot:+($debian_chroot)}\[\033[01;32m\]\u@\h\[\033[00m\]:\[\033[01;34m\]\w\[\033[00m\]\$ VIRTUAL_ENV_PROMPT=(venv-ardupilot) /usr/bin/cmake --install /home/maul/ws_kinclong_nav/build/multirobot_map_merge
[6.529s] Level 1:colcon.colcon_core.environment:checking '/home/maul/ws_kinclong_nav/install/multirobot_map_merge' for CMake config files
[6.530s] Level 1:colcon.colcon_core.shell:create_environment_hook('multirobot_map_merge', 'cmake_prefix_path')
[6.530s] INFO:colcon.colcon_core.shell:Creating environment hook '/home/maul/ws_kinclong_nav/install/multirobot_map_merge/share/multirobot_map_merge/hook/cmake_prefix_path.ps1'
[6.530s] INFO:colcon.colcon_core.shell:Creating environment descriptor '/home/maul/ws_kinclong_nav/install/multirobot_map_merge/share/multirobot_map_merge/hook/cmake_prefix_path.dsv'
[6.531s] INFO:colcon.colcon_core.shell:Creating environment hook '/home/maul/ws_kinclong_nav/install/multirobot_map_merge/share/multirobot_map_merge/hook/cmake_prefix_path.sh'
[6.531s] Level 1:colcon.colcon_core.environment:checking '/home/maul/ws_kinclong_nav/install/multirobot_map_merge/lib'
[6.531s] Level 1:colcon.colcon_core.environment:checking '/home/maul/ws_kinclong_nav/install/multirobot_map_merge/bin'
[6.531s] Level 1:colcon.colcon_core.environment:checking '/home/maul/ws_kinclong_nav/install/multirobot_map_merge/lib/pkgconfig/multirobot_map_merge.pc'
[6.532s] Level 1:colcon.colcon_core.environment:checking '/home/maul/ws_kinclong_nav/install/multirobot_map_merge/lib/python3.12/site-packages'
[6.532s] Level 1:colcon.colcon_core.environment:checking '/home/maul/ws_kinclong_nav/install/multirobot_map_merge/bin'
[6.532s] INFO:colcon.colcon_core.shell:Creating package script '/home/maul/ws_kinclong_nav/install/multirobot_map_merge/share/multirobot_map_merge/package.ps1'
[6.533s] INFO:colcon.colcon_core.shell:Creating package descriptor '/home/maul/ws_kinclong_nav/install/multirobot_map_merge/share/multirobot_map_merge/package.dsv'
[6.533s] INFO:colcon.colcon_core.shell:Creating package script '/home/maul/ws_kinclong_nav/install/multirobot_map_merge/share/multirobot_map_merge/package.sh'
[6.534s] INFO:colcon.colcon_core.shell:Creating package script '/home/maul/ws_kinclong_nav/install/multirobot_map_merge/share/multirobot_map_merge/package.bash'
[6.534s] INFO:colcon.colcon_core.shell:Creating package script '/home/maul/ws_kinclong_nav/install/multirobot_map_merge/share/multirobot_map_merge/package.zsh'
[6.534s] Level 1:colcon.colcon_core.environment:create_file_with_runtime_dependencies(/home/maul/ws_kinclong_nav/install/multirobot_map_merge/share/colcon-core/packages/multirobot_map_merge)
[6.535s] Level 1:colcon.colcon_core.environment:create_environment_scripts_only(multirobot_map_merge)
[6.535s] Level 1:colcon.colcon_core.environment:checking '/home/maul/ws_kinclong_nav/install/multirobot_map_merge' for CMake module files
[6.536s] Level 1:colcon.colcon_core.environment:checking '/home/maul/ws_kinclong_nav/install/multirobot_map_merge' for CMake config files
[6.536s] Level 1:colcon.colcon_core.shell:create_environment_hook('multirobot_map_merge', 'cmake_prefix_path')
[6.536s] INFO:colcon.colcon_core.shell:Creating environment hook '/home/maul/ws_kinclong_nav/install/multirobot_map_merge/share/multirobot_map_merge/hook/cmake_prefix_path.ps1'
[6.538s] INFO:colcon.colcon_core.shell:Creating environment descriptor '/home/maul/ws_kinclong_nav/install/multirobot_map_merge/share/multirobot_map_merge/hook/cmake_prefix_path.dsv'
[6.538s] INFO:colcon.colcon_core.shell:Creating environment hook '/home/maul/ws_kinclong_nav/install/multirobot_map_merge/share/multirobot_map_merge/hook/cmake_prefix_path.sh'
[6.539s] Level 1:colcon.colcon_core.environment:checking '/home/maul/ws_kinclong_nav/install/multirobot_map_merge/lib'
[6.539s] Level 1:colcon.colcon_core.environment:checking '/home/maul/ws_kinclong_nav/install/multirobot_map_merge/bin'
[6.539s] Level 1:colcon.colcon_core.environment:checking '/home/maul/ws_kinclong_nav/install/multirobot_map_merge/lib/pkgconfig/multirobot_map_merge.pc'
[6.540s] Level 1:colcon.colcon_core.environment:checking '/home/maul/ws_kinclong_nav/install/multirobot_map_merge/lib/python3.12/site-packages'
[6.540s] Level 1:colcon.colcon_core.environment:checking '/home/maul/ws_kinclong_nav/install/multirobot_map_merge/bin'
[6.540s] INFO:colcon.colcon_core.shell:Creating package script '/home/maul/ws_kinclong_nav/install/multirobot_map_merge/share/multirobot_map_merge/package.ps1'
[6.541s] INFO:colcon.colcon_core.shell:Creating package descriptor '/home/maul/ws_kinclong_nav/install/multirobot_map_merge/share/multirobot_map_merge/package.dsv'
[6.541s] INFO:colcon.colcon_core.shell:Creating package script '/home/maul/ws_kinclong_nav/install/multirobot_map_merge/share/multirobot_map_merge/package.sh'
[6.542s] INFO:colcon.colcon_core.shell:Creating package script '/home/maul/ws_kinclong_nav/install/multirobot_map_merge/share/multirobot_map_merge/package.bash'
[6.542s] INFO:colcon.colcon_core.shell:Creating package script '/home/maul/ws_kinclong_nav/install/multirobot_map_merge/share/multirobot_map_merge/package.zsh'
[6.543s] Level 1:colcon.colcon_core.environment:create_file_with_runtime_dependencies(/home/maul/ws_kinclong_nav/install/multirobot_map_merge/share/colcon-core/packages/multirobot_map_merge)
[6.543s] DEBUG:colcon.colcon_parallel_executor.executor.parallel:closing loop
[6.543s] DEBUG:colcon.colcon_parallel_executor.executor.parallel:loop closed
[6.543s] DEBUG:colcon.colcon_parallel_executor.executor.parallel:run_until_complete finished with '0'
[6.543s] DEBUG:colcon.colcon_core.event_reactor:joining thread
[6.626s] INFO:colcon.colcon_core.plugin_system:Skipping extension 'colcon_notification.desktop_notification.terminal_notifier': Not used on non-Darwin systems
[6.626s] INFO:colcon.colcon_core.plugin_system:Skipping extension 'colcon_notification.desktop_notification.win32': Not used on non-Windows systems
[6.626s] INFO:colcon.colcon_notification.desktop_notification:Sending desktop notification using 'notify2'
[6.647s] DEBUG:colcon.colcon_core.event_reactor:joined thread
[6.647s] INFO:colcon.colcon_core.shell:Creating prefix script '/home/maul/ws_kinclong_nav/install/local_setup.ps1'
[6.703s] INFO:colcon.colcon_core.shell:Creating prefix util module '/home/maul/ws_kinclong_nav/install/_local_setup_util_ps1.py'
[6.713s] INFO:colcon.colcon_core.shell:Creating prefix chain script '/home/maul/ws_kinclong_nav/install/setup.ps1'
[6.715s] INFO:colcon.colcon_core.shell:Creating prefix script '/home/maul/ws_kinclong_nav/install/local_setup.sh'
[6.716s] INFO:colcon.colcon_core.shell:Creating prefix util module '/home/maul/ws_kinclong_nav/install/_local_setup_util_sh.py'
[6.717s] INFO:colcon.colcon_core.shell:Creating prefix chain script '/home/maul/ws_kinclong_nav/install/setup.sh'
[6.718s] INFO:colcon.colcon_core.shell:Creating prefix script '/home/maul/ws_kinclong_nav/install/local_setup.bash'
[6.734s] INFO:colcon.colcon_core.shell:Creating prefix chain script '/home/maul/ws_kinclong_nav/install/setup.bash'
[6.735s] INFO:colcon.colcon_core.shell:Creating prefix script '/home/maul/ws_kinclong_nav/install/local_setup.zsh'
[6.745s] INFO:colcon.colcon_core.shell:Creating prefix chain script '/home/maul/ws_kinclong_nav/install/setup.zsh'
