[0.037s] Invoking command in '/home/maul/ws_kinclong_nav/build/explore_lite': CMAKE_PREFIX_PATH=${CMAKE_PREFIX_PATH}:/opt/ros/jazzy DEBUGINFOD_URLS=https://debuginfod.ubuntu.com PS1=\[\e]0;\u@\h: \w\a\]${debian_chroot:+($debian_chroot)}\[\033[01;32m\]\u@\h\[\033[00m\]:\[\033[01;34m\]\w\[\033[00m\]\$ VIRTUAL_ENV_PROMPT=(venv-ardupilot) /usr/bin/cmake --build /home/maul/ws_kinclong_nav/build/explore_lite -- -j8 -l8
[0.153s] [ 20%] Built target gtest_main
[0.159s] [ 40%] Built target gtest
[0.195s] [ 80%] Built target explore
[0.218s] [100%] Built target test_explore
[0.250s] Invoked command in '/home/maul/ws_kinclong_nav/build/explore_lite' returned '0': CMAKE_PREFIX_PATH=${CMAKE_PREFIX_PATH}:/opt/ros/jazzy DEBUGINFOD_URLS=https://debuginfod.ubuntu.com PS1=\[\e]0;\u@\h: \w\a\]${debian_chroot:+($debian_chroot)}\[\033[01;32m\]\u@\h\[\033[00m\]:\[\033[01;34m\]\w\[\033[00m\]\$ VIRTUAL_ENV_PROMPT=(venv-ardupilot) /usr/bin/cmake --build /home/maul/ws_kinclong_nav/build/explore_lite -- -j8 -l8
[0.253s] Invoking command in '/home/maul/ws_kinclong_nav/build/explore_lite': CMAKE_PREFIX_PATH=${CMAKE_PREFIX_PATH}:/opt/ros/jazzy DEBUGINFOD_URLS=https://debuginfod.ubuntu.com PS1=\[\e]0;\u@\h: \w\a\]${debian_chroot:+($debian_chroot)}\[\033[01;32m\]\u@\h\[\033[00m\]:\[\033[01;34m\]\w\[\033[00m\]\$ VIRTUAL_ENV_PROMPT=(venv-ardupilot) /usr/bin/cmake --install /home/maul/ws_kinclong_nav/build/explore_lite
[0.268s] -- Install configuration: ""
[0.268s] -- Up-to-date: /home/maul/ws_kinclong_nav/install/explore_lite/include/explore/
[0.268s] -- Up-to-date: /home/maul/ws_kinclong_nav/install/explore_lite/include/explore//explore.h
[0.269s] -- Up-to-date: /home/maul/ws_kinclong_nav/install/explore_lite/include/explore//costmap_tools.h
[0.269s] -- Up-to-date: /home/maul/ws_kinclong_nav/install/explore_lite/include/explore//frontier_search.h
[0.269s] -- Up-to-date: /home/maul/ws_kinclong_nav/install/explore_lite/include/explore//costmap_client.h
[0.270s] -- Up-to-date: /home/maul/ws_kinclong_nav/install/explore_lite/share/explore_lite/config
[0.270s] -- Up-to-date: /home/maul/ws_kinclong_nav/install/explore_lite/share/explore_lite/config/params.yaml
[0.270s] -- Up-to-date: /home/maul/ws_kinclong_nav/install/explore_lite/share/explore_lite/config/params_costmap.yaml
[0.271s] -- Up-to-date: /home/maul/ws_kinclong_nav/install/explore_lite/share/explore_lite/launch
[0.271s] -- Up-to-date: /home/maul/ws_kinclong_nav/install/explore_lite/share/explore_lite/launch/explore.launch.py
[0.272s] -- Up-to-date: /home/maul/ws_kinclong_nav/install/explore_lite/lib/explore_lite/explore
[0.272s] -- Up-to-date: /home/maul/ws_kinclong_nav/install/explore_lite/share/ament_index/resource_index/package_run_dependencies/explore_lite
[0.272s] -- Up-to-date: /home/maul/ws_kinclong_nav/install/explore_lite/share/ament_index/resource_index/parent_prefix_path/explore_lite
[0.272s] -- Up-to-date: /home/maul/ws_kinclong_nav/install/explore_lite/share/explore_lite/environment/ament_prefix_path.sh
[0.273s] -- Up-to-date: /home/maul/ws_kinclong_nav/install/explore_lite/share/explore_lite/environment/ament_prefix_path.dsv
[0.273s] -- Up-to-date: /home/maul/ws_kinclong_nav/install/explore_lite/share/explore_lite/environment/path.sh
[0.273s] -- Up-to-date: /home/maul/ws_kinclong_nav/install/explore_lite/share/explore_lite/environment/path.dsv
[0.273s] -- Up-to-date: /home/maul/ws_kinclong_nav/install/explore_lite/share/explore_lite/local_setup.bash
[0.274s] -- Up-to-date: /home/maul/ws_kinclong_nav/install/explore_lite/share/explore_lite/local_setup.sh
[0.274s] -- Up-to-date: /home/maul/ws_kinclong_nav/install/explore_lite/share/explore_lite/local_setup.zsh
[0.274s] -- Up-to-date: /home/maul/ws_kinclong_nav/install/explore_lite/share/explore_lite/local_setup.dsv
[0.275s] -- Installing: /home/maul/ws_kinclong_nav/install/explore_lite/share/explore_lite/package.dsv
[0.275s] -- Up-to-date: /home/maul/ws_kinclong_nav/install/explore_lite/share/ament_index/resource_index/packages/explore_lite
[0.276s] -- Up-to-date: /home/maul/ws_kinclong_nav/install/explore_lite/share/explore_lite/cmake/ament_cmake_export_include_directories-extras.cmake
[0.276s] -- Up-to-date: /home/maul/ws_kinclong_nav/install/explore_lite/share/explore_lite/cmake/explore_liteConfig.cmake
[0.276s] -- Up-to-date: /home/maul/ws_kinclong_nav/install/explore_lite/share/explore_lite/cmake/explore_liteConfig-version.cmake
[0.277s] -- Up-to-date: /home/maul/ws_kinclong_nav/install/explore_lite/share/explore_lite/package.xml
[0.278s] Invoked command in '/home/maul/ws_kinclong_nav/build/explore_lite' returned '0': CMAKE_PREFIX_PATH=${CMAKE_PREFIX_PATH}:/opt/ros/jazzy DEBUGINFOD_URLS=https://debuginfod.ubuntu.com PS1=\[\e]0;\u@\h: \w\a\]${debian_chroot:+($debian_chroot)}\[\033[01;32m\]\u@\h\[\033[00m\]:\[\033[01;34m\]\w\[\033[00m\]\$ VIRTUAL_ENV_PROMPT=(venv-ardupilot) /usr/bin/cmake --install /home/maul/ws_kinclong_nav/build/explore_lite
