[0.043s] Invoking command in '/home/maul/ws_kinclong_nav/build/explore_lite': CMAKE_PREFIX_PATH=${CMAKE_PREFIX_PATH}:/home/maul/ROS_NAVIGATION/install/multirobot_map_merge:/home/maul/ROS_NAVIGATION/install/explore_lite:/home/maul/ROS_NAVIGATION/install/bme_ros2_navigation_py:/home/maul/ROS_NAVIGATION/install/bme_ros2_navigation:/opt/ros/jazzy DEBUGINFOD_URLS=https://debuginfod.ubuntu.com PS1=\[\e]0;\u@\h: \w\a\]${debian_chroot:+($debian_chroot)}\[\033[01;32m\]\u@\h\[\033[00m\]:\[\033[01;34m\]\w\[\033[00m\]\$ VIRTUAL_ENV_PROMPT=(venv-ardupilot) /usr/bin/cmake --build /home/maul/ws_kinclong_nav/build/explore_lite -- -j8 -l8
[0.149s] [ 20%] Built target gtest_main
[0.156s] [ 40%] Built target gtest
[0.204s] [ 80%] Built target explore
[0.223s] [100%] Built target test_explore
[0.623s] Invoked command in '/home/maul/ws_kinclong_nav/build/explore_lite' returned '0': CMAKE_PREFIX_PATH=${CMAKE_PREFIX_PATH}:/home/maul/ROS_NAVIGATION/install/multirobot_map_merge:/home/maul/ROS_NAVIGATION/install/explore_lite:/home/maul/ROS_NAVIGATION/install/bme_ros2_navigation_py:/home/maul/ROS_NAVIGATION/install/bme_ros2_navigation:/opt/ros/jazzy DEBUGINFOD_URLS=https://debuginfod.ubuntu.com PS1=\[\e]0;\u@\h: \w\a\]${debian_chroot:+($debian_chroot)}\[\033[01;32m\]\u@\h\[\033[00m\]:\[\033[01;34m\]\w\[\033[00m\]\$ VIRTUAL_ENV_PROMPT=(venv-ardupilot) /usr/bin/cmake --build /home/maul/ws_kinclong_nav/build/explore_lite -- -j8 -l8
[0.630s] Invoking command in '/home/maul/ws_kinclong_nav/build/explore_lite': CMAKE_PREFIX_PATH=${CMAKE_PREFIX_PATH}:/home/maul/ROS_NAVIGATION/install/multirobot_map_merge:/home/maul/ROS_NAVIGATION/install/explore_lite:/home/maul/ROS_NAVIGATION/install/bme_ros2_navigation_py:/home/maul/ROS_NAVIGATION/install/bme_ros2_navigation:/opt/ros/jazzy DEBUGINFOD_URLS=https://debuginfod.ubuntu.com PS1=\[\e]0;\u@\h: \w\a\]${debian_chroot:+($debian_chroot)}\[\033[01;32m\]\u@\h\[\033[00m\]:\[\033[01;34m\]\w\[\033[00m\]\$ VIRTUAL_ENV_PROMPT=(venv-ardupilot) /usr/bin/cmake --install /home/maul/ws_kinclong_nav/build/explore_lite
[0.666s] -- Install configuration: ""
[0.667s] -- Up-to-date: /home/maul/ws_kinclong_nav/install/explore_lite/include/explore/
[0.668s] -- Up-to-date: /home/maul/ws_kinclong_nav/install/explore_lite/include/explore//explore.h
[0.669s] -- Up-to-date: /home/maul/ws_kinclong_nav/install/explore_lite/include/explore//costmap_tools.h
[0.669s] -- Up-to-date: /home/maul/ws_kinclong_nav/install/explore_lite/include/explore//frontier_search.h
[0.670s] -- Up-to-date: /home/maul/ws_kinclong_nav/install/explore_lite/include/explore//costmap_client.h
[0.671s] -- Up-to-date: /home/maul/ws_kinclong_nav/install/explore_lite/share/explore_lite/config
[0.672s] -- Up-to-date: /home/maul/ws_kinclong_nav/install/explore_lite/share/explore_lite/config/params.yaml
[0.672s] -- Up-to-date: /home/maul/ws_kinclong_nav/install/explore_lite/share/explore_lite/config/params_costmap.yaml
[0.673s] -- Up-to-date: /home/maul/ws_kinclong_nav/install/explore_lite/share/explore_lite/launch
[0.673s] -- Up-to-date: /home/maul/ws_kinclong_nav/install/explore_lite/share/explore_lite/launch/explore.launch.py
[0.674s] -- Up-to-date: /home/maul/ws_kinclong_nav/install/explore_lite/lib/explore_lite/explore
[0.674s] -- Up-to-date: /home/maul/ws_kinclong_nav/install/explore_lite/share/ament_index/resource_index/package_run_dependencies/explore_lite
[0.675s] -- Up-to-date: /home/maul/ws_kinclong_nav/install/explore_lite/share/ament_index/resource_index/parent_prefix_path/explore_lite
[0.675s] -- Up-to-date: /home/maul/ws_kinclong_nav/install/explore_lite/share/explore_lite/environment/ament_prefix_path.sh
[0.675s] -- Up-to-date: /home/maul/ws_kinclong_nav/install/explore_lite/share/explore_lite/environment/ament_prefix_path.dsv
[0.676s] -- Up-to-date: /home/maul/ws_kinclong_nav/install/explore_lite/share/explore_lite/environment/path.sh
[0.676s] -- Up-to-date: /home/maul/ws_kinclong_nav/install/explore_lite/share/explore_lite/environment/path.dsv
[0.677s] -- Up-to-date: /home/maul/ws_kinclong_nav/install/explore_lite/share/explore_lite/local_setup.bash
[0.677s] -- Up-to-date: /home/maul/ws_kinclong_nav/install/explore_lite/share/explore_lite/local_setup.sh
[0.678s] -- Up-to-date: /home/maul/ws_kinclong_nav/install/explore_lite/share/explore_lite/local_setup.zsh
[0.678s] -- Up-to-date: /home/maul/ws_kinclong_nav/install/explore_lite/share/explore_lite/local_setup.dsv
[0.679s] -- Installing: /home/maul/ws_kinclong_nav/install/explore_lite/share/explore_lite/package.dsv
[0.682s] -- Up-to-date: /home/maul/ws_kinclong_nav/install/explore_lite/share/ament_index/resource_index/packages/explore_lite
[0.683s] -- Up-to-date: /home/maul/ws_kinclong_nav/install/explore_lite/share/explore_lite/cmake/ament_cmake_export_include_directories-extras.cmake
[0.683s] -- Up-to-date: /home/maul/ws_kinclong_nav/install/explore_lite/share/explore_lite/cmake/explore_liteConfig.cmake
[0.683s] -- Up-to-date: /home/maul/ws_kinclong_nav/install/explore_lite/share/explore_lite/cmake/explore_liteConfig-version.cmake
[0.684s] -- Up-to-date: /home/maul/ws_kinclong_nav/install/explore_lite/share/explore_lite/package.xml
[0.708s] Invoked command in '/home/maul/ws_kinclong_nav/build/explore_lite' returned '0': CMAKE_PREFIX_PATH=${CMAKE_PREFIX_PATH}:/home/maul/ROS_NAVIGATION/install/multirobot_map_merge:/home/maul/ROS_NAVIGATION/install/explore_lite:/home/maul/ROS_NAVIGATION/install/bme_ros2_navigation_py:/home/maul/ROS_NAVIGATION/install/bme_ros2_navigation:/opt/ros/jazzy DEBUGINFOD_URLS=https://debuginfod.ubuntu.com PS1=\[\e]0;\u@\h: \w\a\]${debian_chroot:+($debian_chroot)}\[\033[01;32m\]\u@\h\[\033[00m\]:\[\033[01;34m\]\w\[\033[00m\]\$ VIRTUAL_ENV_PROMPT=(venv-ardupilot) /usr/bin/cmake --install /home/maul/ws_kinclong_nav/build/explore_lite
