[0.018s] Invoking command in '/home/maul/ws_kinclong_nav/build/explore_lite': CMAKE_PREFIX_PATH=${CMAKE_PREFIX_PATH}:/opt/ros/jazzy DEBUGINFOD_URLS=https://debuginfod.ubuntu.com PS1=\[\e]0;\u@\h: \w\a\]${debian_chroot:+($debian_chroot)}\[\033[01;32m\]\u@\h\[\033[00m\]:\[\033[01;34m\]\w\[\033[00m\]\$ VIRTUAL_ENV_PROMPT=(venv-ardupilot) /usr/bin/cmake /home/maul/ws_kinclong_nav/m-explore-ros2/explore -DCMAKE_INSTALL_PREFIX=/home/maul/ws_kinclong_nav/install/explore_lite
[0.035s] -- BuilD for ROS2: jazzy
[0.035s] -- Found ament_cmake: 2.5.3 (/opt/ros/jazzy/share/ament_cmake/cmake)
[0.232s] -- Found rclcpp: 28.1.6 (/opt/ros/jazzy/share/rclcpp/cmake)
[0.265s] -- Found rosidl_generator_c: 4.6.5 (/opt/ros/jazzy/share/rosidl_generator_c/cmake)
[0.276s] -- Found rosidl_generator_cpp: 4.6.5 (/opt/ros/jazzy/share/rosidl_generator_cpp/cmake)
[0.287s] -- Using all available rosidl_typesupport_c: rosidl_typesupport_fastrtps_c;rosidl_typesupport_introspection_c
[0.310s] -- Using all available rosidl_typesupport_cpp: rosidl_typesupport_fastrtps_cpp;rosidl_typesupport_introspection_cpp
[0.400s] -- Found rmw_implementation_cmake: 7.3.1 (/opt/ros/jazzy/share/rmw_implementation_cmake/cmake)
[0.404s] -- Found rmw_fastrtps_cpp: 8.4.1 (/opt/ros/jazzy/share/rmw_fastrtps_cpp/cmake)
[0.538s] -- Found OpenSSL: /usr/lib/x86_64-linux-gnu/libcrypto.so (found version "3.0.13")  
[0.570s] -- Found FastRTPS: /opt/ros/jazzy/include (Required is at least version "2.13") 
[0.595s] -- Using RMW implementation 'rmw_fastrtps_cpp' as default
[0.686s] -- Found std_msgs: 5.3.5 (/opt/ros/jazzy/share/std_msgs/cmake)
[0.706s] -- Found sensor_msgs: 5.3.5 (/opt/ros/jazzy/share/sensor_msgs/cmake)
[0.752s] -- Found tf2_ros: 0.36.8 (/opt/ros/jazzy/share/tf2_ros/cmake)
[0.912s] -- Found tf2_geometry_msgs: 0.36.8 (/opt/ros/jazzy/share/tf2_geometry_msgs/cmake)
[0.933s] -- Found eigen3_cmake_module: 0.3.0 (/opt/ros/jazzy/share/eigen3_cmake_module/cmake)
[0.935s] -- Found Eigen3: TRUE (found version "3.4.0") 
[0.935s] -- Ensuring Eigen3 include directory is part of orocos-kdl CMake target
[0.940s] -- Found nav2_msgs: 1.3.5 (/opt/ros/jazzy/share/nav2_msgs/cmake)
[1.072s] -- Found map_msgs: 2.4.1 (/opt/ros/jazzy/share/map_msgs/cmake)
[1.110s] -- Found visualization_msgs: 5.3.5 (/opt/ros/jazzy/share/visualization_msgs/cmake)
[1.144s] -- Found nav2_costmap_2d: 1.3.5 (/opt/ros/jazzy/share/nav2_costmap_2d/cmake)
[1.325s] -- Found ament_lint_auto: 0.17.1 (/opt/ros/jazzy/share/ament_lint_auto/cmake)
[1.433s] -- Found ament_cmake_gtest: 2.5.3 (/opt/ros/jazzy/share/ament_cmake_gtest/cmake)
[1.437s] -- Found gtest sources under '/opt/ros/jazzy/src/gtest_vendor': C++ tests using 'Google Test' will be built
[1.441s] -- Performing Test CMAKE_HAVE_LIBC_PTHREAD
[1.607s] -- Performing Test CMAKE_HAVE_LIBC_PTHREAD - Success
[1.608s] -- Found Threads: TRUE  
[1.617s] -- Added test 'cppcheck' to perform static code analysis on C / C++ code
[1.618s] -- Configured cppcheck include dirs: /home/maul/ws_kinclong_nav/m-explore-ros2/explore/include;$<BUILD_INTERFACE:/home/maul/ws_kinclong_nav/m-explore-ros2/explore/include>
[1.618s] -- Configured cppcheck exclude dirs and/or files: 
[1.619s] -- Added test 'flake8' to check Python code syntax and style conventions
[1.619s] -- Configured 'flake8' exclude dirs and/or files: 
[1.621s] -- Added test 'lint_cmake' to check CMake code style
[1.622s] -- Added test 'pep257' to check Python code against some of the docstring style conventions in PEP 257
[1.623s] -- Added test 'uncrustify' to check C / C++ code style
[1.623s] -- Configured uncrustify additional arguments: 
[1.625s] -- Added test 'xmllint' to check XML markup files
[1.627s] -- Configuring done (1.6s)
[1.699s] -- Generating done (0.0s)
[1.714s] -- Build files have been written to: /home/maul/ws_kinclong_nav/build/explore_lite
[1.724s] Invoked command in '/home/maul/ws_kinclong_nav/build/explore_lite' returned '0': CMAKE_PREFIX_PATH=${CMAKE_PREFIX_PATH}:/opt/ros/jazzy DEBUGINFOD_URLS=https://debuginfod.ubuntu.com PS1=\[\e]0;\u@\h: \w\a\]${debian_chroot:+($debian_chroot)}\[\033[01;32m\]\u@\h\[\033[00m\]:\[\033[01;34m\]\w\[\033[00m\]\$ VIRTUAL_ENV_PROMPT=(venv-ardupilot) /usr/bin/cmake /home/maul/ws_kinclong_nav/m-explore-ros2/explore -DCMAKE_INSTALL_PREFIX=/home/maul/ws_kinclong_nav/install/explore_lite
[1.725s] Invoking command in '/home/maul/ws_kinclong_nav/build/explore_lite': CMAKE_PREFIX_PATH=${CMAKE_PREFIX_PATH}:/opt/ros/jazzy DEBUGINFOD_URLS=https://debuginfod.ubuntu.com PS1=\[\e]0;\u@\h: \w\a\]${debian_chroot:+($debian_chroot)}\[\033[01;32m\]\u@\h\[\033[00m\]:\[\033[01;34m\]\w\[\033[00m\]\$ VIRTUAL_ENV_PROMPT=(venv-ardupilot) /usr/bin/cmake --build /home/maul/ws_kinclong_nav/build/explore_lite -- -j8 -l8
[1.774s] [ 10%] [32mBuilding CXX object gtest/CMakeFiles/gtest_main.dir/src/gtest_main.cc.o[0m
[1.776s] [ 20%] [32mBuilding CXX object CMakeFiles/explore.dir/src/costmap_client.cpp.o[0m
[1.776s] [ 40%] [32mBuilding CXX object CMakeFiles/explore.dir/src/frontier_search.cpp.o[0m
[1.776s] [ 40%] [32mBuilding CXX object gtest/CMakeFiles/gtest.dir/src/gtest-all.cc.o[0m
[1.779s] [ 50%] [32mBuilding CXX object CMakeFiles/explore.dir/src/explore.cpp.o[0m
[1.805s] [ 60%] [32m[1mLinking CXX static library libgtest_main.a[0m
[1.849s] [ 70%] [32m[1mLinking CXX executable explore[0m
[1.866s] [ 80%] [32m[1mLinking CXX static library libgtest.a[0m
[1.873s] [ 80%] Built target gtest_main
[1.952s] [ 80%] Built target gtest
[1.971s] [ 90%] [32mBuilding CXX object CMakeFiles/test_explore.dir/test/test_explore.cpp.o[0m
[1.985s] [100%] [32m[1mLinking CXX executable test_explore[0m
[3.122s] [100%] Built target test_explore
[3.739s] [100%] Built target explore
[3.750s] Invoked command in '/home/maul/ws_kinclong_nav/build/explore_lite' returned '0': CMAKE_PREFIX_PATH=${CMAKE_PREFIX_PATH}:/opt/ros/jazzy DEBUGINFOD_URLS=https://debuginfod.ubuntu.com PS1=\[\e]0;\u@\h: \w\a\]${debian_chroot:+($debian_chroot)}\[\033[01;32m\]\u@\h\[\033[00m\]:\[\033[01;34m\]\w\[\033[00m\]\$ VIRTUAL_ENV_PROMPT=(venv-ardupilot) /usr/bin/cmake --build /home/maul/ws_kinclong_nav/build/explore_lite -- -j8 -l8
[3.751s] Invoking command in '/home/maul/ws_kinclong_nav/build/explore_lite': CMAKE_PREFIX_PATH=${CMAKE_PREFIX_PATH}:/opt/ros/jazzy DEBUGINFOD_URLS=https://debuginfod.ubuntu.com PS1=\[\e]0;\u@\h: \w\a\]${debian_chroot:+($debian_chroot)}\[\033[01;32m\]\u@\h\[\033[00m\]:\[\033[01;34m\]\w\[\033[00m\]\$ VIRTUAL_ENV_PROMPT=(venv-ardupilot) /usr/bin/cmake --install /home/maul/ws_kinclong_nav/build/explore_lite
[3.758s] -- Install configuration: ""
[3.758s] -- Installing: /home/maul/ws_kinclong_nav/install/explore_lite/include/explore/
[3.758s] -- Installing: /home/maul/ws_kinclong_nav/install/explore_lite/include/explore//explore.h
[3.758s] -- Installing: /home/maul/ws_kinclong_nav/install/explore_lite/include/explore//costmap_tools.h
[3.758s] -- Installing: /home/maul/ws_kinclong_nav/install/explore_lite/include/explore//frontier_search.h
[3.758s] -- Installing: /home/maul/ws_kinclong_nav/install/explore_lite/include/explore//costmap_client.h
[3.758s] -- Installing: /home/maul/ws_kinclong_nav/install/explore_lite/share/explore_lite/config
[3.758s] -- Installing: /home/maul/ws_kinclong_nav/install/explore_lite/share/explore_lite/config/params.yaml
[3.758s] -- Installing: /home/maul/ws_kinclong_nav/install/explore_lite/share/explore_lite/config/params_costmap.yaml
[3.758s] -- Installing: /home/maul/ws_kinclong_nav/install/explore_lite/share/explore_lite/launch
[3.759s] -- Installing: /home/maul/ws_kinclong_nav/install/explore_lite/share/explore_lite/launch/explore.launch.py
[3.759s] -- Installing: /home/maul/ws_kinclong_nav/install/explore_lite/lib/explore_lite/explore
[3.765s] -- Set non-toolchain portion of runtime path of "/home/maul/ws_kinclong_nav/install/explore_lite/lib/explore_lite/explore" to ""
[3.765s] -- Installing: /home/maul/ws_kinclong_nav/install/explore_lite/share/ament_index/resource_index/package_run_dependencies/explore_lite
[3.766s] -- Installing: /home/maul/ws_kinclong_nav/install/explore_lite/share/ament_index/resource_index/parent_prefix_path/explore_lite
[3.766s] -- Installing: /home/maul/ws_kinclong_nav/install/explore_lite/share/explore_lite/environment/ament_prefix_path.sh
[3.766s] -- Installing: /home/maul/ws_kinclong_nav/install/explore_lite/share/explore_lite/environment/ament_prefix_path.dsv
[3.766s] -- Installing: /home/maul/ws_kinclong_nav/install/explore_lite/share/explore_lite/environment/path.sh
[3.766s] -- Installing: /home/maul/ws_kinclong_nav/install/explore_lite/share/explore_lite/environment/path.dsv
[3.766s] -- Installing: /home/maul/ws_kinclong_nav/install/explore_lite/share/explore_lite/local_setup.bash
[3.766s] -- Installing: /home/maul/ws_kinclong_nav/install/explore_lite/share/explore_lite/local_setup.sh
[3.766s] -- Installing: /home/maul/ws_kinclong_nav/install/explore_lite/share/explore_lite/local_setup.zsh
[3.766s] -- Installing: /home/maul/ws_kinclong_nav/install/explore_lite/share/explore_lite/local_setup.dsv
[3.766s] -- Installing: /home/maul/ws_kinclong_nav/install/explore_lite/share/explore_lite/package.dsv
[3.766s] -- Installing: /home/maul/ws_kinclong_nav/install/explore_lite/share/ament_index/resource_index/packages/explore_lite
[3.767s] -- Installing: /home/maul/ws_kinclong_nav/install/explore_lite/share/explore_lite/cmake/ament_cmake_export_include_directories-extras.cmake
[3.767s] -- Installing: /home/maul/ws_kinclong_nav/install/explore_lite/share/explore_lite/cmake/explore_liteConfig.cmake
[3.767s] -- Installing: /home/maul/ws_kinclong_nav/install/explore_lite/share/explore_lite/cmake/explore_liteConfig-version.cmake
[3.767s] -- Installing: /home/maul/ws_kinclong_nav/install/explore_lite/share/explore_lite/package.xml
[3.769s] Invoked command in '/home/maul/ws_kinclong_nav/build/explore_lite' returned '0': CMAKE_PREFIX_PATH=${CMAKE_PREFIX_PATH}:/opt/ros/jazzy DEBUGINFOD_URLS=https://debuginfod.ubuntu.com PS1=\[\e]0;\u@\h: \w\a\]${debian_chroot:+($debian_chroot)}\[\033[01;32m\]\u@\h\[\033[00m\]:\[\033[01;34m\]\w\[\033[00m\]\$ VIRTUAL_ENV_PROMPT=(venv-ardupilot) /usr/bin/cmake --install /home/maul/ws_kinclong_nav/build/explore_lite
