[0.033s] Invoking command in '/home/maul/ws_kinclong_nav/build/multirobot_map_merge': CMAKE_PREFIX_PATH=${CMAKE_PREFIX_PATH}:/opt/ros/jazzy DEBUGINFOD_URLS=https://debuginfod.ubuntu.com PS1=\[\e]0;\u@\h: \w\a\]${debian_chroot:+($debian_chroot)}\[\033[01;32m\]\u@\h\[\033[00m\]:\[\033[01;34m\]\w\[\033[00m\]\$ VIRTUAL_ENV_PROMPT=(venv-ardupilot) /usr/bin/cmake --build /home/maul/ws_kinclong_nav/build/multirobot_map_merge -- -j8 -l8
[0.176s] [ 16%] Built target gtest
[0.177s] [ 33%] Built target gtest_main
[0.182s] [ 66%] Built target combine_grids
[0.250s] [ 83%] Built target test_merging_pipeline
[0.272s] [100%] Built target map_merge
[0.302s] Invoked command in '/home/maul/ws_kinclong_nav/build/multirobot_map_merge' returned '0': CMAKE_PREFIX_PATH=${CMAKE_PREFIX_PATH}:/opt/ros/jazzy DEBUGINFOD_URLS=https://debuginfod.ubuntu.com PS1=\[\e]0;\u@\h: \w\a\]${debian_chroot:+($debian_chroot)}\[\033[01;32m\]\u@\h\[\033[00m\]:\[\033[01;34m\]\w\[\033[00m\]\$ VIRTUAL_ENV_PROMPT=(venv-ardupilot) /usr/bin/cmake --build /home/maul/ws_kinclong_nav/build/multirobot_map_merge -- -j8 -l8
[0.305s] Invoking command in '/home/maul/ws_kinclong_nav/build/multirobot_map_merge': CMAKE_PREFIX_PATH=${CMAKE_PREFIX_PATH}:/opt/ros/jazzy DEBUGINFOD_URLS=https://debuginfod.ubuntu.com PS1=\[\e]0;\u@\h: \w\a\]${debian_chroot:+($debian_chroot)}\[\033[01;32m\]\u@\h\[\033[00m\]:\[\033[01;34m\]\w\[\033[00m\]\$ VIRTUAL_ENV_PROMPT=(venv-ardupilot) /usr/bin/cmake --install /home/maul/ws_kinclong_nav/build/multirobot_map_merge
[0.320s] -- Install configuration: ""
[0.321s] -- Up-to-date: /home/maul/ws_kinclong_nav/install/multirobot_map_merge/include/map_merge/
[0.321s] -- Up-to-date: /home/maul/ws_kinclong_nav/install/multirobot_map_merge/include/map_merge//map_merge.h
[0.321s] -- Up-to-date: /home/maul/ws_kinclong_nav/install/multirobot_map_merge/include/map_merge//ros1_names.hpp
[0.321s] -- Up-to-date: /home/maul/ws_kinclong_nav/install/multirobot_map_merge/share/multirobot_map_merge/launch
[0.322s] -- Up-to-date: /home/maul/ws_kinclong_nav/install/multirobot_map_merge/share/multirobot_map_merge/launch/map_merge.rviz
[0.322s] -- Up-to-date: /home/maul/ws_kinclong_nav/install/multirobot_map_merge/share/multirobot_map_merge/launch/map_merge.launch.py
[0.322s] -- Up-to-date: /home/maul/ws_kinclong_nav/install/multirobot_map_merge/share/multirobot_map_merge/launch/tb3_simulation
[0.322s] -- Up-to-date: /home/maul/ws_kinclong_nav/install/multirobot_map_merge/share/multirobot_map_merge/launch/tb3_simulation/config
[0.322s] -- Up-to-date: /home/maul/ws_kinclong_nav/install/multirobot_map_merge/share/multirobot_map_merge/launch/tb3_simulation/config/nav2_multirobot_params_1.yaml
[0.323s] -- Up-to-date: /home/maul/ws_kinclong_nav/install/multirobot_map_merge/share/multirobot_map_merge/launch/tb3_simulation/config/nav2_multirobot_params_2.yaml
[0.323s] -- Up-to-date: /home/maul/ws_kinclong_nav/install/multirobot_map_merge/share/multirobot_map_merge/launch/tb3_simulation/bringup_launch.py
[0.323s] -- Up-to-date: /home/maul/ws_kinclong_nav/install/multirobot_map_merge/share/multirobot_map_merge/launch/tb3_simulation/tb3_simulation_launch.py
[0.323s] -- Up-to-date: /home/maul/ws_kinclong_nav/install/multirobot_map_merge/share/multirobot_map_merge/launch/tb3_simulation/multi_tb3_simulation_launch.py
[0.324s] -- Up-to-date: /home/maul/ws_kinclong_nav/install/multirobot_map_merge/share/multirobot_map_merge/launch/tb3_simulation/slam_toolbox.py
[0.324s] -- Up-to-date: /home/maul/ws_kinclong_nav/install/multirobot_map_merge/share/multirobot_map_merge/launch/tb3_simulation/worlds
[0.324s] -- Up-to-date: /home/maul/ws_kinclong_nav/install/multirobot_map_merge/share/multirobot_map_merge/launch/tb3_simulation/worlds/world_only.model
[0.324s] -- Up-to-date: /home/maul/ws_kinclong_nav/install/multirobot_map_merge/share/multirobot_map_merge/launch/from_map_server.launch.py
[0.324s] -- Up-to-date: /home/maul/ws_kinclong_nav/install/multirobot_map_merge/share/multirobot_map_merge/config
[0.325s] -- Up-to-date: /home/maul/ws_kinclong_nav/install/multirobot_map_merge/share/multirobot_map_merge/config/params.yaml
[0.325s] -- Up-to-date: /home/maul/ws_kinclong_nav/install/multirobot_map_merge/lib/libcombine_grids.a
[0.325s] -- Up-to-date: /home/maul/ws_kinclong_nav/install/multirobot_map_merge/lib/multirobot_map_merge/map_merge
[0.325s] -- Up-to-date: /home/maul/ws_kinclong_nav/install/multirobot_map_merge/share/multirobot_map_merge/environment/library_path.sh
[0.326s] -- Up-to-date: /home/maul/ws_kinclong_nav/install/multirobot_map_merge/share/multirobot_map_merge/environment/library_path.dsv
[0.326s] -- Up-to-date: /home/maul/ws_kinclong_nav/install/multirobot_map_merge/share/ament_index/resource_index/package_run_dependencies/multirobot_map_merge
[0.326s] -- Up-to-date: /home/maul/ws_kinclong_nav/install/multirobot_map_merge/share/ament_index/resource_index/parent_prefix_path/multirobot_map_merge
[0.326s] -- Up-to-date: /home/maul/ws_kinclong_nav/install/multirobot_map_merge/share/multirobot_map_merge/environment/ament_prefix_path.sh
[0.326s] -- Up-to-date: /home/maul/ws_kinclong_nav/install/multirobot_map_merge/share/multirobot_map_merge/environment/ament_prefix_path.dsv
[0.327s] -- Up-to-date: /home/maul/ws_kinclong_nav/install/multirobot_map_merge/share/multirobot_map_merge/environment/path.sh
[0.327s] -- Up-to-date: /home/maul/ws_kinclong_nav/install/multirobot_map_merge/share/multirobot_map_merge/environment/path.dsv
[0.327s] -- Up-to-date: /home/maul/ws_kinclong_nav/install/multirobot_map_merge/share/multirobot_map_merge/local_setup.bash
[0.327s] -- Up-to-date: /home/maul/ws_kinclong_nav/install/multirobot_map_merge/share/multirobot_map_merge/local_setup.sh
[0.327s] -- Up-to-date: /home/maul/ws_kinclong_nav/install/multirobot_map_merge/share/multirobot_map_merge/local_setup.zsh
[0.328s] -- Up-to-date: /home/maul/ws_kinclong_nav/install/multirobot_map_merge/share/multirobot_map_merge/local_setup.dsv
[0.328s] -- Installing: /home/maul/ws_kinclong_nav/install/multirobot_map_merge/share/multirobot_map_merge/package.dsv
[0.328s] -- Up-to-date: /home/maul/ws_kinclong_nav/install/multirobot_map_merge/share/ament_index/resource_index/packages/multirobot_map_merge
[0.329s] -- Up-to-date: /home/maul/ws_kinclong_nav/install/multirobot_map_merge/share/multirobot_map_merge/cmake/ament_cmake_export_include_directories-extras.cmake
[0.329s] -- Up-to-date: /home/maul/ws_kinclong_nav/install/multirobot_map_merge/share/multirobot_map_merge/cmake/ament_cmake_export_libraries-extras.cmake
[0.331s] -- Up-to-date: /home/maul/ws_kinclong_nav/install/multirobot_map_merge/share/multirobot_map_merge/cmake/multirobot_map_mergeConfig.cmake
[0.331s] -- Up-to-date: /home/maul/ws_kinclong_nav/install/multirobot_map_merge/share/multirobot_map_merge/cmake/multirobot_map_mergeConfig-version.cmake
[0.331s] -- Up-to-date: /home/maul/ws_kinclong_nav/install/multirobot_map_merge/share/multirobot_map_merge/package.xml
[0.332s] Invoked command in '/home/maul/ws_kinclong_nav/build/multirobot_map_merge' returned '0': CMAKE_PREFIX_PATH=${CMAKE_PREFIX_PATH}:/opt/ros/jazzy DEBUGINFOD_URLS=https://debuginfod.ubuntu.com PS1=\[\e]0;\u@\h: \w\a\]${debian_chroot:+($debian_chroot)}\[\033[01;32m\]\u@\h\[\033[00m\]:\[\033[01;34m\]\w\[\033[00m\]\$ VIRTUAL_ENV_PROMPT=(venv-ardupilot) /usr/bin/cmake --install /home/maul/ws_kinclong_nav/build/multirobot_map_merge
